#
# There is insufficient memory for the Java Runtime Environment to continue.
# Native memory allocation (mmap) failed to map 131072 bytes for committing reserved memory.
# Possible reasons:
#   The system is out of physical RAM or swap space
#   In 32 bit mode, the process size limit was hit
# Possible solutions:
#   Reduce memory load on the system
#   Increase physical memory or swap space
#   Check if swap backing store is full
#   Use 64 bit Java on a 64 bit OS
#   Decrease Java heap size (-Xmx/-Xms)
#   Decrease number of Java threads
#   Decrease Java thread stack sizes (-Xss)
#   Set larger code cache with -XX:ReservedCodeCacheSize=
# This output file may be truncated or incomplete.
#
#  Out of Memory Error (os_linux.cpp:2643), pid=24183, tid=0xb6466b40
#
# JRE version: OpenJDK Runtime Environment (8.0_151-b12) (build 1.8.0_151-8u151-b12-0ubuntu0.16.04.2-b12)
# Java VM: OpenJDK Server VM (25.151-b12 mixed mode linux-x86 )
# Failed to write core dump. Core dumps have been disabled. To enable core dumping, try "ulimit -c unlimited" before starting Java again
#

---------------  T H R E A D  ---------------

Current thread (0xb6307c00):  JavaThread "main" [_thread_in_vm, id=24760, stack(0xb6416000,0xb6467000)]

Stack: [0xb6416000,0xb6467000],  sp=0xb6462630,  free space=305k
Native frames: (J=compiled Java code, j=interpreted, Vv=VM code, C=native code)
V  [libjvm.so+0x8d6834]
V  [libjvm.so+0x3a7c76]
V  [libjvm.so+0x7420c0]
V  [libjvm.so+0x73c013]
V  [libjvm.so+0x8d3264]
V  [libjvm.so+0x6cdd63]
V  [libjvm.so+0x6cdf7a]
V  [libjvm.so+0x6ceb05]
V  [libjvm.so+0x6cec5a]
V  [libjvm.so+0x6cfc9a]
V  [libjvm.so+0x6cfe8d]
V  [libjvm.so+0x603d38]
V  [libjvm.so+0x4e67aa]
V  [libjvm.so+0x31a784]
V  [libjvm.so+0x84d519]
V  [libjvm.so+0x55c01a]
V  [libjvm.so+0x55d4bc]  JVM_DefineClassWithSource+0x9c
C  [libjava.so+0xb357]  Java_java_lang_ClassLoader_defineClass1+0x1a7
j  java.lang.ClassLoader.defineClass1(Ljava/lang/String;[BIILjava/security/ProtectionDomain;Ljava/lang/String;)Ljava/lang/Class;+0
j  java.lang.ClassLoader.defineClass(Ljava/lang/String;[BIILjava/security/ProtectionDomain;)Ljava/lang/Class;+27
j  java.security.SecureClassLoader.defineClass(Ljava/lang/String;[BIILjava/security/CodeSource;)Ljava/lang/Class;+12
j  java.net.URLClassLoader.defineClass(Ljava/lang/String;Lsun/misc/Resource;)Ljava/lang/Class;+138
j  java.net.URLClassLoader.access$100(Ljava/net/URLClassLoader;Ljava/lang/String;Lsun/misc/Resource;)Ljava/lang/Class;+3
j  java.net.URLClassLoader$1.run()Ljava/lang/Class;+43
j  java.net.URLClassLoader$1.run()Ljava/lang/Object;+1
v  ~StubRoutines::call_stub
V  [libjvm.so+0x51faad]
V  [libjvm.so+0x746985]
V  [libjvm.so+0x51ebea]
V  [libjvm.so+0x56b9c4]  JVM_DoPrivileged+0x434
C  [libjava.so+0x9e15]  Java_java_security_AccessController_doPrivileged__Ljava_security_PrivilegedExceptionAction_2Ljava_security_AccessControlContext_2+0x25
J 170  java.security.AccessController.doPrivileged(Ljava/security/PrivilegedExceptionAction;Ljava/security/AccessControlContext;)Ljava/lang/Object; (0 bytes) @ 0xa7375c8c [0xa7375be0+0xac]
j  java.net.URLClassLoader.findClass(Ljava/lang/String;)Ljava/lang/Class;+13
j  org.codehaus.groovy.tools.RootLoader.oldFindClass(Ljava/lang/String;)Ljava/lang/Class;+2
j  org.codehaus.groovy.tools.RootLoader.loadClass(Ljava/lang/String;Z)Ljava/lang/Class;+34
j  java.lang.ClassLoader.loadClass(Ljava/lang/String;)Ljava/lang/Class;+3
v  ~StubRoutines::call_stub
V  [libjvm.so+0x51faad]
V  [libjvm.so+0x746985]
V  [libjvm.so+0x51d586]
V  [libjvm.so+0x51dafb]
V  [libjvm.so+0x853e83]
V  [libjvm.so+0x8528ff]
V  [libjvm.so+0x854906]
V  [libjvm.so+0x39b0be]
V  [libjvm.so+0x39d3a4]
V  [libjvm.so+0x6310ee]
V  [libjvm.so+0x633a38]
V  [libjvm.so+0x513af7]
j  org.codehaus.groovy.reflection.ClassInfo.<clinit>()V+32
v  ~StubRoutines::call_stub
V  [libjvm.so+0x51faad]
V  [libjvm.so+0x746985]
V  [libjvm.so+0x51ebea]
V  [libjvm.so+0x4ebfb8]
V  [libjvm.so+0x4ec367]
V  [libjvm.so+0x4ec7aa]
V  [libjvm.so+0x62d508]
V  [libjvm.so+0x63147a]
V  [libjvm.so+0x633a38]
V  [libjvm.so+0x513af7]
j  org.codehaus.groovy.reflection.ReflectionCache.getCachedClass(Ljava/lang/Class;)Lorg/codehaus/groovy/reflection/CachedClass;+7
j  org.codehaus.groovy.reflection.ReflectionCache.<clinit>()V+134
v  ~StubRoutines::call_stub
V  [libjvm.so+0x51faad]
V  [libjvm.so+0x746985]
V  [libjvm.so+0x51ebea]
V  [libjvm.so+0x4ebfb8]
V  [libjvm.so+0x4ec367]
V  [libjvm.so+0x4ec7aa]
V  [libjvm.so+0x62d508]
V  [libjvm.so+0x63147a]
V  [libjvm.so+0x633a38]
V  [libjvm.so+0x513af7]
j  org.codehaus.groovy.runtime.metaclass.MetaClassRegistryImpl.registerMethods(Ljava/lang/Class;ZZLjava/util/Map;)V+94
j  org.codehaus.groovy.runtime.metaclass.MetaClassRegistryImpl.<init>(IZ)V+106
j  org.codehaus.groovy.runtime.metaclass.MetaClassRegistryImpl.<init>()V+3
j  groovy.lang.GroovySystem.<clinit>()V+8
v  ~StubRoutines::call_stub
V  [libjvm.so+0x51faad]
V  [libjvm.so+0x746985]
V  [libjvm.so+0x51ebea]
V  [libjvm.so+0x4ebfb8]
V  [libjvm.so+0x4ec367]
V  [libjvm.so+0x4ec7aa]
V  [libjvm.so+0x62d508]
V  [libjvm.so+0x63147a]
V  [libjvm.so+0x633a38]
V  [libjvm.so+0x513af7]
j  org.codehaus.groovy.runtime.InvokerHelper.<clinit>()V+34
v  ~StubRoutines::call_stub
V  [libjvm.so+0x51faad]
V  [libjvm.so+0x746985]
V  [libjvm.so+0x51ebea]
V  [libjvm.so+0x4ebfb8]
V  [libjvm.so+0x4ec367]
V  [libjvm.so+0x4ec7aa]
V  [libjvm.so+0x62d508]
V  [libjvm.so+0x63147a]
V  [libjvm.so+0x633a38]
...<more frames>...

Java frames: (J=compiled Java code, j=interpreted, Vv=VM code)
j  java.lang.ClassLoader.defineClass1(Ljava/lang/String;[BIILjava/security/ProtectionDomain;Ljava/lang/String;)Ljava/lang/Class;+0
j  java.lang.ClassLoader.defineClass(Ljava/lang/String;[BIILjava/security/ProtectionDomain;)Ljava/lang/Class;+27
j  java.security.SecureClassLoader.defineClass(Ljava/lang/String;[BIILjava/security/CodeSource;)Ljava/lang/Class;+12
j  java.net.URLClassLoader.defineClass(Ljava/lang/String;Lsun/misc/Resource;)Ljava/lang/Class;+138
j  java.net.URLClassLoader.access$100(Ljava/net/URLClassLoader;Ljava/lang/String;Lsun/misc/Resource;)Ljava/lang/Class;+3
j  java.net.URLClassLoader$1.run()Ljava/lang/Class;+43
j  java.net.URLClassLoader$1.run()Ljava/lang/Object;+1
v  ~StubRoutines::call_stub
J 170  java.security.AccessController.doPrivileged(Ljava/security/PrivilegedExceptionAction;Ljava/security/AccessControlContext;)Ljava/lang/Object; (0 bytes) @ 0xa7375c48 [0xa7375be0+0x68]
j  java.net.URLClassLoader.findClass(Ljava/lang/String;)Ljava/lang/Class;+13
j  org.codehaus.groovy.tools.RootLoader.oldFindClass(Ljava/lang/String;)Ljava/lang/Class;+2
j  org.codehaus.groovy.tools.RootLoader.loadClass(Ljava/lang/String;Z)Ljava/lang/Class;+34
j  java.lang.ClassLoader.loadClass(Ljava/lang/String;)Ljava/lang/Class;+3
v  ~StubRoutines::call_stub
j  org.codehaus.groovy.reflection.ClassInfo.<clinit>()V+32
v  ~StubRoutines::call_stub
j  org.codehaus.groovy.reflection.ReflectionCache.getCachedClass(Ljava/lang/Class;)Lorg/codehaus/groovy/reflection/CachedClass;+7
j  org.codehaus.groovy.reflection.ReflectionCache.<clinit>()V+134
v  ~StubRoutines::call_stub
j  org.codehaus.groovy.runtime.metaclass.MetaClassRegistryImpl.registerMethods(Ljava/lang/Class;ZZLjava/util/Map;)V+94
j  org.codehaus.groovy.runtime.metaclass.MetaClassRegistryImpl.<init>(IZ)V+106
j  org.codehaus.groovy.runtime.metaclass.MetaClassRegistryImpl.<init>()V+3
j  groovy.lang.GroovySystem.<clinit>()V+8
v  ~StubRoutines::call_stub
j  org.codehaus.groovy.runtime.InvokerHelper.<clinit>()V+34
v  ~StubRoutines::call_stub
j  groovy.lang.GroovyObjectSupport.<init>()V+9
j  groovy.lang.Binding.<init>()V+1
j  groovy.lang.GroovyShell.<init>(Lorg/codehaus/groovy/control/CompilerConfiguration;)V+5
j  groovy.ui.GroovyMain.processOnce()V+8
j  groovy.ui.GroovyMain.run()Z+29
j  groovy.ui.GroovyMain.process(Lgroovyjarjarcommonscli/CommandLine;)Z+602
j  groovy.ui.GroovyMain.processArgs([Ljava/lang/String;Ljava/io/PrintStream;)V+108
j  groovy.ui.GroovyMain.main([Ljava/lang/String;)V+4
v  ~StubRoutines::call_stub
j  sun.reflect.NativeMethodAccessorImpl.invoke0(Ljava/lang/reflect/Method;Ljava/lang/Object;[Ljava/lang/Object;)Ljava/lang/Object;+0
j  sun.reflect.NativeMethodAccessorImpl.invoke(Ljava/lang/Object;[Ljava/lang/Object;)Ljava/lang/Object;+100
j  sun.reflect.DelegatingMethodAccessorImpl.invoke(Ljava/lang/Object;[Ljava/lang/Object;)Ljava/lang/Object;+6
j  java.lang.reflect.Method.invoke(Ljava/lang/Object;[Ljava/lang/Object;)Ljava/lang/Object;+56
j  org.codehaus.groovy.tools.GroovyStarter.rootLoader([Ljava/lang/String;)V+391
j  org.codehaus.groovy.tools.GroovyStarter.main([Ljava/lang/String;)V+1
v  ~StubRoutines::call_stub

---------------  P R O C E S S  ---------------

Java Threads: ( => current thread )
  0x638aa400 JavaThread "Service Thread" daemon [_thread_blocked, id=25254, stack(0x6318a000,0x631db000)]
  0x638a7400 JavaThread "C1 CompilerThread2" daemon [_thread_blocked, id=25246, stack(0x631db000,0x6325c000)]
  0x638a5c00 JavaThread "C2 CompilerThread1" daemon [_thread_blocked, id=25210, stack(0x6325c000,0x632dd000)]
  0x638a3c00 JavaThread "C2 CompilerThread0" daemon [_thread_blocked, id=25189, stack(0x632dd000,0x6335e000)]
  0x638a2400 JavaThread "Signal Dispatcher" daemon [_thread_blocked, id=25056, stack(0x6335e000,0x633af000)]
  0x63888800 JavaThread "Finalizer" daemon [_thread_blocked, id=25008, stack(0x635af000,0x63600000)]
  0x63885c00 JavaThread "Reference Handler" daemon [_thread_blocked, id=24993, stack(0x63913000,0x63964000)]
=>0xb6307c00 JavaThread "main" [_thread_in_vm, id=24760, stack(0xb6416000,0xb6467000)]

Other Threads:
  0x63881000 VMThread [stack: 0x63964000,0x639e5000] [id=24969]
  0x638abc00 WatcherThread [stack: 0x63109000,0x6318a000] [id=25263]

VM state:synchronizing (normal execution)

VM Mutex/Monitor currently owned by a thread:  ([mutex/lock_event])
[0xb6305068] Threads_lock - owner thread: 0x63881000

Heap:
 PSYoungGen      total 19200K, used 10684K [0x918c0000, 0x92e00000, 0xa6e00000)
  eden space 16640K, 64% used [0x918c0000,0x9232f0e0,0x92900000)
  from space 2560K, 0% used [0x92b80000,0x92b80000,0x92e00000)
  to   space 2560K, 0% used [0x92900000,0x92900000,0x92b80000)
 ParOldGen       total 43776K, used 0K [0x66e00000, 0x698c0000, 0x918c0000)
  object space 43776K, 0% used [0x66e00000,0x66e00000,0x698c0000)
 Metaspace       used 2775K, capacity 2826K, committed 2840K, reserved 4400K

Card table byte_map: [0x66bff000,0x66e00000] byte_map_base: 0x668c8000

Marking Bits: (ParMarkBitMap*) 0xb718c880
 Begin Bits: [0x64400000, 0x65400000)
 End Bits:   [0x65400000, 0x66400000)

Polling page: 0xb7799000

CodeCache: size=245760Kb used=1377Kb max_used=1377Kb free=244382Kb
 bounds [0xa7284000, 0xa74c4000, 0xb6284000]
 total_blobs=475 nmethods=318 adapters=72
 compilation: enabled

Compilation events (10 events):
Event: 14.661 Thread 0x638a7400  320       3       java.net.URLStreamHandler::sameFile (136 bytes)
Event: 14.663 Thread 0x638a7400 nmethod 320 0xa73d9288 code [0xa73d9420, 0xa73da144]
Event: 14.663 Thread 0x638a7400  317       3       java.util.Objects::requireNonNull (15 bytes)
Event: 14.664 Thread 0x638a7400 nmethod 317 0xa73d5188 code [0xa73d52a0, 0xa73d540c]
Event: 14.728 Thread 0x638a7400  321       3       java.nio.charset.CharsetDecoder::reset (11 bytes)
Event: 14.729 Thread 0x638a7400 nmethod 321 0xa73d8f48 code [0xa73d9060, 0xa73d9200]
Event: 14.790 Thread 0x638a7400  322       3       java.nio.charset.CharsetDecoder::implReset (1 bytes)
Event: 14.790 Thread 0x638a7400 nmethod 322 0xa73d8cc8 code [0xa73d8de0, 0xa73d8ec0]
Event: 14.848 Thread 0x638a7400  323  s!   3       org.codehaus.groovy.tools.RootLoader::loadClass (65 bytes)
Event: 14.850 Thread 0x638a7400 nmethod 323 0xa73dc908 code [0xa73dcac0, 0xa73dd288]

GC Heap History (0 events):
No events

Deoptimization events (6 events):
Event: 7.877 Thread 0xb6307c00 Uncommon trap: reason=unstable_if action=reinterpret pc=0xa735c28c method=java.lang.String.regionMatches(ZILjava/lang/String;II)Z @ 41
Event: 8.348 Thread 0xb6307c00 Uncommon trap: reason=unstable_if action=reinterpret pc=0xa735c8f8 method=java.lang.String.regionMatches(ZILjava/lang/String;II)Z @ 95
Event: 9.633 Thread 0xb6307c00 Uncommon trap: reason=unstable_if action=reinterpret pc=0xa73652b4 method=java.net.URLStreamHandler.sameFile(Ljava/net/URL;Ljava/net/URL;)Z @ 8
Event: 9.644 Thread 0xb6307c00 Uncommon trap: reason=unstable_if action=reinterpret pc=0xa735d744 method=java.net.URLStreamHandler.sameFile(Ljava/net/URL;Ljava/net/URL;)Z @ 8
Event: 9.716 Thread 0xb6307c00 Uncommon trap: reason=unstable_if action=reinterpret pc=0xa7368e0c method=java.net.URLStreamHandler.sameFile(Ljava/net/URL;Ljava/net/URL;)Z @ 8
Event: 13.913 Thread 0xb6307c00 Uncommon trap: reason=unstable_if action=reinterpret pc=0xa73d1d74 method=java.io.BufferedInputStream.read()I @ 8

Internal exceptions (10 events):
Event: 8.249 Thread 0xb6307c00 Exception <a 'java/security/PrivilegedActionException'> (0x91aa0dc8) thrown at [/build/openjdk-8-Y4imzb/openjdk-8-8u151-b12/src/hotspot/src/share/vm/prims/jvm.cpp, line 1390]
Event: 8.249 Thread 0xb6307c00 Exception <a 'java/security/PrivilegedActionException'> (0x91aa0fc8) thrown at [/build/openjdk-8-Y4imzb/openjdk-8-8u151-b12/src/hotspot/src/share/vm/prims/jvm.cpp, line 1390]
Event: 8.249 Thread 0xb6307c00 Exception <a 'java/security/PrivilegedActionException'> (0x91aa1978) thrown at [/build/openjdk-8-Y4imzb/openjdk-8-8u151-b12/src/hotspot/src/share/vm/prims/jvm.cpp, line 1390]
Event: 8.249 Thread 0xb6307c00 Exception <a 'java/security/PrivilegedActionException'> (0x91aa1b78) thrown at [/build/openjdk-8-Y4imzb/openjdk-8-8u151-b12/src/hotspot/src/share/vm/prims/jvm.cpp, line 1390]
Event: 9.196 Thread 0xb6307c00 Exception <a 'java/security/PrivilegedActionException'> (0x91bd1848) thrown at [/build/openjdk-8-Y4imzb/openjdk-8-8u151-b12/src/hotspot/src/share/vm/prims/jvm.cpp, line 1390]
Event: 9.196 Thread 0xb6307c00 Exception <a 'java/security/PrivilegedActionException'> (0x91bd1a48) thrown at [/build/openjdk-8-Y4imzb/openjdk-8-8u151-b12/src/hotspot/src/share/vm/prims/jvm.cpp, line 1390]
Event: 9.196 Thread 0xb6307c00 Exception <a 'java/security/PrivilegedActionException'> (0x91bd2600) thrown at [/build/openjdk-8-Y4imzb/openjdk-8-8u151-b12/src/hotspot/src/share/vm/prims/jvm.cpp, line 1390]
Event: 9.196 Thread 0xb6307c00 Exception <a 'java/security/PrivilegedActionException'> (0x91bd2800) thrown at [/build/openjdk-8-Y4imzb/openjdk-8-8u151-b12/src/hotspot/src/share/vm/prims/jvm.cpp, line 1390]
Event: 9.199 Thread 0xb6307c00 Exception <a 'java/security/PrivilegedActionException'> (0x91bd33d8) thrown at [/build/openjdk-8-Y4imzb/openjdk-8-8u151-b12/src/hotspot/src/share/vm/prims/jvm.cpp, line 1390]
Event: 9.199 Thread 0xb6307c00 Exception <a 'java/security/PrivilegedActionException'> (0x91bd35d8) thrown at [/build/openjdk-8-Y4imzb/openjdk-8-8u151-b12/src/hotspot/src/share/vm/prims/jvm.cpp, line 1390]

Events (10 events):
Event: 13.337 loading class java/io/DataOutputStream done
Event: 13.338 loading class java/net/Socket
Event: 13.339 loading class java/net/Socket done
Event: 13.340 loading class java/net/ServerSocket
Event: 13.340 loading class java/net/ServerSocket done
Event: 13.853 Thread 0xb6307c00 Uncommon trap: trap_request=0xffffff65 fr.pc=0xa73d1d74
Event: 13.913 Executing VM operation: RevokeBias
Event: 13.913 Executing VM operation: RevokeBias done
Event: 13.913 Thread 0xb6307c00 DEOPT PACKING pc=0xa73d1d74 sp=0xb6464d00
Event: 13.913 Thread 0xb6307c00 DEOPT UNPACKING pc=0xa72bebd5 sp=0xb6464ce4 mode 2


Dynamic libraries:
08048000-08049000 r-xp 00000000 08:01 1693306    /usr/lib/jvm/java-8-openjdk-i386/jre/bin/java
08049000-0804a000 r--p 00000000 08:01 1693306    /usr/lib/jvm/java-8-openjdk-i386/jre/bin/java
0804a000-0804b000 rw-p 00001000 08:01 1693306    /usr/lib/jvm/java-8-openjdk-i386/jre/bin/java
09247000-09268000 rw-p 00000000 00:00 0          [heap]
62200000-62223000 rw-p 00000000 00:00 0 
62223000-62300000 ---p 00000000 00:00 0 
62400000-62440000 rw-p 00000000 00:00 0 
62440000-62500000 ---p 00000000 00:00 0 
62587000-62600000 r--s 010fe000 08:01 1694179    /usr/lib/jvm/java-8-openjdk-i386/lib/tools.jar
62600000-62700000 rw-p 00000000 00:00 0 
6273c000-6273f000 r--s 00023000 08:01 2478896    /home/sarnobat/github/groovy_libraries/.groovy/lib/maven-shared-utils-0.1.jar
6273f000-62742000 r--s 0000b000 08:01 2478399    /home/sarnobat/github/groovy_libraries/.groovy/lib/concurrentlinkedhashmap-lru-1.3.1.jar
62742000-62749000 r--s 0005b000 08:01 2478897    /home/sarnobat/github/groovy_libraries/.groovy/lib/mongo-java-driver-2.10.1.jar
62749000-6274b000 r--s 0000c000 08:01 2478389    /home/sarnobat/github/groovy_libraries/.groovy/lib/commons-exec-1.3.jar
6274b000-6274c000 r--s 0000a000 08:01 2478397    /home/sarnobat/github/groovy_libraries/.groovy/lib/commons-logging-api-1.1.jar
6274c000-6274e000 r--s 00008000 08:01 2478930    /home/sarnobat/github/groovy_libraries/.groovy/lib/vget-1.1.5.jar
6274e000-6274f000 r--s 00004000 08:01 2478901    /home/sarnobat/github/groovy_libraries/.groovy/lib/opencsv-2.3.jar
6274f000-6275d000 r--s 000ad000 08:01 2478846    /home/sarnobat/github/groovy_libraries/.groovy/lib/jackson-mapper-asl-1.9.2.jar
6275d000-6276a000 r--s 000a2000 08:01 2478391    /home/sarnobat/github/groovy_libraries/.groovy/lib/commons-imaging-1.0-R1480221.jar
6276a000-6276c000 r--s 00000000 08:01 2478907    /home/sarnobat/github/groovy_libraries/.groovy/lib/plexus-component-annotations-1.5.5.jar
6276c000-62770000 r--s 0000c000 08:01 2478929    /home/sarnobat/github/groovy_libraries/.groovy/lib/validation-api-1.1.0.Final.jar
62770000-62772000 r--s 00005000 08:01 2478924    /home/sarnobat/github/groovy_libraries/.groovy/lib/slf4j-api-1.7.5.jar
62772000-62777000 r--s 0002a000 08:01 2478419    /home/sarnobat/github/groovy_libraries/.groovy/lib/gson-2.2.4.jar
62777000-62778000 r--s 00002000 08:01 2478875    /home/sarnobat/github/groovy_libraries/.groovy/lib/jsch.agentproxy.connector-factory-0.0.6.jar
62778000-62785000 r--s 00082000 08:01 2478856    /home/sarnobat/github/groovy_libraries/.groovy/lib/jersey-common-2.0.jar
62785000-62787000 r--s 0000d000 08:01 2478912    /home/sarnobat/github/groovy_libraries/.groovy/lib/plexus-interpolation-1.13.jar
62787000-627ac000 r--s 002e3000 08:01 2478932    /home/sarnobat/github/groovy_libraries/.groovy/lib/xalan-2.7.1.jar
627ac000-627af000 r--s 0001b000 08:01 2478888    /home/sarnobat/github/groovy_libraries/.groovy/lib/junit-3.8.2.jar
627af000-627b0000 r--s 00001000 08:01 2478400    /home/sarnobat/github/groovy_libraries/.groovy/lib/doxia-sink-api-1.0-alpha-7.jar
627b0000-627b2000 r--s 00011000 08:01 2478873    /home/sarnobat/github/groovy_libraries/.groovy/lib/jsch-extension-0.1.3.jar
627b2000-627e1000 r--s 0028b000 08:01 2478865    /home/sarnobat/github/groovy_libraries/.groovy/lib/jetty-all-9.2.21.v20170120.jar
627e1000-627e5000 r--s 00040000 08:01 2478871    /home/sarnobat/github/groovy_libraries/.groovy/lib/jsch-0.1.53-sources.jar
627e5000-627e8000 r--s 00023000 08:01 2478853    /home/sarnobat/github/groovy_libraries/.groovy/lib/jdom-1.0.jar
627e8000-627e9000 r--s 00003000 08:01 2478407    /home/sarnobat/github/groovy_libraries/.groovy/lib/geronimo-jta_1.1_spec-1.1.1.jar
627e9000-627ea000 r--s 00003000 08:01 2478857    /home/sarnobat/github/groovy_libraries/.groovy/lib/jersey-container-jdk-http-2.0.jar
627ea000-627ee000 r--s 0003b000 08:01 2478870    /home/sarnobat/github/groovy_libraries/.groovy/lib/jsch-0.1.50.jar.disabled
627ee000-627f2000 r--s 00032000 08:01 2478915    /home/sarnobat/github/groovy_libraries/.groovy/lib/rome-1.0.jar
627f2000-627fd000 r--s 00068000 08:01 2478859    /home/sarnobat/github/groovy_libraries/.groovy/lib/jersey-core-1.17.1.jar
627fd000-627ff000 r--s 0000d000 08:01 2479615    /home/sarnobat/github/groovy_libraries/.groovy/lib/commons-codec-1.4.jar
627ff000-62800000 r--s 00007000 08:01 2478923    /home/sarnobat/github/groovy_libraries/.groovy/lib/slf4j-api-1.7.12.jar
62800000-628f9000 rw-p 00000000 00:00 0 
628f9000-62900000 ---p 00000000 00:00 0 
62900000-629fb000 rw-p 00000000 00:00 0 
629fb000-62a00000 ---p 00000000 00:00 0 
62a00000-62a02000 r--s 0000a000 08:01 2478931    /home/sarnobat/github/groovy_libraries/.groovy/lib/wget-1.2.9.jar
62a02000-62a11000 r--s 00095000 08:01 2478927    /home/sarnobat/github/groovy_libraries/.groovy/lib/sshd-core-0.14.0.jar
62a11000-62a12000 r--s 00001000 08:01 2478881    /home/sarnobat/github/groovy_libraries/.groovy/lib/jsch.agentproxy.usocket-jna-0.0.6.jar
62a12000-62a14000 r--s 00000000 08:01 2478877    /home/sarnobat/github/groovy_libraries/.groovy/lib/jsch.agentproxy.jsch-0.0.6.jar
62a14000-62a18000 r--s 0001d000 08:01 2478933    /home/sarnobat/github/groovy_libraries/.groovy/lib/xbean-reflect-3.4.jar
62a18000-62a1d000 r--s 00047000 08:01 2478381    /home/sarnobat/github/groovy_libraries/.groovy/lib/asm-all-repackaged-2.1.88.jar
62a1d000-62a1f000 r--s 00000000 08:01 2478906    /home/sarnobat/github/groovy_libraries/.groovy/lib/plexus-compiler-manager-2.0.jar
62a1f000-62a21000 r--s 00002000 08:01 2478895    /home/sarnobat/github/groovy_libraries/.groovy/lib/maven-shared-incremental-1.0.jar
62a21000-62a23000 r--s 00001000 08:01 2478876    /home/sarnobat/github/groovy_libraries/.groovy/lib/jsch.agentproxy.core-0.0.6.jar
62a23000-62a25000 r--s 00282000 08:01 2478919    /home/sarnobat/github/groovy_libraries/.groovy/lib/selenium-firefox-driver-2.45.0.jar
62a25000-62a27000 r--s 00005000 08:01 2478847    /home/sarnobat/github/groovy_libraries/.groovy/lib/javax.annotation-api-1.2.jar
62a27000-62a28000 r--s 00001000 08:01 2478878    /home/sarnobat/github/groovy_libraries/.groovy/lib/jsch.agentproxy.pageant-0.0.6.jar
62a28000-62a2a000 r--s 00000000 08:01 2478879    /home/sarnobat/github/groovy_libraries/.groovy/lib/jsch.agentproxy.sshagent-0.0.6.jar
62a2a000-62a2c000 r--s 0000d000 08:01 2478416    /home/sarnobat/github/groovy_libraries/.groovy/lib/google-oauth-client-1.17.0-rc.jar
62a2c000-62a30000 r--s 00025000 08:01 2478408    /home/sarnobat/github/groovy_libraries/.groovy/lib/google-api-client-1.17.0-rc.jar
62a30000-62a31000 r--s 00001000 08:01 2478903    /home/sarnobat/github/groovy_libraries/.groovy/lib/plexus-build-api-0.0.4.jar
62a31000-62a34000 r--s 0001b000 08:01 2478887    /home/sarnobat/github/groovy_libraries/.groovy/lib/junit-3.8.1.jar
62a34000-62a38000 r--s 00019000 08:01 2478855    /home/sarnobat/github/groovy_libraries/.groovy/lib/jersey-client-2.0.jar
62a38000-62a3a000 r--s 0000d000 08:01 2478874    /home/sarnobat/github/groovy_libraries/.groovy/lib/jsch-nio-0.1.5.jar
62a3a000-62a40000 r--s 00033000 08:01 2478921    /home/sarnobat/github/groovy_libraries/.groovy/lib/selenium-remote-driver-2.45.0.jar
62a40000-62a44000 r--s 0002f000 08:01 2478845    /home/sarnobat/github/groovy_libraries/.groovy/lib/jackson-core-2.1.3.jar
62a44000-62a6d000 r--s 001ee000 08:01 2478420    /home/sarnobat/github/groovy_libraries/.groovy/lib/guava-14.0.1.jar
62a6d000-62a70000 r--s 00015000 08:01 2478409    /home/sarnobat/github/groovy_libraries/.groovy/lib/google-api-services-calendar-v3-rev72-1.17.0-rc.jar
62a70000-62a72000 r--s 0000b000 08:01 2478427    /home/sarnobat/github/groovy_libraries/.groovy/lib/hk2-utils-2.1.88.jar
62a72000-62a78000 r--s 00042000 08:01 2478885    /home/sarnobat/github/groovy_libraries/.groovy/lib/jsoup-1.7.2.jar
62a78000-62a86000 r--s 0007f000 08:01 2478387    /home/sarnobat/github/groovy_libraries/.groovy/lib/commons-collections-3.2.1.jar
62a86000-62a91000 r--s 00085000 08:01 2478429    /home/sarnobat/github/groovy_libraries/.groovy/lib/httpclient-4.3.3.jar
62a91000-62a92000 r--s 00002000 08:01 2478417    /home/sarnobat/github/groovy_libraries/.groovy/lib/google-oauth-client-java6-1.17.0-rc.jar
62a92000-62a93000 r--s 00001000 08:01 2478883    /home/sarnobat/github/groovy_libraries/.groovy/lib/jsch.agentproxy.usocket-nc-0.0.6.jar
62a93000-62a97000 r--s 00017000 08:01 2478928    /home/sarnobat/github/groovy_libraries/.groovy/lib/thumbnailator-0.4.8.jar
62a97000-62b00000 r--s 003e4000 08:01 2478899    /home/sarnobat/github/groovy_libraries/.groovy/lib/neo4j-cypher-1.9.2.jar
62b00000-62bff000 rw-p 00000000 00:00 0 
62bff000-62c00000 ---p 00000000 00:00 0 
62c00000-62c02000 r--s 0001f000 08:01 2478922    /home/sarnobat/github/groovy_libraries/.groovy/lib/servlet-api-2.5-20081211.jar
62c02000-62c04000 r--s 0001d000 08:01 2478425    /home/sarnobat/github/groovy_libraries/.groovy/lib/hk2-locator-2.1.88.jar
62c04000-62c08000 r--s 00018000 08:01 2478424    /home/sarnobat/github/groovy_libraries/.groovy/lib/hk2-api-2.1.88.jar
62c08000-62c09000 r--s 00002000 08:01 2478918    /home/sarnobat/github/groovy_libraries/.groovy/lib/selenium-chrome-driver-2.45.0.jar
62c09000-62c0d000 r--s 00024000 08:01 2478861    /home/sarnobat/github/groovy_libraries/.groovy/lib/jersey-json-1.17.1.jar
62c0d000-62c11000 r--s 0002a000 08:01 2478393    /home/sarnobat/github/groovy_libraries/.groovy/lib/commons-io-2.4.jar
62c11000-62c30000 r--s 00153000 08:01 2478900    /home/sarnobat/github/groovy_libraries/.groovy/lib/neo4j-kernel-1.9.2.jar
62c30000-62c37000 r--s 00051000 08:01 2478889    /home/sarnobat/github/groovy_libraries/.groovy/lib/log4j-1.2.12.jar
62c37000-62c38000 r--s 00006000 08:01 2478926    /home/sarnobat/github/groovy_libraries/.groovy/lib/solr-commons-csv-3.5.0.jar
62c38000-62c3c000 r--s 00018000 08:01 2478852    /home/sarnobat/github/groovy_libraries/.groovy/lib/javax.ws.rs-api-2.0.jar
62c3c000-62c3e000 r--s 0000b000 08:01 2478388    /home/sarnobat/github/groovy_libraries/.groovy/lib/commons-exec-1.1.jar
62c3e000-62c40000 r--s 00001000 08:01 2478925    /home/sarnobat/github/groovy_libraries/.groovy/lib/slf4j-log4j12-1.7.12.jar
62c40000-62c42000 r--s 00005000 08:01 2478904    /home/sarnobat/github/groovy_libraries/.groovy/lib/plexus-compiler-api-2.0.jar
62c42000-62c43000 r--s 00002000 08:01 2478893    /home/sarnobat/github/groovy_libraries/.groovy/lib/maven-reporting-api-2.0.6.jar
62c43000-62c49000 r--s 0003c000 08:01 2478412    /home/sarnobat/github/groovy_libraries/.groovy/lib/google-http-client-1.17.0-rc.jar
62c49000-62c4d000 r--s 00028000 08:01 2478867    /home/sarnobat/github/groovy_libraries/.groovy/lib/jetty-util-6.1.26.jar
62c4d000-62c4f000 r--s 00009000 08:01 2478891    /home/sarnobat/github/groovy_libraries/.groovy/lib/maven-compiler-plugin-3.0.jar
62c4f000-62c56000 r--s 00058000 08:01 2478396    /home/sarnobat/github/groovy_libraries/.groovy/lib/commons-lang3-3.2.1.jar
62c56000-62c58000 r--s 0000c000 08:01 2478385    /home/sarnobat/github/groovy_libraries/.groovy/lib/commons-cli-1.4.jar
62c58000-62c5a000 r--s 00007000 08:01 2478892    /home/sarnobat/github/groovy_libraries/.groovy/lib/maven-filtering-1.0-beta-4.jar
62c5a000-62c5b000 r--s 00004000 08:01 2478905    /home/sarnobat/github/groovy_libraries/.groovy/lib/plexus-compiler-javac-2.0.jar
62c5b000-62c62000 r--s 00048000 08:01 2478841    /home/sarnobat/github/groovy_libraries/.groovy/lib/httpcore-4.4.1.jar
62c62000-62c66000 r--s 000dc000 08:01 2478869    /home/sarnobat/github/groovy_libraries/.groovy/lib/jna-4.1.0.jar
62c66000-62c6c000 r--s 00043000 08:01 2478402    /home/sarnobat/github/groovy_libraries/.groovy/lib/genson-0.98.jar
62c6c000-62c6e000 r--s 00005000 08:01 2478844    /home/sarnobat/github/groovy_libraries/.groovy/lib/httpmime-4.2.3.jar
62c6e000-62c72000 r--s 0003c000 08:01 2478394    /home/sarnobat/github/groovy_libraries/.groovy/lib/commons-lang-2.4.jar
62c72000-62c76000 r--s 00030000 08:01 2478913    /home/sarnobat/github/groovy_libraries/.groovy/lib/plexus-utils-1.5.1.jar
62c76000-62c7d000 r--s 0003f000 08:01 2478382    /home/sarnobat/github/groovy_libraries/.groovy/lib/cglib-2.1.88.jar
62c7d000-62c8f000 r--s 00099000 08:01 2478863    /home/sarnobat/github/groovy_libraries/.groovy/lib/jersey-server-2.0.jar
62c8f000-62d00000 r--s 00658000 08:01 2478916    /home/sarnobat/github/groovy_libraries/.groovy/lib/scala-library-2.10.0.jar
62d00000-62dfc000 rw-p 00000000 00:00 0 
62dfc000-62e00000 ---p 00000000 00:00 0 
62e00000-62efc000 rw-p 00000000 00:00 0 
62efc000-62f00000 ---p 00000000 00:00 0 
62f00000-62ffc000 rw-p 00000000 00:00 0 
62ffc000-63000000 ---p 00000000 00:00 0 
63000000-63001000 r--s 00005000 08:01 2478894    /home/sarnobat/github/groovy_libraries/.groovy/lib/maven-resources-plugin-2.4.3.jar
63001000-63004000 r--s 00012000 08:01 2478851    /home/sarnobat/github/groovy_libraries/.groovy/lib/javax.json-1.0.4.jar
63004000-63005000 r--s 0000f000 08:01 2478884    /home/sarnobat/github/groovy_libraries/.groovy/lib/json-20131018.jar
63005000-63006000 r--s 00001000 08:01 2478418    /home/sarnobat/github/groovy_libraries/.groovy/lib/google-oauth-client-jetty-1.17.0-rc.jar
63006000-6300b000 r--s 0002b000 08:01 2478401    /home/sarnobat/github/groovy_libraries/.groovy/lib/fuse-jna-0.0.1-SNAPSHOT.jar
6300b000-6300d000 r--s 00006000 08:01 2478886    /home/sarnobat/github/groovy_libraries/.groovy/lib/jsr305-2.0.1.jar
6300d000-6300e000 r--s 00001000 08:01 2478415    /home/sarnobat/github/groovy_libraries/.groovy/lib/google-http-client-jackson2-1.17.0-rc.jar
6300e000-63010000 r--s 00002000 08:01 2478911    /home/sarnobat/github/groovy_libraries/.groovy/lib/plexus-interactivity-api-1.0-alpha-4.jar
63010000-63011000 r--s 00004000 08:01 2478902    /home/sarnobat/github/groovy_libraries/.groovy/lib/osgi-resource-locator-1.0.1.jar
63011000-63016000 r--s 0001d000 08:01 2478917    /home/sarnobat/github/groovy_libraries/.groovy/lib/selenium-api-2.45.0.jar
63016000-6301d000 r--s 00064000 08:01 2478890    /home/sarnobat/github/groovy_libraries/.groovy/lib/mail-1.4.2.jar
6301d000-6301e000 r--s 00001000 08:01 2478848    /home/sarnobat/github/groovy_libraries/.groovy/lib/javax.inject-2.1.88.jar
6301e000-63025000 r--s 00050000 08:01 2478843    /home/sarnobat/github/groovy_libraries/.groovy/lib/httpcore-nio-4.4.1.jar
63025000-63029000 r--s 00033000 08:01 2478914    /home/sarnobat/github/groovy_libraries/.groovy/lib/plexus-utils-2.0.5.jar
63029000-6302c000 r--s 0001d000 08:01 2478854    /home/sarnobat/github/groovy_libraries/.groovy/lib/jersey-client-1.17.1.jar
6302c000-6302d000 r--s 00006000 08:01 1693894    /usr/share/maven-repo/org/codehaus/groovy/groovy-servlet/2.4.5/groovy-servlet-2.4.5.jar
6302d000-6302f000 r--s 0001b000 08:01 1693924    /usr/share/maven-repo/org/codehaus/groovy/groovy-docgenerator/2.4.5/groovy-docgenerator-2.4.5.jar
6302f000-63031000 r--s 00011000 08:01 1147685    /usr/share/java/jsp-api-2.1.jar
63031000-6303f000 r--s 000c8000 08:01 1149227    /usr/share/java/testng.jar
6303f000-63041000 r--s 0000c000 08:01 1149198    /usr/share/java/asm4-5.0.4.jar
63041000-63043000 r--s 00006000 08:01 1149197    /usr/share/java/asm4-tree-5.0.4.jar
63043000-63045000 r--s 00012000 08:01 1839680    /usr/share/maven-repo/org/codehaus/groovy/groovy-test/2.4.5/groovy-test-2.4.5.jar
63045000-63046000 r--s 00004000 08:01 1144744    /usr/share/java/ant-launcher-1.9.6.jar
63046000-63047000 r--s 00005000 08:01 1147905    /usr/share/java/jansi-1.4.jar
63047000-63049000 r--s 00019000 08:01 1149207    /usr/share/java/jline2.jar
63049000-6304b000 r--s 00001000 08:01 1839692    /usr/share/maven-repo/org/codehaus/groovy/groovy-testng/2.4.5/groovy-testng-2.4.5.jar
6304b000-63060000 r--s 00124000 08:01 1147882    /usr/share/java/ivy-2.3.0.jar
63060000-63062000 r--s 00016000 08:01 1839697    /usr/share/maven-repo/org/codehaus/groovy/groovy-templates/2.4.5/groovy-templates-2.4.5.jar
63062000-630af000 r--s 0040d000 08:01 1149211    /usr/share/java/groovy-2.x.jar
630af000-630bc000 r--s 00076000 08:01 1147859    /usr/share/java/xstream-1.4.8.jar
630bc000-63109000 r--s 0040d000 08:01 1149211    /usr/share/java/groovy-2.x.jar
63109000-6310a000 ---p 00000000 00:00 0 
6310a000-6318a000 rw-p 00000000 00:00 0 
6318a000-6318d000 ---p 00000000 00:00 0 
6318d000-631db000 rw-p 00000000 00:00 0 
631db000-631de000 ---p 00000000 00:00 0 
631de000-6325c000 rw-p 00000000 00:00 0 
6325c000-6325f000 ---p 00000000 00:00 0 
6325f000-632dd000 rw-p 00000000 00:00 0 
632dd000-632e0000 ---p 00000000 00:00 0 
632e0000-6335e000 rw-p 00000000 00:00 0 
6335e000-63361000 ---p 00000000 00:00 0 
63361000-633af000 rw-p 00000000 00:00 0 
633af000-635af000 r--p 00000000 08:01 1105218    /usr/lib/locale/locale-archive
635af000-635b2000 ---p 00000000 00:00 0 
635b2000-63600000 rw-p 00000000 00:00 0 
63600000-6366b000 rw-p 00000000 00:00 0 
6366b000-63700000 ---p 00000000 00:00 0 
63700000-63721000 rw-p 00000000 00:00 0 
63721000-63800000 ---p 00000000 00:00 0 
63800000-638fc000 rw-p 00000000 00:00 0 
638fc000-63900000 ---p 00000000 00:00 0 
63900000-63902000 r--s 00004000 08:01 1839662    /usr/share/maven-repo/org/codehaus/groovy/groovy-jsr223/2.4.5/groovy-jsr223-2.4.5.jar
63902000-63905000 r--s 0001e000 08:01 1147684    /usr/share/java/servlet-api-2.5.jar
63905000-63906000 r--s 00003000 08:01 1147898    /usr/share/java/hawtjni-runtime-1.10.jar
63906000-6390a000 r--s 00028000 08:01 1149209    /usr/share/java/qdox-1.12.1.jar
6390a000-6390e000 r--s 0001e000 08:01 1839667    /usr/share/maven-repo/org/codehaus/groovy/groovy-groovydoc/2.4.5/groovy-groovydoc-2.4.5.jar
6390e000-63913000 r--s 00068000 08:01 1144929    /usr/share/java/antlr.jar
63913000-63916000 ---p 00000000 00:00 0 
63916000-63964000 rw-p 00000000 00:00 0 
63964000-63965000 ---p 00000000 00:00 0 
63965000-639e5000 rw-p 00000000 00:00 0 
639e5000-63bb4000 r--s 03c21000 08:01 1693223    /usr/lib/jvm/java-8-openjdk-i386/jre/lib/rt.jar
63bb4000-63e7a000 rw-p 00000000 00:00 0 
63e9a000-64000000 ---p 00000000 00:00 0 
64000000-66400000 rw-p 00000000 00:00 0 
66400000-66482000 rw-p 00000000 00:00 0 
66482000-66500000 ---p 00000000 00:00 0 
66500000-66501000 r--s 00001000 08:01 1147901    /usr/share/java/jansi-native-1.0.jar
66501000-66502000 r--s 00005000 08:01 1147905    /usr/share/java/jansi-1.4.jar
66502000-66503000 r--s 0000d000 08:01 1147020    /usr/share/java/commons-logging-1.2.jar
66503000-66506000 r--s 0001d000 08:01 1839643    /usr/share/maven-repo/org/codehaus/groovy/groovy-json/2.4.5/groovy-json-2.4.5.jar
66506000-66507000 r--s 0000a000 08:01 1149195    /usr/share/java/asm4-util-5.0.4.jar
66507000-6650a000 r--s 0000d000 08:01 1149225    /usr/share/java/jcommander.jar
6650a000-6650b000 r--s 0000d000 08:01 1149216    /usr/share/java/jsr166y-1.7.0.jar
6650b000-6650d000 r--s 0000a000 08:01 1147016    /usr/share/java/commons-cli-1.3.1.jar
6650d000-66510000 r--s 00010000 08:01 1145778    /usr/share/java/bsf-2.4.0.jar
66510000-66512000 r--s 0001b000 08:01 1145289    /usr/share/java/ant-junit-1.9.6.jar
66512000-66531000 r--s 001d1000 08:01 1144743    /usr/share/java/ant-1.9.6.jar
66531000-6657f000 rw-p 00000000 00:00 0 
6657f000-66580000 ---p 00000000 00:00 0 
66580000-66600000 rw-p 00000000 00:00 0 
66600000-666fa000 rw-p 00000000 00:00 0 
666fa000-66700000 ---p 00000000 00:00 0 
66700000-66721000 rw-p 00000000 00:00 0 
66721000-66800000 ---p 00000000 00:00 0 
66800000-66804000 r--s 00031000 08:01 1693912    /usr/share/maven-repo/org/codehaus/groovy/groovy-xml/2.4.5/groovy-xml-2.4.5.jar
66804000-66806000 r--s 0001d000 08:01 1693929    /usr/share/maven-repo/org/codehaus/groovy/groovy-jmx/2.4.5/groovy-jmx-2.4.5.jar
66806000-6680c000 r--s 0005e000 08:01 1693906    /usr/share/maven-repo/org/codehaus/groovy/groovy-groovysh/2.4.5/groovy-groovysh-2.4.5.jar
6680c000-6680e000 r--s 00004000 08:01 1149192    /usr/share/java/asm4-analysis-5.0.4.jar
6680e000-6681a000 r--s 00094000 08:01 1693917    /usr/share/maven-repo/org/codehaus/groovy/groovy-console/2.4.5/groovy-console-2.4.5.jar
6681a000-6681c000 r--s 0000a000 08:01 1147024    /usr/share/java/hamcrest-core-1.3.jar
6681c000-66824000 r--s 00045000 08:01 1147522    /usr/share/java/junit4-4.12.jar
66824000-6687f000 rw-p 00000000 00:00 0 
6687f000-66880000 ---p 00000000 00:00 0 
66880000-66900000 rw-p 00000000 00:00 0 
66900000-66921000 rw-p 00000000 00:00 0 
66921000-66a00000 ---p 00000000 00:00 0 
66a00000-66a01000 r--s 00002000 08:01 1145284    /usr/share/java/ant-antlr-1.9.6.jar
66a01000-66a07000 r--s 00051000 08:01 1839686    /usr/share/maven-repo/org/codehaus/groovy/groovy-swing/2.4.5/groovy-swing-2.4.5.jar
66a07000-66a09000 r--s 00010000 08:01 1839656    /usr/share/maven-repo/org/codehaus/groovy/groovy-ant/2.4.5/groovy-ant-2.4.5.jar
66a09000-66a0b000 r--s 00012000 08:01 1839650    /usr/share/maven-repo/org/codehaus/groovy/groovy-sql/2.4.5/groovy-sql-2.4.5.jar
66a0b000-66a0d000 r--s 00009000 08:01 1148102    /usr/share/java/asm4-commons-5.0.4.jar
66a0d000-66a28000 r--s 00394000 08:01 1693228    /usr/lib/jvm/java-8-openjdk-i386/jre/lib/ext/cldrdata.jar
66a28000-66a29000 ---p 00000000 00:00 0 
66a29000-66abf000 rw-p 00000000 00:00 0 
66abf000-66bff000 ---p 00000000 00:00 0 
66bff000-66c15000 rw-p 00000000 00:00 0 
66c15000-66d54000 ---p 00000000 00:00 0 
66d54000-66d5f000 rw-p 00000000 00:00 0 
66d5f000-66dff000 ---p 00000000 00:00 0 
66dff000-698c0000 rw-p 00000000 00:00 0 
698c0000-918c0000 ---p 00000000 00:00 0 
918c0000-92e00000 rw-p 00000000 00:00 0 
92e00000-a6e00000 ---p 00000000 00:00 0 
a6e00000-a6e01000 r--s 00002000 08:01 1839673    /usr/share/maven-repo/org/codehaus/groovy/groovy-bsf/2.4.5/groovy-bsf-2.4.5.jar
a6e01000-a6e03000 r--s 00008000 08:01 1693232    /usr/lib/jvm/java-8-openjdk-i386/jre/lib/ext/sunec.jar
a6e03000-a6e04000 r--s 00010000 08:01 1693229    /usr/lib/jvm/java-8-openjdk-i386/jre/lib/ext/zipfs.jar
a6e04000-a6e06000 r--s 00001000 08:01 1693236    /usr/lib/jvm/java-8-openjdk-i386/jre/lib/ext/dnsns.jar
a6e06000-a6e21000 r--s 001d6000 08:01 1693230    /usr/lib/jvm/java-8-openjdk-i386/jre/lib/ext/nashorn.jar
a6e21000-a6e2b000 r--s 00116000 08:01 1693233    /usr/lib/jvm/java-8-openjdk-i386/jre/lib/ext/localedata.jar
a6e2b000-a6e43000 rw-p 00000000 00:00 0 
a6e43000-a6e44000 ---p 00000000 00:00 0 
a6e44000-a6ecd000 rw-p 00000000 00:00 0 
a6ecd000-a7284000 ---p 00000000 00:00 0 
a7284000-a74c4000 rwxp 00000000 00:00 0 
a74c4000-b6284000 ---p 00000000 00:00 0 
b6284000-b628f000 r-xp 00000000 08:01 3401300    /lib/i386-linux-gnu/libnss_files-2.23.so
b628f000-b6290000 r--p 0000a000 08:01 3401300    /lib/i386-linux-gnu/libnss_files-2.23.so
b6290000-b6291000 rw-p 0000b000 08:01 3401300    /lib/i386-linux-gnu/libnss_files-2.23.so
b6291000-b6297000 rw-p 00000000 00:00 0 
b6297000-b62a2000 r-xp 00000000 08:01 3401303    /lib/i386-linux-gnu/libnss_nis-2.23.so
b62a2000-b62a3000 r--p 0000a000 08:01 3401303    /lib/i386-linux-gnu/libnss_nis-2.23.so
b62a3000-b62a4000 rw-p 0000b000 08:01 3401303    /lib/i386-linux-gnu/libnss_nis-2.23.so
b62a4000-b62bb000 r-xp 00000000 08:01 3401221    /lib/i386-linux-gnu/libnsl-2.23.so
b62bb000-b62bc000 r--p 00016000 08:01 3401221    /lib/i386-linux-gnu/libnsl-2.23.so
b62bc000-b62bd000 rw-p 00017000 08:01 3401221    /lib/i386-linux-gnu/libnsl-2.23.so
b62bd000-b62bf000 rw-p 00000000 00:00 0 
b62bf000-b62c5000 r--s 0003a000 08:01 1693231    /usr/lib/jvm/java-8-openjdk-i386/jre/lib/ext/sunjce_provider.jar
b62c5000-b62cd000 r-xp 00000000 08:01 1693277    /usr/lib/jvm/java-8-openjdk-i386/jre/lib/i386/libzip.so
b62cd000-b62ce000 r--p 00007000 08:01 1693277    /usr/lib/jvm/java-8-openjdk-i386/jre/lib/i386/libzip.so
b62ce000-b62cf000 rw-p 00008000 08:01 1693277    /usr/lib/jvm/java-8-openjdk-i386/jre/lib/i386/libzip.so
b62cf000-b62d7000 rw-s 00000000 08:01 2576681    /tmp/hsperfdata_sarnobat/24183
b62d7000-b62fe000 r-xp 00000000 08:01 1693258    /usr/lib/jvm/java-8-openjdk-i386/jre/lib/i386/libjava.so
b62fe000-b62ff000 r--p 00026000 08:01 1693258    /usr/lib/jvm/java-8-openjdk-i386/jre/lib/i386/libjava.so
b62ff000-b6300000 rw-p 00027000 08:01 1693258    /usr/lib/jvm/java-8-openjdk-i386/jre/lib/i386/libjava.so
b6300000-b63fb000 rw-p 00000000 00:00 0 
b63fb000-b6400000 ---p 00000000 00:00 0 
b6400000-b6403000 r--s 0000f000 08:01 1693227    /usr/lib/jvm/java-8-openjdk-i386/jre/lib/ext/icedtea-sound.jar
b6403000-b640b000 r-xp 00000000 08:01 3401309    /lib/i386-linux-gnu/libnss_compat-2.23.so
b640b000-b640c000 r--p 00007000 08:01 3401309    /lib/i386-linux-gnu/libnss_compat-2.23.so
b640c000-b640d000 rw-p 00008000 08:01 3401309    /lib/i386-linux-gnu/libnss_compat-2.23.so
b640d000-b6414000 r-xp 00000000 08:01 3401305    /lib/i386-linux-gnu/librt-2.23.so
b6414000-b6415000 r--p 00006000 08:01 3401305    /lib/i386-linux-gnu/librt-2.23.so
b6415000-b6416000 rw-p 00007000 08:01 3401305    /lib/i386-linux-gnu/librt-2.23.so
b6416000-b6419000 ---p 00000000 00:00 0 
b6419000-b6467000 rw-p 00000000 00:00 0 
b6467000-b6483000 r-xp 00000000 08:01 3402590    /lib/i386-linux-gnu/libgcc_s.so.1
b6483000-b6484000 rw-p 0001b000 08:01 3402590    /lib/i386-linux-gnu/libgcc_s.so.1
b6484000-b64d7000 r-xp 00000000 08:01 3401314    /lib/i386-linux-gnu/libm-2.23.so
b64d7000-b64d8000 r--p 00052000 08:01 3401314    /lib/i386-linux-gnu/libm-2.23.so
b64d8000-b64d9000 rw-p 00053000 08:01 3401314    /lib/i386-linux-gnu/libm-2.23.so
b64d9000-b6646000 r-xp 00000000 08:01 1110301    /usr/lib/i386-linux-gnu/libstdc++.so.6.0.21
b6646000-b6647000 ---p 0016d000 08:01 1110301    /usr/lib/i386-linux-gnu/libstdc++.so.6.0.21
b6647000-b664c000 r--p 0016d000 08:01 1110301    /usr/lib/i386-linux-gnu/libstdc++.so.6.0.21
b664c000-b664d000 rw-p 00172000 08:01 1110301    /usr/lib/i386-linux-gnu/libstdc++.so.6.0.21
b664d000-b6650000 rw-p 00000000 00:00 0 
b6650000-b7121000 r-xp 00000000 08:01 1693269    /usr/lib/jvm/java-8-openjdk-i386/jre/lib/i386/server/libjvm.so
b7121000-b7167000 r--p 00ad0000 08:01 1693269    /usr/lib/jvm/java-8-openjdk-i386/jre/lib/i386/server/libjvm.so
b7167000-b717e000 rw-p 00b16000 08:01 1693269    /usr/lib/jvm/java-8-openjdk-i386/jre/lib/i386/server/libjvm.so
b717e000-b759f000 rw-p 00000000 00:00 0 
b759f000-b75b8000 r-xp 00000000 08:01 3401302    /lib/i386-linux-gnu/libpthread-2.23.so
b75b8000-b75b9000 r--p 00018000 08:01 3401302    /lib/i386-linux-gnu/libpthread-2.23.so
b75b9000-b75ba000 rw-p 00019000 08:01 3401302    /lib/i386-linux-gnu/libpthread-2.23.so
b75ba000-b75bc000 rw-p 00000000 00:00 0 
b75bc000-b75bf000 r-xp 00000000 08:01 3401308    /lib/i386-linux-gnu/libdl-2.23.so
b75bf000-b75c0000 r--p 00002000 08:01 3401308    /lib/i386-linux-gnu/libdl-2.23.so
b75c0000-b75c1000 rw-p 00003000 08:01 3401308    /lib/i386-linux-gnu/libdl-2.23.so
b75c1000-b75da000 r-xp 00000000 08:01 3402741    /lib/i386-linux-gnu/libz.so.1.2.8
b75da000-b75db000 r--p 00018000 08:01 3402741    /lib/i386-linux-gnu/libz.so.1.2.8
b75db000-b75dc000 rw-p 00019000 08:01 3402741    /lib/i386-linux-gnu/libz.so.1.2.8
b75dc000-b778c000 r-xp 00000000 08:01 3402570    /lib/i386-linux-gnu/libc-2.23.so
b778c000-b778e000 r--p 001af000 08:01 3402570    /lib/i386-linux-gnu/libc-2.23.so
b778e000-b778f000 rw-p 001b1000 08:01 3402570    /lib/i386-linux-gnu/libc-2.23.so
b778f000-b7792000 rw-p 00000000 00:00 0 
b7792000-b7793000 r--s 0000a000 08:01 1693235    /usr/lib/jvm/java-8-openjdk-i386/jre/lib/ext/jaccess.jar
b7793000-b7797000 r--s 00037000 08:01 1693234    /usr/lib/jvm/java-8-openjdk-i386/jre/lib/ext/sunpkcs11.jar
b7797000-b7798000 r--p 002d4000 08:01 1105218    /usr/lib/locale/locale-archive
b7798000-b7799000 rw-p 00000000 00:00 0 
b7799000-b779a000 ---p 00000000 00:00 0 
b779a000-b77a8000 r-xp 00000000 08:01 1693275    /usr/lib/jvm/java-8-openjdk-i386/jre/lib/i386/libverify.so
b77a8000-b77a9000 r--p 0000d000 08:01 1693275    /usr/lib/jvm/java-8-openjdk-i386/jre/lib/i386/libverify.so
b77a9000-b77aa000 rw-p 0000e000 08:01 1693275    /usr/lib/jvm/java-8-openjdk-i386/jre/lib/i386/libverify.so
b77aa000-b77b7000 r-xp 00000000 08:01 1693273    /usr/lib/jvm/java-8-openjdk-i386/jre/lib/i386/jli/libjli.so
b77b7000-b77b8000 r--p 0000c000 08:01 1693273    /usr/lib/jvm/java-8-openjdk-i386/jre/lib/i386/jli/libjli.so
b77b8000-b77b9000 rw-p 0000d000 08:01 1693273    /usr/lib/jvm/java-8-openjdk-i386/jre/lib/i386/jli/libjli.so
b77b9000-b77bb000 rw-p 00000000 00:00 0 
b77bb000-b77bd000 r--p 00000000 00:00 0          [vvar]
b77bd000-b77be000 r-xp 00000000 00:00 0          [vdso]
b77be000-b77e0000 r-xp 00000000 08:01 3401231    /lib/i386-linux-gnu/ld-2.23.so
b77e0000-b77e1000 rw-p 00000000 00:00 0 
b77e1000-b77e2000 r--p 00022000 08:01 3401231    /lib/i386-linux-gnu/ld-2.23.so
b77e2000-b77e3000 rw-p 00023000 08:01 3401231    /lib/i386-linux-gnu/ld-2.23.so
bfc3f000-bfc60000 rw-p 00000000 00:00 0          [stack]

VM Arguments:
jvm_args: -Dscript.name=/usr/bin/groovy -Dprogram.name=groovy -Dgroovy.starter.conf=/usr/share/groovy2/conf/groovy-starter.conf -Dgroovy.home=/usr/share/groovy2 -Dtools.jar=/usr/lib/jvm/default-java/lib/tools.jar 
java_command: org.codehaus.groovy.tools.GroovyStarter --main groovy.ui.GroovyMain --conf /usr/share/groovy2/conf/groovy-starter.conf --classpath . httpcat_pair_files_exist_check.groovy --port=4475 --file=/home/sarnobat/sarnobat.git/src/javascript/d3_drag_drop_nodes/heap.txt
java_class_path (initial): /usr/share/groovy2/lib/groovy-2.4.5.jar
Launcher Type: SUN_STANDARD

Environment Variables:
PATH=/usr/bin:/bin
SHELL=/bin/sh

Signal Handlers:
SIGSEGV: [libjvm.so+0x8d7370], sa_mask[0]=11111111011111111101111111111110, sa_flags=SA_RESTART|SA_SIGINFO
SIGBUS: [libjvm.so+0x8d7370], sa_mask[0]=11111111011111111101111111111110, sa_flags=SA_RESTART|SA_SIGINFO
SIGFPE: [libjvm.so+0x73d1c0], sa_mask[0]=11111111011111111101111111111110, sa_flags=SA_RESTART|SA_SIGINFO
SIGPIPE: [libjvm.so+0x73d1c0], sa_mask[0]=11111111011111111101111111111110, sa_flags=SA_RESTART|SA_SIGINFO
SIGXFSZ: [libjvm.so+0x73d1c0], sa_mask[0]=11111111011111111101111111111110, sa_flags=SA_RESTART|SA_SIGINFO
SIGILL: [libjvm.so+0x73d1c0], sa_mask[0]=11111111011111111101111111111110, sa_flags=SA_RESTART|SA_SIGINFO
SIGUSR1: SIG_DFL, sa_mask[0]=00000000000000000000000000000000, sa_flags=none
SIGUSR2: [libjvm.so+0x73d000], sa_mask[0]=00000000000000000000000000000000, sa_flags=SA_RESTART|SA_SIGINFO
SIGHUP: [libjvm.so+0x73d790], sa_mask[0]=11111111011111111101111111111110, sa_flags=SA_RESTART|SA_SIGINFO
SIGINT: [libjvm.so+0x73d790], sa_mask[0]=11111111011111111101111111111110, sa_flags=SA_RESTART|SA_SIGINFO
SIGTERM: [libjvm.so+0x73d790], sa_mask[0]=11111111011111111101111111111110, sa_flags=SA_RESTART|SA_SIGINFO
SIGQUIT: [libjvm.so+0x73d790], sa_mask[0]=11111111011111111101111111111110, sa_flags=SA_RESTART|SA_SIGINFO


---------------  S Y S T E M  ---------------

OS:DISTRIB_ID=Ubuntu
DISTRIB_RELEASE=16.04
DISTRIB_CODENAME=xenial
DISTRIB_DESCRIPTION="Ubuntu 16.04.1 LTS"

uname:Linux 4.4.0-104-generic #127-Ubuntu SMP Mon Dec 11 12:16:50 UTC 2017 i686
libc:glibc 2.23 NPTL 2.23 
rlimit: STACK 8192k, CORE 0k, NPROC 63057, NOFILE 65536, AS infinity
load average:146.69 96.81 86.29

/proc/meminfo:
MemTotal:        8107456 kB
MemFree:          369760 kB
MemAvailable:          0 kB
Buffers:            6616 kB
Cached:           212220 kB
SwapCached:        20124 kB
Active:          6360700 kB
Inactive:        1118180 kB
Active(anon):    6297892 kB
Inactive(anon):  1086920 kB
Active(file):      62808 kB
Inactive(file):    31260 kB
Unevictable:           0 kB
Mlocked:               0 kB
HighTotal:       7292552 kB
HighFree:          81516 kB
LowTotal:         814904 kB
LowFree:          288244 kB
SwapTotal:       4007932 kB
SwapFree:              0 kB
Dirty:              1224 kB
Writeback:             0 kB
AnonPages:       7210032 kB
Mapped:            44564 kB
Shmem:            124548 kB
Slab:              97616 kB
SReclaimable:      29576 kB
SUnreclaim:        68040 kB
KernelStack:       32824 kB
PageTables:        74460 kB
NFS_Unstable:          8 kB
Bounce:               56 kB
WritebackTmp:          0 kB
CommitLimit:     8061660 kB
Committed_AS:   28530404 kB
VmallocTotal:     122880 kB
VmallocUsed:           0 kB
VmallocChunk:          0 kB
AnonHugePages:   3721216 kB
CmaTotal:              0 kB
CmaFree:               0 kB
HugePages_Total:       0
HugePages_Free:        0
HugePages_Rsvd:        0
HugePages_Surp:        0
Hugepagesize:       2048 kB
DirectMap4k:       40952 kB
DirectMap2M:      870400 kB


CPU:total 4 (initial active 4) (2 cores per cpu, 2 threads per core) family 6 model 58 stepping 9, cmov, cx8, fxsr, mmx, sse, sse2, sse3, ssse3, sse4.1, sse4.2, popcnt, avx, aes, clmul, erms, ht, tsc, tscinvbit, tscinv

/proc/cpuinfo:
processor	: 0
vendor_id	: GenuineIntel
cpu family	: 6
model		: 58
model name	: Intel(R) Core(TM) i5-3427U CPU @ 1.80GHz
stepping	: 9
microcode	: 0x17
cpu MHz		: 1099.957
cache size	: 3072 KB
physical id	: 0
siblings	: 4
core id		: 0
cpu cores	: 2
apicid		: 0
initial apicid	: 0
fdiv_bug	: no
f00f_bug	: no
coma_bug	: no
fpu		: yes
fpu_exception	: yes
cpuid level	: 13
wp		: yes
flags		: fpu vme de pse tsc msr pae mce cx8 apic sep mtrr pge mca cmov pat pse36 clflush dts acpi mmx fxsr sse sse2 ss ht tm pbe nx rdtscp lm constant_tsc arch_perfmon pebs bts xtopology nonstop_tsc aperfmperf eagerfpu pni pclmulqdq dtes64 monitor ds_cpl vmx smx est tm2 ssse3 cx16 xtpr pdcm pcid sse4_1 sse4_2 x2apic popcnt tsc_deadline_timer aes xsave avx f16c rdrand lahf_lm epb tpr_shadow vnmi flexpriority ept vpid fsgsbase smep erms xsaveopt dtherm ida arat pln pts
bugs		:
bogomips	: 4589.83
clflush size	: 64
cache_alignment	: 64
address sizes	: 36 bits physical, 48 bits virtual
power management:

processor	: 1
vendor_id	: GenuineIntel
cpu family	: 6
model		: 58
model name	: Intel(R) Core(TM) i5-3427U CPU @ 1.80GHz
stepping	: 9
microcode	: 0x17
cpu MHz		: 1099.957
cache size	: 3072 KB
physical id	: 0
siblings	: 4
core id		: 1
cpu cores	: 2
apicid		: 2
initial apicid	: 2
fdiv_bug	: no
f00f_bug	: no
coma_bug	: no
fpu		: yes
fpu_exception	: yes
cpuid level	: 13
wp		: yes
flags		: fpu vme de pse tsc msr pae mce cx8 apic sep mtrr pge mca cmov pat pse36 clflush dts acpi mmx fxsr sse sse2 ss ht tm pbe nx rdtscp lm constant_tsc arch_perfmon pebs bts xtopology nonstop_tsc aperfmperf eagerfpu pni pclmulqdq dtes64 monitor ds_cpl vmx smx est tm2 ssse3 cx16 xtpr pdcm pcid sse4_1 sse4_2 x2apic popcnt tsc_deadline_timer aes xsave avx f16c rdrand lahf_lm epb tpr_shadow vnmi flexpriority ept vpid fsgsbase smep erms xsaveopt dtherm ida arat pln pts
bugs		:
bogomips	: 4589.83
clflush size	: 64
cache_alignment	: 64
address sizes	: 36 bits physical, 48 bits virtual
power management:

processor	: 2
vendor_id	: GenuineIntel
cpu family	: 6
model		: 58
model name	: Intel(R) Core(TM) i5-3427U CPU @ 1.80GHz
stepping	: 9
microcode	: 0x17
cpu MHz		: 1099.957
cache size	: 3072 KB
physical id	: 0
siblings	: 4
core id		: 0
cpu cores	: 2
apicid		: 1
initial apicid	: 1
fdiv_bug	: no
f00f_bug	: no
coma_bug	: no
fpu		: yes
fpu_exception	: yes
cpuid level	: 13
wp		: yes
flags		: fpu vme de pse tsc msr pae mce cx8 apic sep mtrr pge mca cmov pat pse36 clflush dts acpi mmx fxsr sse sse2 ss ht tm pbe nx rdtscp lm constant_tsc arch_perfmon pebs bts xtopology nonstop_tsc aperfmperf eagerfpu pni pclmulqdq dtes64 monitor ds_cpl vmx smx est tm2 ssse3 cx16 xtpr pdcm pcid sse4_1 sse4_2 x2apic popcnt tsc_deadline_timer aes xsave avx f16c rdrand lahf_lm epb tpr_shadow vnmi flexpriority ept vpid fsgsbase smep erms xsaveopt dtherm ida arat pln pts
bugs		:
bogomips	: 4589.83
clflush size	: 64
cache_alignment	: 64
address sizes	: 36 bits physical, 48 bits virtual
power management:

processor	: 3
vendor_id	: GenuineIntel
cpu family	: 6
model		: 58
model name	: Intel(R) Core(TM) i5-3427U CPU @ 1.80GHz
stepping	: 9
microcode	: 0x17
cpu MHz		: 1099.957
cache size	: 3072 KB
physical id	: 0
siblings	: 4
core id		: 1
cpu cores	: 2
apicid		: 3
initial apicid	: 3
fdiv_bug	: no
f00f_bug	: no
coma_bug	: no
fpu		: yes
fpu_exception	: yes
cpuid level	: 13
wp		: yes
flags		: fpu vme de pse tsc msr pae mce cx8 apic sep mtrr pge mca cmov pat pse36 clflush dts acpi mmx fxsr sse sse2 ss ht tm pbe nx rdtscp lm constant_tsc arch_perfmon pebs bts xtopology nonstop_tsc aperfmperf eagerfpu pni pclmulqdq dtes64 monitor ds_cpl vmx smx est tm2 ssse3 cx16 xtpr pdcm pcid sse4_1 sse4_2 x2apic popcnt tsc_deadline_timer aes xsave avx f16c rdrand lahf_lm epb tpr_shadow vnmi flexpriority ept vpid fsgsbase smep erms xsaveopt dtherm ida arat pln pts
bugs		:
bogomips	: 4589.83
clflush size	: 64
cache_alignment	: 64
address sizes	: 36 bits physical, 48 bits virtual
power management:



Memory: 4k page, physical 8107456k(400504k free), swap 4007932k(0k free)

vm_info: OpenJDK Server VM (25.151-b12) for linux-x86 JRE (1.8.0_151-8u151-b12-0ubuntu0.16.04.2-b12), built on Oct 27 2017 22:05:04 by "buildd" with gcc 5.4.0 20160609

time: Tue Dec 19 10:00:18 2017
elapsed time: 15 seconds (0d 0h 0m 15s)

