#
# There is insufficient memory for the Java Runtime Environment to continue.
# Native memory allocation (mmap) failed to map 131072 bytes for committing reserved memory.
# Possible reasons:
#   The system is out of physical RAM or swap space
#   In 32 bit mode, the process size limit was hit
# Possible solutions:
#   Reduce memory load on the system
#   Increase physical memory or swap space
#   Check if swap backing store is full
#   Use 64 bit Java on a 64 bit OS
#   Decrease Java heap size (-Xmx/-Xms)
#   Decrease number of Java threads
#   Decrease Java thread stack sizes (-Xss)
#   Set larger code cache with -XX:ReservedCodeCacheSize=
# This output file may be truncated or incomplete.
#
#  Out of Memory Error (os_linux.cpp:2643), pid=1877, tid=0xb63bab40
#
# JRE version: OpenJDK Runtime Environment (8.0_171-b11) (build 1.8.0_171-8u171-b11-0ubuntu0.16.04.1-b11)
# Java VM: OpenJDK Server VM (25.171-b11 mixed mode linux-x86 )
# Failed to write core dump. Core dumps have been disabled. To enable core dumping, try "ulimit -c unlimited" before starting Java again
#

---------------  T H R E A D  ---------------

Current thread (0xb6208400):  JavaThread "main" [_thread_in_vm, id=2042, stack(0xb636a000,0xb63bb000)]

Stack: [0xb636a000,0xb63bb000],  sp=0xb63b6890,  free space=306k
Native frames: (J=compiled Java code, j=interpreted, Vv=VM code, C=native code)
V  [libjvm.so+0x8dafd4]
V  [libjvm.so+0x3a8ff6]
V  [libjvm.so+0x745480]
V  [libjvm.so+0x73f2f3]
V  [libjvm.so+0x8d79f4]
V  [libjvm.so+0x6d0bc3]
V  [libjvm.so+0x6d0dda]
V  [libjvm.so+0x6d1965]
V  [libjvm.so+0x6d1aba]
V  [libjvm.so+0x6d2afa]
V  [libjvm.so+0x6d2ced]
V  [libjvm.so+0x399c6f]
V  [libjvm.so+0x6d83ce]
V  [libjvm.so+0x318a3f]
V  [libjvm.so+0x319213]
V  [libjvm.so+0x31b082]
V  [libjvm.so+0x851ac9]
V  [libjvm.so+0x55e47a]
V  [libjvm.so+0x55f91c]  JVM_DefineClassWithSource+0x9c
C  [libjava.so+0xb28b]  Java_java_lang_ClassLoader_defineClass1+0x17b
j  java.lang.ClassLoader.defineClass1(Ljava/lang/String;[BIILjava/security/ProtectionDomain;Ljava/lang/String;)Ljava/lang/Class;+0
j  java.lang.ClassLoader.defineClass(Ljava/lang/String;[BIILjava/security/ProtectionDomain;)Ljava/lang/Class;+27
j  java.security.SecureClassLoader.defineClass(Ljava/lang/String;[BIILjava/security/CodeSource;)Ljava/lang/Class;+12
j  java.net.URLClassLoader.defineClass(Ljava/lang/String;Lsun/misc/Resource;)Ljava/lang/Class;+138
j  java.net.URLClassLoader.access$100(Ljava/net/URLClassLoader;Ljava/lang/String;Lsun/misc/Resource;)Ljava/lang/Class;+3
j  java.net.URLClassLoader$1.run()Ljava/lang/Class;+43
j  java.net.URLClassLoader$1.run()Ljava/lang/Object;+1
v  ~StubRoutines::call_stub
V  [libjvm.so+0x521dcd]
V  [libjvm.so+0x74a3a5]
V  [libjvm.so+0x520f0a]
V  [libjvm.so+0x56e104]  JVM_DoPrivileged+0x434
C  [libjava.so+0x9e15]  Java_java_security_AccessController_doPrivileged__Ljava_security_PrivilegedExceptionAction_2Ljava_security_AccessControlContext_2+0x25
j  java.security.AccessController.doPrivileged(Ljava/security/PrivilegedExceptionAction;Ljava/security/AccessControlContext;)Ljava/lang/Object;+0
j  java.net.URLClassLoader.findClass(Ljava/lang/String;)Ljava/lang/Class;+13
j  org.codehaus.groovy.tools.RootLoader.oldFindClass(Ljava/lang/String;)Ljava/lang/Class;+2
j  org.codehaus.groovy.tools.RootLoader.loadClass(Ljava/lang/String;Z)Ljava/lang/Class;+34
j  java.lang.ClassLoader.loadClass(Ljava/lang/String;)Ljava/lang/Class;+3
v  ~StubRoutines::call_stub
V  [libjvm.so+0x521dcd]
V  [libjvm.so+0x74a3a5]
V  [libjvm.so+0x51f8a6]
V  [libjvm.so+0x51fe1b]
V  [libjvm.so+0x858443]
V  [libjvm.so+0x856ebf]
V  [libjvm.so+0x8575b5]
V  [libjvm.so+0x31b4c2]
V  [libjvm.so+0x851ac9]
V  [libjvm.so+0x55e47a]
V  [libjvm.so+0x55f91c]  JVM_DefineClassWithSource+0x9c
C  [libjava.so+0xb28b]  Java_java_lang_ClassLoader_defineClass1+0x17b
j  java.lang.ClassLoader.defineClass1(Ljava/lang/String;[BIILjava/security/ProtectionDomain;Ljava/lang/String;)Ljava/lang/Class;+0
j  java.lang.ClassLoader.defineClass(Ljava/lang/String;[BIILjava/security/ProtectionDomain;)Ljava/lang/Class;+27
j  java.security.SecureClassLoader.defineClass(Ljava/lang/String;[BIILjava/security/CodeSource;)Ljava/lang/Class;+12
j  java.net.URLClassLoader.defineClass(Ljava/lang/String;Lsun/misc/Resource;)Ljava/lang/Class;+138
j  java.net.URLClassLoader.access$100(Ljava/net/URLClassLoader;Ljava/lang/String;Lsun/misc/Resource;)Ljava/lang/Class;+3
j  java.net.URLClassLoader$1.run()Ljava/lang/Class;+43
j  java.net.URLClassLoader$1.run()Ljava/lang/Object;+1
v  ~StubRoutines::call_stub
V  [libjvm.so+0x521dcd]
V  [libjvm.so+0x74a3a5]
V  [libjvm.so+0x520f0a]
V  [libjvm.so+0x56e104]  JVM_DoPrivileged+0x434
C  [libjava.so+0x9e15]  Java_java_security_AccessController_doPrivileged__Ljava_security_PrivilegedExceptionAction_2Ljava_security_AccessControlContext_2+0x25
j  java.security.AccessController.doPrivileged(Ljava/security/PrivilegedExceptionAction;Ljava/security/AccessControlContext;)Ljava/lang/Object;+0
j  java.net.URLClassLoader.findClass(Ljava/lang/String;)Ljava/lang/Class;+13
j  org.codehaus.groovy.tools.RootLoader.oldFindClass(Ljava/lang/String;)Ljava/lang/Class;+2
j  org.codehaus.groovy.tools.RootLoader.loadClass(Ljava/lang/String;Z)Ljava/lang/Class;+34
j  java.lang.ClassLoader.loadClass(Ljava/lang/String;)Ljava/lang/Class;+3
v  ~StubRoutines::call_stub
V  [libjvm.so+0x521dcd]
V  [libjvm.so+0x74a3a5]
V  [libjvm.so+0x51f8a6]
V  [libjvm.so+0x51fe1b]
V  [libjvm.so+0x858443]
V  [libjvm.so+0x856ebf]
V  [libjvm.so+0x858ed6]
V  [libjvm.so+0x39c3ee]
V  [libjvm.so+0x510346]
j  groovy.ui.GroovyMain.parseCommandLine(Lgroovyjarjarcommonscli/Options;[Ljava/lang/String;)Lgroovyjarjarcommonscli/CommandLine;+0
j  groovy.ui.GroovyMain.processArgs([Ljava/lang/String;Ljava/io/PrintStream;)V+6
j  groovy.ui.GroovyMain.main([Ljava/lang/String;)V+4
v  ~StubRoutines::call_stub
V  [libjvm.so+0x521dcd]
V  [libjvm.so+0x74a3a5]
V  [libjvm.so+0x520f0a]
V  [libjvm.so+0x7bc935]
V  [libjvm.so+0x7be66e]
V  [libjvm.so+0x5680de]  JVM_InvokeMethod+0x10e
C  [libjava.so+0xce23]  Java_sun_reflect_NativeMethodAccessorImpl_invoke0+0x23
j  sun.reflect.NativeMethodAccessorImpl.invoke0(Ljava/lang/reflect/Method;Ljava/lang/Object;[Ljava/lang/Object;)Ljava/lang/Object;+0
j  sun.reflect.NativeMethodAccessorImpl.invoke(Ljava/lang/Object;[Ljava/lang/Object;)Ljava/lang/Object;+100
j  sun.reflect.DelegatingMethodAccessorImpl.invoke(Ljava/lang/Object;[Ljava/lang/Object;)Ljava/lang/Object;+6
j  java.lang.reflect.Method.invoke(Ljava/lang/Object;[Ljava/lang/Object;)Ljava/lang/Object;+56
j  org.codehaus.groovy.tools.GroovyStarter.rootLoader([Ljava/lang/String;)V+391
j  org.codehaus.groovy.tools.GroovyStarter.main([Ljava/lang/String;)V+1
v  ~StubRoutines::call_stub
V  [libjvm.so+0x521dcd]
V  [libjvm.so+0x74a3a5]
V  [libjvm.so+0x520f0a]
...<more frames>...

Java frames: (J=compiled Java code, j=interpreted, Vv=VM code)
j  java.lang.ClassLoader.defineClass1(Ljava/lang/String;[BIILjava/security/ProtectionDomain;Ljava/lang/String;)Ljava/lang/Class;+0
j  java.lang.ClassLoader.defineClass(Ljava/lang/String;[BIILjava/security/ProtectionDomain;)Ljava/lang/Class;+27
j  java.security.SecureClassLoader.defineClass(Ljava/lang/String;[BIILjava/security/CodeSource;)Ljava/lang/Class;+12
j  java.net.URLClassLoader.defineClass(Ljava/lang/String;Lsun/misc/Resource;)Ljava/lang/Class;+138
j  java.net.URLClassLoader.access$100(Ljava/net/URLClassLoader;Ljava/lang/String;Lsun/misc/Resource;)Ljava/lang/Class;+3
j  java.net.URLClassLoader$1.run()Ljava/lang/Class;+43
j  java.net.URLClassLoader$1.run()Ljava/lang/Object;+1
v  ~StubRoutines::call_stub
j  java.security.AccessController.doPrivileged(Ljava/security/PrivilegedExceptionAction;Ljava/security/AccessControlContext;)Ljava/lang/Object;+0
j  java.net.URLClassLoader.findClass(Ljava/lang/String;)Ljava/lang/Class;+13
j  org.codehaus.groovy.tools.RootLoader.oldFindClass(Ljava/lang/String;)Ljava/lang/Class;+2
j  org.codehaus.groovy.tools.RootLoader.loadClass(Ljava/lang/String;Z)Ljava/lang/Class;+34
j  java.lang.ClassLoader.loadClass(Ljava/lang/String;)Ljava/lang/Class;+3
v  ~StubRoutines::call_stub
j  java.lang.ClassLoader.defineClass1(Ljava/lang/String;[BIILjava/security/ProtectionDomain;Ljava/lang/String;)Ljava/lang/Class;+0
j  java.lang.ClassLoader.defineClass(Ljava/lang/String;[BIILjava/security/ProtectionDomain;)Ljava/lang/Class;+27
j  java.security.SecureClassLoader.defineClass(Ljava/lang/String;[BIILjava/security/CodeSource;)Ljava/lang/Class;+12
j  java.net.URLClassLoader.defineClass(Ljava/lang/String;Lsun/misc/Resource;)Ljava/lang/Class;+138
j  java.net.URLClassLoader.access$100(Ljava/net/URLClassLoader;Ljava/lang/String;Lsun/misc/Resource;)Ljava/lang/Class;+3
j  java.net.URLClassLoader$1.run()Ljava/lang/Class;+43
j  java.net.URLClassLoader$1.run()Ljava/lang/Object;+1
v  ~StubRoutines::call_stub
j  java.security.AccessController.doPrivileged(Ljava/security/PrivilegedExceptionAction;Ljava/security/AccessControlContext;)Ljava/lang/Object;+0
j  java.net.URLClassLoader.findClass(Ljava/lang/String;)Ljava/lang/Class;+13
j  org.codehaus.groovy.tools.RootLoader.oldFindClass(Ljava/lang/String;)Ljava/lang/Class;+2
j  org.codehaus.groovy.tools.RootLoader.loadClass(Ljava/lang/String;Z)Ljava/lang/Class;+34
j  java.lang.ClassLoader.loadClass(Ljava/lang/String;)Ljava/lang/Class;+3
v  ~StubRoutines::call_stub
j  groovy.ui.GroovyMain.parseCommandLine(Lgroovyjarjarcommonscli/Options;[Ljava/lang/String;)Lgroovyjarjarcommonscli/CommandLine;+0
j  groovy.ui.GroovyMain.processArgs([Ljava/lang/String;Ljava/io/PrintStream;)V+6
j  groovy.ui.GroovyMain.main([Ljava/lang/String;)V+4
v  ~StubRoutines::call_stub
j  sun.reflect.NativeMethodAccessorImpl.invoke0(Ljava/lang/reflect/Method;Ljava/lang/Object;[Ljava/lang/Object;)Ljava/lang/Object;+0
j  sun.reflect.NativeMethodAccessorImpl.invoke(Ljava/lang/Object;[Ljava/lang/Object;)Ljava/lang/Object;+100
j  sun.reflect.DelegatingMethodAccessorImpl.invoke(Ljava/lang/Object;[Ljava/lang/Object;)Ljava/lang/Object;+6
j  java.lang.reflect.Method.invoke(Ljava/lang/Object;[Ljava/lang/Object;)Ljava/lang/Object;+56
j  org.codehaus.groovy.tools.GroovyStarter.rootLoader([Ljava/lang/String;)V+391
j  org.codehaus.groovy.tools.GroovyStarter.main([Ljava/lang/String;)V+1
v  ~StubRoutines::call_stub

---------------  P R O C E S S  ---------------

Java Threads: ( => current thread )
  0x637a9c00 JavaThread "Service Thread" daemon [_thread_blocked, id=2137, stack(0x630db000,0x6312c000)]
  0x637a7c00 JavaThread "C1 CompilerThread2" daemon [_thread_blocked, id=2134, stack(0x6312c000,0x631ad000)]
  0x637a6800 JavaThread "C2 CompilerThread1" daemon [_thread_blocked, id=2133, stack(0x631ad000,0x6322e000)]
  0x637a4800 JavaThread "C2 CompilerThread0" daemon [_thread_blocked, id=2131, stack(0x6322e000,0x632af000)]
  0x637a3000 JavaThread "Signal Dispatcher" daemon [_thread_blocked, id=2128, stack(0x632af000,0x63300000)]
  0x63788000 JavaThread "Finalizer" daemon [_thread_blocked, id=2089, stack(0x63813000,0x63864000)]
  0x63785400 JavaThread "Reference Handler" daemon [_thread_blocked, id=2085, stack(0x6642e000,0x6647f000)]
=>0xb6208400 JavaThread "main" [_thread_in_vm, id=2042, stack(0xb636a000,0xb63bb000)]

Other Threads:
  0x63780c00 VMThread [stack: 0x63864000,0x638e5000] [id=2074]
  0x637ab800 WatcherThread [stack: 0x6305a000,0x630db000] [id=2139]

VM state:not at safepoint (normal execution)

VM Mutex/Monitor currently owned by a thread: None

Heap:
 PSYoungGen      total 19200K, used 3671K [0x918c0000, 0x92e00000, 0xa6e00000)
  eden space 16640K, 22% used [0x918c0000,0x91c55e68,0x92900000)
  from space 2560K, 0% used [0x92b80000,0x92b80000,0x92e00000)
  to   space 2560K, 0% used [0x92900000,0x92900000,0x92b80000)
 ParOldGen       total 43776K, used 0K [0x66e00000, 0x698c0000, 0x918c0000)
  object space 43776K, 0% used [0x66e00000,0x66e00000,0x698c0000)
 Metaspace       used 2131K, capacity 2306K, committed 2328K, reserved 4400K

Card table byte_map: [0x66bff000,0x66e00000] byte_map_base: 0x668c8000

Marking Bits: (ParMarkBitMap*) 0xb70e68c0
 Begin Bits: [0x64300000, 0x65300000)
 End Bits:   [0x65300000, 0x66300000)

Polling page: 0xb76f3000

CodeCache: size=245760Kb used=947Kb max_used=947Kb free=244812Kb
 bounds [0xa71d2000, 0xa7412000, 0xb61d2000]
 total_blobs=327 nmethods=170 adapters=72
 compilation: enabled

Compilation events (10 events):
Event: 1.192 Thread 0x637a7c00  166       3       java.util.regex.Pattern::has (15 bytes)
Event: 1.192 Thread 0x637a7c00 nmethod 166 0xa72bd348 code [0xa72bd460, 0xa72bd580]
Event: 1.194 Thread 0x637a7c00  167       3       java.lang.String::replace (127 bytes)
Event: 1.195 Thread 0x637a7c00 nmethod 167 0xa72bd608 code [0xa72bd780, 0xa72bdcc0]
Event: 1.220 Thread 0x637a7c00  168       3       java.util.HashMap::get (23 bytes)
Event: 1.221 Thread 0x637a7c00 nmethod 168 0xa72be008 code [0xa72be140, 0xa72be438]
Event: 1.239 Thread 0x637a7c00  169       3       java.lang.ClassLoader::checkName (43 bytes)
Event: 1.240 Thread 0x637a7c00 nmethod 169 0xa72be588 code [0xa72be700, 0xa72becb8]
Event: 1.249 Thread 0x637a7c00  170       3       java.lang.String::indexOf (7 bytes)
Event: 1.250 Thread 0x637a7c00 nmethod 170 0xa72bef08 code [0xa72bf020, 0xa72bf20c]

GC Heap History (0 events):
No events

Deoptimization events (0 events):
No events

Classes redefined (0 events):
No events

Internal exceptions (10 events):
Event: 0.845 Thread 0xb6208400 Exception <a 'java/security/PrivilegedActionException'> (0x91a5ada8) thrown at [/build/openjdk-8-Ls3fOh/openjdk-8-8u171-b11/src/hotspot/src/share/vm/prims/jvm.cpp, line 1435]
Event: 0.845 Thread 0xb6208400 Exception <a 'java/security/PrivilegedActionException'> (0x91a5afa8) thrown at [/build/openjdk-8-Ls3fOh/openjdk-8-8u171-b11/src/hotspot/src/share/vm/prims/jvm.cpp, line 1435]
Event: 0.845 Thread 0xb6208400 Exception <a 'java/security/PrivilegedActionException'> (0x91a5b948) thrown at [/build/openjdk-8-Ls3fOh/openjdk-8-8u171-b11/src/hotspot/src/share/vm/prims/jvm.cpp, line 1435]
Event: 0.845 Thread 0xb6208400 Exception <a 'java/security/PrivilegedActionException'> (0x91a5bb48) thrown at [/build/openjdk-8-Ls3fOh/openjdk-8-8u171-b11/src/hotspot/src/share/vm/prims/jvm.cpp, line 1435]
Event: 0.845 Thread 0xb6208400 Exception <a 'java/security/PrivilegedActionException'> (0x91a5c470) thrown at [/build/openjdk-8-Ls3fOh/openjdk-8-8u171-b11/src/hotspot/src/share/vm/prims/jvm.cpp, line 1435]
Event: 0.845 Thread 0xb6208400 Exception <a 'java/security/PrivilegedActionException'> (0x91a5c670) thrown at [/build/openjdk-8-Ls3fOh/openjdk-8-8u171-b11/src/hotspot/src/share/vm/prims/jvm.cpp, line 1435]
Event: 0.845 Thread 0xb6208400 Exception <a 'java/security/PrivilegedActionException'> (0x91a5cfa0) thrown at [/build/openjdk-8-Ls3fOh/openjdk-8-8u171-b11/src/hotspot/src/share/vm/prims/jvm.cpp, line 1435]
Event: 0.845 Thread 0xb6208400 Exception <a 'java/security/PrivilegedActionException'> (0x91a5d1a0) thrown at [/build/openjdk-8-Ls3fOh/openjdk-8-8u171-b11/src/hotspot/src/share/vm/prims/jvm.cpp, line 1435]
Event: 0.845 Thread 0xb6208400 Exception <a 'java/security/PrivilegedActionException'> (0x91a5db50) thrown at [/build/openjdk-8-Ls3fOh/openjdk-8-8u171-b11/src/hotspot/src/share/vm/prims/jvm.cpp, line 1435]
Event: 0.845 Thread 0xb6208400 Exception <a 'java/security/PrivilegedActionException'> (0x91a5dd50) thrown at [/build/openjdk-8-Ls3fOh/openjdk-8-8u171-b11/src/hotspot/src/share/vm/prims/jvm.cpp, line 1435]

Events (10 events):
Event: 1.185 loading class java/util/regex/Pattern$CharPropertyNames$23
Event: 1.185 loading class java/util/regex/Pattern$CharPropertyNames$23 done
Event: 1.185 loading class java/util/regex/Pattern$Ctype
Event: 1.185 loading class java/util/regex/Pattern$Ctype done
Event: 1.185 loading class java/util/regex/Pattern$5
Event: 1.185 loading class java/util/regex/Pattern$5 done
Event: 1.241 loading class java/lang/CloneNotSupportedException
Event: 1.241 loading class java/lang/CloneNotSupportedException done
Event: 1.257 loading class java/lang/UnsupportedOperationException
Event: 1.257 loading class java/lang/UnsupportedOperationException done


Dynamic libraries:
08048000-08049000 r-xp 00000000 08:01 1694419    /usr/lib/jvm/java-8-openjdk-i386/jre/bin/java
08049000-0804a000 r--p 00000000 08:01 1694419    /usr/lib/jvm/java-8-openjdk-i386/jre/bin/java
0804a000-0804b000 rw-p 00001000 08:01 1694419    /usr/lib/jvm/java-8-openjdk-i386/jre/bin/java
09d30000-09d51000 rw-p 00000000 00:00 0          [heap]
62a00000-62a89000 rw-p 00000000 00:00 0 
62a89000-62b00000 ---p 00000000 00:00 0 
62b20000-62b9a000 r--s 010ff000 08:01 1694387    /usr/lib/jvm/java-8-openjdk-i386/lib/tools.jar
62b9a000-62b9e000 r--s 000f3000 08:01 2456094    /home/sarnobat/github/groovy_libraries/.groovy/lib/jna-3.4.0.jar
62b9e000-62ba0000 r--s 00003000 08:01 2453673    /home/sarnobat/github/groovy_libraries/.groovy/lib/jsr305-3.0.2.jar
62ba0000-62bcc000 r--s 00208000 08:01 2456072    /home/sarnobat/github/groovy_libraries/.groovy/lib/guava-19.0.jar
62bcc000-62be1000 r--s 000d1000 08:01 2456076    /home/sarnobat/github/groovy_libraries/.groovy/lib/jersey-server-2.25.jar
62be1000-62be2000 r--s 00004000 08:01 2456091    /home/sarnobat/github/groovy_libraries/.groovy/lib/javax.json-api-1.0.jar
62be2000-62be4000 r--s 0000a000 08:01 2453742    /home/sarnobat/github/groovy_libraries/.groovy/lib/jsr311-api-1.1.1.jar
62be4000-62be8000 r--s 0000c000 08:01 2456086    /home/sarnobat/github/groovy_libraries/.groovy/lib/validation-api-1.1.0.Final.jar
62be8000-62beb000 r--s 0002b000 08:01 2456084    /home/sarnobat/github/groovy_libraries/.groovy/lib/hk2-locator-2.5.0-b30.jar
62beb000-62bec000 r--s 0000f000 08:01 2456073    /home/sarnobat/github/groovy_libraries/.groovy/lib/json-20140107.jar
62bec000-62bee000 r--s 0000d000 08:01 2456088    /home/sarnobat/github/groovy_libraries/.groovy/lib/commons-codec-1.4.jar
62bee000-62bf0000 r--s 00005000 08:01 2456082    /home/sarnobat/github/groovy_libraries/.groovy/lib/javax.annotation-api-1.2.jar
62bf0000-62bf3000 r--s 0001e000 08:01 2456083    /home/sarnobat/github/groovy_libraries/.groovy/lib/hk2-utils-2.5.0-b30.jar
62bf3000-62bf9000 r--s 0005a000 08:01 2456087    /home/sarnobat/github/groovy_libraries/.groovy/lib/jsoup-1.11.2.jar
62bf9000-62bfa000 r--s 00001000 08:01 2456081    /home/sarnobat/github/groovy_libraries/.groovy/lib/javax.inject-2.5.0-b30.jar
62bfa000-62c00000 r--s 00028000 08:01 2456080    /home/sarnobat/github/groovy_libraries/.groovy/lib/hk2-api-2.5.0-b30.jar
62c00000-62cff000 rw-p 00000000 00:00 0 
62cff000-62d00000 ---p 00000000 00:00 0 
62d00000-62dfa000 rw-p 00000000 00:00 0 
62dfa000-62e00000 ---p 00000000 00:00 0 
62e00000-62e04000 r--s 00031000 08:01 2456075    /home/sarnobat/github/groovy_libraries/.groovy/lib/commons-io-2.6.jar
62e04000-62e06000 r--s 00004000 08:01 2456074    /home/sarnobat/github/groovy_libraries/.groovy/lib/jersey-container-jdk-http-2.25.jar
62e06000-62e07000 r--s 00006000 08:01 2456092    /home/sarnobat/github/groovy_libraries/.groovy/lib/solr-commons-csv-3.5.0.jar
62e07000-62e0b000 r--s 00019000 08:01 2456077    /home/sarnobat/github/groovy_libraries/.groovy/lib/javax.ws.rs-api-2.0.1.jar
62e0b000-62e23000 r--s 000d4000 08:01 2456079    /home/sarnobat/github/groovy_libraries/.groovy/lib/jersey-guava-2.6.jar
62e23000-62e26000 r--s 00012000 08:01 2456090    /home/sarnobat/github/groovy_libraries/.groovy/lib/javax.json-1.0.4.jar
62e26000-62e2b000 r--s 0002b000 08:01 2456093    /home/sarnobat/github/groovy_libraries/.groovy/lib/fuse-jna-0.0.1-SNAPSHOT.jar
62e2b000-62e6a000 r--s 00399000 08:01 2456085    /home/sarnobat/github/groovy_libraries/.groovy/lib/jaxrs-ri-2.25.jar
62e6a000-62e72000 r--s 00072000 08:01 2453758    /home/sarnobat/github/groovy_libraries/.groovy/lib/commons-lang3-3.7.jar
62e72000-62e80000 r--s 000a1000 08:01 2456078    /home/sarnobat/github/groovy_libraries/.groovy/lib/jersey-common-2.25.jar
62e80000-62e81000 r--s 00006000 08:01 1693894    /usr/share/maven-repo/org/codehaus/groovy/groovy-servlet/2.4.5/groovy-servlet-2.4.5.jar
62e81000-62e83000 r--s 0001b000 08:01 1693924    /usr/share/maven-repo/org/codehaus/groovy/groovy-docgenerator/2.4.5/groovy-docgenerator-2.4.5.jar
62e83000-62e85000 r--s 00011000 08:01 1147685    /usr/share/java/jsp-api-2.1.jar
62e85000-62e93000 r--s 000c8000 08:01 1149227    /usr/share/java/testng.jar
62e93000-62e95000 r--s 0000c000 08:01 1149198    /usr/share/java/asm4-5.0.4.jar
62e95000-62e97000 r--s 00006000 08:01 1149197    /usr/share/java/asm4-tree-5.0.4.jar
62e97000-62e99000 r--s 00012000 08:01 1839680    /usr/share/maven-repo/org/codehaus/groovy/groovy-test/2.4.5/groovy-test-2.4.5.jar
62e99000-62e9a000 r--s 00004000 08:01 1144744    /usr/share/java/ant-launcher-1.9.6.jar
62e9a000-62e9c000 r--s 00019000 08:01 1149207    /usr/share/java/jline2.jar
62e9c000-62e9e000 r--s 00001000 08:01 1839692    /usr/share/maven-repo/org/codehaus/groovy/groovy-testng/2.4.5/groovy-testng-2.4.5.jar
62e9e000-62eb3000 r--s 00124000 08:01 1147882    /usr/share/java/ivy-2.3.0.jar
62eb3000-62f00000 r--s 0040d000 08:01 1149211    /usr/share/java/groovy-2.x.jar
62f00000-62ffc000 rw-p 00000000 00:00 0 
62ffc000-63000000 ---p 00000000 00:00 0 
63000000-6300d000 r--s 00076000 08:01 1147859    /usr/share/java/xstream-1.4.8.jar
6300d000-6305a000 r--s 0040d000 08:01 1149211    /usr/share/java/groovy-2.x.jar
6305a000-6305b000 ---p 00000000 00:00 0 
6305b000-630db000 rw-p 00000000 00:00 0 
630db000-630de000 ---p 00000000 00:00 0 
630de000-6312c000 rw-p 00000000 00:00 0 
6312c000-6312f000 ---p 00000000 00:00 0 
6312f000-631ad000 rw-p 00000000 00:00 0 
631ad000-631b0000 ---p 00000000 00:00 0 
631b0000-6322e000 rw-p 00000000 00:00 0 
6322e000-63231000 ---p 00000000 00:00 0 
63231000-632af000 rw-p 00000000 00:00 0 
632af000-632b2000 ---p 00000000 00:00 0 
632b2000-63300000 rw-p 00000000 00:00 0 
63300000-63500000 r--p 00000000 08:01 1110568    /usr/lib/locale/locale-archive
63500000-63545000 rw-p 00000000 00:00 0 
63545000-63600000 ---p 00000000 00:00 0 
63600000-63621000 rw-p 00000000 00:00 0 
63621000-63700000 ---p 00000000 00:00 0 
63700000-637fb000 rw-p 00000000 00:00 0 
637fb000-63800000 ---p 00000000 00:00 0 
63800000-63801000 r--s 00005000 08:01 1147905    /usr/share/java/jansi-1.4.jar
63801000-63803000 r--s 00016000 08:01 1839697    /usr/share/maven-repo/org/codehaus/groovy/groovy-templates/2.4.5/groovy-templates-2.4.5.jar
63803000-63805000 r--s 00004000 08:01 1839662    /usr/share/maven-repo/org/codehaus/groovy/groovy-jsr223/2.4.5/groovy-jsr223-2.4.5.jar
63805000-63808000 r--s 0001e000 08:01 1147684    /usr/share/java/servlet-api-2.5.jar
63808000-63809000 r--s 00003000 08:01 1147898    /usr/share/java/hawtjni-runtime-1.10.jar
63809000-6380a000 r--s 00001000 08:01 1147901    /usr/share/java/jansi-native-1.0.jar
6380a000-6380b000 r--s 00005000 08:01 1147905    /usr/share/java/jansi-1.4.jar
6380b000-6380f000 r--s 00028000 08:01 1149209    /usr/share/java/qdox-1.12.1.jar
6380f000-63813000 r--s 0001e000 08:01 1839667    /usr/share/maven-repo/org/codehaus/groovy/groovy-groovydoc/2.4.5/groovy-groovydoc-2.4.5.jar
63813000-63816000 ---p 00000000 00:00 0 
63816000-63864000 rw-p 00000000 00:00 0 
63864000-63865000 ---p 00000000 00:00 0 
63865000-638e5000 rw-p 00000000 00:00 0 
638e5000-63ab4000 r--s 03c2f000 08:01 1694487    /usr/lib/jvm/java-8-openjdk-i386/jre/lib/rt.jar
63ab4000-63cfa000 rw-p 00000000 00:00 0 
63d1a000-63f00000 ---p 00000000 00:00 0 
63f00000-66300000 rw-p 00000000 00:00 0 
66300000-66321000 rw-p 00000000 00:00 0 
66321000-66400000 ---p 00000000 00:00 0 
66400000-66401000 r--s 0000d000 08:01 1147020    /usr/share/java/commons-logging-1.2.jar
66401000-66406000 r--s 00068000 08:01 1144929    /usr/share/java/antlr.jar
66406000-66409000 r--s 0001d000 08:01 1839643    /usr/share/maven-repo/org/codehaus/groovy/groovy-json/2.4.5/groovy-json-2.4.5.jar
66409000-6640a000 r--s 0000a000 08:01 1149195    /usr/share/java/asm4-util-5.0.4.jar
6640a000-6640d000 r--s 0000d000 08:01 1149225    /usr/share/java/jcommander.jar
6640d000-6640f000 r--s 0000a000 08:01 1147016    /usr/share/java/commons-cli-1.3.1.jar
6640f000-6642e000 r--s 001d1000 08:01 1144743    /usr/share/java/ant-1.9.6.jar
6642e000-66431000 ---p 00000000 00:00 0 
66431000-6647f000 rw-p 00000000 00:00 0 
6647f000-66480000 ---p 00000000 00:00 0 
66480000-66500000 rw-p 00000000 00:00 0 
66500000-665bd000 rw-p 00000000 00:00 0 
665bd000-66600000 ---p 00000000 00:00 0 
66600000-66601000 r--s 0000d000 08:01 1149216    /usr/share/java/jsr166y-1.7.0.jar
66601000-66604000 r--s 00010000 08:01 1145778    /usr/share/java/bsf-2.4.0.jar
66604000-66606000 r--s 0001b000 08:01 1145289    /usr/share/java/ant-junit-1.9.6.jar
66606000-6660a000 r--s 00031000 08:01 1693912    /usr/share/maven-repo/org/codehaus/groovy/groovy-xml/2.4.5/groovy-xml-2.4.5.jar
6660a000-66616000 r--s 00094000 08:01 1693917    /usr/share/maven-repo/org/codehaus/groovy/groovy-console/2.4.5/groovy-console-2.4.5.jar
66616000-66631000 r--s 00394000 08:01 1694427    /usr/lib/jvm/java-8-openjdk-i386/jre/lib/ext/cldrdata.jar
66631000-6667f000 rw-p 00000000 00:00 0 
6667f000-66680000 ---p 00000000 00:00 0 
66680000-66700000 rw-p 00000000 00:00 0 
66700000-66721000 rw-p 00000000 00:00 0 
66721000-66800000 ---p 00000000 00:00 0 
66800000-66801000 r--s 00002000 08:01 1145284    /usr/share/java/ant-antlr-1.9.6.jar
66801000-66803000 r--s 0001d000 08:01 1693929    /usr/share/maven-repo/org/codehaus/groovy/groovy-jmx/2.4.5/groovy-jmx-2.4.5.jar
66803000-66809000 r--s 0005e000 08:01 1693906    /usr/share/maven-repo/org/codehaus/groovy/groovy-groovysh/2.4.5/groovy-groovysh-2.4.5.jar
66809000-66824000 r--s 001d6000 08:01 1694430    /usr/lib/jvm/java-8-openjdk-i386/jre/lib/ext/nashorn.jar
66824000-6687f000 rw-p 00000000 00:00 0 
6687f000-66880000 ---p 00000000 00:00 0 
66880000-66900000 rw-p 00000000 00:00 0 
66900000-66921000 rw-p 00000000 00:00 0 
66921000-66a00000 ---p 00000000 00:00 0 
66a00000-66a02000 r--s 00004000 08:01 1149192    /usr/share/java/asm4-analysis-5.0.4.jar
66a02000-66a0a000 r--s 00045000 08:01 1147522    /usr/share/java/junit4-4.12.jar
66a0a000-66a10000 r--s 00051000 08:01 1839686    /usr/share/maven-repo/org/codehaus/groovy/groovy-swing/2.4.5/groovy-swing-2.4.5.jar
66a10000-66a28000 rw-p 00000000 00:00 0 
66a28000-66a29000 ---p 00000000 00:00 0 
66a29000-66abf000 rw-p 00000000 00:00 0 
66abf000-66bff000 ---p 00000000 00:00 0 
66bff000-66c15000 rw-p 00000000 00:00 0 
66c15000-66d54000 ---p 00000000 00:00 0 
66d54000-66d5f000 rw-p 00000000 00:00 0 
66d5f000-66dff000 ---p 00000000 00:00 0 
66dff000-698c0000 rw-p 00000000 00:00 0 
698c0000-918c0000 ---p 00000000 00:00 0 
918c0000-92e00000 rw-p 00000000 00:00 0 
92e00000-a6e00000 ---p 00000000 00:00 0 
a6e00000-a6e02000 r--s 0000a000 08:01 1147024    /usr/share/java/hamcrest-core-1.3.jar
a6e02000-a6e04000 r--s 00010000 08:01 1839656    /usr/share/maven-repo/org/codehaus/groovy/groovy-ant/2.4.5/groovy-ant-2.4.5.jar
a6e04000-a6e06000 r--s 00012000 08:01 1839650    /usr/share/maven-repo/org/codehaus/groovy/groovy-sql/2.4.5/groovy-sql-2.4.5.jar
a6e06000-a6e08000 r--s 00009000 08:01 1148102    /usr/share/java/asm4-commons-5.0.4.jar
a6e08000-a6e12000 r--s 00116000 08:01 1694432    /usr/lib/jvm/java-8-openjdk-i386/jre/lib/ext/localedata.jar
a6e12000-a6e1b000 rw-p 00000000 00:00 0 
a6e1b000-a71d2000 ---p 00000000 00:00 0 
a71d2000-a7412000 rwxp 00000000 00:00 0 
a7412000-b61d2000 ---p 00000000 00:00 0 
b61d2000-b61dd000 r-xp 00000000 08:01 3402889    /lib/i386-linux-gnu/libnss_files-2.23.so
b61dd000-b61de000 r--p 0000a000 08:01 3402889    /lib/i386-linux-gnu/libnss_files-2.23.so
b61de000-b61df000 rw-p 0000b000 08:01 3402889    /lib/i386-linux-gnu/libnss_files-2.23.so
b61df000-b61e5000 rw-p 00000000 00:00 0 
b61e5000-b61fc000 r-xp 00000000 08:01 3402652    /lib/i386-linux-gnu/libnsl-2.23.so
b61fc000-b61fd000 r--p 00016000 08:01 3402652    /lib/i386-linux-gnu/libnsl-2.23.so
b61fd000-b61fe000 rw-p 00017000 08:01 3402652    /lib/i386-linux-gnu/libnsl-2.23.so
b61fe000-b6200000 rw-p 00000000 00:00 0 
b6200000-b62fc000 rw-p 00000000 00:00 0 
b62fc000-b6300000 ---p 00000000 00:00 0 
b6300000-b6302000 r--s 00008000 08:01 1694423    /usr/lib/jvm/java-8-openjdk-i386/jre/lib/ext/sunec.jar
b6302000-b6308000 r--s 0003b000 08:01 1694428    /usr/lib/jvm/java-8-openjdk-i386/jre/lib/ext/sunjce_provider.jar
b6308000-b6313000 r-xp 00000000 08:01 3402895    /lib/i386-linux-gnu/libnss_nis-2.23.so
b6313000-b6314000 r--p 0000a000 08:01 3402895    /lib/i386-linux-gnu/libnss_nis-2.23.so
b6314000-b6315000 rw-p 0000b000 08:01 3402895    /lib/i386-linux-gnu/libnss_nis-2.23.so
b6315000-b631d000 r-xp 00000000 08:01 3402720    /lib/i386-linux-gnu/libnss_compat-2.23.so
b631d000-b631e000 r--p 00007000 08:01 3402720    /lib/i386-linux-gnu/libnss_compat-2.23.so
b631e000-b631f000 rw-p 00008000 08:01 3402720    /lib/i386-linux-gnu/libnss_compat-2.23.so
b631f000-b6320000 r--s 00002000 08:01 1839673    /usr/share/maven-repo/org/codehaus/groovy/groovy-bsf/2.4.5/groovy-bsf-2.4.5.jar
b6320000-b6322000 r--s 00001000 08:01 1694425    /usr/lib/jvm/java-8-openjdk-i386/jre/lib/ext/dnsns.jar
b6322000-b6325000 r--s 0000f000 08:01 1694429    /usr/lib/jvm/java-8-openjdk-i386/jre/lib/ext/icedtea-sound.jar
b6325000-b632d000 r-xp 00000000 08:01 1694470    /usr/lib/jvm/java-8-openjdk-i386/jre/lib/i386/libzip.so
b632d000-b632e000 r--p 00007000 08:01 1694470    /usr/lib/jvm/java-8-openjdk-i386/jre/lib/i386/libzip.so
b632e000-b632f000 rw-p 00008000 08:01 1694470    /usr/lib/jvm/java-8-openjdk-i386/jre/lib/i386/libzip.so
b632f000-b6337000 rw-s 00000000 08:01 2577954    /tmp/hsperfdata_sarnobat/1877
b6337000-b635f000 r-xp 00000000 08:01 1694461    /usr/lib/jvm/java-8-openjdk-i386/jre/lib/i386/libjava.so
b635f000-b6360000 r--p 00027000 08:01 1694461    /usr/lib/jvm/java-8-openjdk-i386/jre/lib/i386/libjava.so
b6360000-b6361000 rw-p 00028000 08:01 1694461    /usr/lib/jvm/java-8-openjdk-i386/jre/lib/i386/libjava.so
b6361000-b6368000 r-xp 00000000 08:01 3402905    /lib/i386-linux-gnu/librt-2.23.so
b6368000-b6369000 r--p 00006000 08:01 3402905    /lib/i386-linux-gnu/librt-2.23.so
b6369000-b636a000 rw-p 00007000 08:01 3402905    /lib/i386-linux-gnu/librt-2.23.so
b636a000-b636d000 ---p 00000000 00:00 0 
b636d000-b63bb000 rw-p 00000000 00:00 0 
b63bb000-b63d7000 r-xp 00000000 08:01 3402590    /lib/i386-linux-gnu/libgcc_s.so.1
b63d7000-b63d8000 rw-p 0001b000 08:01 3402590    /lib/i386-linux-gnu/libgcc_s.so.1
b63d8000-b642b000 r-xp 00000000 08:01 3402651    /lib/i386-linux-gnu/libm-2.23.so
b642b000-b642c000 r--p 00052000 08:01 3402651    /lib/i386-linux-gnu/libm-2.23.so
b642c000-b642d000 rw-p 00053000 08:01 3402651    /lib/i386-linux-gnu/libm-2.23.so
b642d000-b659a000 r-xp 00000000 08:01 1104849    /usr/lib/i386-linux-gnu/libstdc++.so.6.0.21
b659a000-b659b000 ---p 0016d000 08:01 1104849    /usr/lib/i386-linux-gnu/libstdc++.so.6.0.21
b659b000-b65a0000 r--p 0016d000 08:01 1104849    /usr/lib/i386-linux-gnu/libstdc++.so.6.0.21
b65a0000-b65a1000 rw-p 00172000 08:01 1104849    /usr/lib/i386-linux-gnu/libstdc++.so.6.0.21
b65a1000-b65a4000 rw-p 00000000 00:00 0 
b65a4000-b707a000 r-xp 00000000 08:01 1694474    /usr/lib/jvm/java-8-openjdk-i386/jre/lib/i386/server/libjvm.so
b707a000-b707b000 ---p 00ad6000 08:01 1694474    /usr/lib/jvm/java-8-openjdk-i386/jre/lib/i386/server/libjvm.so
b707b000-b70c1000 r--p 00ad6000 08:01 1694474    /usr/lib/jvm/java-8-openjdk-i386/jre/lib/i386/server/libjvm.so
b70c1000-b70d8000 rw-p 00b1c000 08:01 1694474    /usr/lib/jvm/java-8-openjdk-i386/jre/lib/i386/server/libjvm.so
b70d8000-b74f8000 rw-p 00000000 00:00 0 
b74f8000-b7511000 r-xp 00000000 08:01 3402662    /lib/i386-linux-gnu/libpthread-2.23.so
b7511000-b7512000 r--p 00018000 08:01 3402662    /lib/i386-linux-gnu/libpthread-2.23.so
b7512000-b7513000 rw-p 00019000 08:01 3402662    /lib/i386-linux-gnu/libpthread-2.23.so
b7513000-b7515000 rw-p 00000000 00:00 0 
b7515000-b7518000 r-xp 00000000 08:01 3402697    /lib/i386-linux-gnu/libdl-2.23.so
b7518000-b7519000 r--p 00002000 08:01 3402697    /lib/i386-linux-gnu/libdl-2.23.so
b7519000-b751a000 rw-p 00003000 08:01 3402697    /lib/i386-linux-gnu/libdl-2.23.so
b751a000-b751b000 rw-p 00000000 00:00 0 
b751b000-b7534000 r-xp 00000000 08:01 3402741    /lib/i386-linux-gnu/libz.so.1.2.8
b7534000-b7535000 r--p 00018000 08:01 3402741    /lib/i386-linux-gnu/libz.so.1.2.8
b7535000-b7536000 rw-p 00019000 08:01 3402741    /lib/i386-linux-gnu/libz.so.1.2.8
b7536000-b76e6000 r-xp 00000000 08:01 3402663    /lib/i386-linux-gnu/libc-2.23.so
b76e6000-b76e8000 r--p 001af000 08:01 3402663    /lib/i386-linux-gnu/libc-2.23.so
b76e8000-b76e9000 rw-p 001b1000 08:01 3402663    /lib/i386-linux-gnu/libc-2.23.so
b76e9000-b76ec000 rw-p 00000000 00:00 0 
b76ec000-b76ed000 r--s 00010000 08:01 1694424    /usr/lib/jvm/java-8-openjdk-i386/jre/lib/ext/zipfs.jar
b76ed000-b76ee000 r--s 0000a000 08:01 1694431    /usr/lib/jvm/java-8-openjdk-i386/jre/lib/ext/jaccess.jar
b76ee000-b76f1000 r--s 00038000 08:01 1694426    /usr/lib/jvm/java-8-openjdk-i386/jre/lib/ext/sunpkcs11.jar
b76f1000-b76f2000 r--p 002d4000 08:01 1110568    /usr/lib/locale/locale-archive
b76f2000-b76f3000 rw-p 00000000 00:00 0 
b76f3000-b76f4000 r--p 00000000 00:00 0 
b76f4000-b7702000 r-xp 00000000 08:01 1694447    /usr/lib/jvm/java-8-openjdk-i386/jre/lib/i386/libverify.so
b7702000-b7703000 r--p 0000d000 08:01 1694447    /usr/lib/jvm/java-8-openjdk-i386/jre/lib/i386/libverify.so
b7703000-b7704000 rw-p 0000e000 08:01 1694447    /usr/lib/jvm/java-8-openjdk-i386/jre/lib/i386/libverify.so
b7704000-b7711000 r-xp 00000000 08:01 1694471    /usr/lib/jvm/java-8-openjdk-i386/jre/lib/i386/jli/libjli.so
b7711000-b7712000 r--p 0000c000 08:01 1694471    /usr/lib/jvm/java-8-openjdk-i386/jre/lib/i386/jli/libjli.so
b7712000-b7713000 rw-p 0000d000 08:01 1694471    /usr/lib/jvm/java-8-openjdk-i386/jre/lib/i386/jli/libjli.so
b7713000-b7714000 rw-p 00000000 00:00 0 
b7714000-b7717000 r--p 00000000 00:00 0          [vvar]
b7717000-b7718000 r-xp 00000000 00:00 0          [vdso]
b7718000-b773b000 r-xp 00000000 08:01 3402661    /lib/i386-linux-gnu/ld-2.23.so
b773b000-b773c000 r--p 00022000 08:01 3402661    /lib/i386-linux-gnu/ld-2.23.so
b773c000-b773d000 rw-p 00023000 08:01 3402661    /lib/i386-linux-gnu/ld-2.23.so
bf815000-bf836000 rw-p 00000000 00:00 0          [stack]

VM Arguments:
jvm_args: -Dscript.name=/usr/bin/groovy -Dprogram.name=groovy -Dgroovy.starter.conf=/usr/share/groovy2/conf/groovy-starter.conf -Dgroovy.home=/usr/share/groovy2 -Dtools.jar=/usr/lib/jvm/default-java/lib/tools.jar 
java_command: org.codehaus.groovy.tools.GroovyStarter --main groovy.ui.GroovyMain --conf /usr/share/groovy2/conf/groovy-starter.conf --classpath . reparent_md5.groovy --port=4482
java_class_path (initial): /usr/share/groovy2/lib/groovy-2.4.5.jar
Launcher Type: SUN_STANDARD

Environment Variables:
PATH=/usr/bin:/bin
SHELL=/bin/sh

Signal Handlers:
SIGSEGV: [libjvm.so+0x8dbb10], sa_mask[0]=11111111011111111101111111111110, sa_flags=SA_RESTART|SA_SIGINFO
SIGBUS: [libjvm.so+0x8dbb10], sa_mask[0]=11111111011111111101111111111110, sa_flags=SA_RESTART|SA_SIGINFO
SIGFPE: [libjvm.so+0x7404a0], sa_mask[0]=11111111011111111101111111111110, sa_flags=SA_RESTART|SA_SIGINFO
SIGPIPE: [libjvm.so+0x7404a0], sa_mask[0]=11111111011111111101111111111110, sa_flags=SA_RESTART|SA_SIGINFO
SIGXFSZ: [libjvm.so+0x7404a0], sa_mask[0]=11111111011111111101111111111110, sa_flags=SA_RESTART|SA_SIGINFO
SIGILL: [libjvm.so+0x7404a0], sa_mask[0]=11111111011111111101111111111110, sa_flags=SA_RESTART|SA_SIGINFO
SIGUSR1: SIG_DFL, sa_mask[0]=00000000000000000000000000000000, sa_flags=none
SIGUSR2: [libjvm.so+0x7402e0], sa_mask[0]=00000000000000000000000000000000, sa_flags=SA_RESTART|SA_SIGINFO
SIGHUP: [libjvm.so+0x740a70], sa_mask[0]=11111111011111111101111111111110, sa_flags=SA_RESTART|SA_SIGINFO
SIGINT: [libjvm.so+0x740a70], sa_mask[0]=11111111011111111101111111111110, sa_flags=SA_RESTART|SA_SIGINFO
SIGTERM: [libjvm.so+0x740a70], sa_mask[0]=11111111011111111101111111111110, sa_flags=SA_RESTART|SA_SIGINFO
SIGQUIT: [libjvm.so+0x740a70], sa_mask[0]=11111111011111111101111111111110, sa_flags=SA_RESTART|SA_SIGINFO


---------------  S Y S T E M  ---------------

OS:DISTRIB_ID=Ubuntu
DISTRIB_RELEASE=16.04
DISTRIB_CODENAME=xenial
DISTRIB_DESCRIPTION="Ubuntu 16.04.1 LTS"

uname:Linux 4.4.0-121-generic #145-Ubuntu SMP Fri Apr 13 13:46:32 UTC 2018 i686
libc:glibc 2.23 NPTL 2.23 
rlimit: STACK 8192k, CORE 0k, NPROC 63044, NOFILE 1048576, AS infinity
load average:149.49 141.67 119.97

/proc/meminfo:
MemTotal:        8107388 kB
MemFree:          281240 kB
MemAvailable:          0 kB
Buffers:           24940 kB
Cached:           166892 kB
SwapCached:        13500 kB
Active:          6409176 kB
Inactive:        1203144 kB
Active(anon):    6323064 kB
Inactive(anon):  1133200 kB
Active(file):      86112 kB
Inactive(file):    69944 kB
Unevictable:           0 kB
Mlocked:               0 kB
HighTotal:       7292552 kB
HighFree:           1008 kB
LowTotal:         814836 kB
LowFree:          280232 kB
SwapTotal:       4007932 kB
SwapFree:              0 kB
Dirty:               328 kB
Writeback:             0 kB
AnonPages:       7406572 kB
Mapped:            88500 kB
Shmem:             36484 kB
Slab:              89220 kB
SReclaimable:      36920 kB
SUnreclaim:        52300 kB
KernelStack:       20064 kB
PageTables:        52568 kB
NFS_Unstable:          0 kB
Bounce:                8 kB
WritebackTmp:          0 kB
CommitLimit:     8061624 kB
Committed_AS:   24347208 kB
VmallocTotal:     122880 kB
VmallocUsed:           0 kB
VmallocChunk:          0 kB
AnonHugePages:         0 kB
CmaTotal:              0 kB
CmaFree:               0 kB
HugePages_Total:       0
HugePages_Free:        0
HugePages_Rsvd:        0
HugePages_Surp:        0
Hugepagesize:       2048 kB
DirectMap4k:       47096 kB
DirectMap2M:      864256 kB


CPU:total 4 (initial active 4) (2 cores per cpu, 2 threads per core) family 6 model 58 stepping 9, cmov, cx8, fxsr, mmx, sse, sse2, sse3, ssse3, sse4.1, sse4.2, popcnt, avx, aes, clmul, erms, ht, tsc, tscinvbit, tscinv

/proc/cpuinfo:
processor	: 0
vendor_id	: GenuineIntel
cpu family	: 6
model		: 58
model name	: Intel(R) Core(TM) i5-3427U CPU @ 1.80GHz
stepping	: 9
microcode	: 0x17
cpu MHz		: 1899.925
cache size	: 3072 KB
physical id	: 0
siblings	: 4
core id		: 0
cpu cores	: 2
apicid		: 0
initial apicid	: 0
fdiv_bug	: no
f00f_bug	: no
coma_bug	: no
fpu		: yes
fpu_exception	: yes
cpuid level	: 13
wp		: yes
flags		: fpu vme de pse tsc msr pae mce cx8 apic sep mtrr pge mca cmov pat pse36 clflush dts acpi mmx fxsr sse sse2 ss ht tm pbe nx rdtscp lm constant_tsc arch_perfmon pebs bts xtopology nonstop_tsc aperfmperf eagerfpu pni pclmulqdq dtes64 monitor ds_cpl vmx smx est tm2 ssse3 cx16 xtpr pdcm sse4_1 sse4_2 x2apic popcnt tsc_deadline_timer aes xsave avx f16c rdrand lahf_lm epb retpoline tpr_shadow vnmi flexpriority ept vpid fsgsbase smep erms xsaveopt dtherm ida arat pln pts
bugs		: cpu_meltdown spectre_v1 spectre_v2
bogomips	: 4589.45
clflush size	: 64
cache_alignment	: 64
address sizes	: 36 bits physical, 48 bits virtual
power management:

processor	: 1
vendor_id	: GenuineIntel
cpu family	: 6
model		: 58
model name	: Intel(R) Core(TM) i5-3427U CPU @ 1.80GHz
stepping	: 9
microcode	: 0x17
cpu MHz		: 1899.925
cache size	: 3072 KB
physical id	: 0
siblings	: 4
core id		: 1
cpu cores	: 2
apicid		: 2
initial apicid	: 2
fdiv_bug	: no
f00f_bug	: no
coma_bug	: no
fpu		: yes
fpu_exception	: yes
cpuid level	: 13
wp		: yes
flags		: fpu vme de pse tsc msr pae mce cx8 apic sep mtrr pge mca cmov pat pse36 clflush dts acpi mmx fxsr sse sse2 ss ht tm pbe nx rdtscp lm constant_tsc arch_perfmon pebs bts xtopology nonstop_tsc aperfmperf eagerfpu pni pclmulqdq dtes64 monitor ds_cpl vmx smx est tm2 ssse3 cx16 xtpr pdcm sse4_1 sse4_2 x2apic popcnt tsc_deadline_timer aes xsave avx f16c rdrand lahf_lm epb retpoline tpr_shadow vnmi flexpriority ept vpid fsgsbase smep erms xsaveopt dtherm ida arat pln pts
bugs		: cpu_meltdown spectre_v1 spectre_v2
bogomips	: 4589.45
clflush size	: 64
cache_alignment	: 64
address sizes	: 36 bits physical, 48 bits virtual
power management:

processor	: 2
vendor_id	: GenuineIntel
cpu family	: 6
model		: 58
model name	: Intel(R) Core(TM) i5-3427U CPU @ 1.80GHz
stepping	: 9
microcode	: 0x17
cpu MHz		: 1899.925
cache size	: 3072 KB
physical id	: 0
siblings	: 4
core id		: 0
cpu cores	: 2
apicid		: 1
initial apicid	: 1
fdiv_bug	: no
f00f_bug	: no
coma_bug	: no
fpu		: yes
fpu_exception	: yes
cpuid level	: 13
wp		: yes
flags		: fpu vme de pse tsc msr pae mce cx8 apic sep mtrr pge mca cmov pat pse36 clflush dts acpi mmx fxsr sse sse2 ss ht tm pbe nx rdtscp lm constant_tsc arch_perfmon pebs bts xtopology nonstop_tsc aperfmperf eagerfpu pni pclmulqdq dtes64 monitor ds_cpl vmx smx est tm2 ssse3 cx16 xtpr pdcm sse4_1 sse4_2 x2apic popcnt tsc_deadline_timer aes xsave avx f16c rdrand lahf_lm epb retpoline tpr_shadow vnmi flexpriority ept vpid fsgsbase smep erms xsaveopt dtherm ida arat pln pts
bugs		: cpu_meltdown spectre_v1 spectre_v2
bogomips	: 4589.45
clflush size	: 64
cache_alignment	: 64
address sizes	: 36 bits physical, 48 bits virtual
power management:

processor	: 3
vendor_id	: GenuineIntel
cpu family	: 6
model		: 58
model name	: Intel(R) Core(TM) i5-3427U CPU @ 1.80GHz
stepping	: 9
microcode	: 0x17
cpu MHz		: 1812.957
cache size	: 3072 KB
physical id	: 0
siblings	: 4
core id		: 1
cpu cores	: 2
apicid		: 3
initial apicid	: 3
fdiv_bug	: no
f00f_bug	: no
coma_bug	: no
fpu		: yes
fpu_exception	: yes
cpuid level	: 13
wp		: yes
flags		: fpu vme de pse tsc msr pae mce cx8 apic sep mtrr pge mca cmov pat pse36 clflush dts acpi mmx fxsr sse sse2 ss ht tm pbe nx rdtscp lm constant_tsc arch_perfmon pebs bts xtopology nonstop_tsc aperfmperf eagerfpu pni pclmulqdq dtes64 monitor ds_cpl vmx smx est tm2 ssse3 cx16 xtpr pdcm sse4_1 sse4_2 x2apic popcnt tsc_deadline_timer aes xsave avx f16c rdrand lahf_lm epb retpoline tpr_shadow vnmi flexpriority ept vpid fsgsbase smep erms xsaveopt dtherm ida arat pln pts
bugs		: cpu_meltdown spectre_v1 spectre_v2
bogomips	: 4589.45
clflush size	: 64
cache_alignment	: 64
address sizes	: 36 bits physical, 48 bits virtual
power management:



Memory: 4k page, physical 8107388k(281488k free), swap 4007932k(0k free)

vm_info: OpenJDK Server VM (25.171-b11) for linux-x86 JRE (1.8.0_171-8u171-b11-0ubuntu0.16.04.1-b11), built on Apr 27 2018 17:11:40 by "buildd" with gcc 5.4.0 20160609

time: Fri Jun  1 20:40:02 2018
elapsed time: 1 seconds (0d 0h 0m 1s)

