#
# There is insufficient memory for the Java Runtime Environment to continue.
# Native memory allocation (mmap) failed to map 131072 bytes for committing reserved memory.
# Possible reasons:
#   The system is out of physical RAM or swap space
#   In 32 bit mode, the process size limit was hit
# Possible solutions:
#   Reduce memory load on the system
#   Increase physical memory or swap space
#   Check if swap backing store is full
#   Use 64 bit Java on a 64 bit OS
#   Decrease Java heap size (-Xmx/-Xms)
#   Decrease number of Java threads
#   Decrease Java thread stack sizes (-Xss)
#   Set larger code cache with -XX:ReservedCodeCacheSize=
# This output file may be truncated or incomplete.
#
#  Out of Memory Error (os_linux.cpp:2643), pid=1856, tid=0xb644db40
#
# JRE version: OpenJDK Runtime Environment (8.0_151-b12) (build 1.8.0_151-8u151-b12-0ubuntu0.16.04.2-b12)
# Java VM: OpenJDK Server VM (25.151-b12 mixed mode linux-x86 )
# Failed to write core dump. Core dumps have been disabled. To enable core dumping, try "ulimit -c unlimited" before starting Java again
#

---------------  T H R E A D  ---------------

Current thread (0xb6207c00):  JavaThread "main" [_thread_in_vm, id=2830, stack(0xb63fd000,0xb644e000)]

Stack: [0xb63fd000,0xb644e000],  sp=0xb644a940,  free space=310k
Native frames: (J=compiled Java code, j=interpreted, Vv=VM code, C=native code)
V  [libjvm.so+0x8d6834]
V  [libjvm.so+0x3a7c76]
V  [libjvm.so+0x7420c0]
V  [libjvm.so+0x73c013]
V  [libjvm.so+0x8d3264]
V  [libjvm.so+0x6cdd63]
V  [libjvm.so+0x6cdf7a]
V  [libjvm.so+0x6ceb05]
V  [libjvm.so+0x6cec5a]
V  [libjvm.so+0x6cfc9a]
V  [libjvm.so+0x6cfe8d]
V  [libjvm.so+0x39895f]
V  [libjvm.so+0x6d542e]
V  [libjvm.so+0x317bdf]
V  [libjvm.so+0x3183b3]
V  [libjvm.so+0x31a202]
V  [libjvm.so+0x320d96]
V  [libjvm.so+0x853dd4]
V  [libjvm.so+0x8528ff]
V  [libjvm.so+0x854906]
V  [libjvm.so+0x7b6442]
V  [libjvm.so+0x7b6c8c]
V  [libjvm.so+0x56c7b1]
V  [libjvm.so+0x56c9c7]  JVM_GetClassDeclaredMethods+0xa7
j  java.lang.Class.getDeclaredMethods0(Z)[Ljava/lang/reflect/Method;+0
j  java.lang.Class.privateGetDeclaredMethods(Z)[Ljava/lang/reflect/Method;+37
j  java.lang.Class.privateGetPublicMethods()[Ljava/lang/reflect/Method;+33
j  java.lang.Class.privateGetPublicMethods()[Ljava/lang/reflect/Method;+85
j  java.lang.Class.getMethods()[Ljava/lang/reflect/Method;+10
j  org.codehaus.groovy.reflection.stdclasses.CachedSAMClass.getSAMMethod(Ljava/lang/Class;)Ljava/lang/reflect/Method;+20
j  org.codehaus.groovy.reflection.ClassInfo.isSAM(Ljava/lang/Class;)Z+1
j  org.codehaus.groovy.reflection.ClassInfo.createCachedClass(Ljava/lang/Class;Lorg/codehaus/groovy/reflection/ClassInfo;)Lorg/codehaus/groovy/reflection/CachedClass;+489
j  org.codehaus.groovy.reflection.ClassInfo.access$700(Ljava/lang/Class;Lorg/codehaus/groovy/reflection/ClassInfo;)Lorg/codehaus/groovy/reflection/CachedClass;+2
j  org.codehaus.groovy.reflection.ClassInfo$LazyCachedClassRef.initValue()Lorg/codehaus/groovy/reflection/CachedClass;+11
j  org.codehaus.groovy.reflection.ClassInfo$LazyCachedClassRef.initValue()Ljava/lang/Object;+1
j  org.codehaus.groovy.util.LazyReference.getLocked(Z)Ljava/lang/Object;+32
J 369 C1 org.codehaus.groovy.util.LazyReference.get()Ljava/lang/Object; (44 bytes) @ 0xa7365ec8 [0xa7365c60+0x268]
J 385 C1 org.codehaus.groovy.reflection.ReflectionCache.getCachedClass(Ljava/lang/Class;)Lorg/codehaus/groovy/reflection/CachedClass; (14 bytes) @ 0xa736cd00 [0xa736c5a0+0x760]
j  org.codehaus.groovy.reflection.ParameterTypes.getParametersTypes0()V+46
j  org.codehaus.groovy.reflection.ParameterTypes.getParameterTypes()[Lorg/codehaus/groovy/reflection/CachedClass;+8
j  org.codehaus.groovy.reflection.CachedMethod.getParamsCount()I+1
j  org.codehaus.groovy.runtime.m12n.SimpleExtensionModule.createMetaMethods(Ljava/lang/Class;Ljava/util/List;Z)V+57
j  org.codehaus.groovy.runtime.m12n.SimpleExtensionModule.getMetaMethods()Ljava/util/List;+45
j  org.codehaus.groovy.runtime.metaclass.MetaClassRegistryImpl$DefaultModuleListener.onModule(Lorg/codehaus/groovy/runtime/m12n/ExtensionModule;)V+113
j  org.codehaus.groovy.runtime.m12n.ExtensionModuleScanner.scanExtensionModuleFromProperties(Ljava/util/Properties;)V+23
j  org.codehaus.groovy.runtime.m12n.ExtensionModuleScanner.scanExtensionModuleFromMetaInf(Ljava/net/URL;)V+52
j  org.codehaus.groovy.runtime.m12n.ExtensionModuleScanner.scanClasspathModules()V+31
j  org.codehaus.groovy.runtime.metaclass.MetaClassRegistryImpl.<init>(IZ)V+279
j  org.codehaus.groovy.runtime.metaclass.MetaClassRegistryImpl.<init>()V+3
j  groovy.lang.GroovySystem.<clinit>()V+8
v  ~StubRoutines::call_stub
V  [libjvm.so+0x51faad]
V  [libjvm.so+0x746985]
V  [libjvm.so+0x51ebea]
V  [libjvm.so+0x4ebfb8]
V  [libjvm.so+0x4ec367]
V  [libjvm.so+0x4ec7aa]
V  [libjvm.so+0x62d508]
V  [libjvm.so+0x63147a]
V  [libjvm.so+0x633a38]
V  [libjvm.so+0x513af7]
j  org.codehaus.groovy.runtime.InvokerHelper.<clinit>()V+34
v  ~StubRoutines::call_stub
V  [libjvm.so+0x51faad]
V  [libjvm.so+0x746985]
V  [libjvm.so+0x51ebea]
V  [libjvm.so+0x4ebfb8]
V  [libjvm.so+0x4ec367]
V  [libjvm.so+0x4ec7aa]
V  [libjvm.so+0x62d508]
V  [libjvm.so+0x63147a]
V  [libjvm.so+0x633a38]
V  [libjvm.so+0x513af7]
j  groovy.lang.GroovyObjectSupport.<init>()V+9
j  groovy.lang.Binding.<init>()V+1
j  groovy.lang.GroovyShell.<init>(Lorg/codehaus/groovy/control/CompilerConfiguration;)V+5
j  groovy.ui.GroovyMain.processOnce()V+8
j  groovy.ui.GroovyMain.run()Z+29
j  groovy.ui.GroovyMain.process(Lgroovyjarjarcommonscli/CommandLine;)Z+602
j  groovy.ui.GroovyMain.processArgs([Ljava/lang/String;Ljava/io/PrintStream;)V+108
j  groovy.ui.GroovyMain.main([Ljava/lang/String;)V+4
v  ~StubRoutines::call_stub
V  [libjvm.so+0x51faad]
V  [libjvm.so+0x746985]
V  [libjvm.so+0x51ebea]
V  [libjvm.so+0x7b8d25]
V  [libjvm.so+0x7baa5e]
V  [libjvm.so+0x565ade]  JVM_InvokeMethod+0x10e
C  [libjava.so+0xcf53]  Java_sun_reflect_NativeMethodAccessorImpl_invoke0+0x23
j  sun.reflect.NativeMethodAccessorImpl.invoke0(Ljava/lang/reflect/Method;Ljava/lang/Object;[Ljava/lang/Object;)Ljava/lang/Object;+0
j  sun.reflect.NativeMethodAccessorImpl.invoke(Ljava/lang/Object;[Ljava/lang/Object;)Ljava/lang/Object;+100
j  sun.reflect.DelegatingMethodAccessorImpl.invoke(Ljava/lang/Object;[Ljava/lang/Object;)Ljava/lang/Object;+6
j  java.lang.reflect.Method.invoke(Ljava/lang/Object;[Ljava/lang/Object;)Ljava/lang/Object;+56
j  org.codehaus.groovy.tools.GroovyStarter.rootLoader([Ljava/lang/String;)V+391
j  org.codehaus.groovy.tools.GroovyStarter.main([Ljava/lang/String;)V+1
v  ~StubRoutines::call_stub
V  [libjvm.so+0x51faad]
V  [libjvm.so+0x746985]
V  [libjvm.so+0x51ebea]
V  [libjvm.so+0x53eaf4]
...<more frames>...

Java frames: (J=compiled Java code, j=interpreted, Vv=VM code)
j  java.lang.Class.getDeclaredMethods0(Z)[Ljava/lang/reflect/Method;+0
j  java.lang.Class.privateGetDeclaredMethods(Z)[Ljava/lang/reflect/Method;+37
j  java.lang.Class.privateGetPublicMethods()[Ljava/lang/reflect/Method;+33
j  java.lang.Class.privateGetPublicMethods()[Ljava/lang/reflect/Method;+85
j  java.lang.Class.getMethods()[Ljava/lang/reflect/Method;+10
j  org.codehaus.groovy.reflection.stdclasses.CachedSAMClass.getSAMMethod(Ljava/lang/Class;)Ljava/lang/reflect/Method;+20
j  org.codehaus.groovy.reflection.ClassInfo.isSAM(Ljava/lang/Class;)Z+1
j  org.codehaus.groovy.reflection.ClassInfo.createCachedClass(Ljava/lang/Class;Lorg/codehaus/groovy/reflection/ClassInfo;)Lorg/codehaus/groovy/reflection/CachedClass;+489
j  org.codehaus.groovy.reflection.ClassInfo.access$700(Ljava/lang/Class;Lorg/codehaus/groovy/reflection/ClassInfo;)Lorg/codehaus/groovy/reflection/CachedClass;+2
j  org.codehaus.groovy.reflection.ClassInfo$LazyCachedClassRef.initValue()Lorg/codehaus/groovy/reflection/CachedClass;+11
j  org.codehaus.groovy.reflection.ClassInfo$LazyCachedClassRef.initValue()Ljava/lang/Object;+1
j  org.codehaus.groovy.util.LazyReference.getLocked(Z)Ljava/lang/Object;+32
J 369 C1 org.codehaus.groovy.util.LazyReference.get()Ljava/lang/Object; (44 bytes) @ 0xa7365ec8 [0xa7365c60+0x268]
J 385 C1 org.codehaus.groovy.reflection.ReflectionCache.getCachedClass(Ljava/lang/Class;)Lorg/codehaus/groovy/reflection/CachedClass; (14 bytes) @ 0xa736cd00 [0xa736c5a0+0x760]
j  org.codehaus.groovy.reflection.ParameterTypes.getParametersTypes0()V+46
j  org.codehaus.groovy.reflection.ParameterTypes.getParameterTypes()[Lorg/codehaus/groovy/reflection/CachedClass;+8
j  org.codehaus.groovy.reflection.CachedMethod.getParamsCount()I+1
j  org.codehaus.groovy.runtime.m12n.SimpleExtensionModule.createMetaMethods(Ljava/lang/Class;Ljava/util/List;Z)V+57
j  org.codehaus.groovy.runtime.m12n.SimpleExtensionModule.getMetaMethods()Ljava/util/List;+45
j  org.codehaus.groovy.runtime.metaclass.MetaClassRegistryImpl$DefaultModuleListener.onModule(Lorg/codehaus/groovy/runtime/m12n/ExtensionModule;)V+113
j  org.codehaus.groovy.runtime.m12n.ExtensionModuleScanner.scanExtensionModuleFromProperties(Ljava/util/Properties;)V+23
j  org.codehaus.groovy.runtime.m12n.ExtensionModuleScanner.scanExtensionModuleFromMetaInf(Ljava/net/URL;)V+52
j  org.codehaus.groovy.runtime.m12n.ExtensionModuleScanner.scanClasspathModules()V+31
j  org.codehaus.groovy.runtime.metaclass.MetaClassRegistryImpl.<init>(IZ)V+279
j  org.codehaus.groovy.runtime.metaclass.MetaClassRegistryImpl.<init>()V+3
j  groovy.lang.GroovySystem.<clinit>()V+8
v  ~StubRoutines::call_stub
j  org.codehaus.groovy.runtime.InvokerHelper.<clinit>()V+34
v  ~StubRoutines::call_stub
j  groovy.lang.GroovyObjectSupport.<init>()V+9
j  groovy.lang.Binding.<init>()V+1
j  groovy.lang.GroovyShell.<init>(Lorg/codehaus/groovy/control/CompilerConfiguration;)V+5
j  groovy.ui.GroovyMain.processOnce()V+8
j  groovy.ui.GroovyMain.run()Z+29
j  groovy.ui.GroovyMain.process(Lgroovyjarjarcommonscli/CommandLine;)Z+602
j  groovy.ui.GroovyMain.processArgs([Ljava/lang/String;Ljava/io/PrintStream;)V+108
j  groovy.ui.GroovyMain.main([Ljava/lang/String;)V+4
v  ~StubRoutines::call_stub
j  sun.reflect.NativeMethodAccessorImpl.invoke0(Ljava/lang/reflect/Method;Ljava/lang/Object;[Ljava/lang/Object;)Ljava/lang/Object;+0
j  sun.reflect.NativeMethodAccessorImpl.invoke(Ljava/lang/Object;[Ljava/lang/Object;)Ljava/lang/Object;+100
j  sun.reflect.DelegatingMethodAccessorImpl.invoke(Ljava/lang/Object;[Ljava/lang/Object;)Ljava/lang/Object;+6
j  java.lang.reflect.Method.invoke(Ljava/lang/Object;[Ljava/lang/Object;)Ljava/lang/Object;+56
j  org.codehaus.groovy.tools.GroovyStarter.rootLoader([Ljava/lang/String;)V+391
j  org.codehaus.groovy.tools.GroovyStarter.main([Ljava/lang/String;)V+1
v  ~StubRoutines::call_stub

---------------  P R O C E S S  ---------------

Java Threads: ( => current thread )
  0x637aa400 JavaThread "Service Thread" daemon [_thread_blocked, id=3579, stack(0x6312c000,0x6317d000)]
  0x637a7400 JavaThread "C1 CompilerThread2" daemon [_thread_blocked, id=3544, stack(0x6317d000,0x631fe000)]
  0x637a5c00 JavaThread "C2 CompilerThread1" daemon [_thread_blocked, id=3531, stack(0x631fe000,0x6327f000)]
  0x637a3c00 JavaThread "C2 CompilerThread0" daemon [_thread_blocked, id=3497, stack(0x6327f000,0x63300000)]
  0x637a2400 JavaThread "Signal Dispatcher" daemon [_thread_blocked, id=3476, stack(0x63813000,0x63864000)]
  0x63788800 JavaThread "Finalizer" daemon [_thread_blocked, id=3327, stack(0x6642e000,0x6647f000)]
  0x63785c00 JavaThread "Reference Handler" daemon [_thread_blocked, id=3313, stack(0x6662e000,0x6667f000)]
=>0xb6207c00 JavaThread "main" [_thread_in_vm, id=2830, stack(0xb63fd000,0xb644e000)]

Other Threads:
  0x63781000 VMThread [stack: 0x63864000,0x638e5000] [id=3241]
  0x637abc00 WatcherThread [stack: 0x630ab000,0x6312c000] [id=3592]

VM state:not at safepoint (normal execution)

VM Mutex/Monitor currently owned by a thread: None

Heap:
 PSYoungGen      total 19200K, used 4717K [0x918c0000, 0x93e40000, 0xa6e00000)
  eden space 16640K, 12% used [0x918c0000,0x91adc868,0x92900000)
  from space 2560K, 99% used [0x92900000,0x92b7ee58,0x92b80000)
  to   space 2560K, 0% used [0x93bc0000,0x93bc0000,0x93e40000)
 ParOldGen       total 43776K, used 162K [0x66e00000, 0x698c0000, 0x918c0000)
  object space 43776K, 0% used [0x66e00000,0x66e28b50,0x698c0000)
 Metaspace       used 3933K, capacity 3978K, committed 3992K, reserved 4400K

Card table byte_map: [0x66bff000,0x66e00000] byte_map_base: 0x668c8000

Marking Bits: (ParMarkBitMap*) 0xb7173880
 Begin Bits: [0x64300000, 0x65300000)
 End Bits:   [0x65300000, 0x66300000)

Polling page: 0xb7780000

CodeCache: size=245760Kb used=1642Kb max_used=1654Kb free=244117Kb
 bounds [0xa7200000, 0xa7440000, 0xb6200000]
 total_blobs=640 nmethods=479 adapters=76
 compilation: enabled

Compilation events (10 events):
Event: 42.504 Thread 0x637a7400  481       3       java.util.AbstractList::<init> (10 bytes)
Event: 42.505 Thread 0x637a7400 nmethod 481 0xa7396f48 code [0xa7397060, 0xa73971c0]
Event: 43.154 Thread 0x637a7400  484   !   3       sun.misc.URLClassPath$JarLoader::getResource (85 bytes)
Event: 43.155 Thread 0x637a7400 nmethod 484 0xa7396048 code [0xa7396240, 0xa7396a28]
Event: 43.156 Thread 0x637a7400  485  s!   3       sun.misc.URLClassPath::getLoader (243 bytes)
Event: 43.159 Thread 0x637a7400 nmethod 485 0xa7398088 code [0xa7398520, 0xa739a768]
Event: 43.160 Thread 0x637a5c00  486       4       java.lang.String::indexOf (166 bytes)
Event: 43.171 Thread 0x637a5c00 nmethod 486 0xa7395788 code [0xa73958a0, 0xa7395d90]
Event: 43.213 Thread 0x637a7400  487       1       java.util.logging.LogManager$LoggerContext::getOwner (5 bytes)
Event: 43.213 Thread 0x637a7400 nmethod 487 0xa7395588 code [0xa7395680, 0xa7395720]

GC Heap History (2 events):
Event: 41.241 GC heap before
{Heap before GC invocations=1 (full 0):
 PSYoungGen      total 19200K, used 16640K [0x918c0000, 0x92e00000, 0xa6e00000)
  eden space 16640K, 100% used [0x918c0000,0x92900000,0x92900000)
  from space 2560K, 0% used [0x92b80000,0x92b80000,0x92e00000)
  to   space 2560K, 0% used [0x92900000,0x92900000,0x92b80000)
 ParOldGen       total 43776K, used 0K [0x66e00000, 0x698c0000, 0x918c0000)
  object space 43776K, 0% used [0x66e00000,0x66e00000,0x698c0000)
 Metaspace       used 3716K, capacity 3786K, committed 3864K, reserved 4400K
Event: 41.759 GC heap after
Heap after GC invocations=1 (full 0):
 PSYoungGen      total 19200K, used 2555K [0x918c0000, 0x93e40000, 0xa6e00000)
  eden space 16640K, 0% used [0x918c0000,0x918c0000,0x92900000)
  from space 2560K, 99% used [0x92900000,0x92b7ee58,0x92b80000)
  to   space 2560K, 0% used [0x93bc0000,0x93bc0000,0x93e40000)
 ParOldGen       total 43776K, used 162K [0x66e00000, 0x698c0000, 0x918c0000)
  object space 43776K, 0% used [0x66e00000,0x66e28b50,0x698c0000)
 Metaspace       used 3716K, capacity 3786K, committed 3864K, reserved 4400K
}

Deoptimization events (10 events):
Event: 16.093 Thread 0xb6207c00 Uncommon trap: reason=unstable_if action=reinterpret pc=0xa72e3ab4 method=java.net.URLStreamHandler.sameFile(Ljava/net/URL;Ljava/net/URL;)Z @ 8
Event: 16.925 Thread 0xb6207c00 Uncommon trap: reason=unstable_if action=reinterpret pc=0xa72df384 method=java.net.URLStreamHandler.sameFile(Ljava/net/URL;Ljava/net/URL;)Z @ 8
Event: 17.305 Thread 0xb6207c00 Uncommon trap: reason=unstable_if action=reinterpret pc=0xa72e5680 method=java.net.URLStreamHandler.sameFile(Ljava/net/URL;Ljava/net/URL;)Z @ 8
Event: 26.825 Thread 0xb6207c00 Uncommon trap: reason=unstable_if action=reinterpret pc=0xa734dab4 method=java.io.BufferedInputStream.read()I @ 8
Event: 38.366 Thread 0xb6207c00 Uncommon trap: reason=unstable_if action=reinterpret pc=0xa732f148 method=java.lang.String.indexOf([CII[CIII)I @ 3
Event: 41.761 Thread 0xb6207c00 Uncommon trap: reason=unstable_if action=reinterpret pc=0xa737a744 method=java.lang.ref.SoftReference.get()Ljava/lang/Object; @ 17
Event: 43.045 Thread 0xb6207c00 Uncommon trap: reason=unstable_if action=reinterpret pc=0xa7341cdc method=sun.misc.URLClassPath.getLoader(I)Lsun/misc/URLClassPath$Loader; @ 36
Event: 43.045 Thread 0xb6207c00 Uncommon trap: reason=bimorphic action=maybe_recompile pc=0xa7376a1c method=java.util.HashMap.getNode(ILjava/lang/Object;)Ljava/util/HashMap$Node; @ 126
Event: 43.046 Thread 0xb6207c00 Uncommon trap: reason=unstable_if action=reinterpret pc=0xa733cb0c method=sun.misc.URLClassPath$JarLoader.getResource(Ljava/lang/String;Z)Lsun/misc/Resource; @ 4
Event: 43.046 Thread 0xb6207c00 Uncommon trap: reason=bimorphic action=maybe_recompile pc=0xa7376a1c method=java.util.HashMap.getNode(ILjava/lang/Object;)Ljava/util/HashMap$Node; @ 126

Internal exceptions (10 events):
Event: 14.861 Thread 0xb6207c00 Exception <a 'java/security/PrivilegedActionException'> (0x91bd2630) thrown at [/build/openjdk-8-Y4imzb/openjdk-8-8u151-b12/src/hotspot/src/share/vm/prims/jvm.cpp, line 1390]
Event: 14.861 Thread 0xb6207c00 Exception <a 'java/security/PrivilegedActionException'> (0x91bd2830) thrown at [/build/openjdk-8-Y4imzb/openjdk-8-8u151-b12/src/hotspot/src/share/vm/prims/jvm.cpp, line 1390]
Event: 14.861 Thread 0xb6207c00 Exception <a 'java/security/PrivilegedActionException'> (0x91bd3408) thrown at [/build/openjdk-8-Y4imzb/openjdk-8-8u151-b12/src/hotspot/src/share/vm/prims/jvm.cpp, line 1390]
Event: 14.861 Thread 0xb6207c00 Exception <a 'java/security/PrivilegedActionException'> (0x91bd3608) thrown at [/build/openjdk-8-Y4imzb/openjdk-8-8u151-b12/src/hotspot/src/share/vm/prims/jvm.cpp, line 1390]
Event: 43.046 Thread 0xb6207c00 Exception <a 'java/security/PrivilegedActionException'> (0x91a0c1d0) thrown at [/build/openjdk-8-Y4imzb/openjdk-8-8u151-b12/src/hotspot/src/share/vm/prims/jvm.cpp, line 1390]
Event: 43.046 Thread 0xb6207c00 Exception <a 'java/security/PrivilegedActionException'> (0x91a0c5b0) thrown at [/build/openjdk-8-Y4imzb/openjdk-8-8u151-b12/src/hotspot/src/share/vm/prims/jvm.cpp, line 1390]
Event: 43.047 Thread 0xb6207c00 Exception <a 'java/security/PrivilegedActionException'> (0x91a0e7b0) thrown at [/build/openjdk-8-Y4imzb/openjdk-8-8u151-b12/src/hotspot/src/share/vm/prims/jvm.cpp, line 1390]
Event: 43.047 Thread 0xb6207c00 Exception <a 'java/security/PrivilegedActionException'> (0x91a0eb90) thrown at [/build/openjdk-8-Y4imzb/openjdk-8-8u151-b12/src/hotspot/src/share/vm/prims/jvm.cpp, line 1390]
Event: 43.047 Thread 0xb6207c00 Exception <a 'java/security/PrivilegedActionException'> (0x91a0f988) thrown at [/build/openjdk-8-Y4imzb/openjdk-8-8u151-b12/src/hotspot/src/share/vm/prims/jvm.cpp, line 1390]
Event: 43.047 Thread 0xb6207c00 Exception <a 'java/security/PrivilegedActionException'> (0x91a0fd68) thrown at [/build/openjdk-8-Y4imzb/openjdk-8-8u151-b12/src/hotspot/src/share/vm/prims/jvm.cpp, line 1390]

Events (10 events):
Event: 43.419 loading class java/sql/SQLType done
Event: 43.419 loading class java/sql/Statement
Event: 43.437 loading class java/sql/Statement done
Event: 43.437 loading class java/sql/Blob
Event: 43.437 loading class java/sql/Blob done
Event: 43.437 loading class java/sql/Clob
Event: 43.437 loading class java/sql/Clob done
Event: 43.437 loading class java/sql/Ref
Event: 43.437 loading class java/sql/Ref done
Event: 43.437 loading class java/sql/Array


Dynamic libraries:
08048000-08049000 r-xp 00000000 08:01 1693306    /usr/lib/jvm/java-8-openjdk-i386/jre/bin/java
08049000-0804a000 r--p 00000000 08:01 1693306    /usr/lib/jvm/java-8-openjdk-i386/jre/bin/java
0804a000-0804b000 rw-p 00001000 08:01 1693306    /usr/lib/jvm/java-8-openjdk-i386/jre/bin/java
097e3000-09804000 rw-p 00000000 00:00 0          [heap]
62200000-622a2000 rw-p 00000000 00:00 0 
622a2000-62300000 ---p 00000000 00:00 0 
62400000-624d8000 rw-p 00000000 00:00 0 
624d8000-62500000 ---p 00000000 00:00 0 
62587000-62600000 r--s 010fe000 08:01 1694179    /usr/lib/jvm/java-8-openjdk-i386/lib/tools.jar
62600000-626ff000 rw-p 00000000 00:00 0 
626ff000-62700000 ---p 00000000 00:00 0 
62700000-627f9000 rw-p 00000000 00:00 0 
627f9000-62800000 ---p 00000000 00:00 0 
62823000-62826000 r--s 00023000 08:01 2478896    /home/sarnobat/github/groovy_libraries/.groovy/lib/maven-shared-utils-0.1.jar
62826000-62829000 r--s 0000b000 08:01 2478399    /home/sarnobat/github/groovy_libraries/.groovy/lib/concurrentlinkedhashmap-lru-1.3.1.jar
62829000-62830000 r--s 0005b000 08:01 2478897    /home/sarnobat/github/groovy_libraries/.groovy/lib/mongo-java-driver-2.10.1.jar
62830000-62832000 r--s 0000c000 08:01 2478389    /home/sarnobat/github/groovy_libraries/.groovy/lib/commons-exec-1.3.jar
62832000-62833000 r--s 0000a000 08:01 2478397    /home/sarnobat/github/groovy_libraries/.groovy/lib/commons-logging-api-1.1.jar
62833000-62835000 r--s 00008000 08:01 2478930    /home/sarnobat/github/groovy_libraries/.groovy/lib/vget-1.1.5.jar
62835000-62836000 r--s 00004000 08:01 2478901    /home/sarnobat/github/groovy_libraries/.groovy/lib/opencsv-2.3.jar
62836000-62844000 r--s 000ad000 08:01 2478846    /home/sarnobat/github/groovy_libraries/.groovy/lib/jackson-mapper-asl-1.9.2.jar
62844000-62851000 r--s 000a2000 08:01 2478391    /home/sarnobat/github/groovy_libraries/.groovy/lib/commons-imaging-1.0-R1480221.jar
62851000-62853000 r--s 00000000 08:01 2478907    /home/sarnobat/github/groovy_libraries/.groovy/lib/plexus-component-annotations-1.5.5.jar
62853000-62857000 r--s 0000c000 08:01 2478929    /home/sarnobat/github/groovy_libraries/.groovy/lib/validation-api-1.1.0.Final.jar
62857000-62859000 r--s 00005000 08:01 2478924    /home/sarnobat/github/groovy_libraries/.groovy/lib/slf4j-api-1.7.5.jar
62859000-6285e000 r--s 0002a000 08:01 2478419    /home/sarnobat/github/groovy_libraries/.groovy/lib/gson-2.2.4.jar
6285e000-6285f000 r--s 00002000 08:01 2478875    /home/sarnobat/github/groovy_libraries/.groovy/lib/jsch.agentproxy.connector-factory-0.0.6.jar
6285f000-6286c000 r--s 00082000 08:01 2478856    /home/sarnobat/github/groovy_libraries/.groovy/lib/jersey-common-2.0.jar
6286c000-6286e000 r--s 0000d000 08:01 2478912    /home/sarnobat/github/groovy_libraries/.groovy/lib/plexus-interpolation-1.13.jar
6286e000-62893000 r--s 002e3000 08:01 2478932    /home/sarnobat/github/groovy_libraries/.groovy/lib/xalan-2.7.1.jar
62893000-62896000 r--s 0001b000 08:01 2478888    /home/sarnobat/github/groovy_libraries/.groovy/lib/junit-3.8.2.jar
62896000-62897000 r--s 00001000 08:01 2478400    /home/sarnobat/github/groovy_libraries/.groovy/lib/doxia-sink-api-1.0-alpha-7.jar
62897000-62899000 r--s 00011000 08:01 2478873    /home/sarnobat/github/groovy_libraries/.groovy/lib/jsch-extension-0.1.3.jar
62899000-628c8000 r--s 0028b000 08:01 2478865    /home/sarnobat/github/groovy_libraries/.groovy/lib/jetty-all-9.2.21.v20170120.jar
628c8000-628cc000 r--s 00040000 08:01 2478871    /home/sarnobat/github/groovy_libraries/.groovy/lib/jsch-0.1.53-sources.jar
628cc000-628cf000 r--s 00023000 08:01 2478853    /home/sarnobat/github/groovy_libraries/.groovy/lib/jdom-1.0.jar
628cf000-628d0000 r--s 00003000 08:01 2478407    /home/sarnobat/github/groovy_libraries/.groovy/lib/geronimo-jta_1.1_spec-1.1.1.jar
628d0000-628d1000 r--s 00003000 08:01 2478857    /home/sarnobat/github/groovy_libraries/.groovy/lib/jersey-container-jdk-http-2.0.jar
628d1000-628d5000 r--s 0003b000 08:01 2478870    /home/sarnobat/github/groovy_libraries/.groovy/lib/jsch-0.1.50.jar.disabled
628d5000-628d9000 r--s 00032000 08:01 2478915    /home/sarnobat/github/groovy_libraries/.groovy/lib/rome-1.0.jar
628d9000-628e4000 r--s 00068000 08:01 2478859    /home/sarnobat/github/groovy_libraries/.groovy/lib/jersey-core-1.17.1.jar
628e4000-628e6000 r--s 0000d000 08:01 2479615    /home/sarnobat/github/groovy_libraries/.groovy/lib/commons-codec-1.4.jar
628e6000-628e7000 r--s 00007000 08:01 2478923    /home/sarnobat/github/groovy_libraries/.groovy/lib/slf4j-api-1.7.12.jar
628e7000-628e9000 r--s 0000a000 08:01 2478931    /home/sarnobat/github/groovy_libraries/.groovy/lib/wget-1.2.9.jar
628e9000-628f8000 r--s 00095000 08:01 2478927    /home/sarnobat/github/groovy_libraries/.groovy/lib/sshd-core-0.14.0.jar
628f8000-628f9000 r--s 00001000 08:01 2478881    /home/sarnobat/github/groovy_libraries/.groovy/lib/jsch.agentproxy.usocket-jna-0.0.6.jar
628f9000-628fb000 r--s 00000000 08:01 2478877    /home/sarnobat/github/groovy_libraries/.groovy/lib/jsch.agentproxy.jsch-0.0.6.jar
628fb000-62900000 r--s 00047000 08:01 2478381    /home/sarnobat/github/groovy_libraries/.groovy/lib/asm-all-repackaged-2.1.88.jar
62900000-629fa000 rw-p 00000000 00:00 0 
629fa000-62a00000 ---p 00000000 00:00 0 
62a00000-62a04000 r--s 0001d000 08:01 2478933    /home/sarnobat/github/groovy_libraries/.groovy/lib/xbean-reflect-3.4.jar
62a04000-62a06000 r--s 00000000 08:01 2478906    /home/sarnobat/github/groovy_libraries/.groovy/lib/plexus-compiler-manager-2.0.jar
62a06000-62a08000 r--s 00002000 08:01 2478895    /home/sarnobat/github/groovy_libraries/.groovy/lib/maven-shared-incremental-1.0.jar
62a08000-62a0a000 r--s 00001000 08:01 2478876    /home/sarnobat/github/groovy_libraries/.groovy/lib/jsch.agentproxy.core-0.0.6.jar
62a0a000-62a0c000 r--s 00282000 08:01 2478919    /home/sarnobat/github/groovy_libraries/.groovy/lib/selenium-firefox-driver-2.45.0.jar
62a0c000-62a0e000 r--s 00005000 08:01 2478847    /home/sarnobat/github/groovy_libraries/.groovy/lib/javax.annotation-api-1.2.jar
62a0e000-62a0f000 r--s 00001000 08:01 2478878    /home/sarnobat/github/groovy_libraries/.groovy/lib/jsch.agentproxy.pageant-0.0.6.jar
62a0f000-62a11000 r--s 00000000 08:01 2478879    /home/sarnobat/github/groovy_libraries/.groovy/lib/jsch.agentproxy.sshagent-0.0.6.jar
62a11000-62a13000 r--s 0000d000 08:01 2478416    /home/sarnobat/github/groovy_libraries/.groovy/lib/google-oauth-client-1.17.0-rc.jar
62a13000-62a17000 r--s 00025000 08:01 2478408    /home/sarnobat/github/groovy_libraries/.groovy/lib/google-api-client-1.17.0-rc.jar
62a17000-62a18000 r--s 00001000 08:01 2478903    /home/sarnobat/github/groovy_libraries/.groovy/lib/plexus-build-api-0.0.4.jar
62a18000-62a1b000 r--s 0001b000 08:01 2478887    /home/sarnobat/github/groovy_libraries/.groovy/lib/junit-3.8.1.jar
62a1b000-62a1f000 r--s 00019000 08:01 2478855    /home/sarnobat/github/groovy_libraries/.groovy/lib/jersey-client-2.0.jar
62a1f000-62a21000 r--s 0000d000 08:01 2478874    /home/sarnobat/github/groovy_libraries/.groovy/lib/jsch-nio-0.1.5.jar
62a21000-62a27000 r--s 00033000 08:01 2478921    /home/sarnobat/github/groovy_libraries/.groovy/lib/selenium-remote-driver-2.45.0.jar
62a27000-62a2b000 r--s 0002f000 08:01 2478845    /home/sarnobat/github/groovy_libraries/.groovy/lib/jackson-core-2.1.3.jar
62a2b000-62a54000 r--s 001ee000 08:01 2478420    /home/sarnobat/github/groovy_libraries/.groovy/lib/guava-14.0.1.jar
62a54000-62a57000 r--s 00015000 08:01 2478409    /home/sarnobat/github/groovy_libraries/.groovy/lib/google-api-services-calendar-v3-rev72-1.17.0-rc.jar
62a57000-62a59000 r--s 0000b000 08:01 2478427    /home/sarnobat/github/groovy_libraries/.groovy/lib/hk2-utils-2.1.88.jar
62a59000-62a5f000 r--s 00042000 08:01 2478885    /home/sarnobat/github/groovy_libraries/.groovy/lib/jsoup-1.7.2.jar
62a5f000-62a6d000 r--s 0007f000 08:01 2478387    /home/sarnobat/github/groovy_libraries/.groovy/lib/commons-collections-3.2.1.jar
62a6d000-62a78000 r--s 00085000 08:01 2478429    /home/sarnobat/github/groovy_libraries/.groovy/lib/httpclient-4.3.3.jar
62a78000-62ae1000 r--s 003e4000 08:01 2478899    /home/sarnobat/github/groovy_libraries/.groovy/lib/neo4j-cypher-1.9.2.jar
62ae1000-62b00000 r--s 00153000 08:01 2478900    /home/sarnobat/github/groovy_libraries/.groovy/lib/neo4j-kernel-1.9.2.jar
62b00000-62bff000 rw-p 00000000 00:00 0 
62bff000-62c00000 ---p 00000000 00:00 0 
62c00000-62c01000 r--s 00002000 08:01 2478417    /home/sarnobat/github/groovy_libraries/.groovy/lib/google-oauth-client-java6-1.17.0-rc.jar
62c01000-62c02000 r--s 00001000 08:01 2478883    /home/sarnobat/github/groovy_libraries/.groovy/lib/jsch.agentproxy.usocket-nc-0.0.6.jar
62c02000-62c06000 r--s 00017000 08:01 2478928    /home/sarnobat/github/groovy_libraries/.groovy/lib/thumbnailator-0.4.8.jar
62c06000-62c08000 r--s 0001f000 08:01 2478922    /home/sarnobat/github/groovy_libraries/.groovy/lib/servlet-api-2.5-20081211.jar
62c08000-62c0a000 r--s 0001d000 08:01 2478425    /home/sarnobat/github/groovy_libraries/.groovy/lib/hk2-locator-2.1.88.jar
62c0a000-62c0e000 r--s 00018000 08:01 2478424    /home/sarnobat/github/groovy_libraries/.groovy/lib/hk2-api-2.1.88.jar
62c0e000-62c0f000 r--s 00002000 08:01 2478918    /home/sarnobat/github/groovy_libraries/.groovy/lib/selenium-chrome-driver-2.45.0.jar
62c0f000-62c13000 r--s 00024000 08:01 2478861    /home/sarnobat/github/groovy_libraries/.groovy/lib/jersey-json-1.17.1.jar
62c13000-62c17000 r--s 0002a000 08:01 2478393    /home/sarnobat/github/groovy_libraries/.groovy/lib/commons-io-2.4.jar
62c17000-62c1e000 r--s 00051000 08:01 2478889    /home/sarnobat/github/groovy_libraries/.groovy/lib/log4j-1.2.12.jar
62c1e000-62c1f000 r--s 00006000 08:01 2478926    /home/sarnobat/github/groovy_libraries/.groovy/lib/solr-commons-csv-3.5.0.jar
62c1f000-62c23000 r--s 00018000 08:01 2478852    /home/sarnobat/github/groovy_libraries/.groovy/lib/javax.ws.rs-api-2.0.jar
62c23000-62c25000 r--s 0000b000 08:01 2478388    /home/sarnobat/github/groovy_libraries/.groovy/lib/commons-exec-1.1.jar
62c25000-62c27000 r--s 00001000 08:01 2478925    /home/sarnobat/github/groovy_libraries/.groovy/lib/slf4j-log4j12-1.7.12.jar
62c27000-62c29000 r--s 00005000 08:01 2478904    /home/sarnobat/github/groovy_libraries/.groovy/lib/plexus-compiler-api-2.0.jar
62c29000-62c2a000 r--s 00002000 08:01 2478893    /home/sarnobat/github/groovy_libraries/.groovy/lib/maven-reporting-api-2.0.6.jar
62c2a000-62c30000 r--s 0003c000 08:01 2478412    /home/sarnobat/github/groovy_libraries/.groovy/lib/google-http-client-1.17.0-rc.jar
62c30000-62c34000 r--s 00028000 08:01 2478867    /home/sarnobat/github/groovy_libraries/.groovy/lib/jetty-util-6.1.26.jar
62c34000-62c36000 r--s 00009000 08:01 2478891    /home/sarnobat/github/groovy_libraries/.groovy/lib/maven-compiler-plugin-3.0.jar
62c36000-62c3d000 r--s 00058000 08:01 2478396    /home/sarnobat/github/groovy_libraries/.groovy/lib/commons-lang3-3.2.1.jar
62c3d000-62c3f000 r--s 0000c000 08:01 2478385    /home/sarnobat/github/groovy_libraries/.groovy/lib/commons-cli-1.4.jar
62c3f000-62c41000 r--s 00007000 08:01 2478892    /home/sarnobat/github/groovy_libraries/.groovy/lib/maven-filtering-1.0-beta-4.jar
62c41000-62c42000 r--s 00004000 08:01 2478905    /home/sarnobat/github/groovy_libraries/.groovy/lib/plexus-compiler-javac-2.0.jar
62c42000-62c49000 r--s 00048000 08:01 2478841    /home/sarnobat/github/groovy_libraries/.groovy/lib/httpcore-4.4.1.jar
62c49000-62c4d000 r--s 000dc000 08:01 2478869    /home/sarnobat/github/groovy_libraries/.groovy/lib/jna-4.1.0.jar
62c4d000-62c53000 r--s 00043000 08:01 2478402    /home/sarnobat/github/groovy_libraries/.groovy/lib/genson-0.98.jar
62c53000-62c54000 r--s 00005000 08:01 2478894    /home/sarnobat/github/groovy_libraries/.groovy/lib/maven-resources-plugin-2.4.3.jar
62c54000-62c56000 r--s 00005000 08:01 2478844    /home/sarnobat/github/groovy_libraries/.groovy/lib/httpmime-4.2.3.jar
62c56000-62c5a000 r--s 0003c000 08:01 2478394    /home/sarnobat/github/groovy_libraries/.groovy/lib/commons-lang-2.4.jar
62c5a000-62c5e000 r--s 00030000 08:01 2478913    /home/sarnobat/github/groovy_libraries/.groovy/lib/plexus-utils-1.5.1.jar
62c5e000-62c65000 r--s 0003f000 08:01 2478382    /home/sarnobat/github/groovy_libraries/.groovy/lib/cglib-2.1.88.jar
62c65000-62c68000 r--s 00012000 08:01 2478851    /home/sarnobat/github/groovy_libraries/.groovy/lib/javax.json-1.0.4.jar
62c68000-62c69000 r--s 0000f000 08:01 2478884    /home/sarnobat/github/groovy_libraries/.groovy/lib/json-20131018.jar
62c69000-62c6a000 r--s 00001000 08:01 2478418    /home/sarnobat/github/groovy_libraries/.groovy/lib/google-oauth-client-jetty-1.17.0-rc.jar
62c6a000-62c6f000 r--s 0002b000 08:01 2478401    /home/sarnobat/github/groovy_libraries/.groovy/lib/fuse-jna-0.0.1-SNAPSHOT.jar
62c6f000-62c81000 r--s 00099000 08:01 2478863    /home/sarnobat/github/groovy_libraries/.groovy/lib/jersey-server-2.0.jar
62c81000-62c83000 r--s 00006000 08:01 2478886    /home/sarnobat/github/groovy_libraries/.groovy/lib/jsr305-2.0.1.jar
62c83000-62c88000 r--s 0001d000 08:01 2478917    /home/sarnobat/github/groovy_libraries/.groovy/lib/selenium-api-2.45.0.jar
62c88000-62c8f000 r--s 00064000 08:01 2478890    /home/sarnobat/github/groovy_libraries/.groovy/lib/mail-1.4.2.jar
62c8f000-62d00000 r--s 00658000 08:01 2478916    /home/sarnobat/github/groovy_libraries/.groovy/lib/scala-library-2.10.0.jar
62d00000-62dfb000 rw-p 00000000 00:00 0 
62dfb000-62e00000 ---p 00000000 00:00 0 
62e00000-62efd000 rw-p 00000000 00:00 0 
62efd000-62f00000 ---p 00000000 00:00 0 
62f00000-62ffb000 rw-p 00000000 00:00 0 
62ffb000-63000000 ---p 00000000 00:00 0 
63000000-63001000 r--s 00001000 08:01 2478415    /home/sarnobat/github/groovy_libraries/.groovy/lib/google-http-client-jackson2-1.17.0-rc.jar
63001000-63003000 r--s 00002000 08:01 2478911    /home/sarnobat/github/groovy_libraries/.groovy/lib/plexus-interactivity-api-1.0-alpha-4.jar
63003000-6300a000 r--s 00050000 08:01 2478843    /home/sarnobat/github/groovy_libraries/.groovy/lib/httpcore-nio-4.4.1.jar
6300a000-6300e000 r--s 00033000 08:01 2478914    /home/sarnobat/github/groovy_libraries/.groovy/lib/plexus-utils-2.0.5.jar
6300e000-63011000 r--s 0001d000 08:01 2478854    /home/sarnobat/github/groovy_libraries/.groovy/lib/jersey-client-1.17.1.jar
63011000-6305e000 r--s 0040d000 08:01 1149211    /usr/share/java/groovy-2.x.jar
6305e000-630ab000 r--s 0040d000 08:01 1149211    /usr/share/java/groovy-2.x.jar
630ab000-630ac000 ---p 00000000 00:00 0 
630ac000-6312c000 rw-p 00000000 00:00 0 
6312c000-6312f000 ---p 00000000 00:00 0 
6312f000-6317d000 rw-p 00000000 00:00 0 
6317d000-63180000 ---p 00000000 00:00 0 
63180000-631fe000 rw-p 00000000 00:00 0 
631fe000-63201000 ---p 00000000 00:00 0 
63201000-6327f000 rw-p 00000000 00:00 0 
6327f000-63282000 ---p 00000000 00:00 0 
63282000-63300000 rw-p 00000000 00:00 0 
63300000-63500000 r--p 00000000 08:01 1105218    /usr/lib/locale/locale-archive
63500000-635fb000 rw-p 00000000 00:00 0 
635fb000-63600000 ---p 00000000 00:00 0 
63600000-63621000 rw-p 00000000 00:00 0 
63621000-63700000 ---p 00000000 00:00 0 
63700000-637fb000 rw-p 00000000 00:00 0 
637fb000-63800000 ---p 00000000 00:00 0 
63800000-63801000 r--s 00004000 08:01 2478902    /home/sarnobat/github/groovy_libraries/.groovy/lib/osgi-resource-locator-1.0.1.jar
63801000-63802000 r--s 00001000 08:01 2478848    /home/sarnobat/github/groovy_libraries/.groovy/lib/javax.inject-2.1.88.jar
63802000-63803000 r--s 00006000 08:01 1693894    /usr/share/maven-repo/org/codehaus/groovy/groovy-servlet/2.4.5/groovy-servlet-2.4.5.jar
63803000-63805000 r--s 0001b000 08:01 1693924    /usr/share/maven-repo/org/codehaus/groovy/groovy-docgenerator/2.4.5/groovy-docgenerator-2.4.5.jar
63805000-63813000 r--s 000c8000 08:01 1149227    /usr/share/java/testng.jar
63813000-63816000 ---p 00000000 00:00 0 
63816000-63864000 rw-p 00000000 00:00 0 
63864000-63865000 ---p 00000000 00:00 0 
63865000-638e5000 rw-p 00000000 00:00 0 
638e5000-63ab4000 r--s 03c21000 08:01 1693223    /usr/lib/jvm/java-8-openjdk-i386/jre/lib/rt.jar
63ab4000-63e9a000 rw-p 00000000 00:00 0 
63eba000-63f00000 ---p 00000000 00:00 0 
63f00000-66300000 rw-p 00000000 00:00 0 
66300000-663b8000 rw-p 00000000 00:00 0 
663b8000-66400000 ---p 00000000 00:00 0 
66400000-66402000 r--s 00011000 08:01 1147685    /usr/share/java/jsp-api-2.1.jar
66402000-66404000 r--s 0000c000 08:01 1149198    /usr/share/java/asm4-5.0.4.jar
66404000-66406000 r--s 00006000 08:01 1149197    /usr/share/java/asm4-tree-5.0.4.jar
66406000-66408000 r--s 00012000 08:01 1839680    /usr/share/maven-repo/org/codehaus/groovy/groovy-test/2.4.5/groovy-test-2.4.5.jar
66408000-66409000 r--s 00004000 08:01 1144744    /usr/share/java/ant-launcher-1.9.6.jar
66409000-6640a000 r--s 00005000 08:01 1147905    /usr/share/java/jansi-1.4.jar
6640a000-6640c000 r--s 00019000 08:01 1149207    /usr/share/java/jline2.jar
6640c000-66421000 r--s 00124000 08:01 1147882    /usr/share/java/ivy-2.3.0.jar
66421000-6642e000 r--s 00076000 08:01 1147859    /usr/share/java/xstream-1.4.8.jar
6642e000-66431000 ---p 00000000 00:00 0 
66431000-6647f000 rw-p 00000000 00:00 0 
6647f000-66480000 ---p 00000000 00:00 0 
66480000-66500000 rw-p 00000000 00:00 0 
66500000-665ff000 rw-p 00000000 00:00 0 
665ff000-66600000 ---p 00000000 00:00 0 
66600000-66602000 r--s 00001000 08:01 1839692    /usr/share/maven-repo/org/codehaus/groovy/groovy-testng/2.4.5/groovy-testng-2.4.5.jar
66602000-66604000 r--s 00016000 08:01 1839697    /usr/share/maven-repo/org/codehaus/groovy/groovy-templates/2.4.5/groovy-templates-2.4.5.jar
66604000-66606000 r--s 00004000 08:01 1839662    /usr/share/maven-repo/org/codehaus/groovy/groovy-jsr223/2.4.5/groovy-jsr223-2.4.5.jar
66606000-66609000 r--s 0001e000 08:01 1147684    /usr/share/java/servlet-api-2.5.jar
66609000-6660a000 r--s 00003000 08:01 1147898    /usr/share/java/hawtjni-runtime-1.10.jar
6660a000-6660b000 r--s 00001000 08:01 1147901    /usr/share/java/jansi-native-1.0.jar
6660b000-6660c000 r--s 00005000 08:01 1147905    /usr/share/java/jansi-1.4.jar
6660c000-66610000 r--s 00028000 08:01 1149209    /usr/share/java/qdox-1.12.1.jar
66610000-66614000 r--s 0001e000 08:01 1839667    /usr/share/maven-repo/org/codehaus/groovy/groovy-groovydoc/2.4.5/groovy-groovydoc-2.4.5.jar
66614000-66615000 r--s 0000d000 08:01 1147020    /usr/share/java/commons-logging-1.2.jar
66615000-6661a000 r--s 00068000 08:01 1144929    /usr/share/java/antlr.jar
6661a000-6661d000 r--s 0001d000 08:01 1839643    /usr/share/maven-repo/org/codehaus/groovy/groovy-json/2.4.5/groovy-json-2.4.5.jar
6661d000-6661e000 r--s 0000a000 08:01 1149195    /usr/share/java/asm4-util-5.0.4.jar
6661e000-66621000 r--s 0000d000 08:01 1149225    /usr/share/java/jcommander.jar
66621000-66623000 r--s 0000a000 08:01 1147016    /usr/share/java/commons-cli-1.3.1.jar
66623000-66626000 r--s 00010000 08:01 1145778    /usr/share/java/bsf-2.4.0.jar
66626000-66628000 r--s 0001b000 08:01 1145289    /usr/share/java/ant-junit-1.9.6.jar
66628000-6662e000 r--s 0005e000 08:01 1693906    /usr/share/maven-repo/org/codehaus/groovy/groovy-groovysh/2.4.5/groovy-groovysh-2.4.5.jar
6662e000-66631000 ---p 00000000 00:00 0 
66631000-6667f000 rw-p 00000000 00:00 0 
6667f000-66680000 ---p 00000000 00:00 0 
66680000-66700000 rw-p 00000000 00:00 0 
66700000-66721000 rw-p 00000000 00:00 0 
66721000-66800000 ---p 00000000 00:00 0 
66800000-66801000 r--s 0000d000 08:01 1149216    /usr/share/java/jsr166y-1.7.0.jar
66801000-66805000 r--s 00031000 08:01 1693912    /usr/share/maven-repo/org/codehaus/groovy/groovy-xml/2.4.5/groovy-xml-2.4.5.jar
66805000-66824000 r--s 001d1000 08:01 1144743    /usr/share/java/ant-1.9.6.jar
66824000-6687f000 rw-p 00000000 00:00 0 
6687f000-66880000 ---p 00000000 00:00 0 
66880000-66900000 rw-p 00000000 00:00 0 
66900000-66921000 rw-p 00000000 00:00 0 
66921000-66a00000 ---p 00000000 00:00 0 
66a00000-66a01000 r--s 00002000 08:01 1145284    /usr/share/java/ant-antlr-1.9.6.jar
66a01000-66a03000 r--s 0001d000 08:01 1693929    /usr/share/maven-repo/org/codehaus/groovy/groovy-jmx/2.4.5/groovy-jmx-2.4.5.jar
66a03000-66a05000 r--s 00004000 08:01 1149192    /usr/share/java/asm4-analysis-5.0.4.jar
66a05000-66a11000 r--s 00094000 08:01 1693917    /usr/share/maven-repo/org/codehaus/groovy/groovy-console/2.4.5/groovy-console-2.4.5.jar
66a11000-66a13000 r--s 0000a000 08:01 1147024    /usr/share/java/hamcrest-core-1.3.jar
66a13000-66a1b000 r--s 00045000 08:01 1147522    /usr/share/java/junit4-4.12.jar
66a1b000-66a21000 r--s 00051000 08:01 1839686    /usr/share/maven-repo/org/codehaus/groovy/groovy-swing/2.4.5/groovy-swing-2.4.5.jar
66a21000-66a23000 r--s 00010000 08:01 1839656    /usr/share/maven-repo/org/codehaus/groovy/groovy-ant/2.4.5/groovy-ant-2.4.5.jar
66a23000-66a25000 r--s 00012000 08:01 1839650    /usr/share/maven-repo/org/codehaus/groovy/groovy-sql/2.4.5/groovy-sql-2.4.5.jar
66a25000-66a27000 r--s 00009000 08:01 1148102    /usr/share/java/asm4-commons-5.0.4.jar
66a27000-66a28000 r--s 00002000 08:01 1839673    /usr/share/maven-repo/org/codehaus/groovy/groovy-bsf/2.4.5/groovy-bsf-2.4.5.jar
66a28000-66a29000 ---p 00000000 00:00 0 
66a29000-66abf000 rw-p 00000000 00:00 0 
66abf000-66bff000 ---p 00000000 00:00 0 
66bff000-66c15000 rw-p 00000000 00:00 0 
66c15000-66d54000 ---p 00000000 00:00 0 
66d54000-66d68000 rw-p 00000000 00:00 0 
66d68000-66dff000 ---p 00000000 00:00 0 
66dff000-698c0000 rw-p 00000000 00:00 0 
698c0000-918c0000 ---p 00000000 00:00 0 
918c0000-93e40000 rw-p 00000000 00:00 0 
93e40000-a6e00000 ---p 00000000 00:00 0 
a6e00000-a6e1b000 r--s 00394000 08:01 1693228    /usr/lib/jvm/java-8-openjdk-i386/jre/lib/ext/cldrdata.jar
a6e1b000-a6e36000 r--s 001d6000 08:01 1693230    /usr/lib/jvm/java-8-openjdk-i386/jre/lib/ext/nashorn.jar
a6e36000-a6e40000 r--s 00116000 08:01 1693233    /usr/lib/jvm/java-8-openjdk-i386/jre/lib/ext/localedata.jar
a6e40000-a6e49000 rw-p 00000000 00:00 0 
a6e49000-a7200000 ---p 00000000 00:00 0 
a7200000-a7440000 rwxp 00000000 00:00 0 
a7440000-b6200000 ---p 00000000 00:00 0 
b6200000-b62fb000 rw-p 00000000 00:00 0 
b62fb000-b6300000 ---p 00000000 00:00 0 
b6300000-b6302000 r--s 00008000 08:01 1693232    /usr/lib/jvm/java-8-openjdk-i386/jre/lib/ext/sunec.jar
b6302000-b6308000 r--s 0003a000 08:01 1693231    /usr/lib/jvm/java-8-openjdk-i386/jre/lib/ext/sunjce_provider.jar
b6308000-b636e000 rw-p 00000000 00:00 0 
b636e000-b6379000 r-xp 00000000 08:01 3401300    /lib/i386-linux-gnu/libnss_files-2.23.so
b6379000-b637a000 r--p 0000a000 08:01 3401300    /lib/i386-linux-gnu/libnss_files-2.23.so
b637a000-b637b000 rw-p 0000b000 08:01 3401300    /lib/i386-linux-gnu/libnss_files-2.23.so
b637b000-b6381000 rw-p 00000000 00:00 0 
b6381000-b638c000 r-xp 00000000 08:01 3401303    /lib/i386-linux-gnu/libnss_nis-2.23.so
b638c000-b638d000 r--p 0000a000 08:01 3401303    /lib/i386-linux-gnu/libnss_nis-2.23.so
b638d000-b638e000 rw-p 0000b000 08:01 3401303    /lib/i386-linux-gnu/libnss_nis-2.23.so
b638e000-b63a5000 r-xp 00000000 08:01 3401221    /lib/i386-linux-gnu/libnsl-2.23.so
b63a5000-b63a6000 r--p 00016000 08:01 3401221    /lib/i386-linux-gnu/libnsl-2.23.so
b63a6000-b63a7000 rw-p 00017000 08:01 3401221    /lib/i386-linux-gnu/libnsl-2.23.so
b63a7000-b63a9000 rw-p 00000000 00:00 0 
b63a9000-b63b1000 r-xp 00000000 08:01 3401309    /lib/i386-linux-gnu/libnss_compat-2.23.so
b63b1000-b63b2000 r--p 00007000 08:01 3401309    /lib/i386-linux-gnu/libnss_compat-2.23.so
b63b2000-b63b3000 rw-p 00008000 08:01 3401309    /lib/i386-linux-gnu/libnss_compat-2.23.so
b63b3000-b63b4000 r--s 00010000 08:01 1693229    /usr/lib/jvm/java-8-openjdk-i386/jre/lib/ext/zipfs.jar
b63b4000-b63b6000 r--s 00001000 08:01 1693236    /usr/lib/jvm/java-8-openjdk-i386/jre/lib/ext/dnsns.jar
b63b6000-b63b9000 r--s 0000f000 08:01 1693227    /usr/lib/jvm/java-8-openjdk-i386/jre/lib/ext/icedtea-sound.jar
b63b9000-b63c1000 r-xp 00000000 08:01 1693277    /usr/lib/jvm/java-8-openjdk-i386/jre/lib/i386/libzip.so
b63c1000-b63c2000 r--p 00007000 08:01 1693277    /usr/lib/jvm/java-8-openjdk-i386/jre/lib/i386/libzip.so
b63c2000-b63c3000 rw-p 00008000 08:01 1693277    /usr/lib/jvm/java-8-openjdk-i386/jre/lib/i386/libzip.so
b63c3000-b63cb000 rw-s 00000000 08:01 2577180    /tmp/hsperfdata_sarnobat/1856
b63cb000-b63f2000 r-xp 00000000 08:01 1693258    /usr/lib/jvm/java-8-openjdk-i386/jre/lib/i386/libjava.so
b63f2000-b63f3000 r--p 00026000 08:01 1693258    /usr/lib/jvm/java-8-openjdk-i386/jre/lib/i386/libjava.so
b63f3000-b63f4000 rw-p 00027000 08:01 1693258    /usr/lib/jvm/java-8-openjdk-i386/jre/lib/i386/libjava.so
b63f4000-b63fb000 r-xp 00000000 08:01 3401305    /lib/i386-linux-gnu/librt-2.23.so
b63fb000-b63fc000 r--p 00006000 08:01 3401305    /lib/i386-linux-gnu/librt-2.23.so
b63fc000-b63fd000 rw-p 00007000 08:01 3401305    /lib/i386-linux-gnu/librt-2.23.so
b63fd000-b6400000 ---p 00000000 00:00 0 
b6400000-b644e000 rw-p 00000000 00:00 0 
b644e000-b646a000 r-xp 00000000 08:01 3402590    /lib/i386-linux-gnu/libgcc_s.so.1
b646a000-b646b000 rw-p 0001b000 08:01 3402590    /lib/i386-linux-gnu/libgcc_s.so.1
b646b000-b64be000 r-xp 00000000 08:01 3401314    /lib/i386-linux-gnu/libm-2.23.so
b64be000-b64bf000 r--p 00052000 08:01 3401314    /lib/i386-linux-gnu/libm-2.23.so
b64bf000-b64c0000 rw-p 00053000 08:01 3401314    /lib/i386-linux-gnu/libm-2.23.so
b64c0000-b662d000 r-xp 00000000 08:01 1110301    /usr/lib/i386-linux-gnu/libstdc++.so.6.0.21
b662d000-b662e000 ---p 0016d000 08:01 1110301    /usr/lib/i386-linux-gnu/libstdc++.so.6.0.21
b662e000-b6633000 r--p 0016d000 08:01 1110301    /usr/lib/i386-linux-gnu/libstdc++.so.6.0.21
b6633000-b6634000 rw-p 00172000 08:01 1110301    /usr/lib/i386-linux-gnu/libstdc++.so.6.0.21
b6634000-b6637000 rw-p 00000000 00:00 0 
b6637000-b7108000 r-xp 00000000 08:01 1693269    /usr/lib/jvm/java-8-openjdk-i386/jre/lib/i386/server/libjvm.so
b7108000-b714e000 r--p 00ad0000 08:01 1693269    /usr/lib/jvm/java-8-openjdk-i386/jre/lib/i386/server/libjvm.so
b714e000-b7165000 rw-p 00b16000 08:01 1693269    /usr/lib/jvm/java-8-openjdk-i386/jre/lib/i386/server/libjvm.so
b7165000-b7586000 rw-p 00000000 00:00 0 
b7586000-b759f000 r-xp 00000000 08:01 3401302    /lib/i386-linux-gnu/libpthread-2.23.so
b759f000-b75a0000 r--p 00018000 08:01 3401302    /lib/i386-linux-gnu/libpthread-2.23.so
b75a0000-b75a1000 rw-p 00019000 08:01 3401302    /lib/i386-linux-gnu/libpthread-2.23.so
b75a1000-b75a3000 rw-p 00000000 00:00 0 
b75a3000-b75a6000 r-xp 00000000 08:01 3401308    /lib/i386-linux-gnu/libdl-2.23.so
b75a6000-b75a7000 r--p 00002000 08:01 3401308    /lib/i386-linux-gnu/libdl-2.23.so
b75a7000-b75a8000 rw-p 00003000 08:01 3401308    /lib/i386-linux-gnu/libdl-2.23.so
b75a8000-b75c1000 r-xp 00000000 08:01 3402741    /lib/i386-linux-gnu/libz.so.1.2.8
b75c1000-b75c2000 r--p 00018000 08:01 3402741    /lib/i386-linux-gnu/libz.so.1.2.8
b75c2000-b75c3000 rw-p 00019000 08:01 3402741    /lib/i386-linux-gnu/libz.so.1.2.8
b75c3000-b7773000 r-xp 00000000 08:01 3402570    /lib/i386-linux-gnu/libc-2.23.so
b7773000-b7775000 r--p 001af000 08:01 3402570    /lib/i386-linux-gnu/libc-2.23.so
b7775000-b7776000 rw-p 001b1000 08:01 3402570    /lib/i386-linux-gnu/libc-2.23.so
b7776000-b7779000 rw-p 00000000 00:00 0 
b7779000-b777a000 r--s 0000a000 08:01 1693235    /usr/lib/jvm/java-8-openjdk-i386/jre/lib/ext/jaccess.jar
b777a000-b777e000 r--s 00037000 08:01 1693234    /usr/lib/jvm/java-8-openjdk-i386/jre/lib/ext/sunpkcs11.jar
b777e000-b777f000 r--p 002d4000 08:01 1105218    /usr/lib/locale/locale-archive
b777f000-b7780000 rw-p 00000000 00:00 0 
b7780000-b7781000 r--p 00000000 00:00 0 
b7781000-b778f000 r-xp 00000000 08:01 1693275    /usr/lib/jvm/java-8-openjdk-i386/jre/lib/i386/libverify.so
b778f000-b7790000 r--p 0000d000 08:01 1693275    /usr/lib/jvm/java-8-openjdk-i386/jre/lib/i386/libverify.so
b7790000-b7791000 rw-p 0000e000 08:01 1693275    /usr/lib/jvm/java-8-openjdk-i386/jre/lib/i386/libverify.so
b7791000-b779e000 r-xp 00000000 08:01 1693273    /usr/lib/jvm/java-8-openjdk-i386/jre/lib/i386/jli/libjli.so
b779e000-b779f000 r--p 0000c000 08:01 1693273    /usr/lib/jvm/java-8-openjdk-i386/jre/lib/i386/jli/libjli.so
b779f000-b77a0000 rw-p 0000d000 08:01 1693273    /usr/lib/jvm/java-8-openjdk-i386/jre/lib/i386/jli/libjli.so
b77a0000-b77a2000 rw-p 00000000 00:00 0 
b77a2000-b77a4000 r--p 00000000 00:00 0          [vvar]
b77a4000-b77a5000 r-xp 00000000 00:00 0          [vdso]
b77a5000-b77c7000 r-xp 00000000 08:01 3401231    /lib/i386-linux-gnu/ld-2.23.so
b77c7000-b77c8000 rw-p 00000000 00:00 0 
b77c8000-b77c9000 r--p 00022000 08:01 3401231    /lib/i386-linux-gnu/ld-2.23.so
b77c9000-b77ca000 rw-p 00023000 08:01 3401231    /lib/i386-linux-gnu/ld-2.23.so
bfeea000-bff0b000 rw-p 00000000 00:00 0          [stack]

VM Arguments:
jvm_args: -Dscript.name=/usr/bin/groovy -Dprogram.name=groovy -Dgroovy.starter.conf=/usr/share/groovy2/conf/groovy-starter.conf -Dgroovy.home=/usr/share/groovy2 -Dtools.jar=/usr/lib/jvm/default-java/lib/tools.jar 
java_command: org.codehaus.groovy.tools.GroovyStarter --main groovy.ui.GroovyMain --conf /usr/share/groovy2/conf/groovy-starter.conf --classpath . httpcat_pair_files_exist_check.groovy --port=4475 --file=/home/sarnobat/sarnobat.git/src/javascript/d3_drag_drop_nodes/heap.txt
java_class_path (initial): /usr/share/groovy2/lib/groovy-2.4.5.jar
Launcher Type: SUN_STANDARD

Environment Variables:
PATH=/usr/bin:/bin
SHELL=/bin/sh

Signal Handlers:
SIGSEGV: [libjvm.so+0x8d7370], sa_mask[0]=11111111011111111101111111111110, sa_flags=SA_RESTART|SA_SIGINFO
SIGBUS: [libjvm.so+0x8d7370], sa_mask[0]=11111111011111111101111111111110, sa_flags=SA_RESTART|SA_SIGINFO
SIGFPE: [libjvm.so+0x73d1c0], sa_mask[0]=11111111011111111101111111111110, sa_flags=SA_RESTART|SA_SIGINFO
SIGPIPE: [libjvm.so+0x73d1c0], sa_mask[0]=11111111011111111101111111111110, sa_flags=SA_RESTART|SA_SIGINFO
SIGXFSZ: [libjvm.so+0x73d1c0], sa_mask[0]=11111111011111111101111111111110, sa_flags=SA_RESTART|SA_SIGINFO
SIGILL: [libjvm.so+0x73d1c0], sa_mask[0]=11111111011111111101111111111110, sa_flags=SA_RESTART|SA_SIGINFO
SIGUSR1: SIG_DFL, sa_mask[0]=00000000000000000000000000000000, sa_flags=none
SIGUSR2: [libjvm.so+0x73d000], sa_mask[0]=00000000000000000000000000000000, sa_flags=SA_RESTART|SA_SIGINFO
SIGHUP: [libjvm.so+0x73d790], sa_mask[0]=11111111011111111101111111111110, sa_flags=SA_RESTART|SA_SIGINFO
SIGINT: [libjvm.so+0x73d790], sa_mask[0]=11111111011111111101111111111110, sa_flags=SA_RESTART|SA_SIGINFO
SIGTERM: [libjvm.so+0x73d790], sa_mask[0]=11111111011111111101111111111110, sa_flags=SA_RESTART|SA_SIGINFO
SIGQUIT: [libjvm.so+0x73d790], sa_mask[0]=11111111011111111101111111111110, sa_flags=SA_RESTART|SA_SIGINFO


---------------  S Y S T E M  ---------------

OS:DISTRIB_ID=Ubuntu
DISTRIB_RELEASE=16.04
DISTRIB_CODENAME=xenial
DISTRIB_DESCRIPTION="Ubuntu 16.04.1 LTS"

uname:Linux 4.4.0-104-generic #127-Ubuntu SMP Mon Dec 11 12:16:50 UTC 2017 i686
libc:glibc 2.23 NPTL 2.23 
rlimit: STACK 8192k, CORE 0k, NPROC 63057, NOFILE 65536, AS infinity
load average:136.72 109.76 104.42

/proc/meminfo:
MemTotal:        8107456 kB
MemFree:          410860 kB
MemAvailable:          0 kB
Buffers:            9600 kB
Cached:           183284 kB
SwapCached:        21452 kB
Active:          6349476 kB
Inactive:        1078888 kB
Active(anon):    6309136 kB
Inactive(anon):  1044928 kB
Active(file):      40340 kB
Inactive(file):    33960 kB
Unevictable:           0 kB
Mlocked:               0 kB
HighTotal:       7292552 kB
HighFree:         123964 kB
LowTotal:         814904 kB
LowFree:          286896 kB
SwapTotal:       4007932 kB
SwapFree:              0 kB
Dirty:               612 kB
Writeback:          1940 kB
AnonPages:       7214184 kB
Mapped:            44692 kB
Shmem:            118600 kB
Slab:             102048 kB
SReclaimable:      31160 kB
SUnreclaim:        70888 kB
KernelStack:       34528 kB
PageTables:        74192 kB
NFS_Unstable:          0 kB
Bounce:             1880 kB
WritebackTmp:          0 kB
CommitLimit:     8061660 kB
Committed_AS:   30677320 kB
VmallocTotal:     122880 kB
VmallocUsed:           0 kB
VmallocChunk:          0 kB
AnonHugePages:   2963456 kB
CmaTotal:              0 kB
CmaFree:               0 kB
HugePages_Total:       0
HugePages_Free:        0
HugePages_Rsvd:        0
HugePages_Surp:        0
Hugepagesize:       2048 kB
DirectMap4k:       40952 kB
DirectMap2M:      870400 kB


CPU:total 4 (initial active 4) (2 cores per cpu, 2 threads per core) family 6 model 58 stepping 9, cmov, cx8, fxsr, mmx, sse, sse2, sse3, ssse3, sse4.1, sse4.2, popcnt, avx, aes, clmul, erms, ht, tsc, tscinvbit, tscinv

/proc/cpuinfo:
processor	: 0
vendor_id	: GenuineIntel
cpu family	: 6
model		: 58
model name	: Intel(R) Core(TM) i5-3427U CPU @ 1.80GHz
stepping	: 9
microcode	: 0x17
cpu MHz		: 2599.988
cache size	: 3072 KB
physical id	: 0
siblings	: 4
core id		: 0
cpu cores	: 2
apicid		: 0
initial apicid	: 0
fdiv_bug	: no
f00f_bug	: no
coma_bug	: no
fpu		: yes
fpu_exception	: yes
cpuid level	: 13
wp		: yes
flags		: fpu vme de pse tsc msr pae mce cx8 apic sep mtrr pge mca cmov pat pse36 clflush dts acpi mmx fxsr sse sse2 ss ht tm pbe nx rdtscp lm constant_tsc arch_perfmon pebs bts xtopology nonstop_tsc aperfmperf eagerfpu pni pclmulqdq dtes64 monitor ds_cpl vmx smx est tm2 ssse3 cx16 xtpr pdcm pcid sse4_1 sse4_2 x2apic popcnt tsc_deadline_timer aes xsave avx f16c rdrand lahf_lm epb tpr_shadow vnmi flexpriority ept vpid fsgsbase smep erms xsaveopt dtherm ida arat pln pts
bugs		:
bogomips	: 4589.83
clflush size	: 64
cache_alignment	: 64
address sizes	: 36 bits physical, 48 bits virtual
power management:

processor	: 1
vendor_id	: GenuineIntel
cpu family	: 6
model		: 58
model name	: Intel(R) Core(TM) i5-3427U CPU @ 1.80GHz
stepping	: 9
microcode	: 0x17
cpu MHz		: 2599.988
cache size	: 3072 KB
physical id	: 0
siblings	: 4
core id		: 1
cpu cores	: 2
apicid		: 2
initial apicid	: 2
fdiv_bug	: no
f00f_bug	: no
coma_bug	: no
fpu		: yes
fpu_exception	: yes
cpuid level	: 13
wp		: yes
flags		: fpu vme de pse tsc msr pae mce cx8 apic sep mtrr pge mca cmov pat pse36 clflush dts acpi mmx fxsr sse sse2 ss ht tm pbe nx rdtscp lm constant_tsc arch_perfmon pebs bts xtopology nonstop_tsc aperfmperf eagerfpu pni pclmulqdq dtes64 monitor ds_cpl vmx smx est tm2 ssse3 cx16 xtpr pdcm pcid sse4_1 sse4_2 x2apic popcnt tsc_deadline_timer aes xsave avx f16c rdrand lahf_lm epb tpr_shadow vnmi flexpriority ept vpid fsgsbase smep erms xsaveopt dtherm ida arat pln pts
bugs		:
bogomips	: 4589.83
clflush size	: 64
cache_alignment	: 64
address sizes	: 36 bits physical, 48 bits virtual
power management:

processor	: 2
vendor_id	: GenuineIntel
cpu family	: 6
model		: 58
model name	: Intel(R) Core(TM) i5-3427U CPU @ 1.80GHz
stepping	: 9
microcode	: 0x17
cpu MHz		: 2599.988
cache size	: 3072 KB
physical id	: 0
siblings	: 4
core id		: 0
cpu cores	: 2
apicid		: 1
initial apicid	: 1
fdiv_bug	: no
f00f_bug	: no
coma_bug	: no
fpu		: yes
fpu_exception	: yes
cpuid level	: 13
wp		: yes
flags		: fpu vme de pse tsc msr pae mce cx8 apic sep mtrr pge mca cmov pat pse36 clflush dts acpi mmx fxsr sse sse2 ss ht tm pbe nx rdtscp lm constant_tsc arch_perfmon pebs bts xtopology nonstop_tsc aperfmperf eagerfpu pni pclmulqdq dtes64 monitor ds_cpl vmx smx est tm2 ssse3 cx16 xtpr pdcm pcid sse4_1 sse4_2 x2apic popcnt tsc_deadline_timer aes xsave avx f16c rdrand lahf_lm epb tpr_shadow vnmi flexpriority ept vpid fsgsbase smep erms xsaveopt dtherm ida arat pln pts
bugs		:
bogomips	: 4589.83
clflush size	: 64
cache_alignment	: 64
address sizes	: 36 bits physical, 48 bits virtual
power management:

processor	: 3
vendor_id	: GenuineIntel
cpu family	: 6
model		: 58
model name	: Intel(R) Core(TM) i5-3427U CPU @ 1.80GHz
stepping	: 9
microcode	: 0x17
cpu MHz		: 2599.988
cache size	: 3072 KB
physical id	: 0
siblings	: 4
core id		: 1
cpu cores	: 2
apicid		: 3
initial apicid	: 3
fdiv_bug	: no
f00f_bug	: no
coma_bug	: no
fpu		: yes
fpu_exception	: yes
cpuid level	: 13
wp		: yes
flags		: fpu vme de pse tsc msr pae mce cx8 apic sep mtrr pge mca cmov pat pse36 clflush dts acpi mmx fxsr sse sse2 ss ht tm pbe nx rdtscp lm constant_tsc arch_perfmon pebs bts xtopology nonstop_tsc aperfmperf eagerfpu pni pclmulqdq dtes64 monitor ds_cpl vmx smx est tm2 ssse3 cx16 xtpr pdcm pcid sse4_1 sse4_2 x2apic popcnt tsc_deadline_timer aes xsave avx f16c rdrand lahf_lm epb tpr_shadow vnmi flexpriority ept vpid fsgsbase smep erms xsaveopt dtherm ida arat pln pts
bugs		:
bogomips	: 4589.83
clflush size	: 64
cache_alignment	: 64
address sizes	: 36 bits physical, 48 bits virtual
power management:



Memory: 4k page, physical 8107456k(631368k free), swap 4007932k(4k free)

vm_info: OpenJDK Server VM (25.151-b12) for linux-x86 JRE (1.8.0_151-8u151-b12-0ubuntu0.16.04.2-b12), built on Oct 27 2017 22:05:04 by "buildd" with gcc 5.4.0 20160609

time: Thu Dec 21 00:00:47 2017
elapsed time: 43 seconds (0d 0h 0m 43s)

