#
# There is insufficient memory for the Java Runtime Environment to continue.
# Native memory allocation (mmap) failed to map 131072 bytes for committing reserved memory.
# Possible reasons:
#   The system is out of physical RAM or swap space
#   In 32 bit mode, the process size limit was hit
# Possible solutions:
#   Reduce memory load on the system
#   Increase physical memory or swap space
#   Check if swap backing store is full
#   Use 64 bit Java on a 64 bit OS
#   Decrease Java heap size (-Xmx/-Xms)
#   Decrease number of Java threads
#   Decrease Java thread stack sizes (-Xss)
#   Set larger code cache with -XX:ReservedCodeCacheSize=
# This output file may be truncated or incomplete.
#
#  Out of Memory Error (os_linux.cpp:2643), pid=1431, tid=0xb63afb40
#
# JRE version: OpenJDK Runtime Environment (8.0_151-b12) (build 1.8.0_151-8u151-b12-0ubuntu0.16.04.2-b12)
# Java VM: OpenJDK Server VM (25.151-b12 mixed mode linux-x86 )
# Failed to write core dump. Core dumps have been disabled. To enable core dumping, try "ulimit -c unlimited" before starting Java again
#

---------------  T H R E A D  ---------------

Current thread (0xb6207800):  JavaThread "main" [_thread_in_vm, id=1679, stack(0xb635f000,0xb63b0000)]

Stack: [0xb635f000,0xb63b0000],  sp=0xb63acd90,  free space=311k
Native frames: (J=compiled Java code, j=interpreted, Vv=VM code, C=native code)
V  [libjvm.so+0x8d6834]
V  [libjvm.so+0x3a7c76]
V  [libjvm.so+0x7420c0]
V  [libjvm.so+0x73c013]
V  [libjvm.so+0x8d3264]
V  [libjvm.so+0x6cdd63]
V  [libjvm.so+0x6cdf7a]
V  [libjvm.so+0x6ceb05]
V  [libjvm.so+0x6cec5a]
V  [libjvm.so+0x6cfc9a]
V  [libjvm.so+0x6cfe8d]
V  [libjvm.so+0x39895f]
V  [libjvm.so+0x6d542e]
V  [libjvm.so+0x317bdf]
V  [libjvm.so+0x3183b3]
V  [libjvm.so+0x31a202]
V  [libjvm.so+0x320d96]
V  [libjvm.so+0x853dd4]
V  [libjvm.so+0x8528ff]
V  [libjvm.so+0x854c2b]
V  [libjvm.so+0x7b6b03]
V  [libjvm.so+0x7b7fd4]
V  [libjvm.so+0x56ae28]  JVM_GetClassDeclaredFields+0x268
j  java.lang.Class.getDeclaredFields0(Z)[Ljava/lang/reflect/Field;+0
j  java.lang.Class.privateGetDeclaredFields(Z)[Ljava/lang/reflect/Field;+37
j  java.lang.Class.getDeclaredFields()[Ljava/lang/reflect/Field;+11
j  org.codehaus.groovy.vmplugin.v5.Java5.configureClassNode(Lorg/codehaus/groovy/ast/CompileUnit;Lorg/codehaus/groovy/ast/ClassNode;)V+6
j  org.codehaus.groovy.ast.ClassNode.lazyClassInit()V+42
J 1016 C1 org.codehaus.groovy.ast.ClassNode.getInterfaces()[Lorg/codehaus/groovy/ast/ClassNode; (37 bytes) @ 0xa74c5520 [0xa74c5020+0x500]
j  org.codehaus.groovy.ast.ClassNode.declaresInterface(Lorg/codehaus/groovy/ast/ClassNode;)Z+4
j  org.codehaus.groovy.ast.ClassNode.implementsInterface(Lorg/codehaus/groovy/ast/ClassNode;)Z+7
j  org.codehaus.groovy.ast.ClassNode.isDerivedFromGroovyObject()Z+4
j  org.codehaus.groovy.classgen.AsmClassGenerator.isGroovyObject(Lorg/codehaus/groovy/ast/expr/Expression;)Z+11
j  org.codehaus.groovy.classgen.AsmClassGenerator.visitPropertyExpression(Lorg/codehaus/groovy/ast/expr/PropertyExpression;)V+73
J 1121 C1 org.codehaus.groovy.ast.expr.PropertyExpression.visit(Lorg/codehaus/groovy/ast/GroovyCodeVisitor;)V (8 bytes) @ 0xa727c280 [0xa727c1a0+0xe0]
j  org.codehaus.groovy.classgen.asm.CallSiteWriter.prepareSiteAndReceiver(Lorg/codehaus/groovy/ast/expr/Expression;Ljava/lang/String;ZZ)V+35
j  org.codehaus.groovy.classgen.asm.CallSiteWriter.prepareSiteAndReceiver(Lorg/codehaus/groovy/ast/expr/Expression;Ljava/lang/String;Z)V+5
j  org.codehaus.groovy.classgen.asm.CallSiteWriter.makeCallSite(Lorg/codehaus/groovy/ast/expr/Expression;Ljava/lang/String;Lorg/codehaus/groovy/ast/expr/Expression;ZZZZ)V+5
j  org.codehaus.groovy.classgen.asm.InvocationWriter.makeCachedCall(Lorg/codehaus/groovy/ast/expr/Expression;Lorg/codehaus/groovy/ast/expr/ClassExpression;Lorg/codehaus/groovy/ast/expr/Expression;Lorg/codehaus/groovy/ast/expr/Expression;Lorg/codehaus/groovy/ast/expr/Expression;Lorg/codehaus/groovy/classgen/asm/MethodCallerMultiAdapter;ZZZZ)Z+84
j  org.codehaus.groovy.classgen.asm.InvocationWriter.makeCall(Lorg/codehaus/groovy/ast/expr/Expression;Lorg/codehaus/groovy/ast/expr/ClassExpression;Lorg/codehaus/groovy/ast/expr/Expression;Lorg/codehaus/groovy/ast/expr/Expression;Lorg/codehaus/groovy/ast/expr/Expression;Lorg/codehaus/groovy/classgen/asm/MethodCallerMultiAdapter;ZZZ)V+45
j  org.codehaus.groovy.classgen.asm.InvocationWriter.makeCall(Lorg/codehaus/groovy/ast/expr/Expression;Lorg/codehaus/groovy/ast/expr/Expression;Lorg/codehaus/groovy/ast/expr/Expression;Lorg/codehaus/groovy/ast/expr/Expression;Lorg/codehaus/groovy/classgen/asm/MethodCallerMultiAdapter;ZZZ)V+61
j  org.codehaus.groovy.classgen.asm.InvocationWriter.makeInvokeMethodCall(Lorg/codehaus/groovy/ast/expr/MethodCallExpression;ZLorg/codehaus/groovy/classgen/asm/MethodCallerMultiAdapter;)V+120
j  org.codehaus.groovy.classgen.asm.InvocationWriter.writeInvokeMethod(Lorg/codehaus/groovy/ast/expr/MethodCallExpression;)V+86
j  org.codehaus.groovy.classgen.AsmClassGenerator.visitMethodCallExpression(Lorg/codehaus/groovy/ast/expr/MethodCallExpression;)V+42
J 1073 C1 org.codehaus.groovy.ast.expr.MethodCallExpression.visit(Lorg/codehaus/groovy/ast/GroovyCodeVisitor;)V (8 bytes) @ 0xa74e8f00 [0xa74e8e20+0xe0]
j  org.codehaus.groovy.classgen.asm.StatementWriter.writeExpressionStatement(Lorg/codehaus/groovy/ast/stmt/ExpressionStatement;)V+69
j  org.codehaus.groovy.classgen.asm.OptimizingStatementWriter.writeExpressionStatement(Lorg/codehaus/groovy/ast/stmt/ExpressionStatement;)V+98
j  org.codehaus.groovy.classgen.AsmClassGenerator.visitExpressionStatement(Lorg/codehaus/groovy/ast/stmt/ExpressionStatement;)V+8
J 1063 C1 org.codehaus.groovy.ast.stmt.ExpressionStatement.visit(Lorg/codehaus/groovy/ast/GroovyCodeVisitor;)V (8 bytes) @ 0xa74e79c0 [0xa74e78e0+0xe0]
j  org.codehaus.groovy.classgen.asm.StatementWriter.writeBlockStatement(Lorg/codehaus/groovy/ast/stmt/BlockStatement;)V+74
j  org.codehaus.groovy.classgen.asm.OptimizingStatementWriter.writeBlockStatement(Lorg/codehaus/groovy/ast/stmt/BlockStatement;)V+23
j  org.codehaus.groovy.classgen.AsmClassGenerator.visitBlockStatement(Lorg/codehaus/groovy/ast/stmt/BlockStatement;)V+8
J 1094 C1 org.codehaus.groovy.ast.stmt.BlockStatement.visit(Lorg/codehaus/groovy/ast/GroovyCodeVisitor;)V (8 bytes) @ 0xa74f6740 [0xa74f6660+0xe0]
j  org.codehaus.groovy.classgen.AsmClassGenerator.visitCatchStatement(Lorg/codehaus/groovy/ast/stmt/CatchStatement;)V+5
j  org.codehaus.groovy.ast.stmt.CatchStatement.visit(Lorg/codehaus/groovy/ast/GroovyCodeVisitor;)V+2
j  org.codehaus.groovy.classgen.asm.StatementWriter.writeTryCatchFinally(Lorg/codehaus/groovy/ast/stmt/TryCatchStatement;)V+253
j  org.codehaus.groovy.classgen.AsmClassGenerator.visitTryCatchFinally(Lorg/codehaus/groovy/ast/stmt/TryCatchStatement;)V+8
j  org.codehaus.groovy.ast.stmt.TryCatchStatement.visit(Lorg/codehaus/groovy/ast/GroovyCodeVisitor;)V+2
j  org.codehaus.groovy.classgen.asm.StatementWriter.writeBlockStatement(Lorg/codehaus/groovy/ast/stmt/BlockStatement;)V+74
j  org.codehaus.groovy.classgen.asm.OptimizingStatementWriter.writeBlockStatement(Lorg/codehaus/groovy/ast/stmt/BlockStatement;)V+23
j  org.codehaus.groovy.classgen.AsmClassGenerator.visitBlockStatement(Lorg/codehaus/groovy/ast/stmt/BlockStatement;)V+8
J 1094 C1 org.codehaus.groovy.ast.stmt.BlockStatement.visit(Lorg/codehaus/groovy/ast/GroovyCodeVisitor;)V (8 bytes) @ 0xa74f6740 [0xa74f6660+0xe0]
j  org.codehaus.groovy.ast.ClassCodeVisitorSupport.visitClassCodeContainer(Lorg/codehaus/groovy/ast/stmt/Statement;)V+6
j  org.codehaus.groovy.ast.ClassCodeVisitorSupport.visitConstructorOrMethod(Lorg/codehaus/groovy/ast/MethodNode;Z)V+10
j  org.codehaus.groovy.classgen.AsmClassGenerator.visitStdMethod(Lorg/codehaus/groovy/ast/MethodNode;Z[Lorg/codehaus/groovy/ast/Parameter;Lorg/codehaus/groovy/ast/stmt/Statement;)V+217
j  org.codehaus.groovy.classgen.AsmClassGenerator.visitConstructorOrMethod(Lorg/codehaus/groovy/ast/MethodNode;Z)V+247
j  org.codehaus.groovy.ast.ClassCodeVisitorSupport.visitMethod(Lorg/codehaus/groovy/ast/MethodNode;)V+3
j  org.codehaus.groovy.classgen.AsmClassGenerator.visitMethod(Lorg/codehaus/groovy/ast/MethodNode;)V+10
j  org.codehaus.groovy.ast.ClassNode.visitContents(Lorg/codehaus/groovy/ast/GroovyClassVisitor;)V+148
j  org.codehaus.groovy.ast.ClassCodeVisitorSupport.visitClass(Lorg/codehaus/groovy/ast/ClassNode;)V+23
j  org.codehaus.groovy.classgen.AsmClassGenerator.visitClass(Lorg/codehaus/groovy/ast/ClassNode;)V+441
j  org.codehaus.groovy.control.CompilationUnit$16.call(Lorg/codehaus/groovy/control/SourceUnit;Lorg/codehaus/groovy/classgen/GeneratorContext;Lorg/codehaus/groovy/ast/ClassNode;)V+237
j  org.codehaus.groovy.control.CompilationUnit.applyToPrimaryClassNodes(Lorg/codehaus/groovy/control/CompilationUnit$PrimaryClassNodeOperation;)V+129
j  org.codehaus.groovy.control.CompilationUnit.doPhaseOperation(Ljava/lang/Object;)V+12
j  org.codehaus.groovy.control.CompilationUnit.processPhaseOperations(I)V+32
j  org.codehaus.groovy.control.CompilationUnit.compile(I)V+60
j  groovy.lang.GroovyClassLoader.doParseClass(Lgroovy/lang/GroovyCodeSource;)Ljava/lang/Class;+164
j  groovy.lang.GroovyClassLoader.parseClass(Lgroovy/lang/GroovyCodeSource;Z)Ljava/lang/Class;+37
j  groovy.lang.GroovyShell.parseClass(Lgroovy/lang/GroovyCodeSource;)Ljava/lang/Class;+6
j  groovy.lang.GroovyShell.run(Lgroovy/lang/GroovyCodeSource;[Ljava/lang/String;)Ljava/lang/Object;+2
j  groovy.lang.GroovyShell.run(Lgroovy/lang/GroovyCodeSource;Ljava/util/List;)Ljava/lang/Object;+23
j  groovy.ui.GroovyMain.processOnce()V+33
j  groovy.ui.GroovyMain.run()Z+29
j  groovy.ui.GroovyMain.process(Lgroovyjarjarcommonscli/CommandLine;)Z+602
j  groovy.ui.GroovyMain.processArgs([Ljava/lang/String;Ljava/io/PrintStream;)V+108
j  groovy.ui.GroovyMain.main([Ljava/lang/String;)V+4
v  ~StubRoutines::call_stub
V  [libjvm.so+0x51faad]
V  [libjvm.so+0x746985]
V  [libjvm.so+0x51ebea]
V  [libjvm.so+0x7b8d25]
V  [libjvm.so+0x7baa5e]
V  [libjvm.so+0x565ade]  JVM_InvokeMethod+0x10e
C  [libjava.so+0xcf53]  Java_sun_reflect_NativeMethodAccessorImpl_invoke0+0x23
j  sun.reflect.NativeMethodAccessorImpl.invoke0(Ljava/lang/reflect/Method;Ljava/lang/Object;[Ljava/lang/Object;)Ljava/lang/Object;+0
j  sun.reflect.NativeMethodAccessorImpl.invoke(Ljava/lang/Object;[Ljava/lang/Object;)Ljava/lang/Object;+100
j  sun.reflect.DelegatingMethodAccessorImpl.invoke(Ljava/lang/Object;[Ljava/lang/Object;)Ljava/lang/Object;+6
j  java.lang.reflect.Method.invoke(Ljava/lang/Object;[Ljava/lang/Object;)Ljava/lang/Object;+56
j  org.codehaus.groovy.tools.GroovyStarter.rootLoader([Ljava/lang/String;)V+391
j  org.codehaus.groovy.tools.GroovyStarter.main([Ljava/lang/String;)V+1
...<more frames>...

Java frames: (J=compiled Java code, j=interpreted, Vv=VM code)
j  java.lang.Class.getDeclaredFields0(Z)[Ljava/lang/reflect/Field;+0
j  java.lang.Class.privateGetDeclaredFields(Z)[Ljava/lang/reflect/Field;+37
j  java.lang.Class.getDeclaredFields()[Ljava/lang/reflect/Field;+11
j  org.codehaus.groovy.vmplugin.v5.Java5.configureClassNode(Lorg/codehaus/groovy/ast/CompileUnit;Lorg/codehaus/groovy/ast/ClassNode;)V+6
j  org.codehaus.groovy.ast.ClassNode.lazyClassInit()V+42
J 1016 C1 org.codehaus.groovy.ast.ClassNode.getInterfaces()[Lorg/codehaus/groovy/ast/ClassNode; (37 bytes) @ 0xa74c5520 [0xa74c5020+0x500]
j  org.codehaus.groovy.ast.ClassNode.declaresInterface(Lorg/codehaus/groovy/ast/ClassNode;)Z+4
j  org.codehaus.groovy.ast.ClassNode.implementsInterface(Lorg/codehaus/groovy/ast/ClassNode;)Z+7
j  org.codehaus.groovy.ast.ClassNode.isDerivedFromGroovyObject()Z+4
j  org.codehaus.groovy.classgen.AsmClassGenerator.isGroovyObject(Lorg/codehaus/groovy/ast/expr/Expression;)Z+11
j  org.codehaus.groovy.classgen.AsmClassGenerator.visitPropertyExpression(Lorg/codehaus/groovy/ast/expr/PropertyExpression;)V+73
J 1121 C1 org.codehaus.groovy.ast.expr.PropertyExpression.visit(Lorg/codehaus/groovy/ast/GroovyCodeVisitor;)V (8 bytes) @ 0xa727c280 [0xa727c1a0+0xe0]
j  org.codehaus.groovy.classgen.asm.CallSiteWriter.prepareSiteAndReceiver(Lorg/codehaus/groovy/ast/expr/Expression;Ljava/lang/String;ZZ)V+35
j  org.codehaus.groovy.classgen.asm.CallSiteWriter.prepareSiteAndReceiver(Lorg/codehaus/groovy/ast/expr/Expression;Ljava/lang/String;Z)V+5
j  org.codehaus.groovy.classgen.asm.CallSiteWriter.makeCallSite(Lorg/codehaus/groovy/ast/expr/Expression;Ljava/lang/String;Lorg/codehaus/groovy/ast/expr/Expression;ZZZZ)V+5
j  org.codehaus.groovy.classgen.asm.InvocationWriter.makeCachedCall(Lorg/codehaus/groovy/ast/expr/Expression;Lorg/codehaus/groovy/ast/expr/ClassExpression;Lorg/codehaus/groovy/ast/expr/Expression;Lorg/codehaus/groovy/ast/expr/Expression;Lorg/codehaus/groovy/ast/expr/Expression;Lorg/codehaus/groovy/classgen/asm/MethodCallerMultiAdapter;ZZZZ)Z+84
j  org.codehaus.groovy.classgen.asm.InvocationWriter.makeCall(Lorg/codehaus/groovy/ast/expr/Expression;Lorg/codehaus/groovy/ast/expr/ClassExpression;Lorg/codehaus/groovy/ast/expr/Expression;Lorg/codehaus/groovy/ast/expr/Expression;Lorg/codehaus/groovy/ast/expr/Expression;Lorg/codehaus/groovy/classgen/asm/MethodCallerMultiAdapter;ZZZ)V+45
j  org.codehaus.groovy.classgen.asm.InvocationWriter.makeCall(Lorg/codehaus/groovy/ast/expr/Expression;Lorg/codehaus/groovy/ast/expr/Expression;Lorg/codehaus/groovy/ast/expr/Expression;Lorg/codehaus/groovy/ast/expr/Expression;Lorg/codehaus/groovy/classgen/asm/MethodCallerMultiAdapter;ZZZ)V+61
j  org.codehaus.groovy.classgen.asm.InvocationWriter.makeInvokeMethodCall(Lorg/codehaus/groovy/ast/expr/MethodCallExpression;ZLorg/codehaus/groovy/classgen/asm/MethodCallerMultiAdapter;)V+120
j  org.codehaus.groovy.classgen.asm.InvocationWriter.writeInvokeMethod(Lorg/codehaus/groovy/ast/expr/MethodCallExpression;)V+86
j  org.codehaus.groovy.classgen.AsmClassGenerator.visitMethodCallExpression(Lorg/codehaus/groovy/ast/expr/MethodCallExpression;)V+42
J 1073 C1 org.codehaus.groovy.ast.expr.MethodCallExpression.visit(Lorg/codehaus/groovy/ast/GroovyCodeVisitor;)V (8 bytes) @ 0xa74e8f00 [0xa74e8e20+0xe0]
j  org.codehaus.groovy.classgen.asm.StatementWriter.writeExpressionStatement(Lorg/codehaus/groovy/ast/stmt/ExpressionStatement;)V+69
j  org.codehaus.groovy.classgen.asm.OptimizingStatementWriter.writeExpressionStatement(Lorg/codehaus/groovy/ast/stmt/ExpressionStatement;)V+98
j  org.codehaus.groovy.classgen.AsmClassGenerator.visitExpressionStatement(Lorg/codehaus/groovy/ast/stmt/ExpressionStatement;)V+8
J 1063 C1 org.codehaus.groovy.ast.stmt.ExpressionStatement.visit(Lorg/codehaus/groovy/ast/GroovyCodeVisitor;)V (8 bytes) @ 0xa74e79c0 [0xa74e78e0+0xe0]
j  org.codehaus.groovy.classgen.asm.StatementWriter.writeBlockStatement(Lorg/codehaus/groovy/ast/stmt/BlockStatement;)V+74
j  org.codehaus.groovy.classgen.asm.OptimizingStatementWriter.writeBlockStatement(Lorg/codehaus/groovy/ast/stmt/BlockStatement;)V+23
j  org.codehaus.groovy.classgen.AsmClassGenerator.visitBlockStatement(Lorg/codehaus/groovy/ast/stmt/BlockStatement;)V+8
J 1094 C1 org.codehaus.groovy.ast.stmt.BlockStatement.visit(Lorg/codehaus/groovy/ast/GroovyCodeVisitor;)V (8 bytes) @ 0xa74f6740 [0xa74f6660+0xe0]
j  org.codehaus.groovy.classgen.AsmClassGenerator.visitCatchStatement(Lorg/codehaus/groovy/ast/stmt/CatchStatement;)V+5
j  org.codehaus.groovy.ast.stmt.CatchStatement.visit(Lorg/codehaus/groovy/ast/GroovyCodeVisitor;)V+2
j  org.codehaus.groovy.classgen.asm.StatementWriter.writeTryCatchFinally(Lorg/codehaus/groovy/ast/stmt/TryCatchStatement;)V+253
j  org.codehaus.groovy.classgen.AsmClassGenerator.visitTryCatchFinally(Lorg/codehaus/groovy/ast/stmt/TryCatchStatement;)V+8
j  org.codehaus.groovy.ast.stmt.TryCatchStatement.visit(Lorg/codehaus/groovy/ast/GroovyCodeVisitor;)V+2
j  org.codehaus.groovy.classgen.asm.StatementWriter.writeBlockStatement(Lorg/codehaus/groovy/ast/stmt/BlockStatement;)V+74
j  org.codehaus.groovy.classgen.asm.OptimizingStatementWriter.writeBlockStatement(Lorg/codehaus/groovy/ast/stmt/BlockStatement;)V+23
j  org.codehaus.groovy.classgen.AsmClassGenerator.visitBlockStatement(Lorg/codehaus/groovy/ast/stmt/BlockStatement;)V+8
J 1094 C1 org.codehaus.groovy.ast.stmt.BlockStatement.visit(Lorg/codehaus/groovy/ast/GroovyCodeVisitor;)V (8 bytes) @ 0xa74f6740 [0xa74f6660+0xe0]
j  org.codehaus.groovy.ast.ClassCodeVisitorSupport.visitClassCodeContainer(Lorg/codehaus/groovy/ast/stmt/Statement;)V+6
j  org.codehaus.groovy.ast.ClassCodeVisitorSupport.visitConstructorOrMethod(Lorg/codehaus/groovy/ast/MethodNode;Z)V+10
j  org.codehaus.groovy.classgen.AsmClassGenerator.visitStdMethod(Lorg/codehaus/groovy/ast/MethodNode;Z[Lorg/codehaus/groovy/ast/Parameter;Lorg/codehaus/groovy/ast/stmt/Statement;)V+217
j  org.codehaus.groovy.classgen.AsmClassGenerator.visitConstructorOrMethod(Lorg/codehaus/groovy/ast/MethodNode;Z)V+247
j  org.codehaus.groovy.ast.ClassCodeVisitorSupport.visitMethod(Lorg/codehaus/groovy/ast/MethodNode;)V+3
j  org.codehaus.groovy.classgen.AsmClassGenerator.visitMethod(Lorg/codehaus/groovy/ast/MethodNode;)V+10
j  org.codehaus.groovy.ast.ClassNode.visitContents(Lorg/codehaus/groovy/ast/GroovyClassVisitor;)V+148
j  org.codehaus.groovy.ast.ClassCodeVisitorSupport.visitClass(Lorg/codehaus/groovy/ast/ClassNode;)V+23
j  org.codehaus.groovy.classgen.AsmClassGenerator.visitClass(Lorg/codehaus/groovy/ast/ClassNode;)V+441
j  org.codehaus.groovy.control.CompilationUnit$16.call(Lorg/codehaus/groovy/control/SourceUnit;Lorg/codehaus/groovy/classgen/GeneratorContext;Lorg/codehaus/groovy/ast/ClassNode;)V+237
j  org.codehaus.groovy.control.CompilationUnit.applyToPrimaryClassNodes(Lorg/codehaus/groovy/control/CompilationUnit$PrimaryClassNodeOperation;)V+129
j  org.codehaus.groovy.control.CompilationUnit.doPhaseOperation(Ljava/lang/Object;)V+12
j  org.codehaus.groovy.control.CompilationUnit.processPhaseOperations(I)V+32
j  org.codehaus.groovy.control.CompilationUnit.compile(I)V+60
j  groovy.lang.GroovyClassLoader.doParseClass(Lgroovy/lang/GroovyCodeSource;)Ljava/lang/Class;+164
j  groovy.lang.GroovyClassLoader.parseClass(Lgroovy/lang/GroovyCodeSource;Z)Ljava/lang/Class;+37
j  groovy.lang.GroovyShell.parseClass(Lgroovy/lang/GroovyCodeSource;)Ljava/lang/Class;+6
j  groovy.lang.GroovyShell.run(Lgroovy/lang/GroovyCodeSource;[Ljava/lang/String;)Ljava/lang/Object;+2
j  groovy.lang.GroovyShell.run(Lgroovy/lang/GroovyCodeSource;Ljava/util/List;)Ljava/lang/Object;+23
j  groovy.ui.GroovyMain.processOnce()V+33
j  groovy.ui.GroovyMain.run()Z+29
j  groovy.ui.GroovyMain.process(Lgroovyjarjarcommonscli/CommandLine;)Z+602
j  groovy.ui.GroovyMain.processArgs([Ljava/lang/String;Ljava/io/PrintStream;)V+108
j  groovy.ui.GroovyMain.main([Ljava/lang/String;)V+4
v  ~StubRoutines::call_stub
j  sun.reflect.NativeMethodAccessorImpl.invoke0(Ljava/lang/reflect/Method;Ljava/lang/Object;[Ljava/lang/Object;)Ljava/lang/Object;+0
j  sun.reflect.NativeMethodAccessorImpl.invoke(Ljava/lang/Object;[Ljava/lang/Object;)Ljava/lang/Object;+100
j  sun.reflect.DelegatingMethodAccessorImpl.invoke(Ljava/lang/Object;[Ljava/lang/Object;)Ljava/lang/Object;+6
j  java.lang.reflect.Method.invoke(Ljava/lang/Object;[Ljava/lang/Object;)Ljava/lang/Object;+56
j  org.codehaus.groovy.tools.GroovyStarter.rootLoader([Ljava/lang/String;)V+391
j  org.codehaus.groovy.tools.GroovyStarter.main([Ljava/lang/String;)V+1
v  ~StubRoutines::call_stub

---------------  P R O C E S S  ---------------

Java Threads: ( => current thread )
  0x637aa400 JavaThread "Service Thread" daemon [_thread_blocked, id=2077, stack(0x630db000,0x6312c000)]
  0x637a7400 JavaThread "C1 CompilerThread2" daemon [_thread_blocked, id=2058, stack(0x6312c000,0x631ad000)]
  0x637a5c00 JavaThread "C2 CompilerThread1" daemon [_thread_blocked, id=2041, stack(0x631ad000,0x6322e000)]
  0x637a3c00 JavaThread "C2 CompilerThread0" daemon [_thread_blocked, id=2023, stack(0x6322e000,0x632af000)]
  0x637a2400 JavaThread "Signal Dispatcher" daemon [_thread_blocked, id=2014, stack(0x632af000,0x63300000)]
  0x63788800 JavaThread "Finalizer" daemon [_thread_blocked, id=1920, stack(0x63813000,0x63864000)]
  0x63785c00 JavaThread "Reference Handler" daemon [_thread_blocked, id=1915, stack(0x6642e000,0x6647f000)]
=>0xb6207800 JavaThread "main" [_thread_in_vm, id=1679, stack(0xb635f000,0xb63b0000)]

Other Threads:
  0x63781000 VMThread [stack: 0x63864000,0x638e5000] [id=1879]
  0x637abc00 WatcherThread [stack: 0x6305a000,0x630db000] [id=2110]

VM state:not at safepoint (normal execution)

VM Mutex/Monitor currently owned by a thread: None

Heap:
 PSYoungGen      total 35840K, used 4529K [0x918c0000, 0x93e40000, 0xa6e00000)
  eden space 33280K, 5% used [0x918c0000,0x91aaf930,0x93940000)
  from space 2560K, 99% used [0x93bc0000,0x93e3cd58,0x93e40000)
  to   space 2560K, 0% used [0x93940000,0x93940000,0x93bc0000)
 ParOldGen       total 43776K, used 3320K [0x66e00000, 0x698c0000, 0x918c0000)
  object space 43776K, 7% used [0x66e00000,0x6713e050,0x698c0000)
 Metaspace       used 7755K, capacity 7789K, committed 7832K, reserved 8496K

Card table byte_map: [0x66bff000,0x66e00000] byte_map_base: 0x668c8000

Marking Bits: (ParMarkBitMap*) 0xb70d5880
 Begin Bits: [0x64300000, 0x65300000)
 End Bits:   [0x65300000, 0x66300000)

Polling page: 0xb76e2000

CodeCache: size=245760Kb used=3439Kb max_used=3444Kb free=242320Kb
 bounds [0xa71c5000, 0xa7525000, 0xb61c5000]
 total_blobs=1314 nmethods=1133 adapters=95
 compilation: enabled

Compilation events (10 events):
Event: 76.244 Thread 0x637a3c00 1201       4       org.codehaus.groovy.ast.ClassHelper::make (58 bytes)
Event: 76.272 Thread 0x637a7400 1202       3       org.codehaus.groovy.ast.Parameter::setInStaticContext (6 bytes)
Event: 76.272 Thread 0x637a7400 nmethod 1202 0xa751e9c8 code [0xa751eae0, 0xa751ebc0]
Event: 76.277 Thread 0x637a7400 1203       3       java.util.Collections::emptySet (4 bytes)
Event: 76.277 Thread 0x637a7400 nmethod 1203 0xa751ec48 code [0xa751ed60, 0xa751ee20]
Event: 76.277 Thread 0x637a7400 1204       3       org.codehaus.groovy.ast.Parameter::<init> (37 bytes)
Event: 76.289 Thread 0x637a7400 nmethod 1204 0xa751ee88 code [0xa751efc0, 0xa751f300]
Event: 76.313 Thread 0x637a3c00 nmethod 1201 0xa7522508 code [0xa75226a0, 0xa7522b60]
Event: 76.314 Thread 0x637a7400 1205       3       org.codehaus.groovy.ast.MethodNode::<init> (90 bytes)
Event: 76.315 Thread 0x637a7400 nmethod 1205 0xa7521888 code [0xa7521a20, 0xa7522190]

GC Heap History (8 events):
Event: 26.903 GC heap before
{Heap before GC invocations=1 (full 0):
 PSYoungGen      total 19200K, used 16640K [0x918c0000, 0x92e00000, 0xa6e00000)
  eden space 16640K, 100% used [0x918c0000,0x92900000,0x92900000)
  from space 2560K, 0% used [0x92b80000,0x92b80000,0x92e00000)
  to   space 2560K, 0% used [0x92900000,0x92900000,0x92b80000)
 ParOldGen       total 43776K, used 0K [0x66e00000, 0x698c0000, 0x918c0000)
  object space 43776K, 0% used [0x66e00000,0x66e00000,0x698c0000)
 Metaspace       used 3720K, capacity 3784K, committed 3864K, reserved 4400K
Event: 26.921 GC heap after
Heap after GC invocations=1 (full 0):
 PSYoungGen      total 19200K, used 2554K [0x918c0000, 0x92e00000, 0xa6e00000)
  eden space 16640K, 0% used [0x918c0000,0x918c0000,0x92900000)
  from space 2560K, 99% used [0x92900000,0x92b7e8f8,0x92b80000)
  to   space 2560K, 0% used [0x92b80000,0x92b80000,0x92e00000)
 ParOldGen       total 43776K, used 130K [0x66e00000, 0x698c0000, 0x918c0000)
  object space 43776K, 0% used [0x66e00000,0x66e20b70,0x698c0000)
 Metaspace       used 3720K, capacity 3784K, committed 3864K, reserved 4400K
}
Event: 45.381 GC heap before
{Heap before GC invocations=2 (full 0):
 PSYoungGen      total 19200K, used 19194K [0x918c0000, 0x92e00000, 0xa6e00000)
  eden space 16640K, 100% used [0x918c0000,0x92900000,0x92900000)
  from space 2560K, 99% used [0x92900000,0x92b7e8f8,0x92b80000)
  to   space 2560K, 0% used [0x92b80000,0x92b80000,0x92e00000)
 ParOldGen       total 43776K, used 130K [0x66e00000, 0x698c0000, 0x918c0000)
  object space 43776K, 0% used [0x66e00000,0x66e20b70,0x698c0000)
 Metaspace       used 6094K, capacity 6152K, committed 6168K, reserved 6448K
Event: 45.479 GC heap after
Heap after GC invocations=2 (full 0):
 PSYoungGen      total 19200K, used 2551K [0x918c0000, 0x92e00000, 0xa6e00000)
  eden space 16640K, 0% used [0x918c0000,0x918c0000,0x92900000)
  from space 2560K, 99% used [0x92b80000,0x92dfdcf8,0x92e00000)
  to   space 2560K, 0% used [0x92900000,0x92900000,0x92b80000)
 ParOldGen       total 43776K, used 1370K [0x66e00000, 0x698c0000, 0x918c0000)
  object space 43776K, 3% used [0x66e00000,0x66f56988,0x698c0000)
 Metaspace       used 6094K, capacity 6152K, committed 6168K, reserved 6448K
}
Event: 60.101 GC heap before
{Heap before GC invocations=3 (full 0):
 PSYoungGen      total 19200K, used 19191K [0x918c0000, 0x92e00000, 0xa6e00000)
  eden space 16640K, 100% used [0x918c0000,0x92900000,0x92900000)
  from space 2560K, 99% used [0x92b80000,0x92dfdcf8,0x92e00000)
  to   space 2560K, 0% used [0x92900000,0x92900000,0x92b80000)
 ParOldGen       total 43776K, used 1370K [0x66e00000, 0x698c0000, 0x918c0000)
  object space 43776K, 3% used [0x66e00000,0x66f56988,0x698c0000)
 Metaspace       used 6803K, capacity 6858K, committed 6936K, reserved 7472K
Event: 60.494 GC heap after
Heap after GC invocations=3 (full 0):
 PSYoungGen      total 19200K, used 2547K [0x918c0000, 0x93e40000, 0xa6e00000)
  eden space 16640K, 0% used [0x918c0000,0x918c0000,0x92900000)
  from space 2560K, 99% used [0x92900000,0x92b7cd58,0x92b80000)
  to   space 2560K, 0% used [0x93bc0000,0x93bc0000,0x93e40000)
 ParOldGen       total 43776K, used 2178K [0x66e00000, 0x698c0000, 0x918c0000)
  object space 43776K, 4% used [0x66e00000,0x67020978,0x698c0000)
 Metaspace       used 6803K, capacity 6858K, committed 6936K, reserved 7472K
}
Event: 73.668 GC heap before
{Heap before GC invocations=4 (full 0):
 PSYoungGen      total 19200K, used 19187K [0x918c0000, 0x93e40000, 0xa6e00000)
  eden space 16640K, 100% used [0x918c0000,0x92900000,0x92900000)
  from space 2560K, 99% used [0x92900000,0x92b7cd58,0x92b80000)
  to   space 2560K, 0% used [0x93bc0000,0x93bc0000,0x93e40000)
 ParOldGen       total 43776K, used 2178K [0x66e00000, 0x698c0000, 0x918c0000)
  object space 43776K, 4% used [0x66e00000,0x67020978,0x698c0000)
 Metaspace       used 7554K, capacity 7597K, committed 7704K, reserved 8496K
Event: 74.008 GC heap after
Heap after GC invocations=4 (full 0):
 PSYoungGen      total 35840K, used 2547K [0x918c0000, 0x93e40000, 0xa6e00000)
  eden space 33280K, 0% used [0x918c0000,0x918c0000,0x93940000)
  from space 2560K, 99% used [0x93bc0000,0x93e3cd58,0x93e40000)
  to   space 2560K, 0% used [0x93940000,0x93940000,0x93bc0000)
 ParOldGen       total 43776K, used 3320K [0x66e00000, 0x698c0000, 0x918c0000)
  object space 43776K, 7% used [0x66e00000,0x6713e050,0x698c0000)
 Metaspace       used 7554K, capacity 7597K, committed 7704K, reserved 8496K
}

Deoptimization events (10 events):
Event: 31.554 Thread 0xb6207800 Uncommon trap: reason=bimorphic action=maybe_recompile pc=0xa732d0dc method=java.util.HashMap.getNode(ILjava/lang/Object;)Ljava/util/HashMap$Node; @ 126
Event: 31.556 Thread 0xb6207800 Uncommon trap: reason=unstable_if action=reinterpret pc=0xa732d09c method=java.util.HashMap.getNode(ILjava/lang/Object;)Ljava/util/HashMap$Node; @ 62
Event: 31.557 Thread 0xb6207800 Uncommon trap: reason=bimorphic action=maybe_recompile pc=0xa7328530 method=java.util.HashMap.getNode(ILjava/lang/Object;)Ljava/util/HashMap$Node; @ 126
Event: 49.391 Thread 0xb6207800 Uncommon trap: reason=predicate action=maybe_recompile pc=0xa74063e8 method=groovyjarjarantlr.InputBuffer.syncConsume()V @ 7
Event: 49.391 Thread 0xb6207800 Uncommon trap: reason=predicate action=maybe_recompile pc=0xa74052e8 method=groovyjarjarantlr.InputBuffer.syncConsume()V @ 7
Event: 49.391 Thread 0xb6207800 Uncommon trap: reason=predicate action=maybe_recompile pc=0xa7402d4c method=groovyjarjarantlr.InputBuffer.syncConsume()V @ 7
Event: 52.387 Thread 0xb6207800 Uncommon trap: reason=unstable_if action=reinterpret pc=0xa74326e4 method=java.nio.charset.CoderResult.isOverflow()Z @ 5
Event: 56.056 Thread 0xb6207800 Uncommon trap: reason=unstable_if action=reinterpret pc=0xa7315684 method=java.lang.String.startsWith(Ljava/lang/String;I)Z @ 25
Event: 56.565 Thread 0xb6207800 Uncommon trap: reason=range_check action=make_not_entrant pc=0xa73dcf04 method=sun.reflect.generics.parser.SignatureParser.current()C @ 34
Event: 69.389 Thread 0xb6207800 Uncommon trap: reason=unstable_if action=reinterpret pc=0xa749d434 method=java.util.HashMap.hash(Ljava/lang/Object;)I @ 1

Internal exceptions (10 events):
Event: 41.488 Thread 0xb6207800 Exception <a 'java/lang/ArrayIndexOutOfBoundsException'> (0x924b07e8) thrown at [/build/openjdk-8-Y4imzb/openjdk-8-8u151-b12/src/hotspot/src/share/vm/runtime/sharedRuntime.cpp, line 605]
Event: 41.489 Thread 0xb6207800 Exception <a 'java/lang/ArrayIndexOutOfBoundsException'> (0x924b18e0) thrown at [/build/openjdk-8-Y4imzb/openjdk-8-8u151-b12/src/hotspot/src/share/vm/runtime/sharedRuntime.cpp, line 605]
Event: 41.489 Thread 0xb6207800 Exception <a 'java/lang/ArrayIndexOutOfBoundsException'> (0x924b2730) thrown at [/build/openjdk-8-Y4imzb/openjdk-8-8u151-b12/src/hotspot/src/share/vm/runtime/sharedRuntime.cpp, line 605]
Event: 41.489 Thread 0xb6207800 Exception <a 'java/lang/ArrayIndexOutOfBoundsException'> (0x924b3578) thrown at [/build/openjdk-8-Y4imzb/openjdk-8-8u151-b12/src/hotspot/src/share/vm/runtime/sharedRuntime.cpp, line 605]
Event: 41.491 Thread 0xb6207800 Exception <a 'java/lang/ArrayIndexOutOfBoundsException'> (0x924b4668) thrown at [/build/openjdk-8-Y4imzb/openjdk-8-8u151-b12/src/hotspot/src/share/vm/runtime/sharedRuntime.cpp, line 605]
Event: 41.491 Thread 0xb6207800 Exception <a 'java/lang/ArrayIndexOutOfBoundsException'> (0x924b5520) thrown at [/build/openjdk-8-Y4imzb/openjdk-8-8u151-b12/src/hotspot/src/share/vm/runtime/sharedRuntime.cpp, line 605]
Event: 41.491 Thread 0xb6207800 Exception <a 'java/lang/ArrayIndexOutOfBoundsException'> (0x924b63d0) thrown at [/build/openjdk-8-Y4imzb/openjdk-8-8u151-b12/src/hotspot/src/share/vm/runtime/sharedRuntime.cpp, line 605]
Event: 41.491 Thread 0xb6207800 Exception <a 'java/lang/ArrayIndexOutOfBoundsException'> (0x924b7488) thrown at [/build/openjdk-8-Y4imzb/openjdk-8-8u151-b12/src/hotspot/src/share/vm/runtime/sharedRuntime.cpp, line 605]
Event: 56.566 Thread 0xb6207800 Exception <a 'java/lang/ArrayIndexOutOfBoundsException': 22> (0x91c3b7d0) thrown at [/build/openjdk-8-Y4imzb/openjdk-8-8u151-b12/src/hotspot/src/share/vm/interpreter/interpreterRuntime.cpp, line 366]
Event: 69.389 Thread 0xb6207800 Implicit null exception at 0xa749d27e to 0xa749d425

Events (10 events):
Event: 73.293 loading class sun/reflect/generics/tree/IntSignature done
Event: 73.401 loading class sun/reflect/generics/tree/VoidDescriptor
Event: 73.401 loading class sun/reflect/generics/tree/VoidDescriptor done
Event: 73.668 Executing VM operation: ParallelGCFailedAllocation
Event: 74.008 Executing VM operation: ParallelGCFailedAllocation done
Event: 74.832 Executing VM operation: Deoptimize
Event: 74.833 Executing VM operation: Deoptimize done
Event: 74.834 loading class java/util/Collections$UnmodifiableMap
Event: 74.934 loading class java/util/Collections$UnmodifiableMap done
Event: 76.453 loading class java/io/Console


Dynamic libraries:
08048000-08049000 r-xp 00000000 08:01 1693306    /usr/lib/jvm/java-8-openjdk-i386/jre/bin/java
08049000-0804a000 r--p 00000000 08:01 1693306    /usr/lib/jvm/java-8-openjdk-i386/jre/bin/java
0804a000-0804b000 rw-p 00001000 08:01 1693306    /usr/lib/jvm/java-8-openjdk-i386/jre/bin/java
09667000-09688000 rw-p 00000000 00:00 0          [heap]
61400000-6145a000 rw-p 00000000 00:00 0 
6145a000-61500000 ---p 00000000 00:00 0 
61500000-615db000 rw-p 00000000 00:00 0 
615db000-61600000 ---p 00000000 00:00 0 
61600000-616f9000 rw-p 00000000 00:00 0 
616f9000-61700000 ---p 00000000 00:00 0 
61700000-617fe000 rw-p 00000000 00:00 0 
617fe000-61800000 ---p 00000000 00:00 0 
61800000-618fb000 rw-p 00000000 00:00 0 
618fb000-61900000 ---p 00000000 00:00 0 
61900000-61a00000 rw-p 00000000 00:00 0 
61a00000-61b00000 rw-p 00000000 00:00 0 
61b00000-61b60000 rw-p 00000000 00:00 0 
61b80000-61c00000 ---p 00000000 00:00 0 
61c00000-61d00000 rw-p 00000000 00:00 0 
61d00000-61dd5000 rw-p 00000000 00:00 0 
61dd5000-61e00000 ---p 00000000 00:00 0 
61e00000-61f00000 rw-p 00000000 00:00 0 
61f00000-62000000 rw-p 00000000 00:00 0 
62000000-620fd000 rw-p 00000000 00:00 0 
620fd000-62100000 ---p 00000000 00:00 0 
62100000-62200000 rw-p 00000000 00:00 0 
62200000-62300000 rw-p 00000000 00:00 0 
62300000-623fc000 rw-p 00000000 00:00 0 
623fc000-62400000 ---p 00000000 00:00 0 
62400000-624fe000 rw-p 00000000 00:00 0 
624fe000-62500000 ---p 00000000 00:00 0 
62500000-625ff000 rw-p 00000000 00:00 0 
625ff000-62600000 ---p 00000000 00:00 0 
6260b000-62684000 r--s 010fe000 08:01 1694179    /usr/lib/jvm/java-8-openjdk-i386/lib/tools.jar
62684000-62687000 r--s 00023000 08:01 2478896    /home/sarnobat/github/groovy_libraries/.groovy/lib/maven-shared-utils-0.1.jar
62687000-6268a000 r--s 0000b000 08:01 2478399    /home/sarnobat/github/groovy_libraries/.groovy/lib/concurrentlinkedhashmap-lru-1.3.1.jar
6268a000-62691000 r--s 0005b000 08:01 2478897    /home/sarnobat/github/groovy_libraries/.groovy/lib/mongo-java-driver-2.10.1.jar
62691000-6269f000 r--s 000ad000 08:01 2478846    /home/sarnobat/github/groovy_libraries/.groovy/lib/jackson-mapper-asl-1.9.2.jar
6269f000-626ac000 r--s 000a2000 08:01 2478391    /home/sarnobat/github/groovy_libraries/.groovy/lib/commons-imaging-1.0-R1480221.jar
626ac000-626d1000 r--s 002e3000 08:01 2478932    /home/sarnobat/github/groovy_libraries/.groovy/lib/xalan-2.7.1.jar
626d1000-62700000 r--s 0028b000 08:01 2478865    /home/sarnobat/github/groovy_libraries/.groovy/lib/jetty-all-9.2.21.v20170120.jar
62700000-627f9000 rw-p 00000000 00:00 0 
627f9000-62800000 ---p 00000000 00:00 0 
62800000-628fb000 rw-p 00000000 00:00 0 
628fb000-62900000 ---p 00000000 00:00 0 
62901000-62903000 r--s 0000c000 08:01 2478389    /home/sarnobat/github/groovy_libraries/.groovy/lib/commons-exec-1.3.jar
62903000-62904000 r--s 0000a000 08:01 2478397    /home/sarnobat/github/groovy_libraries/.groovy/lib/commons-logging-api-1.1.jar
62904000-62906000 r--s 00008000 08:01 2478930    /home/sarnobat/github/groovy_libraries/.groovy/lib/vget-1.1.5.jar
62906000-62907000 r--s 00004000 08:01 2478901    /home/sarnobat/github/groovy_libraries/.groovy/lib/opencsv-2.3.jar
62907000-62909000 r--s 00000000 08:01 2478907    /home/sarnobat/github/groovy_libraries/.groovy/lib/plexus-component-annotations-1.5.5.jar
62909000-6290d000 r--s 0000c000 08:01 2478929    /home/sarnobat/github/groovy_libraries/.groovy/lib/validation-api-1.1.0.Final.jar
6290d000-6290f000 r--s 00005000 08:01 2478924    /home/sarnobat/github/groovy_libraries/.groovy/lib/slf4j-api-1.7.5.jar
6290f000-62914000 r--s 0002a000 08:01 2478419    /home/sarnobat/github/groovy_libraries/.groovy/lib/gson-2.2.4.jar
62914000-62915000 r--s 00002000 08:01 2478875    /home/sarnobat/github/groovy_libraries/.groovy/lib/jsch.agentproxy.connector-factory-0.0.6.jar
62915000-62922000 r--s 00082000 08:01 2478856    /home/sarnobat/github/groovy_libraries/.groovy/lib/jersey-common-2.0.jar
62922000-62924000 r--s 0000d000 08:01 2478912    /home/sarnobat/github/groovy_libraries/.groovy/lib/plexus-interpolation-1.13.jar
62924000-62927000 r--s 0001b000 08:01 2478888    /home/sarnobat/github/groovy_libraries/.groovy/lib/junit-3.8.2.jar
62927000-62928000 r--s 00001000 08:01 2478400    /home/sarnobat/github/groovy_libraries/.groovy/lib/doxia-sink-api-1.0-alpha-7.jar
62928000-6292a000 r--s 00011000 08:01 2478873    /home/sarnobat/github/groovy_libraries/.groovy/lib/jsch-extension-0.1.3.jar
6292a000-6292e000 r--s 00040000 08:01 2478871    /home/sarnobat/github/groovy_libraries/.groovy/lib/jsch-0.1.53-sources.jar
6292e000-62931000 r--s 00023000 08:01 2478853    /home/sarnobat/github/groovy_libraries/.groovy/lib/jdom-1.0.jar
62931000-62932000 r--s 00003000 08:01 2478407    /home/sarnobat/github/groovy_libraries/.groovy/lib/geronimo-jta_1.1_spec-1.1.1.jar
62932000-62933000 r--s 00003000 08:01 2478857    /home/sarnobat/github/groovy_libraries/.groovy/lib/jersey-container-jdk-http-2.0.jar
62933000-62937000 r--s 0003b000 08:01 2478870    /home/sarnobat/github/groovy_libraries/.groovy/lib/jsch-0.1.50.jar.disabled
62937000-6293b000 r--s 00032000 08:01 2478915    /home/sarnobat/github/groovy_libraries/.groovy/lib/rome-1.0.jar
6293b000-62946000 r--s 00068000 08:01 2478859    /home/sarnobat/github/groovy_libraries/.groovy/lib/jersey-core-1.17.1.jar
62946000-62948000 r--s 0000d000 08:01 2479615    /home/sarnobat/github/groovy_libraries/.groovy/lib/commons-codec-1.4.jar
62948000-62949000 r--s 00007000 08:01 2478923    /home/sarnobat/github/groovy_libraries/.groovy/lib/slf4j-api-1.7.12.jar
62949000-6294b000 r--s 0000a000 08:01 2478931    /home/sarnobat/github/groovy_libraries/.groovy/lib/wget-1.2.9.jar
6294b000-6295a000 r--s 00095000 08:01 2478927    /home/sarnobat/github/groovy_libraries/.groovy/lib/sshd-core-0.14.0.jar
6295a000-6295b000 r--s 00001000 08:01 2478881    /home/sarnobat/github/groovy_libraries/.groovy/lib/jsch.agentproxy.usocket-jna-0.0.6.jar
6295b000-6295d000 r--s 00000000 08:01 2478877    /home/sarnobat/github/groovy_libraries/.groovy/lib/jsch.agentproxy.jsch-0.0.6.jar
6295d000-62961000 r--s 0001d000 08:01 2478933    /home/sarnobat/github/groovy_libraries/.groovy/lib/xbean-reflect-3.4.jar
62961000-62966000 r--s 00047000 08:01 2478381    /home/sarnobat/github/groovy_libraries/.groovy/lib/asm-all-repackaged-2.1.88.jar
62966000-62968000 r--s 00000000 08:01 2478906    /home/sarnobat/github/groovy_libraries/.groovy/lib/plexus-compiler-manager-2.0.jar
62968000-6296a000 r--s 00002000 08:01 2478895    /home/sarnobat/github/groovy_libraries/.groovy/lib/maven-shared-incremental-1.0.jar
6296a000-6296c000 r--s 00001000 08:01 2478876    /home/sarnobat/github/groovy_libraries/.groovy/lib/jsch.agentproxy.core-0.0.6.jar
6296c000-6296e000 r--s 00282000 08:01 2478919    /home/sarnobat/github/groovy_libraries/.groovy/lib/selenium-firefox-driver-2.45.0.jar
6296e000-62997000 r--s 001ee000 08:01 2478420    /home/sarnobat/github/groovy_libraries/.groovy/lib/guava-14.0.1.jar
62997000-62a00000 r--s 003e4000 08:01 2478899    /home/sarnobat/github/groovy_libraries/.groovy/lib/neo4j-cypher-1.9.2.jar
62a00000-62aff000 rw-p 00000000 00:00 0 
62aff000-62b00000 ---p 00000000 00:00 0 
62b00000-62b02000 r--s 00005000 08:01 2478847    /home/sarnobat/github/groovy_libraries/.groovy/lib/javax.annotation-api-1.2.jar
62b02000-62b03000 r--s 00001000 08:01 2478878    /home/sarnobat/github/groovy_libraries/.groovy/lib/jsch.agentproxy.pageant-0.0.6.jar
62b03000-62b05000 r--s 00000000 08:01 2478879    /home/sarnobat/github/groovy_libraries/.groovy/lib/jsch.agentproxy.sshagent-0.0.6.jar
62b05000-62b07000 r--s 0000d000 08:01 2478416    /home/sarnobat/github/groovy_libraries/.groovy/lib/google-oauth-client-1.17.0-rc.jar
62b07000-62b0b000 r--s 00025000 08:01 2478408    /home/sarnobat/github/groovy_libraries/.groovy/lib/google-api-client-1.17.0-rc.jar
62b0b000-62b0c000 r--s 00001000 08:01 2478903    /home/sarnobat/github/groovy_libraries/.groovy/lib/plexus-build-api-0.0.4.jar
62b0c000-62b0f000 r--s 0001b000 08:01 2478887    /home/sarnobat/github/groovy_libraries/.groovy/lib/junit-3.8.1.jar
62b0f000-62b13000 r--s 00019000 08:01 2478855    /home/sarnobat/github/groovy_libraries/.groovy/lib/jersey-client-2.0.jar
62b13000-62b15000 r--s 0000d000 08:01 2478874    /home/sarnobat/github/groovy_libraries/.groovy/lib/jsch-nio-0.1.5.jar
62b15000-62b1b000 r--s 00033000 08:01 2478921    /home/sarnobat/github/groovy_libraries/.groovy/lib/selenium-remote-driver-2.45.0.jar
62b1b000-62b1f000 r--s 0002f000 08:01 2478845    /home/sarnobat/github/groovy_libraries/.groovy/lib/jackson-core-2.1.3.jar
62b1f000-62b22000 r--s 00015000 08:01 2478409    /home/sarnobat/github/groovy_libraries/.groovy/lib/google-api-services-calendar-v3-rev72-1.17.0-rc.jar
62b22000-62b24000 r--s 0000b000 08:01 2478427    /home/sarnobat/github/groovy_libraries/.groovy/lib/hk2-utils-2.1.88.jar
62b24000-62b2a000 r--s 00042000 08:01 2478885    /home/sarnobat/github/groovy_libraries/.groovy/lib/jsoup-1.7.2.jar
62b2a000-62b38000 r--s 0007f000 08:01 2478387    /home/sarnobat/github/groovy_libraries/.groovy/lib/commons-collections-3.2.1.jar
62b38000-62b43000 r--s 00085000 08:01 2478429    /home/sarnobat/github/groovy_libraries/.groovy/lib/httpclient-4.3.3.jar
62b43000-62b44000 r--s 00002000 08:01 2478417    /home/sarnobat/github/groovy_libraries/.groovy/lib/google-oauth-client-java6-1.17.0-rc.jar
62b44000-62b45000 r--s 00001000 08:01 2478883    /home/sarnobat/github/groovy_libraries/.groovy/lib/jsch.agentproxy.usocket-nc-0.0.6.jar
62b45000-62b49000 r--s 00017000 08:01 2478928    /home/sarnobat/github/groovy_libraries/.groovy/lib/thumbnailator-0.4.8.jar
62b49000-62b4b000 r--s 0001f000 08:01 2478922    /home/sarnobat/github/groovy_libraries/.groovy/lib/servlet-api-2.5-20081211.jar
62b4b000-62b4d000 r--s 0001d000 08:01 2478425    /home/sarnobat/github/groovy_libraries/.groovy/lib/hk2-locator-2.1.88.jar
62b4d000-62b51000 r--s 00018000 08:01 2478424    /home/sarnobat/github/groovy_libraries/.groovy/lib/hk2-api-2.1.88.jar
62b51000-62b52000 r--s 00002000 08:01 2478918    /home/sarnobat/github/groovy_libraries/.groovy/lib/selenium-chrome-driver-2.45.0.jar
62b52000-62b56000 r--s 00024000 08:01 2478861    /home/sarnobat/github/groovy_libraries/.groovy/lib/jersey-json-1.17.1.jar
62b56000-62b5a000 r--s 0002a000 08:01 2478393    /home/sarnobat/github/groovy_libraries/.groovy/lib/commons-io-2.4.jar
62b5a000-62b79000 r--s 00153000 08:01 2478900    /home/sarnobat/github/groovy_libraries/.groovy/lib/neo4j-kernel-1.9.2.jar
62b79000-62b80000 r--s 00051000 08:01 2478889    /home/sarnobat/github/groovy_libraries/.groovy/lib/log4j-1.2.12.jar
62b80000-62b81000 r--s 00006000 08:01 2478926    /home/sarnobat/github/groovy_libraries/.groovy/lib/solr-commons-csv-3.5.0.jar
62b81000-62b85000 r--s 00018000 08:01 2478852    /home/sarnobat/github/groovy_libraries/.groovy/lib/javax.ws.rs-api-2.0.jar
62b85000-62b87000 r--s 0000b000 08:01 2478388    /home/sarnobat/github/groovy_libraries/.groovy/lib/commons-exec-1.1.jar
62b87000-62b89000 r--s 00001000 08:01 2478925    /home/sarnobat/github/groovy_libraries/.groovy/lib/slf4j-log4j12-1.7.12.jar
62b89000-62b8b000 r--s 00005000 08:01 2478904    /home/sarnobat/github/groovy_libraries/.groovy/lib/plexus-compiler-api-2.0.jar
62b8b000-62b8c000 r--s 00002000 08:01 2478893    /home/sarnobat/github/groovy_libraries/.groovy/lib/maven-reporting-api-2.0.6.jar
62b8c000-62b92000 r--s 0003c000 08:01 2478412    /home/sarnobat/github/groovy_libraries/.groovy/lib/google-http-client-1.17.0-rc.jar
62b92000-62b96000 r--s 00028000 08:01 2478867    /home/sarnobat/github/groovy_libraries/.groovy/lib/jetty-util-6.1.26.jar
62b96000-62b98000 r--s 00009000 08:01 2478891    /home/sarnobat/github/groovy_libraries/.groovy/lib/maven-compiler-plugin-3.0.jar
62b98000-62b9f000 r--s 00058000 08:01 2478396    /home/sarnobat/github/groovy_libraries/.groovy/lib/commons-lang3-3.2.1.jar
62b9f000-62ba1000 r--s 0000c000 08:01 2478385    /home/sarnobat/github/groovy_libraries/.groovy/lib/commons-cli-1.4.jar
62ba1000-62ba3000 r--s 00007000 08:01 2478892    /home/sarnobat/github/groovy_libraries/.groovy/lib/maven-filtering-1.0-beta-4.jar
62ba3000-62ba4000 r--s 00004000 08:01 2478905    /home/sarnobat/github/groovy_libraries/.groovy/lib/plexus-compiler-javac-2.0.jar
62ba4000-62bab000 r--s 00048000 08:01 2478841    /home/sarnobat/github/groovy_libraries/.groovy/lib/httpcore-4.4.1.jar
62bab000-62baf000 r--s 000dc000 08:01 2478869    /home/sarnobat/github/groovy_libraries/.groovy/lib/jna-4.1.0.jar
62baf000-62bb5000 r--s 00043000 08:01 2478402    /home/sarnobat/github/groovy_libraries/.groovy/lib/genson-0.98.jar
62bb5000-62bb6000 r--s 00005000 08:01 2478894    /home/sarnobat/github/groovy_libraries/.groovy/lib/maven-resources-plugin-2.4.3.jar
62bb6000-62bb8000 r--s 00005000 08:01 2478844    /home/sarnobat/github/groovy_libraries/.groovy/lib/httpmime-4.2.3.jar
62bb8000-62bbc000 r--s 0003c000 08:01 2478394    /home/sarnobat/github/groovy_libraries/.groovy/lib/commons-lang-2.4.jar
62bbc000-62bc0000 r--s 00030000 08:01 2478913    /home/sarnobat/github/groovy_libraries/.groovy/lib/plexus-utils-1.5.1.jar
62bc0000-62bc7000 r--s 0003f000 08:01 2478382    /home/sarnobat/github/groovy_libraries/.groovy/lib/cglib-2.1.88.jar
62bc7000-62bca000 r--s 00012000 08:01 2478851    /home/sarnobat/github/groovy_libraries/.groovy/lib/javax.json-1.0.4.jar
62bca000-62bcb000 r--s 0000f000 08:01 2478884    /home/sarnobat/github/groovy_libraries/.groovy/lib/json-20131018.jar
62bcb000-62bcc000 r--s 00001000 08:01 2478418    /home/sarnobat/github/groovy_libraries/.groovy/lib/google-oauth-client-jetty-1.17.0-rc.jar
62bcc000-62bd1000 r--s 0002b000 08:01 2478401    /home/sarnobat/github/groovy_libraries/.groovy/lib/fuse-jna-0.0.1-SNAPSHOT.jar
62bd1000-62be3000 r--s 00099000 08:01 2478863    /home/sarnobat/github/groovy_libraries/.groovy/lib/jersey-server-2.0.jar
62be3000-62be5000 r--s 00006000 08:01 2478886    /home/sarnobat/github/groovy_libraries/.groovy/lib/jsr305-2.0.1.jar
62be5000-62be6000 r--s 00001000 08:01 2478415    /home/sarnobat/github/groovy_libraries/.groovy/lib/google-http-client-jackson2-1.17.0-rc.jar
62be6000-62be8000 r--s 00002000 08:01 2478911    /home/sarnobat/github/groovy_libraries/.groovy/lib/plexus-interactivity-api-1.0-alpha-4.jar
62be8000-62be9000 r--s 00004000 08:01 2478902    /home/sarnobat/github/groovy_libraries/.groovy/lib/osgi-resource-locator-1.0.1.jar
62be9000-62bee000 r--s 0001d000 08:01 2478917    /home/sarnobat/github/groovy_libraries/.groovy/lib/selenium-api-2.45.0.jar
62bee000-62bf5000 r--s 00064000 08:01 2478890    /home/sarnobat/github/groovy_libraries/.groovy/lib/mail-1.4.2.jar
62bf5000-62bfc000 r--s 00050000 08:01 2478843    /home/sarnobat/github/groovy_libraries/.groovy/lib/httpcore-nio-4.4.1.jar
62bfc000-62c00000 r--s 00033000 08:01 2478914    /home/sarnobat/github/groovy_libraries/.groovy/lib/plexus-utils-2.0.5.jar
62c00000-62cfc000 rw-p 00000000 00:00 0 
62cfc000-62d00000 ---p 00000000 00:00 0 
62d00000-62dfc000 rw-p 00000000 00:00 0 
62dfc000-62e00000 ---p 00000000 00:00 0 
62e00000-62e01000 r--s 00001000 08:01 2478848    /home/sarnobat/github/groovy_libraries/.groovy/lib/javax.inject-2.1.88.jar
62e01000-62e04000 r--s 0001d000 08:01 2478854    /home/sarnobat/github/groovy_libraries/.groovy/lib/jersey-client-1.17.1.jar
62e04000-62e75000 r--s 00658000 08:01 2478916    /home/sarnobat/github/groovy_libraries/.groovy/lib/scala-library-2.10.0.jar
62e75000-62e76000 r--s 00006000 08:01 1693894    /usr/share/maven-repo/org/codehaus/groovy/groovy-servlet/2.4.5/groovy-servlet-2.4.5.jar
62e76000-62e78000 r--s 0001b000 08:01 1693924    /usr/share/maven-repo/org/codehaus/groovy/groovy-docgenerator/2.4.5/groovy-docgenerator-2.4.5.jar
62e78000-62e7a000 r--s 00011000 08:01 1147685    /usr/share/java/jsp-api-2.1.jar
62e7a000-62e88000 r--s 000c8000 08:01 1149227    /usr/share/java/testng.jar
62e88000-62e8a000 r--s 0000c000 08:01 1149198    /usr/share/java/asm4-5.0.4.jar
62e8a000-62e8c000 r--s 00006000 08:01 1149197    /usr/share/java/asm4-tree-5.0.4.jar
62e8c000-62e8e000 r--s 00012000 08:01 1839680    /usr/share/maven-repo/org/codehaus/groovy/groovy-test/2.4.5/groovy-test-2.4.5.jar
62e8e000-62e8f000 r--s 00004000 08:01 1144744    /usr/share/java/ant-launcher-1.9.6.jar
62e8f000-62e90000 r--s 00005000 08:01 1147905    /usr/share/java/jansi-1.4.jar
62e90000-62e92000 r--s 00019000 08:01 1149207    /usr/share/java/jline2.jar
62e92000-62e94000 r--s 00001000 08:01 1839692    /usr/share/maven-repo/org/codehaus/groovy/groovy-testng/2.4.5/groovy-testng-2.4.5.jar
62e94000-62ea9000 r--s 00124000 08:01 1147882    /usr/share/java/ivy-2.3.0.jar
62ea9000-62eab000 r--s 00016000 08:01 1839697    /usr/share/maven-repo/org/codehaus/groovy/groovy-templates/2.4.5/groovy-templates-2.4.5.jar
62eab000-62ead000 r--s 00004000 08:01 1839662    /usr/share/maven-repo/org/codehaus/groovy/groovy-jsr223/2.4.5/groovy-jsr223-2.4.5.jar
62ead000-62eb0000 r--s 0001e000 08:01 1147684    /usr/share/java/servlet-api-2.5.jar
62eb0000-62eb1000 r--s 00003000 08:01 1147898    /usr/share/java/hawtjni-runtime-1.10.jar
62eb1000-62eb2000 r--s 00001000 08:01 1147901    /usr/share/java/jansi-native-1.0.jar
62eb2000-62eb3000 r--s 00005000 08:01 1147905    /usr/share/java/jansi-1.4.jar
62eb3000-62f00000 r--s 0040d000 08:01 1149211    /usr/share/java/groovy-2.x.jar
62f00000-62ffd000 rw-p 00000000 00:00 0 
62ffd000-63000000 ---p 00000000 00:00 0 
63000000-6300d000 r--s 00076000 08:01 1147859    /usr/share/java/xstream-1.4.8.jar
6300d000-6305a000 r--s 0040d000 08:01 1149211    /usr/share/java/groovy-2.x.jar
6305a000-6305b000 ---p 00000000 00:00 0 
6305b000-630db000 rw-p 00000000 00:00 0 
630db000-630de000 ---p 00000000 00:00 0 
630de000-6312c000 rw-p 00000000 00:00 0 
6312c000-6312f000 ---p 00000000 00:00 0 
6312f000-631ad000 rw-p 00000000 00:00 0 
631ad000-631b0000 ---p 00000000 00:00 0 
631b0000-6322e000 rw-p 00000000 00:00 0 
6322e000-63231000 ---p 00000000 00:00 0 
63231000-632af000 rw-p 00000000 00:00 0 
632af000-632b2000 ---p 00000000 00:00 0 
632b2000-63300000 rw-p 00000000 00:00 0 
63300000-63500000 r--p 00000000 08:01 1105218    /usr/lib/locale/locale-archive
63500000-635f8000 rw-p 00000000 00:00 0 
635f8000-63600000 ---p 00000000 00:00 0 
63600000-63621000 rw-p 00000000 00:00 0 
63621000-63700000 ---p 00000000 00:00 0 
63700000-637fb000 rw-p 00000000 00:00 0 
637fb000-63800000 ---p 00000000 00:00 0 
63800000-63804000 r--s 00028000 08:01 1149209    /usr/share/java/qdox-1.12.1.jar
63804000-63808000 r--s 0001e000 08:01 1839667    /usr/share/maven-repo/org/codehaus/groovy/groovy-groovydoc/2.4.5/groovy-groovydoc-2.4.5.jar
63808000-6380d000 r--s 00068000 08:01 1144929    /usr/share/java/antlr.jar
6380d000-63810000 r--s 0001d000 08:01 1839643    /usr/share/maven-repo/org/codehaus/groovy/groovy-json/2.4.5/groovy-json-2.4.5.jar
63810000-63813000 r--s 0000d000 08:01 1149225    /usr/share/java/jcommander.jar
63813000-63816000 ---p 00000000 00:00 0 
63816000-63864000 rw-p 00000000 00:00 0 
63864000-63865000 ---p 00000000 00:00 0 
63865000-638e5000 rw-p 00000000 00:00 0 
638e5000-63ab4000 r--s 03c21000 08:01 1693223    /usr/lib/jvm/java-8-openjdk-i386/jre/lib/rt.jar
63ab4000-63efa000 rw-p 00000000 00:00 0 
63efa000-63f00000 ---p 00000000 00:00 0 
63f00000-66300000 rw-p 00000000 00:00 0 
66300000-663f6000 rw-p 00000000 00:00 0 
663f6000-66400000 ---p 00000000 00:00 0 
66400000-66401000 r--s 0000d000 08:01 1147020    /usr/share/java/commons-logging-1.2.jar
66401000-66402000 r--s 0000a000 08:01 1149195    /usr/share/java/asm4-util-5.0.4.jar
66402000-66404000 r--s 0000a000 08:01 1147016    /usr/share/java/commons-cli-1.3.1.jar
66404000-66407000 r--s 00010000 08:01 1145778    /usr/share/java/bsf-2.4.0.jar
66407000-66409000 r--s 0001b000 08:01 1145289    /usr/share/java/ant-junit-1.9.6.jar
66409000-6640d000 r--s 00031000 08:01 1693912    /usr/share/maven-repo/org/codehaus/groovy/groovy-xml/2.4.5/groovy-xml-2.4.5.jar
6640d000-6640f000 r--s 0001d000 08:01 1693929    /usr/share/maven-repo/org/codehaus/groovy/groovy-jmx/2.4.5/groovy-jmx-2.4.5.jar
6640f000-6642e000 r--s 001d1000 08:01 1144743    /usr/share/java/ant-1.9.6.jar
6642e000-66431000 ---p 00000000 00:00 0 
66431000-6647f000 rw-p 00000000 00:00 0 
6647f000-66480000 ---p 00000000 00:00 0 
66480000-66500000 rw-p 00000000 00:00 0 
66500000-665fa000 rw-p 00000000 00:00 0 
665fa000-66600000 ---p 00000000 00:00 0 
66600000-66606000 r--s 0005e000 08:01 1693906    /usr/share/maven-repo/org/codehaus/groovy/groovy-groovysh/2.4.5/groovy-groovysh-2.4.5.jar
66606000-66608000 r--s 00004000 08:01 1149192    /usr/share/java/asm4-analysis-5.0.4.jar
66608000-66614000 r--s 00094000 08:01 1693917    /usr/share/maven-repo/org/codehaus/groovy/groovy-console/2.4.5/groovy-console-2.4.5.jar
66614000-66616000 r--s 0000a000 08:01 1147024    /usr/share/java/hamcrest-core-1.3.jar
66616000-66631000 r--s 00394000 08:01 1693228    /usr/lib/jvm/java-8-openjdk-i386/jre/lib/ext/cldrdata.jar
66631000-6667f000 rw-p 00000000 00:00 0 
6667f000-66680000 ---p 00000000 00:00 0 
66680000-66700000 rw-p 00000000 00:00 0 
66700000-66721000 rw-p 00000000 00:00 0 
66721000-66800000 ---p 00000000 00:00 0 
66800000-66801000 r--s 0000d000 08:01 1149216    /usr/share/java/jsr166y-1.7.0.jar
66801000-66809000 r--s 00045000 08:01 1147522    /usr/share/java/junit4-4.12.jar
66809000-66824000 r--s 001d6000 08:01 1693230    /usr/lib/jvm/java-8-openjdk-i386/jre/lib/ext/nashorn.jar
66824000-6687f000 rw-p 00000000 00:00 0 
6687f000-66880000 ---p 00000000 00:00 0 
66880000-66900000 rw-p 00000000 00:00 0 
66900000-66921000 rw-p 00000000 00:00 0 
66921000-66a00000 ---p 00000000 00:00 0 
66a00000-66a06000 r--s 00051000 08:01 1839686    /usr/share/maven-repo/org/codehaus/groovy/groovy-swing/2.4.5/groovy-swing-2.4.5.jar
66a06000-66a08000 r--s 00010000 08:01 1839656    /usr/share/maven-repo/org/codehaus/groovy/groovy-ant/2.4.5/groovy-ant-2.4.5.jar
66a08000-66a0a000 r--s 00012000 08:01 1839650    /usr/share/maven-repo/org/codehaus/groovy/groovy-sql/2.4.5/groovy-sql-2.4.5.jar
66a0a000-66a10000 r--s 0003a000 08:01 1693231    /usr/lib/jvm/java-8-openjdk-i386/jre/lib/ext/sunjce_provider.jar
66a10000-66a28000 rw-p 00000000 00:00 0 
66a28000-66a29000 ---p 00000000 00:00 0 
66a29000-66abf000 rw-p 00000000 00:00 0 
66abf000-66bff000 ---p 00000000 00:00 0 
66bff000-66c15000 rw-p 00000000 00:00 0 
66c15000-66d54000 ---p 00000000 00:00 0 
66d54000-66d68000 rw-p 00000000 00:00 0 
66d68000-66dff000 ---p 00000000 00:00 0 
66dff000-698c0000 rw-p 00000000 00:00 0 
698c0000-918c0000 ---p 00000000 00:00 0 
918c0000-93e40000 rw-p 00000000 00:00 0 
93e40000-a6e00000 ---p 00000000 00:00 0 
a6e00000-a6e01000 r--s 00002000 08:01 1145284    /usr/share/java/ant-antlr-1.9.6.jar
a6e01000-a6e03000 r--s 00009000 08:01 1148102    /usr/share/java/asm4-commons-5.0.4.jar
a6e03000-a6e05000 r--s 00008000 08:01 1693232    /usr/lib/jvm/java-8-openjdk-i386/jre/lib/ext/sunec.jar
a6e05000-a6e13000 rw-p 00000000 00:00 0 
a6e13000-a71c5000 ---p 00000000 00:00 0 
a71c5000-a7525000 rwxp 00000000 00:00 0 
a7525000-b61c5000 ---p 00000000 00:00 0 
b61c5000-b61d0000 r-xp 00000000 08:01 3401300    /lib/i386-linux-gnu/libnss_files-2.23.so
b61d0000-b61d1000 r--p 0000a000 08:01 3401300    /lib/i386-linux-gnu/libnss_files-2.23.so
b61d1000-b61d2000 rw-p 0000b000 08:01 3401300    /lib/i386-linux-gnu/libnss_files-2.23.so
b61d2000-b61d8000 rw-p 00000000 00:00 0 
b61d8000-b61e3000 r-xp 00000000 08:01 3401303    /lib/i386-linux-gnu/libnss_nis-2.23.so
b61e3000-b61e4000 r--p 0000a000 08:01 3401303    /lib/i386-linux-gnu/libnss_nis-2.23.so
b61e4000-b61e5000 rw-p 0000b000 08:01 3401303    /lib/i386-linux-gnu/libnss_nis-2.23.so
b61e5000-b61fc000 r-xp 00000000 08:01 3401221    /lib/i386-linux-gnu/libnsl-2.23.so
b61fc000-b61fd000 r--p 00016000 08:01 3401221    /lib/i386-linux-gnu/libnsl-2.23.so
b61fd000-b61fe000 rw-p 00017000 08:01 3401221    /lib/i386-linux-gnu/libnsl-2.23.so
b61fe000-b6200000 rw-p 00000000 00:00 0 
b6200000-b62fb000 rw-p 00000000 00:00 0 
b62fb000-b6300000 ---p 00000000 00:00 0 
b6300000-b6301000 r--s 00002000 08:01 1839673    /usr/share/maven-repo/org/codehaus/groovy/groovy-bsf/2.4.5/groovy-bsf-2.4.5.jar
b6301000-b630b000 r--s 00116000 08:01 1693233    /usr/lib/jvm/java-8-openjdk-i386/jre/lib/ext/localedata.jar
b630b000-b6313000 r-xp 00000000 08:01 3401309    /lib/i386-linux-gnu/libnss_compat-2.23.so
b6313000-b6314000 r--p 00007000 08:01 3401309    /lib/i386-linux-gnu/libnss_compat-2.23.so
b6314000-b6315000 rw-p 00008000 08:01 3401309    /lib/i386-linux-gnu/libnss_compat-2.23.so
b6315000-b6316000 r--s 00010000 08:01 1693229    /usr/lib/jvm/java-8-openjdk-i386/jre/lib/ext/zipfs.jar
b6316000-b6318000 r--s 00001000 08:01 1693236    /usr/lib/jvm/java-8-openjdk-i386/jre/lib/ext/dnsns.jar
b6318000-b631b000 r--s 0000f000 08:01 1693227    /usr/lib/jvm/java-8-openjdk-i386/jre/lib/ext/icedtea-sound.jar
b631b000-b6323000 r-xp 00000000 08:01 1693277    /usr/lib/jvm/java-8-openjdk-i386/jre/lib/i386/libzip.so
b6323000-b6324000 r--p 00007000 08:01 1693277    /usr/lib/jvm/java-8-openjdk-i386/jre/lib/i386/libzip.so
b6324000-b6325000 rw-p 00008000 08:01 1693277    /usr/lib/jvm/java-8-openjdk-i386/jre/lib/i386/libzip.so
b6325000-b632d000 rw-s 00000000 08:01 2576996    /tmp/hsperfdata_sarnobat/1431
b632d000-b6354000 r-xp 00000000 08:01 1693258    /usr/lib/jvm/java-8-openjdk-i386/jre/lib/i386/libjava.so
b6354000-b6355000 r--p 00026000 08:01 1693258    /usr/lib/jvm/java-8-openjdk-i386/jre/lib/i386/libjava.so
b6355000-b6356000 rw-p 00027000 08:01 1693258    /usr/lib/jvm/java-8-openjdk-i386/jre/lib/i386/libjava.so
b6356000-b635d000 r-xp 00000000 08:01 3401305    /lib/i386-linux-gnu/librt-2.23.so
b635d000-b635e000 r--p 00006000 08:01 3401305    /lib/i386-linux-gnu/librt-2.23.so
b635e000-b635f000 rw-p 00007000 08:01 3401305    /lib/i386-linux-gnu/librt-2.23.so
b635f000-b6362000 ---p 00000000 00:00 0 
b6362000-b63b0000 rw-p 00000000 00:00 0 
b63b0000-b63cc000 r-xp 00000000 08:01 3402590    /lib/i386-linux-gnu/libgcc_s.so.1
b63cc000-b63cd000 rw-p 0001b000 08:01 3402590    /lib/i386-linux-gnu/libgcc_s.so.1
b63cd000-b6420000 r-xp 00000000 08:01 3401314    /lib/i386-linux-gnu/libm-2.23.so
b6420000-b6421000 r--p 00052000 08:01 3401314    /lib/i386-linux-gnu/libm-2.23.so
b6421000-b6422000 rw-p 00053000 08:01 3401314    /lib/i386-linux-gnu/libm-2.23.so
b6422000-b658f000 r-xp 00000000 08:01 1110301    /usr/lib/i386-linux-gnu/libstdc++.so.6.0.21
b658f000-b6590000 ---p 0016d000 08:01 1110301    /usr/lib/i386-linux-gnu/libstdc++.so.6.0.21
b6590000-b6595000 r--p 0016d000 08:01 1110301    /usr/lib/i386-linux-gnu/libstdc++.so.6.0.21
b6595000-b6596000 rw-p 00172000 08:01 1110301    /usr/lib/i386-linux-gnu/libstdc++.so.6.0.21
b6596000-b6599000 rw-p 00000000 00:00 0 
b6599000-b706a000 r-xp 00000000 08:01 1693269    /usr/lib/jvm/java-8-openjdk-i386/jre/lib/i386/server/libjvm.so
b706a000-b70b0000 r--p 00ad0000 08:01 1693269    /usr/lib/jvm/java-8-openjdk-i386/jre/lib/i386/server/libjvm.so
b70b0000-b70c7000 rw-p 00b16000 08:01 1693269    /usr/lib/jvm/java-8-openjdk-i386/jre/lib/i386/server/libjvm.so
b70c7000-b74e8000 rw-p 00000000 00:00 0 
b74e8000-b7501000 r-xp 00000000 08:01 3401302    /lib/i386-linux-gnu/libpthread-2.23.so
b7501000-b7502000 r--p 00018000 08:01 3401302    /lib/i386-linux-gnu/libpthread-2.23.so
b7502000-b7503000 rw-p 00019000 08:01 3401302    /lib/i386-linux-gnu/libpthread-2.23.so
b7503000-b7505000 rw-p 00000000 00:00 0 
b7505000-b7508000 r-xp 00000000 08:01 3401308    /lib/i386-linux-gnu/libdl-2.23.so
b7508000-b7509000 r--p 00002000 08:01 3401308    /lib/i386-linux-gnu/libdl-2.23.so
b7509000-b750a000 rw-p 00003000 08:01 3401308    /lib/i386-linux-gnu/libdl-2.23.so
b750a000-b7523000 r-xp 00000000 08:01 3402741    /lib/i386-linux-gnu/libz.so.1.2.8
b7523000-b7524000 r--p 00018000 08:01 3402741    /lib/i386-linux-gnu/libz.so.1.2.8
b7524000-b7525000 rw-p 00019000 08:01 3402741    /lib/i386-linux-gnu/libz.so.1.2.8
b7525000-b76d5000 r-xp 00000000 08:01 3402570    /lib/i386-linux-gnu/libc-2.23.so
b76d5000-b76d7000 r--p 001af000 08:01 3402570    /lib/i386-linux-gnu/libc-2.23.so
b76d7000-b76d8000 rw-p 001b1000 08:01 3402570    /lib/i386-linux-gnu/libc-2.23.so
b76d8000-b76db000 rw-p 00000000 00:00 0 
b76db000-b76dc000 r--s 0000a000 08:01 1693235    /usr/lib/jvm/java-8-openjdk-i386/jre/lib/ext/jaccess.jar
b76dc000-b76e0000 r--s 00037000 08:01 1693234    /usr/lib/jvm/java-8-openjdk-i386/jre/lib/ext/sunpkcs11.jar
b76e0000-b76e1000 r--p 002d4000 08:01 1105218    /usr/lib/locale/locale-archive
b76e1000-b76e2000 rw-p 00000000 00:00 0 
b76e2000-b76e3000 ---p 00000000 00:00 0 
b76e3000-b76f1000 r-xp 00000000 08:01 1693275    /usr/lib/jvm/java-8-openjdk-i386/jre/lib/i386/libverify.so
b76f1000-b76f2000 r--p 0000d000 08:01 1693275    /usr/lib/jvm/java-8-openjdk-i386/jre/lib/i386/libverify.so
b76f2000-b76f3000 rw-p 0000e000 08:01 1693275    /usr/lib/jvm/java-8-openjdk-i386/jre/lib/i386/libverify.so
b76f3000-b7700000 r-xp 00000000 08:01 1693273    /usr/lib/jvm/java-8-openjdk-i386/jre/lib/i386/jli/libjli.so
b7700000-b7701000 r--p 0000c000 08:01 1693273    /usr/lib/jvm/java-8-openjdk-i386/jre/lib/i386/jli/libjli.so
b7701000-b7702000 rw-p 0000d000 08:01 1693273    /usr/lib/jvm/java-8-openjdk-i386/jre/lib/i386/jli/libjli.so
b7702000-b7704000 rw-p 00000000 00:00 0 
b7704000-b7706000 r--p 00000000 00:00 0          [vvar]
b7706000-b7707000 r-xp 00000000 00:00 0          [vdso]
b7707000-b7729000 r-xp 00000000 08:01 3401231    /lib/i386-linux-gnu/ld-2.23.so
b7729000-b772a000 rw-p 00000000 00:00 0 
b772a000-b772b000 r--p 00022000 08:01 3401231    /lib/i386-linux-gnu/ld-2.23.so
b772b000-b772c000 rw-p 00023000 08:01 3401231    /lib/i386-linux-gnu/ld-2.23.so
bf875000-bf896000 rw-p 00000000 00:00 0          [stack]

VM Arguments:
jvm_args: -Dscript.name=/usr/bin/groovy -Dprogram.name=groovy -Dgroovy.starter.conf=/usr/share/groovy2/conf/groovy-starter.conf -Dgroovy.home=/usr/share/groovy2 -Dtools.jar=/usr/lib/jvm/default-java/lib/tools.jar 
java_command: org.codehaus.groovy.tools.GroovyStarter --main groovy.ui.GroovyMain --conf /usr/share/groovy2/conf/groovy-starter.conf --classpath . httpcsvgraph_movenodeup.groovy --port=4479 --file=/home/sarnobat/sarnobat.git/src/javascript/cream/heap.txt
java_class_path (initial): /usr/share/groovy2/lib/groovy-2.4.5.jar
Launcher Type: SUN_STANDARD

Environment Variables:
PATH=/usr/bin:/bin
SHELL=/bin/sh

Signal Handlers:
SIGSEGV: [libjvm.so+0x8d7370], sa_mask[0]=11111111011111111101111111111110, sa_flags=SA_RESTART|SA_SIGINFO
SIGBUS: [libjvm.so+0x8d7370], sa_mask[0]=11111111011111111101111111111110, sa_flags=SA_RESTART|SA_SIGINFO
SIGFPE: [libjvm.so+0x73d1c0], sa_mask[0]=11111111011111111101111111111110, sa_flags=SA_RESTART|SA_SIGINFO
SIGPIPE: [libjvm.so+0x73d1c0], sa_mask[0]=11111111011111111101111111111110, sa_flags=SA_RESTART|SA_SIGINFO
SIGXFSZ: [libjvm.so+0x73d1c0], sa_mask[0]=11111111011111111101111111111110, sa_flags=SA_RESTART|SA_SIGINFO
SIGILL: [libjvm.so+0x73d1c0], sa_mask[0]=11111111011111111101111111111110, sa_flags=SA_RESTART|SA_SIGINFO
SIGUSR1: SIG_DFL, sa_mask[0]=00000000000000000000000000000000, sa_flags=none
SIGUSR2: [libjvm.so+0x73d000], sa_mask[0]=00000000000000000000000000000000, sa_flags=SA_RESTART|SA_SIGINFO
SIGHUP: [libjvm.so+0x73d790], sa_mask[0]=11111111011111111101111111111110, sa_flags=SA_RESTART|SA_SIGINFO
SIGINT: [libjvm.so+0x73d790], sa_mask[0]=11111111011111111101111111111110, sa_flags=SA_RESTART|SA_SIGINFO
SIGTERM: [libjvm.so+0x73d790], sa_mask[0]=11111111011111111101111111111110, sa_flags=SA_RESTART|SA_SIGINFO
SIGQUIT: [libjvm.so+0x73d790], sa_mask[0]=11111111011111111101111111111110, sa_flags=SA_RESTART|SA_SIGINFO


---------------  S Y S T E M  ---------------

OS:DISTRIB_ID=Ubuntu
DISTRIB_RELEASE=16.04
DISTRIB_CODENAME=xenial
DISTRIB_DESCRIPTION="Ubuntu 16.04.1 LTS"

uname:Linux 4.4.0-104-generic #127-Ubuntu SMP Mon Dec 11 12:16:50 UTC 2017 i686
libc:glibc 2.23 NPTL 2.23 
rlimit: STACK 8192k, CORE 0k, NPROC 63057, NOFILE 65536, AS infinity
load average:112.46 102.31 100.87

/proc/meminfo:
MemTotal:        8107456 kB
MemFree:          422348 kB
MemAvailable:          0 kB
Buffers:            5572 kB
Cached:           172216 kB
SwapCached:        52644 kB
Active:          6283560 kB
Inactive:        1158700 kB
Active(anon):    6256780 kB
Inactive(anon):  1139016 kB
Active(file):      26780 kB
Inactive(file):    19684 kB
Unevictable:           0 kB
Mlocked:               0 kB
HighTotal:       7292552 kB
HighFree:         130856 kB
LowTotal:         814904 kB
LowFree:          291492 kB
SwapTotal:       4007932 kB
SwapFree:              0 kB
Dirty:              1632 kB
Writeback:            88 kB
AnonPages:       7205792 kB
Mapped:            28576 kB
Shmem:            130728 kB
Slab:              99004 kB
SReclaimable:      31820 kB
SUnreclaim:        67184 kB
KernelStack:       28976 kB
PageTables:        64440 kB
NFS_Unstable:        132 kB
Bounce:                0 kB
WritebackTmp:          0 kB
CommitLimit:     8061660 kB
Committed_AS:   27967740 kB
VmallocTotal:     122880 kB
VmallocUsed:           0 kB
VmallocChunk:          0 kB
AnonHugePages:   3172352 kB
CmaTotal:              0 kB
CmaFree:               0 kB
HugePages_Total:       0
HugePages_Free:        0
HugePages_Rsvd:        0
HugePages_Surp:        0
Hugepagesize:       2048 kB
DirectMap4k:       40952 kB
DirectMap2M:      870400 kB


CPU:total 4 (initial active 4) (2 cores per cpu, 2 threads per core) family 6 model 58 stepping 9, cmov, cx8, fxsr, mmx, sse, sse2, sse3, ssse3, sse4.1, sse4.2, popcnt, avx, aes, clmul, erms, ht, tsc, tscinvbit, tscinv

/proc/cpuinfo:
processor	: 0
vendor_id	: GenuineIntel
cpu family	: 6
model		: 58
model name	: Intel(R) Core(TM) i5-3427U CPU @ 1.80GHz
stepping	: 9
microcode	: 0x17
cpu MHz		: 1099.957
cache size	: 3072 KB
physical id	: 0
siblings	: 4
core id		: 0
cpu cores	: 2
apicid		: 0
initial apicid	: 0
fdiv_bug	: no
f00f_bug	: no
coma_bug	: no
fpu		: yes
fpu_exception	: yes
cpuid level	: 13
wp		: yes
flags		: fpu vme de pse tsc msr pae mce cx8 apic sep mtrr pge mca cmov pat pse36 clflush dts acpi mmx fxsr sse sse2 ss ht tm pbe nx rdtscp lm constant_tsc arch_perfmon pebs bts xtopology nonstop_tsc aperfmperf eagerfpu pni pclmulqdq dtes64 monitor ds_cpl vmx smx est tm2 ssse3 cx16 xtpr pdcm pcid sse4_1 sse4_2 x2apic popcnt tsc_deadline_timer aes xsave avx f16c rdrand lahf_lm epb tpr_shadow vnmi flexpriority ept vpid fsgsbase smep erms xsaveopt dtherm ida arat pln pts
bugs		:
bogomips	: 4589.83
clflush size	: 64
cache_alignment	: 64
address sizes	: 36 bits physical, 48 bits virtual
power management:

processor	: 1
vendor_id	: GenuineIntel
cpu family	: 6
model		: 58
model name	: Intel(R) Core(TM) i5-3427U CPU @ 1.80GHz
stepping	: 9
microcode	: 0x17
cpu MHz		: 1099.957
cache size	: 3072 KB
physical id	: 0
siblings	: 4
core id		: 1
cpu cores	: 2
apicid		: 2
initial apicid	: 2
fdiv_bug	: no
f00f_bug	: no
coma_bug	: no
fpu		: yes
fpu_exception	: yes
cpuid level	: 13
wp		: yes
flags		: fpu vme de pse tsc msr pae mce cx8 apic sep mtrr pge mca cmov pat pse36 clflush dts acpi mmx fxsr sse sse2 ss ht tm pbe nx rdtscp lm constant_tsc arch_perfmon pebs bts xtopology nonstop_tsc aperfmperf eagerfpu pni pclmulqdq dtes64 monitor ds_cpl vmx smx est tm2 ssse3 cx16 xtpr pdcm pcid sse4_1 sse4_2 x2apic popcnt tsc_deadline_timer aes xsave avx f16c rdrand lahf_lm epb tpr_shadow vnmi flexpriority ept vpid fsgsbase smep erms xsaveopt dtherm ida arat pln pts
bugs		:
bogomips	: 4589.83
clflush size	: 64
cache_alignment	: 64
address sizes	: 36 bits physical, 48 bits virtual
power management:

processor	: 2
vendor_id	: GenuineIntel
cpu family	: 6
model		: 58
model name	: Intel(R) Core(TM) i5-3427U CPU @ 1.80GHz
stepping	: 9
microcode	: 0x17
cpu MHz		: 1099.957
cache size	: 3072 KB
physical id	: 0
siblings	: 4
core id		: 0
cpu cores	: 2
apicid		: 1
initial apicid	: 1
fdiv_bug	: no
f00f_bug	: no
coma_bug	: no
fpu		: yes
fpu_exception	: yes
cpuid level	: 13
wp		: yes
flags		: fpu vme de pse tsc msr pae mce cx8 apic sep mtrr pge mca cmov pat pse36 clflush dts acpi mmx fxsr sse sse2 ss ht tm pbe nx rdtscp lm constant_tsc arch_perfmon pebs bts xtopology nonstop_tsc aperfmperf eagerfpu pni pclmulqdq dtes64 monitor ds_cpl vmx smx est tm2 ssse3 cx16 xtpr pdcm pcid sse4_1 sse4_2 x2apic popcnt tsc_deadline_timer aes xsave avx f16c rdrand lahf_lm epb tpr_shadow vnmi flexpriority ept vpid fsgsbase smep erms xsaveopt dtherm ida arat pln pts
bugs		:
bogomips	: 4589.83
clflush size	: 64
cache_alignment	: 64
address sizes	: 36 bits physical, 48 bits virtual
power management:

processor	: 3
vendor_id	: GenuineIntel
cpu family	: 6
model		: 58
model name	: Intel(R) Core(TM) i5-3427U CPU @ 1.80GHz
stepping	: 9
microcode	: 0x17
cpu MHz		: 1099.957
cache size	: 3072 KB
physical id	: 0
siblings	: 4
core id		: 1
cpu cores	: 2
apicid		: 3
initial apicid	: 3
fdiv_bug	: no
f00f_bug	: no
coma_bug	: no
fpu		: yes
fpu_exception	: yes
cpuid level	: 13
wp		: yes
flags		: fpu vme de pse tsc msr pae mce cx8 apic sep mtrr pge mca cmov pat pse36 clflush dts acpi mmx fxsr sse sse2 ss ht tm pbe nx rdtscp lm constant_tsc arch_perfmon pebs bts xtopology nonstop_tsc aperfmperf eagerfpu pni pclmulqdq dtes64 monitor ds_cpl vmx smx est tm2 ssse3 cx16 xtpr pdcm pcid sse4_1 sse4_2 x2apic popcnt tsc_deadline_timer aes xsave avx f16c rdrand lahf_lm epb tpr_shadow vnmi flexpriority ept vpid fsgsbase smep erms xsaveopt dtherm ida arat pln pts
bugs		:
bogomips	: 4589.83
clflush size	: 64
cache_alignment	: 64
address sizes	: 36 bits physical, 48 bits virtual
power management:



Memory: 4k page, physical 8107456k(422348k free), swap 4007932k(0k free)

vm_info: OpenJDK Server VM (25.151-b12) for linux-x86 JRE (1.8.0_151-8u151-b12-0ubuntu0.16.04.2-b12), built on Oct 27 2017 22:05:04 by "buildd" with gcc 5.4.0 20160609

time: Wed Dec 20 12:41:19 2017
elapsed time: 76 seconds (0d 0h 1m 16s)

