#
# There is insufficient memory for the Java Runtime Environment to continue.
# Native memory allocation (mmap) failed to map 131072 bytes for committing reserved memory.
# Possible reasons:
#   The system is out of physical RAM or swap space
#   In 32 bit mode, the process size limit was hit
# Possible solutions:
#   Reduce memory load on the system
#   Increase physical memory or swap space
#   Check if swap backing store is full
#   Use 64 bit Java on a 64 bit OS
#   Decrease Java heap size (-Xmx/-Xms)
#   Decrease number of Java threads
#   Decrease Java thread stack sizes (-Xss)
#   Set larger code cache with -XX:ReservedCodeCacheSize=
# This output file may be truncated or incomplete.
#
#  Out of Memory Error (os_linux.cpp:2643), pid=7573, tid=0xb63cfb40
#
# JRE version: OpenJDK Runtime Environment (8.0_151-b12) (build 1.8.0_151-8u151-b12-0ubuntu0.16.04.2-b12)
# Java VM: OpenJDK Server VM (25.151-b12 mixed mode linux-x86 )
# Failed to write core dump. Core dumps have been disabled. To enable core dumping, try "ulimit -c unlimited" before starting Java again
#

---------------  T H R E A D  ---------------

Current thread (0xb6207800):  JavaThread "main" [_thread_in_vm, id=8079, stack(0xb637f000,0xb63d0000)]

Stack: [0xb637f000,0xb63d0000],  sp=0xb63cc4b8,  free space=309k
Native frames: (J=compiled Java code, j=interpreted, Vv=VM code, C=native code)
V  [libjvm.so+0x8d6834]
V  [libjvm.so+0x3a7c76]
V  [libjvm.so+0x7420c0]
V  [libjvm.so+0x73c013]
V  [libjvm.so+0x8d3264]
V  [libjvm.so+0x6cdd63]
V  [libjvm.so+0x6cdf7a]
V  [libjvm.so+0x6ceb05]
V  [libjvm.so+0x6cec5a]
V  [libjvm.so+0x6cfc9a]
V  [libjvm.so+0x6cfe8d]
V  [libjvm.so+0x3a528d]
V  [libjvm.so+0x3186e0]
V  [libjvm.so+0x319c32]
V  [libjvm.so+0x320d96]
V  [libjvm.so+0x853dd4]
V  [libjvm.so+0x8528ff]
V  [libjvm.so+0x854906]
V  [libjvm.so+0x39b0be]
V  [libjvm.so+0x50e3d6]
j  sun.misc.FloatingDecimal.<clinit>()V+71
v  ~StubRoutines::call_stub
V  [libjvm.so+0x51faad]
V  [libjvm.so+0x746985]
V  [libjvm.so+0x51ebea]
V  [libjvm.so+0x4ebfb8]
V  [libjvm.so+0x4ec367]
V  [libjvm.so+0x4ec7aa]
V  [libjvm.so+0x62d508]
V  [libjvm.so+0x63147a]
V  [libjvm.so+0x633a38]
V  [libjvm.so+0x513af7]
j  java.lang.Double.toString(D)Ljava/lang/String;+1
j  java.lang.String.valueOf(D)Ljava/lang/String;+1
j  org.codehaus.groovy.syntax.Numbers.<clinit>()V+43
v  ~StubRoutines::call_stub
V  [libjvm.so+0x51faad]
V  [libjvm.so+0x746985]
V  [libjvm.so+0x51ebea]
V  [libjvm.so+0x4ebfb8]
V  [libjvm.so+0x4ec367]
V  [libjvm.so+0x4ec7aa]
V  [libjvm.so+0x62d508]
V  [libjvm.so+0x63147a]
V  [libjvm.so+0x633a38]
V  [libjvm.so+0x513af7]
j  org.codehaus.groovy.antlr.AntlrParserPlugin.integerExpression(Lgroovyjarjarantlr/collections/AST;)Lorg/codehaus/groovy/ast/expr/ConstantExpression;+8
j  org.codehaus.groovy.antlr.AntlrParserPlugin.expressionSwitch(Lgroovyjarjarantlr/collections/AST;)Lorg/codehaus/groovy/ast/expr/Expression;+1008
j  org.codehaus.groovy.antlr.AntlrParserPlugin.expression(Lgroovyjarjarantlr/collections/AST;Z)Lorg/codehaus/groovy/ast/expr/Expression;+2
j  org.codehaus.groovy.antlr.AntlrParserPlugin.expression(Lgroovyjarjarantlr/collections/AST;)Lorg/codehaus/groovy/ast/expr/Expression;+3
j  org.codehaus.groovy.antlr.AntlrParserPlugin.expressionSwitch(Lgroovyjarjarantlr/collections/AST;)Lorg/codehaus/groovy/ast/expr/Expression;+827
j  org.codehaus.groovy.antlr.AntlrParserPlugin.expression(Lgroovyjarjarantlr/collections/AST;Z)Lorg/codehaus/groovy/ast/expr/Expression;+2
j  org.codehaus.groovy.antlr.AntlrParserPlugin.expression(Lgroovyjarjarantlr/collections/AST;)Lorg/codehaus/groovy/ast/expr/Expression;+3
j  org.codehaus.groovy.antlr.AntlrParserPlugin.expressionList(Lgroovyjarjarantlr/collections/AST;)Lorg/codehaus/groovy/ast/expr/Expression;+22
j  org.codehaus.groovy.antlr.AntlrParserPlugin.expressionSwitch(Lgroovyjarjarantlr/collections/AST;)Lorg/codehaus/groovy/ast/expr/Expression;+833
j  org.codehaus.groovy.antlr.AntlrParserPlugin.expression(Lgroovyjarjarantlr/collections/AST;Z)Lorg/codehaus/groovy/ast/expr/Expression;+2
j  org.codehaus.groovy.antlr.AntlrParserPlugin.expression(Lgroovyjarjarantlr/collections/AST;)Lorg/codehaus/groovy/ast/expr/Expression;+3
j  org.codehaus.groovy.antlr.AntlrParserPlugin.indexExpression(Lgroovyjarjarantlr/collections/AST;)Lorg/codehaus/groovy/ast/expr/Expression;+32
j  org.codehaus.groovy.antlr.AntlrParserPlugin.expressionSwitch(Lgroovyjarjarantlr/collections/AST;)Lorg/codehaus/groovy/ast/expr/Expression;+935
j  org.codehaus.groovy.antlr.AntlrParserPlugin.expression(Lgroovyjarjarantlr/collections/AST;Z)Lorg/codehaus/groovy/ast/expr/Expression;+2
j  org.codehaus.groovy.antlr.AntlrParserPlugin.expression(Lgroovyjarjarantlr/collections/AST;)Lorg/codehaus/groovy/ast/expr/Expression;+3
j  org.codehaus.groovy.antlr.AntlrParserPlugin.declarationExpression(Lgroovyjarjarantlr/collections/AST;)Lorg/codehaus/groovy/ast/expr/Expression;+244
j  org.codehaus.groovy.antlr.AntlrParserPlugin.variableDef(Lgroovyjarjarantlr/collections/AST;)Lorg/codehaus/groovy/ast/stmt/Statement;+6
j  org.codehaus.groovy.antlr.AntlrParserPlugin.statement(Lgroovyjarjarantlr/collections/AST;)Lorg/codehaus/groovy/ast/stmt/Statement;+168
j  org.codehaus.groovy.antlr.AntlrParserPlugin.statementListNoChild(Lgroovyjarjarantlr/collections/AST;Lgroovyjarjarantlr/collections/AST;)Lorg/codehaus/groovy/ast/stmt/Statement;+34
j  org.codehaus.groovy.antlr.AntlrParserPlugin.statementList(Lgroovyjarjarantlr/collections/AST;)Lorg/codehaus/groovy/ast/stmt/Statement;+8
j  org.codehaus.groovy.antlr.AntlrParserPlugin.statement(Lgroovyjarjarantlr/collections/AST;)Lorg/codehaus/groovy/ast/stmt/Statement;+150
j  org.codehaus.groovy.antlr.AntlrParserPlugin.ifStatement(Lgroovyjarjarantlr/collections/AST;)Lorg/codehaus/groovy/ast/stmt/Statement;+29
j  org.codehaus.groovy.antlr.AntlrParserPlugin.statement(Lgroovyjarjarantlr/collections/AST;)Lorg/codehaus/groovy/ast/stmt/Statement;+210
j  org.codehaus.groovy.antlr.AntlrParserPlugin.statementListNoChild(Lgroovyjarjarantlr/collections/AST;Lgroovyjarjarantlr/collections/AST;)Lorg/codehaus/groovy/ast/stmt/Statement;+34
j  org.codehaus.groovy.antlr.AntlrParserPlugin.statementList(Lgroovyjarjarantlr/collections/AST;)Lorg/codehaus/groovy/ast/stmt/Statement;+8
j  org.codehaus.groovy.antlr.AntlrParserPlugin.statement(Lgroovyjarjarantlr/collections/AST;)Lorg/codehaus/groovy/ast/stmt/Statement;+150
j  org.codehaus.groovy.antlr.AntlrParserPlugin.forStatement(Lgroovyjarjarantlr/collections/AST;)Lorg/codehaus/groovy/ast/stmt/Statement;+260
j  org.codehaus.groovy.antlr.AntlrParserPlugin.statement(Lgroovyjarjarantlr/collections/AST;)Lorg/codehaus/groovy/ast/stmt/Statement;+219
j  org.codehaus.groovy.antlr.AntlrParserPlugin.statementListNoChild(Lgroovyjarjarantlr/collections/AST;Lgroovyjarjarantlr/collections/AST;)Lorg/codehaus/groovy/ast/stmt/Statement;+34
j  org.codehaus.groovy.antlr.AntlrParserPlugin.statementList(Lgroovyjarjarantlr/collections/AST;)Lorg/codehaus/groovy/ast/stmt/Statement;+8
j  org.codehaus.groovy.antlr.AntlrParserPlugin.methodDef(Lgroovyjarjarantlr/collections/AST;)V+462
j  org.codehaus.groovy.antlr.AntlrParserPlugin.objectBlock(Lgroovyjarjarantlr/collections/AST;)V+134
j  org.codehaus.groovy.antlr.AntlrParserPlugin.innerClassDef(Lgroovyjarjarantlr/collections/AST;)V+388
j  org.codehaus.groovy.antlr.AntlrParserPlugin.objectBlock(Lgroovyjarjarantlr/collections/AST;)V+190
j  org.codehaus.groovy.antlr.AntlrParserPlugin.innerClassDef(Lgroovyjarjarantlr/collections/AST;)V+388
j  org.codehaus.groovy.antlr.AntlrParserPlugin.classDef(Lgroovyjarjarantlr/collections/AST;)V+7
j  org.codehaus.groovy.antlr.AntlrParserPlugin.convertGroovy(Lgroovyjarjarantlr/collections/AST;)V+114
j  org.codehaus.groovy.antlr.AntlrParserPlugin.buildAST(Lorg/codehaus/groovy/control/SourceUnit;Ljava/lang/ClassLoader;Lorg/codehaus/groovy/syntax/Reduction;)Lorg/codehaus/groovy/ast/ModuleNode;+14
j  org.codehaus.groovy.control.SourceUnit.convert()V+52
j  org.codehaus.groovy.control.CompilationUnit$13.call(Lorg/codehaus/groovy/control/SourceUnit;)V+1
j  org.codehaus.groovy.control.CompilationUnit.applyToSourceUnits(Lorg/codehaus/groovy/control/CompilationUnit$SourceUnitOperation;)V+79
j  org.codehaus.groovy.control.CompilationUnit.doPhaseOperation(Ljava/lang/Object;)V+30
j  org.codehaus.groovy.control.CompilationUnit.processPhaseOperations(I)V+32
j  org.codehaus.groovy.control.CompilationUnit.compile(I)V+60
j  groovy.lang.GroovyClassLoader.doParseClass(Lgroovy/lang/GroovyCodeSource;)Ljava/lang/Class;+164
j  groovy.lang.GroovyClassLoader.parseClass(Lgroovy/lang/GroovyCodeSource;Z)Ljava/lang/Class;+37
j  groovy.lang.GroovyShell.parseClass(Lgroovy/lang/GroovyCodeSource;)Ljava/lang/Class;+6
j  groovy.lang.GroovyShell.run(Lgroovy/lang/GroovyCodeSource;[Ljava/lang/String;)Ljava/lang/Object;+2
j  groovy.lang.GroovyShell.run(Lgroovy/lang/GroovyCodeSource;Ljava/util/List;)Ljava/lang/Object;+23
j  groovy.ui.GroovyMain.processOnce()V+33
j  groovy.ui.GroovyMain.run()Z+29
j  groovy.ui.GroovyMain.process(Lgroovyjarjarcommonscli/CommandLine;)Z+602
j  groovy.ui.GroovyMain.processArgs([Ljava/lang/String;Ljava/io/PrintStream;)V+108
j  groovy.ui.GroovyMain.main([Ljava/lang/String;)V+4
...<more frames>...

Java frames: (J=compiled Java code, j=interpreted, Vv=VM code)
j  sun.misc.FloatingDecimal.<clinit>()V+71
v  ~StubRoutines::call_stub
j  java.lang.Double.toString(D)Ljava/lang/String;+1
j  java.lang.String.valueOf(D)Ljava/lang/String;+1
j  org.codehaus.groovy.syntax.Numbers.<clinit>()V+43
v  ~StubRoutines::call_stub
j  org.codehaus.groovy.antlr.AntlrParserPlugin.integerExpression(Lgroovyjarjarantlr/collections/AST;)Lorg/codehaus/groovy/ast/expr/ConstantExpression;+8
j  org.codehaus.groovy.antlr.AntlrParserPlugin.expressionSwitch(Lgroovyjarjarantlr/collections/AST;)Lorg/codehaus/groovy/ast/expr/Expression;+1008
j  org.codehaus.groovy.antlr.AntlrParserPlugin.expression(Lgroovyjarjarantlr/collections/AST;Z)Lorg/codehaus/groovy/ast/expr/Expression;+2
j  org.codehaus.groovy.antlr.AntlrParserPlugin.expression(Lgroovyjarjarantlr/collections/AST;)Lorg/codehaus/groovy/ast/expr/Expression;+3
j  org.codehaus.groovy.antlr.AntlrParserPlugin.expressionSwitch(Lgroovyjarjarantlr/collections/AST;)Lorg/codehaus/groovy/ast/expr/Expression;+827
j  org.codehaus.groovy.antlr.AntlrParserPlugin.expression(Lgroovyjarjarantlr/collections/AST;Z)Lorg/codehaus/groovy/ast/expr/Expression;+2
j  org.codehaus.groovy.antlr.AntlrParserPlugin.expression(Lgroovyjarjarantlr/collections/AST;)Lorg/codehaus/groovy/ast/expr/Expression;+3
j  org.codehaus.groovy.antlr.AntlrParserPlugin.expressionList(Lgroovyjarjarantlr/collections/AST;)Lorg/codehaus/groovy/ast/expr/Expression;+22
j  org.codehaus.groovy.antlr.AntlrParserPlugin.expressionSwitch(Lgroovyjarjarantlr/collections/AST;)Lorg/codehaus/groovy/ast/expr/Expression;+833
j  org.codehaus.groovy.antlr.AntlrParserPlugin.expression(Lgroovyjarjarantlr/collections/AST;Z)Lorg/codehaus/groovy/ast/expr/Expression;+2
j  org.codehaus.groovy.antlr.AntlrParserPlugin.expression(Lgroovyjarjarantlr/collections/AST;)Lorg/codehaus/groovy/ast/expr/Expression;+3
j  org.codehaus.groovy.antlr.AntlrParserPlugin.indexExpression(Lgroovyjarjarantlr/collections/AST;)Lorg/codehaus/groovy/ast/expr/Expression;+32
j  org.codehaus.groovy.antlr.AntlrParserPlugin.expressionSwitch(Lgroovyjarjarantlr/collections/AST;)Lorg/codehaus/groovy/ast/expr/Expression;+935
j  org.codehaus.groovy.antlr.AntlrParserPlugin.expression(Lgroovyjarjarantlr/collections/AST;Z)Lorg/codehaus/groovy/ast/expr/Expression;+2
j  org.codehaus.groovy.antlr.AntlrParserPlugin.expression(Lgroovyjarjarantlr/collections/AST;)Lorg/codehaus/groovy/ast/expr/Expression;+3
j  org.codehaus.groovy.antlr.AntlrParserPlugin.declarationExpression(Lgroovyjarjarantlr/collections/AST;)Lorg/codehaus/groovy/ast/expr/Expression;+244
j  org.codehaus.groovy.antlr.AntlrParserPlugin.variableDef(Lgroovyjarjarantlr/collections/AST;)Lorg/codehaus/groovy/ast/stmt/Statement;+6
j  org.codehaus.groovy.antlr.AntlrParserPlugin.statement(Lgroovyjarjarantlr/collections/AST;)Lorg/codehaus/groovy/ast/stmt/Statement;+168
j  org.codehaus.groovy.antlr.AntlrParserPlugin.statementListNoChild(Lgroovyjarjarantlr/collections/AST;Lgroovyjarjarantlr/collections/AST;)Lorg/codehaus/groovy/ast/stmt/Statement;+34
j  org.codehaus.groovy.antlr.AntlrParserPlugin.statementList(Lgroovyjarjarantlr/collections/AST;)Lorg/codehaus/groovy/ast/stmt/Statement;+8
j  org.codehaus.groovy.antlr.AntlrParserPlugin.statement(Lgroovyjarjarantlr/collections/AST;)Lorg/codehaus/groovy/ast/stmt/Statement;+150
j  org.codehaus.groovy.antlr.AntlrParserPlugin.ifStatement(Lgroovyjarjarantlr/collections/AST;)Lorg/codehaus/groovy/ast/stmt/Statement;+29
j  org.codehaus.groovy.antlr.AntlrParserPlugin.statement(Lgroovyjarjarantlr/collections/AST;)Lorg/codehaus/groovy/ast/stmt/Statement;+210
j  org.codehaus.groovy.antlr.AntlrParserPlugin.statementListNoChild(Lgroovyjarjarantlr/collections/AST;Lgroovyjarjarantlr/collections/AST;)Lorg/codehaus/groovy/ast/stmt/Statement;+34
j  org.codehaus.groovy.antlr.AntlrParserPlugin.statementList(Lgroovyjarjarantlr/collections/AST;)Lorg/codehaus/groovy/ast/stmt/Statement;+8
j  org.codehaus.groovy.antlr.AntlrParserPlugin.statement(Lgroovyjarjarantlr/collections/AST;)Lorg/codehaus/groovy/ast/stmt/Statement;+150
j  org.codehaus.groovy.antlr.AntlrParserPlugin.forStatement(Lgroovyjarjarantlr/collections/AST;)Lorg/codehaus/groovy/ast/stmt/Statement;+260
j  org.codehaus.groovy.antlr.AntlrParserPlugin.statement(Lgroovyjarjarantlr/collections/AST;)Lorg/codehaus/groovy/ast/stmt/Statement;+219
j  org.codehaus.groovy.antlr.AntlrParserPlugin.statementListNoChild(Lgroovyjarjarantlr/collections/AST;Lgroovyjarjarantlr/collections/AST;)Lorg/codehaus/groovy/ast/stmt/Statement;+34
j  org.codehaus.groovy.antlr.AntlrParserPlugin.statementList(Lgroovyjarjarantlr/collections/AST;)Lorg/codehaus/groovy/ast/stmt/Statement;+8
j  org.codehaus.groovy.antlr.AntlrParserPlugin.methodDef(Lgroovyjarjarantlr/collections/AST;)V+462
j  org.codehaus.groovy.antlr.AntlrParserPlugin.objectBlock(Lgroovyjarjarantlr/collections/AST;)V+134
j  org.codehaus.groovy.antlr.AntlrParserPlugin.innerClassDef(Lgroovyjarjarantlr/collections/AST;)V+388
j  org.codehaus.groovy.antlr.AntlrParserPlugin.objectBlock(Lgroovyjarjarantlr/collections/AST;)V+190
j  org.codehaus.groovy.antlr.AntlrParserPlugin.innerClassDef(Lgroovyjarjarantlr/collections/AST;)V+388
j  org.codehaus.groovy.antlr.AntlrParserPlugin.classDef(Lgroovyjarjarantlr/collections/AST;)V+7
j  org.codehaus.groovy.antlr.AntlrParserPlugin.convertGroovy(Lgroovyjarjarantlr/collections/AST;)V+114
j  org.codehaus.groovy.antlr.AntlrParserPlugin.buildAST(Lorg/codehaus/groovy/control/SourceUnit;Ljava/lang/ClassLoader;Lorg/codehaus/groovy/syntax/Reduction;)Lorg/codehaus/groovy/ast/ModuleNode;+14
j  org.codehaus.groovy.control.SourceUnit.convert()V+52
j  org.codehaus.groovy.control.CompilationUnit$13.call(Lorg/codehaus/groovy/control/SourceUnit;)V+1
j  org.codehaus.groovy.control.CompilationUnit.applyToSourceUnits(Lorg/codehaus/groovy/control/CompilationUnit$SourceUnitOperation;)V+79
j  org.codehaus.groovy.control.CompilationUnit.doPhaseOperation(Ljava/lang/Object;)V+30
j  org.codehaus.groovy.control.CompilationUnit.processPhaseOperations(I)V+32
j  org.codehaus.groovy.control.CompilationUnit.compile(I)V+60
j  groovy.lang.GroovyClassLoader.doParseClass(Lgroovy/lang/GroovyCodeSource;)Ljava/lang/Class;+164
j  groovy.lang.GroovyClassLoader.parseClass(Lgroovy/lang/GroovyCodeSource;Z)Ljava/lang/Class;+37
j  groovy.lang.GroovyShell.parseClass(Lgroovy/lang/GroovyCodeSource;)Ljava/lang/Class;+6
j  groovy.lang.GroovyShell.run(Lgroovy/lang/GroovyCodeSource;[Ljava/lang/String;)Ljava/lang/Object;+2
j  groovy.lang.GroovyShell.run(Lgroovy/lang/GroovyCodeSource;Ljava/util/List;)Ljava/lang/Object;+23
j  groovy.ui.GroovyMain.processOnce()V+33
j  groovy.ui.GroovyMain.run()Z+29
j  groovy.ui.GroovyMain.process(Lgroovyjarjarcommonscli/CommandLine;)Z+602
j  groovy.ui.GroovyMain.processArgs([Ljava/lang/String;Ljava/io/PrintStream;)V+108
j  groovy.ui.GroovyMain.main([Ljava/lang/String;)V+4
v  ~StubRoutines::call_stub
j  sun.reflect.NativeMethodAccessorImpl.invoke0(Ljava/lang/reflect/Method;Ljava/lang/Object;[Ljava/lang/Object;)Ljava/lang/Object;+0
j  sun.reflect.NativeMethodAccessorImpl.invoke(Ljava/lang/Object;[Ljava/lang/Object;)Ljava/lang/Object;+100
j  sun.reflect.DelegatingMethodAccessorImpl.invoke(Ljava/lang/Object;[Ljava/lang/Object;)Ljava/lang/Object;+6
j  java.lang.reflect.Method.invoke(Ljava/lang/Object;[Ljava/lang/Object;)Ljava/lang/Object;+56
j  org.codehaus.groovy.tools.GroovyStarter.rootLoader([Ljava/lang/String;)V+391
j  org.codehaus.groovy.tools.GroovyStarter.main([Ljava/lang/String;)V+1
v  ~StubRoutines::call_stub

---------------  P R O C E S S  ---------------

Java Threads: ( => current thread )
  0x637aa400 JavaThread "Service Thread" daemon [_thread_blocked, id=8540, stack(0x630db000,0x6312c000)]
  0x637a7400 JavaThread "C1 CompilerThread2" daemon [_thread_in_native, id=8506, stack(0x6312c000,0x631ad000)]
  0x637a5c00 JavaThread "C2 CompilerThread1" daemon [_thread_in_native, id=8498, stack(0x631ad000,0x6322e000)]
  0x637a3c00 JavaThread "C2 CompilerThread0" daemon [_thread_blocked, id=8492, stack(0x6322e000,0x632af000)]
  0x637a2400 JavaThread "Signal Dispatcher" daemon [_thread_blocked, id=8474, stack(0x632af000,0x63300000)]
  0x63788800 JavaThread "Finalizer" daemon [_thread_blocked, id=8357, stack(0x63813000,0x63864000)]
  0x63785c00 JavaThread "Reference Handler" daemon [_thread_blocked, id=8338, stack(0x6642e000,0x6647f000)]
=>0xb6207800 JavaThread "main" [_thread_in_vm, id=8079, stack(0xb637f000,0xb63d0000)]

Other Threads:
  0x63781000 VMThread [stack: 0x63864000,0x638e5000] [id=8297]
  0x637abc00 WatcherThread [stack: 0x6305a000,0x630db000] [id=8569]

VM state:not at safepoint (normal execution)

VM Mutex/Monitor currently owned by a thread: None

Heap:
 PSYoungGen      total 19200K, used 5993K [0x918c0000, 0x92e00000, 0xa6e00000)
  eden space 16640K, 20% used [0x918c0000,0x91c1d950,0x92900000)
  from space 2560K, 99% used [0x92b80000,0x92dfcac0,0x92e00000)
  to   space 2560K, 0% used [0x92900000,0x92900000,0x92b80000)
 ParOldGen       total 43776K, used 1368K [0x66e00000, 0x698c0000, 0x918c0000)
  object space 43776K, 3% used [0x66e00000,0x66f56268,0x698c0000)
 Metaspace       used 6609K, capacity 6636K, committed 6680K, reserved 7472K

Card table byte_map: [0x66bff000,0x66e00000] byte_map_base: 0x668c8000

Marking Bits: (ParMarkBitMap*) 0xb70f5880
 Begin Bits: [0x64300000, 0x65300000)
 End Bits:   [0x65300000, 0x66300000)

Polling page: 0xb7702000

CodeCache: size=245760Kb used=2559Kb max_used=2574Kb free=243200Kb
 bounds [0xa71ed000, 0xa7475000, 0xb61ed000]
 total_blobs=1006 nmethods=827 adapters=94
 compilation: enabled

Compilation events (10 events):
Event: 60.785 Thread 0x637a3c00  904       4       java.io.InputStreamReader::read (8 bytes)
Event: 61.247 Thread 0x637a5c00 nmethod 903 0xa746a3c8 code [0xa746a520, 0xa746aa1c]
Event: 61.247 Thread 0x637a5c00  906       4       groovyjarjarantlr.ASTPair::<init> (5 bytes)
Event: 61.247 Thread 0x637a5c00 nmethod 906 0xa735ad88 code [0xa735ae80, 0xa735aed0]
Event: 61.247 Thread 0x637a5c00  905       4       org.codehaus.groovy.antlr.SourceBuffer::write (47 bytes)
Event: 62.237 Thread 0x637a5c00 nmethod 905 0xa7470988 code [0xa7470b00, 0xa747141c]
Event: 62.237 Thread 0x637a5c00  912       4       java.lang.Class::getName (21 bytes)
Event: 62.238 Thread 0x637a5c00 nmethod 912 0xa7469d48 code [0xa7469e40, 0xa7469ebc]
Event: 62.238 Thread 0x637a5c00  898   !   4       sun.nio.cs.StreamDecoder::read0 (116 bytes)
Event: 62.244 Thread 0x637a3c00 nmethod 904 0xa7471ac8 code [0xa7471d60, 0xa7472db4]

GC Heap History (4 events):
Event: 30.396 GC heap before
{Heap before GC invocations=1 (full 0):
 PSYoungGen      total 19200K, used 16640K [0x918c0000, 0x92e00000, 0xa6e00000)
  eden space 16640K, 100% used [0x918c0000,0x92900000,0x92900000)
  from space 2560K, 0% used [0x92b80000,0x92b80000,0x92e00000)
  to   space 2560K, 0% used [0x92900000,0x92900000,0x92b80000)
 ParOldGen       total 43776K, used 0K [0x66e00000, 0x698c0000, 0x918c0000)
  object space 43776K, 0% used [0x66e00000,0x66e00000,0x698c0000)
 Metaspace       used 3720K, capacity 3786K, committed 3864K, reserved 4400K
Event: 30.611 GC heap after
Heap after GC invocations=1 (full 0):
 PSYoungGen      total 19200K, used 2546K [0x918c0000, 0x92e00000, 0xa6e00000)
  eden space 16640K, 0% used [0x918c0000,0x918c0000,0x92900000)
  from space 2560K, 99% used [0x92900000,0x92b7c820,0x92b80000)
  to   space 2560K, 0% used [0x92b80000,0x92b80000,0x92e00000)
 ParOldGen       total 43776K, used 130K [0x66e00000, 0x698c0000, 0x918c0000)
  object space 43776K, 0% used [0x66e00000,0x66e20b70,0x698c0000)
 Metaspace       used 3720K, capacity 3786K, committed 3864K, reserved 4400K
}
Event: 52.415 GC heap before
{Heap before GC invocations=2 (full 0):
 PSYoungGen      total 19200K, used 19186K [0x918c0000, 0x92e00000, 0xa6e00000)
  eden space 16640K, 100% used [0x918c0000,0x92900000,0x92900000)
  from space 2560K, 99% used [0x92900000,0x92b7c820,0x92b80000)
  to   space 2560K, 0% used [0x92b80000,0x92b80000,0x92e00000)
 ParOldGen       total 43776K, used 130K [0x66e00000, 0x698c0000, 0x918c0000)
  object space 43776K, 0% used [0x66e00000,0x66e20b70,0x698c0000)
 Metaspace       used 6095K, capacity 6154K, committed 6168K, reserved 6448K
Event: 52.438 GC heap after
Heap after GC invocations=2 (full 0):
 PSYoungGen      total 19200K, used 2546K [0x918c0000, 0x92e00000, 0xa6e00000)
  eden space 16640K, 0% used [0x918c0000,0x918c0000,0x92900000)
  from space 2560K, 99% used [0x92b80000,0x92dfcac0,0x92e00000)
  to   space 2560K, 0% used [0x92900000,0x92900000,0x92b80000)
 ParOldGen       total 43776K, used 1368K [0x66e00000, 0x698c0000, 0x918c0000)
  object space 43776K, 3% used [0x66e00000,0x66f56268,0x698c0000)
 Metaspace       used 6095K, capacity 6154K, committed 6168K, reserved 6448K
}

Deoptimization events (10 events):
Event: 33.737 Thread 0xb6207800 Uncommon trap: reason=bimorphic action=maybe_recompile pc=0xa734bc1c method=java.util.HashMap.getNode(ILjava/lang/Object;)Ljava/util/HashMap$Node; @ 126
Event: 33.789 Thread 0xb6207800 Uncommon trap: reason=unstable_if action=reinterpret pc=0xa7321808 method=sun.misc.URLClassPath$JarLoader.getResource(Ljava/lang/String;Z)Lsun/misc/Resource; @ 4
Event: 33.789 Thread 0xb6207800 Uncommon trap: reason=unstable_if action=reinterpret pc=0xa734211c method=sun.misc.URLClassPath.getLoader(I)Lsun/misc/URLClassPath$Loader; @ 36
Event: 33.789 Thread 0xb6207800 Uncommon trap: reason=bimorphic action=maybe_recompile pc=0xa734bc1c method=java.util.HashMap.getNode(ILjava/lang/Object;)Ljava/util/HashMap$Node; @ 126
Event: 36.492 Thread 0xb6207800 Uncommon trap: reason=bimorphic action=maybe_recompile pc=0xa734bc1c method=java.util.HashMap.getNode(ILjava/lang/Object;)Ljava/util/HashMap$Node; @ 126
Event: 36.492 Thread 0xb6207800 Uncommon trap: reason=unstable_if action=reinterpret pc=0xa734bbdc method=java.util.HashMap.getNode(ILjava/lang/Object;)Ljava/util/HashMap$Node; @ 62
Event: 36.493 Thread 0xb6207800 Uncommon trap: reason=bimorphic action=maybe_recompile pc=0xa734f9f0 method=java.util.HashMap.getNode(ILjava/lang/Object;)Ljava/util/HashMap$Node; @ 126
Event: 55.664 Thread 0xb6207800 Uncommon trap: reason=predicate action=maybe_recompile pc=0xa743a294 method=groovyjarjarantlr.InputBuffer.syncConsume()V @ 7
Event: 55.690 Thread 0xb6207800 Uncommon trap: reason=predicate action=maybe_recompile pc=0xa7422b68 method=groovyjarjarantlr.InputBuffer.syncConsume()V @ 7
Event: 55.691 Thread 0xb6207800 Uncommon trap: reason=predicate action=maybe_recompile pc=0xa743650c method=groovyjarjarantlr.InputBuffer.syncConsume()V @ 7

Internal exceptions (10 events):
Event: 47.554 Thread 0xb6207800 Exception <a 'java/lang/ArrayIndexOutOfBoundsException'> (0x924ae958) thrown at [/build/openjdk-8-Y4imzb/openjdk-8-8u151-b12/src/hotspot/src/share/vm/runtime/sharedRuntime.cpp, line 605]
Event: 47.554 Thread 0xb6207800 Exception <a 'java/lang/ArrayIndexOutOfBoundsException'> (0x924af7a8) thrown at [/build/openjdk-8-Y4imzb/openjdk-8-8u151-b12/src/hotspot/src/share/vm/runtime/sharedRuntime.cpp, line 605]
Event: 47.554 Thread 0xb6207800 Exception <a 'java/lang/ArrayIndexOutOfBoundsException'> (0x924b05d8) thrown at [/build/openjdk-8-Y4imzb/openjdk-8-8u151-b12/src/hotspot/src/share/vm/runtime/sharedRuntime.cpp, line 605]
Event: 47.554 Thread 0xb6207800 Exception <a 'java/lang/ArrayIndexOutOfBoundsException'> (0x924b16d0) thrown at [/build/openjdk-8-Y4imzb/openjdk-8-8u151-b12/src/hotspot/src/share/vm/runtime/sharedRuntime.cpp, line 605]
Event: 47.555 Thread 0xb6207800 Exception <a 'java/lang/ArrayIndexOutOfBoundsException'> (0x924b2520) thrown at [/build/openjdk-8-Y4imzb/openjdk-8-8u151-b12/src/hotspot/src/share/vm/runtime/sharedRuntime.cpp, line 605]
Event: 47.555 Thread 0xb6207800 Exception <a 'java/lang/ArrayIndexOutOfBoundsException'> (0x924b3368) thrown at [/build/openjdk-8-Y4imzb/openjdk-8-8u151-b12/src/hotspot/src/share/vm/runtime/sharedRuntime.cpp, line 605]
Event: 47.662 Thread 0xb6207800 Exception <a 'java/lang/ArrayIndexOutOfBoundsException'> (0x924b4458) thrown at [/build/openjdk-8-Y4imzb/openjdk-8-8u151-b12/src/hotspot/src/share/vm/runtime/sharedRuntime.cpp, line 605]
Event: 47.663 Thread 0xb6207800 Exception <a 'java/lang/ArrayIndexOutOfBoundsException'> (0x924b5310) thrown at [/build/openjdk-8-Y4imzb/openjdk-8-8u151-b12/src/hotspot/src/share/vm/runtime/sharedRuntime.cpp, line 605]
Event: 47.663 Thread 0xb6207800 Exception <a 'java/lang/ArrayIndexOutOfBoundsException'> (0x924b61c0) thrown at [/build/openjdk-8-Y4imzb/openjdk-8-8u151-b12/src/hotspot/src/share/vm/runtime/sharedRuntime.cpp, line 605]
Event: 47.663 Thread 0xb6207800 Exception <a 'java/lang/ArrayIndexOutOfBoundsException'> (0x924b7278) thrown at [/build/openjdk-8-Y4imzb/openjdk-8-8u151-b12/src/hotspot/src/share/vm/runtime/sharedRuntime.cpp, line 605]

Events (10 events):
Event: 58.148 Thread 0x637a3c00 flushing nmethod 0xa72a3688
Event: 62.229 loading class java/math/BigDecimal$1
Event: 62.229 loading class java/math/BigDecimal$1 done
Event: 62.297 loading class sun/misc/FloatingDecimal
Event: 62.297 loading class sun/misc/FloatingDecimal done
Event: 62.298 loading class sun/misc/FloatingDecimal$ExceptionalBinaryToASCIIBuffer
Event: 62.298 loading class sun/misc/FloatingDecimal$BinaryToASCIIConverter
Event: 62.298 loading class sun/misc/FloatingDecimal$BinaryToASCIIConverter done
Event: 62.298 loading class sun/misc/FloatingDecimal$ExceptionalBinaryToASCIIBuffer done
Event: 62.298 loading class sun/misc/FloatingDecimal$BinaryToASCIIBuffer


Dynamic libraries:
08048000-08049000 r-xp 00000000 08:01 1693306    /usr/lib/jvm/java-8-openjdk-i386/jre/bin/java
08049000-0804a000 r--p 00000000 08:01 1693306    /usr/lib/jvm/java-8-openjdk-i386/jre/bin/java
0804a000-0804b000 rw-p 00001000 08:01 1693306    /usr/lib/jvm/java-8-openjdk-i386/jre/bin/java
0931a000-0933b000 rw-p 00000000 00:00 0          [heap]
61900000-61970000 rw-p 00000000 00:00 0 
61970000-61a00000 ---p 00000000 00:00 0 
61b00000-61c00000 rw-p 00000000 00:00 0 
61c00000-61c50000 rw-p 00000000 00:00 0 
61c50000-61d00000 ---p 00000000 00:00 0 
61d00000-61d40000 rw-p 00000000 00:00 0 
61d60000-61e00000 ---p 00000000 00:00 0 
61e00000-61f00000 rw-p 00000000 00:00 0 
61f00000-61fdb000 rw-p 00000000 00:00 0 
61fdb000-62000000 ---p 00000000 00:00 0 
62000000-620fd000 rw-p 00000000 00:00 0 
620fd000-62100000 ---p 00000000 00:00 0 
62100000-62200000 rw-p 00000000 00:00 0 
62200000-622fc000 rw-p 00000000 00:00 0 
622fc000-62300000 ---p 00000000 00:00 0 
62300000-623e0000 rw-p 00000000 00:00 0 
623e0000-62400000 ---p 00000000 00:00 0 
62400000-62500000 rw-p 00000000 00:00 0 
62500000-625ff000 rw-p 00000000 00:00 0 
625ff000-62600000 ---p 00000000 00:00 0 
6262c000-626a5000 r--s 010fe000 08:01 1694179    /usr/lib/jvm/java-8-openjdk-i386/lib/tools.jar
626a5000-626a8000 r--s 00023000 08:01 2478896    /home/sarnobat/github/groovy_libraries/.groovy/lib/maven-shared-utils-0.1.jar
626a8000-626ab000 r--s 0000b000 08:01 2478399    /home/sarnobat/github/groovy_libraries/.groovy/lib/concurrentlinkedhashmap-lru-1.3.1.jar
626ab000-626b2000 r--s 0005b000 08:01 2478897    /home/sarnobat/github/groovy_libraries/.groovy/lib/mongo-java-driver-2.10.1.jar
626b2000-626b4000 r--s 0000c000 08:01 2478389    /home/sarnobat/github/groovy_libraries/.groovy/lib/commons-exec-1.3.jar
626b4000-626b5000 r--s 0000a000 08:01 2478397    /home/sarnobat/github/groovy_libraries/.groovy/lib/commons-logging-api-1.1.jar
626b5000-626b7000 r--s 00008000 08:01 2478930    /home/sarnobat/github/groovy_libraries/.groovy/lib/vget-1.1.5.jar
626b7000-626b8000 r--s 00004000 08:01 2478901    /home/sarnobat/github/groovy_libraries/.groovy/lib/opencsv-2.3.jar
626b8000-626c6000 r--s 000ad000 08:01 2478846    /home/sarnobat/github/groovy_libraries/.groovy/lib/jackson-mapper-asl-1.9.2.jar
626c6000-626d3000 r--s 000a2000 08:01 2478391    /home/sarnobat/github/groovy_libraries/.groovy/lib/commons-imaging-1.0-R1480221.jar
626d3000-626d5000 r--s 00000000 08:01 2478907    /home/sarnobat/github/groovy_libraries/.groovy/lib/plexus-component-annotations-1.5.5.jar
626d5000-626d9000 r--s 0000c000 08:01 2478929    /home/sarnobat/github/groovy_libraries/.groovy/lib/validation-api-1.1.0.Final.jar
626d9000-626db000 r--s 00005000 08:01 2478924    /home/sarnobat/github/groovy_libraries/.groovy/lib/slf4j-api-1.7.5.jar
626db000-62700000 r--s 002e3000 08:01 2478932    /home/sarnobat/github/groovy_libraries/.groovy/lib/xalan-2.7.1.jar
62700000-627f9000 rw-p 00000000 00:00 0 
627f9000-62800000 ---p 00000000 00:00 0 
62800000-628fb000 rw-p 00000000 00:00 0 
628fb000-62900000 ---p 00000000 00:00 0 
62900000-62905000 r--s 0002a000 08:01 2478419    /home/sarnobat/github/groovy_libraries/.groovy/lib/gson-2.2.4.jar
62905000-62906000 r--s 00002000 08:01 2478875    /home/sarnobat/github/groovy_libraries/.groovy/lib/jsch.agentproxy.connector-factory-0.0.6.jar
62906000-62913000 r--s 00082000 08:01 2478856    /home/sarnobat/github/groovy_libraries/.groovy/lib/jersey-common-2.0.jar
62913000-62915000 r--s 0000d000 08:01 2478912    /home/sarnobat/github/groovy_libraries/.groovy/lib/plexus-interpolation-1.13.jar
62915000-62918000 r--s 0001b000 08:01 2478888    /home/sarnobat/github/groovy_libraries/.groovy/lib/junit-3.8.2.jar
62918000-62919000 r--s 00001000 08:01 2478400    /home/sarnobat/github/groovy_libraries/.groovy/lib/doxia-sink-api-1.0-alpha-7.jar
62919000-6291b000 r--s 00011000 08:01 2478873    /home/sarnobat/github/groovy_libraries/.groovy/lib/jsch-extension-0.1.3.jar
6291b000-6294a000 r--s 0028b000 08:01 2478865    /home/sarnobat/github/groovy_libraries/.groovy/lib/jetty-all-9.2.21.v20170120.jar
6294a000-6294e000 r--s 00040000 08:01 2478871    /home/sarnobat/github/groovy_libraries/.groovy/lib/jsch-0.1.53-sources.jar
6294e000-62951000 r--s 00023000 08:01 2478853    /home/sarnobat/github/groovy_libraries/.groovy/lib/jdom-1.0.jar
62951000-62952000 r--s 00003000 08:01 2478407    /home/sarnobat/github/groovy_libraries/.groovy/lib/geronimo-jta_1.1_spec-1.1.1.jar
62952000-62953000 r--s 00003000 08:01 2478857    /home/sarnobat/github/groovy_libraries/.groovy/lib/jersey-container-jdk-http-2.0.jar
62953000-62957000 r--s 0003b000 08:01 2478870    /home/sarnobat/github/groovy_libraries/.groovy/lib/jsch-0.1.50.jar.disabled
62957000-6295b000 r--s 00032000 08:01 2478915    /home/sarnobat/github/groovy_libraries/.groovy/lib/rome-1.0.jar
6295b000-62966000 r--s 00068000 08:01 2478859    /home/sarnobat/github/groovy_libraries/.groovy/lib/jersey-core-1.17.1.jar
62966000-62968000 r--s 0000d000 08:01 2479615    /home/sarnobat/github/groovy_libraries/.groovy/lib/commons-codec-1.4.jar
62968000-62969000 r--s 00007000 08:01 2478923    /home/sarnobat/github/groovy_libraries/.groovy/lib/slf4j-api-1.7.12.jar
62969000-6296b000 r--s 0000a000 08:01 2478931    /home/sarnobat/github/groovy_libraries/.groovy/lib/wget-1.2.9.jar
6296b000-6297a000 r--s 00095000 08:01 2478927    /home/sarnobat/github/groovy_libraries/.groovy/lib/sshd-core-0.14.0.jar
6297a000-6297b000 r--s 00001000 08:01 2478881    /home/sarnobat/github/groovy_libraries/.groovy/lib/jsch.agentproxy.usocket-jna-0.0.6.jar
6297b000-6297d000 r--s 00000000 08:01 2478877    /home/sarnobat/github/groovy_libraries/.groovy/lib/jsch.agentproxy.jsch-0.0.6.jar
6297d000-62981000 r--s 0001d000 08:01 2478933    /home/sarnobat/github/groovy_libraries/.groovy/lib/xbean-reflect-3.4.jar
62981000-62986000 r--s 00047000 08:01 2478381    /home/sarnobat/github/groovy_libraries/.groovy/lib/asm-all-repackaged-2.1.88.jar
62986000-62988000 r--s 00000000 08:01 2478906    /home/sarnobat/github/groovy_libraries/.groovy/lib/plexus-compiler-manager-2.0.jar
62988000-6298a000 r--s 00002000 08:01 2478895    /home/sarnobat/github/groovy_libraries/.groovy/lib/maven-shared-incremental-1.0.jar
6298a000-6298c000 r--s 00001000 08:01 2478876    /home/sarnobat/github/groovy_libraries/.groovy/lib/jsch.agentproxy.core-0.0.6.jar
6298c000-6298e000 r--s 00282000 08:01 2478919    /home/sarnobat/github/groovy_libraries/.groovy/lib/selenium-firefox-driver-2.45.0.jar
6298e000-62990000 r--s 00005000 08:01 2478847    /home/sarnobat/github/groovy_libraries/.groovy/lib/javax.annotation-api-1.2.jar
62990000-62991000 r--s 00001000 08:01 2478878    /home/sarnobat/github/groovy_libraries/.groovy/lib/jsch.agentproxy.pageant-0.0.6.jar
62991000-62993000 r--s 00000000 08:01 2478879    /home/sarnobat/github/groovy_libraries/.groovy/lib/jsch.agentproxy.sshagent-0.0.6.jar
62993000-62995000 r--s 0000d000 08:01 2478416    /home/sarnobat/github/groovy_libraries/.groovy/lib/google-oauth-client-1.17.0-rc.jar
62995000-62999000 r--s 00025000 08:01 2478408    /home/sarnobat/github/groovy_libraries/.groovy/lib/google-api-client-1.17.0-rc.jar
62999000-6299a000 r--s 00001000 08:01 2478903    /home/sarnobat/github/groovy_libraries/.groovy/lib/plexus-build-api-0.0.4.jar
6299a000-6299d000 r--s 0001b000 08:01 2478887    /home/sarnobat/github/groovy_libraries/.groovy/lib/junit-3.8.1.jar
6299d000-629a1000 r--s 00019000 08:01 2478855    /home/sarnobat/github/groovy_libraries/.groovy/lib/jersey-client-2.0.jar
629a1000-629a3000 r--s 0000d000 08:01 2478874    /home/sarnobat/github/groovy_libraries/.groovy/lib/jsch-nio-0.1.5.jar
629a3000-629a9000 r--s 00033000 08:01 2478921    /home/sarnobat/github/groovy_libraries/.groovy/lib/selenium-remote-driver-2.45.0.jar
629a9000-629ad000 r--s 0002f000 08:01 2478845    /home/sarnobat/github/groovy_libraries/.groovy/lib/jackson-core-2.1.3.jar
629ad000-629d6000 r--s 001ee000 08:01 2478420    /home/sarnobat/github/groovy_libraries/.groovy/lib/guava-14.0.1.jar
629d6000-629d9000 r--s 00015000 08:01 2478409    /home/sarnobat/github/groovy_libraries/.groovy/lib/google-api-services-calendar-v3-rev72-1.17.0-rc.jar
629d9000-629db000 r--s 0000b000 08:01 2478427    /home/sarnobat/github/groovy_libraries/.groovy/lib/hk2-utils-2.1.88.jar
629db000-629e1000 r--s 00042000 08:01 2478885    /home/sarnobat/github/groovy_libraries/.groovy/lib/jsoup-1.7.2.jar
629e1000-629ef000 r--s 0007f000 08:01 2478387    /home/sarnobat/github/groovy_libraries/.groovy/lib/commons-collections-3.2.1.jar
629ef000-629fa000 r--s 00085000 08:01 2478429    /home/sarnobat/github/groovy_libraries/.groovy/lib/httpclient-4.3.3.jar
629fa000-629fb000 r--s 00002000 08:01 2478417    /home/sarnobat/github/groovy_libraries/.groovy/lib/google-oauth-client-java6-1.17.0-rc.jar
629fb000-629fc000 r--s 00001000 08:01 2478883    /home/sarnobat/github/groovy_libraries/.groovy/lib/jsch.agentproxy.usocket-nc-0.0.6.jar
629fc000-62a00000 r--s 00017000 08:01 2478928    /home/sarnobat/github/groovy_libraries/.groovy/lib/thumbnailator-0.4.8.jar
62a00000-62aff000 rw-p 00000000 00:00 0 
62aff000-62b00000 ---p 00000000 00:00 0 
62b00000-62b02000 r--s 0001f000 08:01 2478922    /home/sarnobat/github/groovy_libraries/.groovy/lib/servlet-api-2.5-20081211.jar
62b02000-62b6b000 r--s 003e4000 08:01 2478899    /home/sarnobat/github/groovy_libraries/.groovy/lib/neo4j-cypher-1.9.2.jar
62b6b000-62b6d000 r--s 0001d000 08:01 2478425    /home/sarnobat/github/groovy_libraries/.groovy/lib/hk2-locator-2.1.88.jar
62b6d000-62b71000 r--s 00018000 08:01 2478424    /home/sarnobat/github/groovy_libraries/.groovy/lib/hk2-api-2.1.88.jar
62b71000-62b72000 r--s 00002000 08:01 2478918    /home/sarnobat/github/groovy_libraries/.groovy/lib/selenium-chrome-driver-2.45.0.jar
62b72000-62b76000 r--s 00024000 08:01 2478861    /home/sarnobat/github/groovy_libraries/.groovy/lib/jersey-json-1.17.1.jar
62b76000-62b7a000 r--s 0002a000 08:01 2478393    /home/sarnobat/github/groovy_libraries/.groovy/lib/commons-io-2.4.jar
62b7a000-62b99000 r--s 00153000 08:01 2478900    /home/sarnobat/github/groovy_libraries/.groovy/lib/neo4j-kernel-1.9.2.jar
62b99000-62ba0000 r--s 00051000 08:01 2478889    /home/sarnobat/github/groovy_libraries/.groovy/lib/log4j-1.2.12.jar
62ba0000-62ba1000 r--s 00006000 08:01 2478926    /home/sarnobat/github/groovy_libraries/.groovy/lib/solr-commons-csv-3.5.0.jar
62ba1000-62ba5000 r--s 00018000 08:01 2478852    /home/sarnobat/github/groovy_libraries/.groovy/lib/javax.ws.rs-api-2.0.jar
62ba5000-62ba7000 r--s 0000b000 08:01 2478388    /home/sarnobat/github/groovy_libraries/.groovy/lib/commons-exec-1.1.jar
62ba7000-62ba9000 r--s 00001000 08:01 2478925    /home/sarnobat/github/groovy_libraries/.groovy/lib/slf4j-log4j12-1.7.12.jar
62ba9000-62bab000 r--s 00005000 08:01 2478904    /home/sarnobat/github/groovy_libraries/.groovy/lib/plexus-compiler-api-2.0.jar
62bab000-62bac000 r--s 00002000 08:01 2478893    /home/sarnobat/github/groovy_libraries/.groovy/lib/maven-reporting-api-2.0.6.jar
62bac000-62bb2000 r--s 0003c000 08:01 2478412    /home/sarnobat/github/groovy_libraries/.groovy/lib/google-http-client-1.17.0-rc.jar
62bb2000-62bb6000 r--s 00028000 08:01 2478867    /home/sarnobat/github/groovy_libraries/.groovy/lib/jetty-util-6.1.26.jar
62bb6000-62bb8000 r--s 00009000 08:01 2478891    /home/sarnobat/github/groovy_libraries/.groovy/lib/maven-compiler-plugin-3.0.jar
62bb8000-62bbf000 r--s 00058000 08:01 2478396    /home/sarnobat/github/groovy_libraries/.groovy/lib/commons-lang3-3.2.1.jar
62bbf000-62bc1000 r--s 0000c000 08:01 2478385    /home/sarnobat/github/groovy_libraries/.groovy/lib/commons-cli-1.4.jar
62bc1000-62bc3000 r--s 00007000 08:01 2478892    /home/sarnobat/github/groovy_libraries/.groovy/lib/maven-filtering-1.0-beta-4.jar
62bc3000-62bc4000 r--s 00004000 08:01 2478905    /home/sarnobat/github/groovy_libraries/.groovy/lib/plexus-compiler-javac-2.0.jar
62bc4000-62bcb000 r--s 00048000 08:01 2478841    /home/sarnobat/github/groovy_libraries/.groovy/lib/httpcore-4.4.1.jar
62bcb000-62bcf000 r--s 000dc000 08:01 2478869    /home/sarnobat/github/groovy_libraries/.groovy/lib/jna-4.1.0.jar
62bcf000-62bd5000 r--s 00043000 08:01 2478402    /home/sarnobat/github/groovy_libraries/.groovy/lib/genson-0.98.jar
62bd5000-62bd7000 r--s 00005000 08:01 2478844    /home/sarnobat/github/groovy_libraries/.groovy/lib/httpmime-4.2.3.jar
62bd7000-62bdb000 r--s 0003c000 08:01 2478394    /home/sarnobat/github/groovy_libraries/.groovy/lib/commons-lang-2.4.jar
62bdb000-62bdf000 r--s 00030000 08:01 2478913    /home/sarnobat/github/groovy_libraries/.groovy/lib/plexus-utils-1.5.1.jar
62bdf000-62be6000 r--s 0003f000 08:01 2478382    /home/sarnobat/github/groovy_libraries/.groovy/lib/cglib-2.1.88.jar
62be6000-62be9000 r--s 00012000 08:01 2478851    /home/sarnobat/github/groovy_libraries/.groovy/lib/javax.json-1.0.4.jar
62be9000-62bee000 r--s 0002b000 08:01 2478401    /home/sarnobat/github/groovy_libraries/.groovy/lib/fuse-jna-0.0.1-SNAPSHOT.jar
62bee000-62c00000 r--s 00099000 08:01 2478863    /home/sarnobat/github/groovy_libraries/.groovy/lib/jersey-server-2.0.jar
62c00000-62cfc000 rw-p 00000000 00:00 0 
62cfc000-62d00000 ---p 00000000 00:00 0 
62d00000-62dfc000 rw-p 00000000 00:00 0 
62dfc000-62e00000 ---p 00000000 00:00 0 
62e00000-62e01000 r--s 00005000 08:01 2478894    /home/sarnobat/github/groovy_libraries/.groovy/lib/maven-resources-plugin-2.4.3.jar
62e01000-62e02000 r--s 0000f000 08:01 2478884    /home/sarnobat/github/groovy_libraries/.groovy/lib/json-20131018.jar
62e02000-62e03000 r--s 00001000 08:01 2478418    /home/sarnobat/github/groovy_libraries/.groovy/lib/google-oauth-client-jetty-1.17.0-rc.jar
62e03000-62e05000 r--s 00006000 08:01 2478886    /home/sarnobat/github/groovy_libraries/.groovy/lib/jsr305-2.0.1.jar
62e05000-62e06000 r--s 00001000 08:01 2478415    /home/sarnobat/github/groovy_libraries/.groovy/lib/google-http-client-jackson2-1.17.0-rc.jar
62e06000-62e08000 r--s 00002000 08:01 2478911    /home/sarnobat/github/groovy_libraries/.groovy/lib/plexus-interactivity-api-1.0-alpha-4.jar
62e08000-62e0d000 r--s 0001d000 08:01 2478917    /home/sarnobat/github/groovy_libraries/.groovy/lib/selenium-api-2.45.0.jar
62e0d000-62e14000 r--s 00064000 08:01 2478890    /home/sarnobat/github/groovy_libraries/.groovy/lib/mail-1.4.2.jar
62e14000-62e1b000 r--s 00050000 08:01 2478843    /home/sarnobat/github/groovy_libraries/.groovy/lib/httpcore-nio-4.4.1.jar
62e1b000-62e1f000 r--s 00033000 08:01 2478914    /home/sarnobat/github/groovy_libraries/.groovy/lib/plexus-utils-2.0.5.jar
62e1f000-62e90000 r--s 00658000 08:01 2478916    /home/sarnobat/github/groovy_libraries/.groovy/lib/scala-library-2.10.0.jar
62e90000-62e9e000 r--s 000c8000 08:01 1149227    /usr/share/java/testng.jar
62e9e000-62eb3000 r--s 00124000 08:01 1147882    /usr/share/java/ivy-2.3.0.jar
62eb3000-62f00000 r--s 0040d000 08:01 1149211    /usr/share/java/groovy-2.x.jar
62f00000-62ffd000 rw-p 00000000 00:00 0 
62ffd000-63000000 ---p 00000000 00:00 0 
63000000-63001000 r--s 00004000 08:01 2478902    /home/sarnobat/github/groovy_libraries/.groovy/lib/osgi-resource-locator-1.0.1.jar
63001000-63002000 r--s 00001000 08:01 2478848    /home/sarnobat/github/groovy_libraries/.groovy/lib/javax.inject-2.1.88.jar
63002000-63005000 r--s 0001d000 08:01 2478854    /home/sarnobat/github/groovy_libraries/.groovy/lib/jersey-client-1.17.1.jar
63005000-63007000 r--s 0001b000 08:01 1693924    /usr/share/maven-repo/org/codehaus/groovy/groovy-docgenerator/2.4.5/groovy-docgenerator-2.4.5.jar
63007000-63009000 r--s 00011000 08:01 1147685    /usr/share/java/jsp-api-2.1.jar
63009000-6300b000 r--s 0000c000 08:01 1149198    /usr/share/java/asm4-5.0.4.jar
6300b000-6300d000 r--s 00006000 08:01 1149197    /usr/share/java/asm4-tree-5.0.4.jar
6300d000-6305a000 r--s 0040d000 08:01 1149211    /usr/share/java/groovy-2.x.jar
6305a000-6305b000 ---p 00000000 00:00 0 
6305b000-630db000 rw-p 00000000 00:00 0 
630db000-630de000 ---p 00000000 00:00 0 
630de000-6312c000 rw-p 00000000 00:00 0 
6312c000-6312f000 ---p 00000000 00:00 0 
6312f000-631ad000 rw-p 00000000 00:00 0 
631ad000-631b0000 ---p 00000000 00:00 0 
631b0000-6322e000 rw-p 00000000 00:00 0 
6322e000-63231000 ---p 00000000 00:00 0 
63231000-632af000 rw-p 00000000 00:00 0 
632af000-632b2000 ---p 00000000 00:00 0 
632b2000-63300000 rw-p 00000000 00:00 0 
63300000-63500000 r--p 00000000 08:01 1105218    /usr/lib/locale/locale-archive
63500000-635f6000 rw-p 00000000 00:00 0 
635f6000-63600000 ---p 00000000 00:00 0 
63600000-63621000 rw-p 00000000 00:00 0 
63621000-63700000 ---p 00000000 00:00 0 
63700000-637fb000 rw-p 00000000 00:00 0 
637fb000-63800000 ---p 00000000 00:00 0 
63800000-63801000 r--s 00006000 08:01 1693894    /usr/share/maven-repo/org/codehaus/groovy/groovy-servlet/2.4.5/groovy-servlet-2.4.5.jar
63801000-63803000 r--s 00012000 08:01 1839680    /usr/share/maven-repo/org/codehaus/groovy/groovy-test/2.4.5/groovy-test-2.4.5.jar
63803000-63804000 r--s 00004000 08:01 1144744    /usr/share/java/ant-launcher-1.9.6.jar
63804000-63805000 r--s 00005000 08:01 1147905    /usr/share/java/jansi-1.4.jar
63805000-63807000 r--s 00019000 08:01 1149207    /usr/share/java/jline2.jar
63807000-63809000 r--s 00001000 08:01 1839692    /usr/share/maven-repo/org/codehaus/groovy/groovy-testng/2.4.5/groovy-testng-2.4.5.jar
63809000-6380b000 r--s 00016000 08:01 1839697    /usr/share/maven-repo/org/codehaus/groovy/groovy-templates/2.4.5/groovy-templates-2.4.5.jar
6380b000-6380d000 r--s 00004000 08:01 1839662    /usr/share/maven-repo/org/codehaus/groovy/groovy-jsr223/2.4.5/groovy-jsr223-2.4.5.jar
6380d000-63810000 r--s 0001e000 08:01 1147684    /usr/share/java/servlet-api-2.5.jar
63810000-63811000 r--s 00003000 08:01 1147898    /usr/share/java/hawtjni-runtime-1.10.jar
63811000-63812000 r--s 00001000 08:01 1147901    /usr/share/java/jansi-native-1.0.jar
63812000-63813000 r--s 00005000 08:01 1147905    /usr/share/java/jansi-1.4.jar
63813000-63816000 ---p 00000000 00:00 0 
63816000-63864000 rw-p 00000000 00:00 0 
63864000-63865000 ---p 00000000 00:00 0 
63865000-638e5000 rw-p 00000000 00:00 0 
638e5000-63ab4000 r--s 03c21000 08:01 1693223    /usr/lib/jvm/java-8-openjdk-i386/jre/lib/rt.jar
63ab4000-63efa000 rw-p 00000000 00:00 0 
63efa000-63f00000 ---p 00000000 00:00 0 
63f00000-66300000 rw-p 00000000 00:00 0 
66300000-663ff000 rw-p 00000000 00:00 0 
663ff000-66400000 ---p 00000000 00:00 0 
66400000-6640d000 r--s 00076000 08:01 1147859    /usr/share/java/xstream-1.4.8.jar
6640d000-66411000 r--s 00028000 08:01 1149209    /usr/share/java/qdox-1.12.1.jar
66411000-66415000 r--s 0001e000 08:01 1839667    /usr/share/maven-repo/org/codehaus/groovy/groovy-groovydoc/2.4.5/groovy-groovydoc-2.4.5.jar
66415000-66416000 r--s 0000d000 08:01 1147020    /usr/share/java/commons-logging-1.2.jar
66416000-6641b000 r--s 00068000 08:01 1144929    /usr/share/java/antlr.jar
6641b000-6641e000 r--s 0001d000 08:01 1839643    /usr/share/maven-repo/org/codehaus/groovy/groovy-json/2.4.5/groovy-json-2.4.5.jar
6641e000-66421000 r--s 0000d000 08:01 1149225    /usr/share/java/jcommander.jar
66421000-66423000 r--s 0000a000 08:01 1147016    /usr/share/java/commons-cli-1.3.1.jar
66423000-66426000 r--s 00010000 08:01 1145778    /usr/share/java/bsf-2.4.0.jar
66426000-66428000 r--s 0001b000 08:01 1145289    /usr/share/java/ant-junit-1.9.6.jar
66428000-6642c000 r--s 00031000 08:01 1693912    /usr/share/maven-repo/org/codehaus/groovy/groovy-xml/2.4.5/groovy-xml-2.4.5.jar
6642c000-6642e000 r--s 0001d000 08:01 1693929    /usr/share/maven-repo/org/codehaus/groovy/groovy-jmx/2.4.5/groovy-jmx-2.4.5.jar
6642e000-66431000 ---p 00000000 00:00 0 
66431000-6647f000 rw-p 00000000 00:00 0 
6647f000-66480000 ---p 00000000 00:00 0 
66480000-66500000 rw-p 00000000 00:00 0 
66500000-665fa000 rw-p 00000000 00:00 0 
665fa000-66600000 ---p 00000000 00:00 0 
66600000-66606000 r--s 0005e000 08:01 1693906    /usr/share/maven-repo/org/codehaus/groovy/groovy-groovysh/2.4.5/groovy-groovysh-2.4.5.jar
66606000-66625000 r--s 001d1000 08:01 1144743    /usr/share/java/ant-1.9.6.jar
66625000-66631000 r--s 00094000 08:01 1693917    /usr/share/maven-repo/org/codehaus/groovy/groovy-console/2.4.5/groovy-console-2.4.5.jar
66631000-6667f000 rw-p 00000000 00:00 0 
6667f000-66680000 ---p 00000000 00:00 0 
66680000-66700000 rw-p 00000000 00:00 0 
66700000-66721000 rw-p 00000000 00:00 0 
66721000-66800000 ---p 00000000 00:00 0 
66800000-66801000 r--s 0000a000 08:01 1149195    /usr/share/java/asm4-util-5.0.4.jar
66801000-66809000 r--s 00045000 08:01 1147522    /usr/share/java/junit4-4.12.jar
66809000-66824000 r--s 00394000 08:01 1693228    /usr/lib/jvm/java-8-openjdk-i386/jre/lib/ext/cldrdata.jar
66824000-6687f000 rw-p 00000000 00:00 0 
6687f000-66880000 ---p 00000000 00:00 0 
66880000-66900000 rw-p 00000000 00:00 0 
66900000-66921000 rw-p 00000000 00:00 0 
66921000-66a00000 ---p 00000000 00:00 0 
66a00000-66a01000 r--s 0000d000 08:01 1149216    /usr/share/java/jsr166y-1.7.0.jar
66a01000-66a03000 r--s 00004000 08:01 1149192    /usr/share/java/asm4-analysis-5.0.4.jar
66a03000-66a05000 r--s 0000a000 08:01 1147024    /usr/share/java/hamcrest-core-1.3.jar
66a05000-66a0b000 r--s 00051000 08:01 1839686    /usr/share/maven-repo/org/codehaus/groovy/groovy-swing/2.4.5/groovy-swing-2.4.5.jar
66a0b000-66a0d000 r--s 00010000 08:01 1839656    /usr/share/maven-repo/org/codehaus/groovy/groovy-ant/2.4.5/groovy-ant-2.4.5.jar
66a0d000-66a28000 r--s 001d6000 08:01 1693230    /usr/lib/jvm/java-8-openjdk-i386/jre/lib/ext/nashorn.jar
66a28000-66a29000 ---p 00000000 00:00 0 
66a29000-66abf000 rw-p 00000000 00:00 0 
66abf000-66bff000 ---p 00000000 00:00 0 
66bff000-66c15000 rw-p 00000000 00:00 0 
66c15000-66d54000 ---p 00000000 00:00 0 
66d54000-66d5f000 rw-p 00000000 00:00 0 
66d5f000-66dff000 ---p 00000000 00:00 0 
66dff000-698c0000 rw-p 00000000 00:00 0 
698c0000-918c0000 ---p 00000000 00:00 0 
918c0000-92e00000 rw-p 00000000 00:00 0 
92e00000-a6e00000 ---p 00000000 00:00 0 
a6e00000-a6e01000 r--s 00002000 08:01 1145284    /usr/share/java/ant-antlr-1.9.6.jar
a6e01000-a6e03000 r--s 00012000 08:01 1839650    /usr/share/maven-repo/org/codehaus/groovy/groovy-sql/2.4.5/groovy-sql-2.4.5.jar
a6e03000-a6e05000 r--s 00009000 08:01 1148102    /usr/share/java/asm4-commons-5.0.4.jar
a6e05000-a6e0b000 r--s 0003a000 08:01 1693231    /usr/lib/jvm/java-8-openjdk-i386/jre/lib/ext/sunjce_provider.jar
a6e0b000-a6e15000 r--s 00116000 08:01 1693233    /usr/lib/jvm/java-8-openjdk-i386/jre/lib/ext/localedata.jar
a6e15000-a6e38000 rw-p 00000000 00:00 0 
a6e38000-a71ed000 ---p 00000000 00:00 0 
a71ed000-a7475000 rwxp 00000000 00:00 0 
a7475000-b61ed000 ---p 00000000 00:00 0 
b61ed000-b61f8000 r-xp 00000000 08:01 3401300    /lib/i386-linux-gnu/libnss_files-2.23.so
b61f8000-b61f9000 r--p 0000a000 08:01 3401300    /lib/i386-linux-gnu/libnss_files-2.23.so
b61f9000-b61fa000 rw-p 0000b000 08:01 3401300    /lib/i386-linux-gnu/libnss_files-2.23.so
b61fa000-b6200000 rw-p 00000000 00:00 0 
b6200000-b62fb000 rw-p 00000000 00:00 0 
b62fb000-b6300000 ---p 00000000 00:00 0 
b6300000-b6301000 r--s 00002000 08:01 1839673    /usr/share/maven-repo/org/codehaus/groovy/groovy-bsf/2.4.5/groovy-bsf-2.4.5.jar
b6301000-b6303000 r--s 00008000 08:01 1693232    /usr/lib/jvm/java-8-openjdk-i386/jre/lib/ext/sunec.jar
b6303000-b630e000 r-xp 00000000 08:01 3401303    /lib/i386-linux-gnu/libnss_nis-2.23.so
b630e000-b630f000 r--p 0000a000 08:01 3401303    /lib/i386-linux-gnu/libnss_nis-2.23.so
b630f000-b6310000 rw-p 0000b000 08:01 3401303    /lib/i386-linux-gnu/libnss_nis-2.23.so
b6310000-b6327000 r-xp 00000000 08:01 3401221    /lib/i386-linux-gnu/libnsl-2.23.so
b6327000-b6328000 r--p 00016000 08:01 3401221    /lib/i386-linux-gnu/libnsl-2.23.so
b6328000-b6329000 rw-p 00017000 08:01 3401221    /lib/i386-linux-gnu/libnsl-2.23.so
b6329000-b632b000 rw-p 00000000 00:00 0 
b632b000-b6333000 r-xp 00000000 08:01 3401309    /lib/i386-linux-gnu/libnss_compat-2.23.so
b6333000-b6334000 r--p 00007000 08:01 3401309    /lib/i386-linux-gnu/libnss_compat-2.23.so
b6334000-b6335000 rw-p 00008000 08:01 3401309    /lib/i386-linux-gnu/libnss_compat-2.23.so
b6335000-b6336000 r--s 00010000 08:01 1693229    /usr/lib/jvm/java-8-openjdk-i386/jre/lib/ext/zipfs.jar
b6336000-b6338000 r--s 00001000 08:01 1693236    /usr/lib/jvm/java-8-openjdk-i386/jre/lib/ext/dnsns.jar
b6338000-b633b000 r--s 0000f000 08:01 1693227    /usr/lib/jvm/java-8-openjdk-i386/jre/lib/ext/icedtea-sound.jar
b633b000-b6343000 r-xp 00000000 08:01 1693277    /usr/lib/jvm/java-8-openjdk-i386/jre/lib/i386/libzip.so
b6343000-b6344000 r--p 00007000 08:01 1693277    /usr/lib/jvm/java-8-openjdk-i386/jre/lib/i386/libzip.so
b6344000-b6345000 rw-p 00008000 08:01 1693277    /usr/lib/jvm/java-8-openjdk-i386/jre/lib/i386/libzip.so
b6345000-b634d000 rw-s 00000000 08:01 2577043    /tmp/hsperfdata_sarnobat/7573
b634d000-b6374000 r-xp 00000000 08:01 1693258    /usr/lib/jvm/java-8-openjdk-i386/jre/lib/i386/libjava.so
b6374000-b6375000 r--p 00026000 08:01 1693258    /usr/lib/jvm/java-8-openjdk-i386/jre/lib/i386/libjava.so
b6375000-b6376000 rw-p 00027000 08:01 1693258    /usr/lib/jvm/java-8-openjdk-i386/jre/lib/i386/libjava.so
b6376000-b637d000 r-xp 00000000 08:01 3401305    /lib/i386-linux-gnu/librt-2.23.so
b637d000-b637e000 r--p 00006000 08:01 3401305    /lib/i386-linux-gnu/librt-2.23.so
b637e000-b637f000 rw-p 00007000 08:01 3401305    /lib/i386-linux-gnu/librt-2.23.so
b637f000-b6382000 ---p 00000000 00:00 0 
b6382000-b63d0000 rw-p 00000000 00:00 0 
b63d0000-b63ec000 r-xp 00000000 08:01 3402590    /lib/i386-linux-gnu/libgcc_s.so.1
b63ec000-b63ed000 rw-p 0001b000 08:01 3402590    /lib/i386-linux-gnu/libgcc_s.so.1
b63ed000-b6440000 r-xp 00000000 08:01 3401314    /lib/i386-linux-gnu/libm-2.23.so
b6440000-b6441000 r--p 00052000 08:01 3401314    /lib/i386-linux-gnu/libm-2.23.so
b6441000-b6442000 rw-p 00053000 08:01 3401314    /lib/i386-linux-gnu/libm-2.23.so
b6442000-b65af000 r-xp 00000000 08:01 1110301    /usr/lib/i386-linux-gnu/libstdc++.so.6.0.21
b65af000-b65b0000 ---p 0016d000 08:01 1110301    /usr/lib/i386-linux-gnu/libstdc++.so.6.0.21
b65b0000-b65b5000 r--p 0016d000 08:01 1110301    /usr/lib/i386-linux-gnu/libstdc++.so.6.0.21
b65b5000-b65b6000 rw-p 00172000 08:01 1110301    /usr/lib/i386-linux-gnu/libstdc++.so.6.0.21
b65b6000-b65b9000 rw-p 00000000 00:00 0 
b65b9000-b708a000 r-xp 00000000 08:01 1693269    /usr/lib/jvm/java-8-openjdk-i386/jre/lib/i386/server/libjvm.so
b708a000-b70d0000 r--p 00ad0000 08:01 1693269    /usr/lib/jvm/java-8-openjdk-i386/jre/lib/i386/server/libjvm.so
b70d0000-b70e7000 rw-p 00b16000 08:01 1693269    /usr/lib/jvm/java-8-openjdk-i386/jre/lib/i386/server/libjvm.so
b70e7000-b7508000 rw-p 00000000 00:00 0 
b7508000-b7521000 r-xp 00000000 08:01 3401302    /lib/i386-linux-gnu/libpthread-2.23.so
b7521000-b7522000 r--p 00018000 08:01 3401302    /lib/i386-linux-gnu/libpthread-2.23.so
b7522000-b7523000 rw-p 00019000 08:01 3401302    /lib/i386-linux-gnu/libpthread-2.23.so
b7523000-b7525000 rw-p 00000000 00:00 0 
b7525000-b7528000 r-xp 00000000 08:01 3401308    /lib/i386-linux-gnu/libdl-2.23.so
b7528000-b7529000 r--p 00002000 08:01 3401308    /lib/i386-linux-gnu/libdl-2.23.so
b7529000-b752a000 rw-p 00003000 08:01 3401308    /lib/i386-linux-gnu/libdl-2.23.so
b752a000-b7543000 r-xp 00000000 08:01 3402741    /lib/i386-linux-gnu/libz.so.1.2.8
b7543000-b7544000 r--p 00018000 08:01 3402741    /lib/i386-linux-gnu/libz.so.1.2.8
b7544000-b7545000 rw-p 00019000 08:01 3402741    /lib/i386-linux-gnu/libz.so.1.2.8
b7545000-b76f5000 r-xp 00000000 08:01 3402570    /lib/i386-linux-gnu/libc-2.23.so
b76f5000-b76f7000 r--p 001af000 08:01 3402570    /lib/i386-linux-gnu/libc-2.23.so
b76f7000-b76f8000 rw-p 001b1000 08:01 3402570    /lib/i386-linux-gnu/libc-2.23.so
b76f8000-b76fb000 rw-p 00000000 00:00 0 
b76fb000-b76fc000 r--s 0000a000 08:01 1693235    /usr/lib/jvm/java-8-openjdk-i386/jre/lib/ext/jaccess.jar
b76fc000-b7700000 r--s 00037000 08:01 1693234    /usr/lib/jvm/java-8-openjdk-i386/jre/lib/ext/sunpkcs11.jar
b7700000-b7701000 r--p 002d4000 08:01 1105218    /usr/lib/locale/locale-archive
b7701000-b7702000 rw-p 00000000 00:00 0 
b7702000-b7703000 r--p 00000000 00:00 0 
b7703000-b7711000 r-xp 00000000 08:01 1693275    /usr/lib/jvm/java-8-openjdk-i386/jre/lib/i386/libverify.so
b7711000-b7712000 r--p 0000d000 08:01 1693275    /usr/lib/jvm/java-8-openjdk-i386/jre/lib/i386/libverify.so
b7712000-b7713000 rw-p 0000e000 08:01 1693275    /usr/lib/jvm/java-8-openjdk-i386/jre/lib/i386/libverify.so
b7713000-b7720000 r-xp 00000000 08:01 1693273    /usr/lib/jvm/java-8-openjdk-i386/jre/lib/i386/jli/libjli.so
b7720000-b7721000 r--p 0000c000 08:01 1693273    /usr/lib/jvm/java-8-openjdk-i386/jre/lib/i386/jli/libjli.so
b7721000-b7722000 rw-p 0000d000 08:01 1693273    /usr/lib/jvm/java-8-openjdk-i386/jre/lib/i386/jli/libjli.so
b7722000-b7724000 rw-p 00000000 00:00 0 
b7724000-b7726000 r--p 00000000 00:00 0          [vvar]
b7726000-b7727000 r-xp 00000000 00:00 0          [vdso]
b7727000-b7749000 r-xp 00000000 08:01 3401231    /lib/i386-linux-gnu/ld-2.23.so
b7749000-b774a000 rw-p 00000000 00:00 0 
b774a000-b774b000 r--p 00022000 08:01 3401231    /lib/i386-linux-gnu/ld-2.23.so
b774b000-b774c000 rw-p 00023000 08:01 3401231    /lib/i386-linux-gnu/ld-2.23.so
bfbf9000-bfc1a000 rw-p 00000000 00:00 0          [stack]

VM Arguments:
jvm_args: -Dscript.name=/usr/bin/groovy -Dprogram.name=groovy -Dgroovy.starter.conf=/usr/share/groovy2/conf/groovy-starter.conf -Dgroovy.home=/usr/share/groovy2 -Dtools.jar=/usr/lib/jvm/default-java/lib/tools.jar 
java_command: org.codehaus.groovy.tools.GroovyStarter --main groovy.ui.GroovyMain --conf /usr/share/groovy2/conf/groovy-starter.conf --classpath . reparent.groovy --port=4480 --file=/home/sarnobat/sarnobat.git/src/javascript/cream/heap.txt
java_class_path (initial): /usr/share/groovy2/lib/groovy-2.4.5.jar
Launcher Type: SUN_STANDARD

Environment Variables:
PATH=/usr/bin:/bin
SHELL=/bin/sh

Signal Handlers:
SIGSEGV: [libjvm.so+0x8d7370], sa_mask[0]=11111111011111111101111111111110, sa_flags=SA_RESTART|SA_SIGINFO
SIGBUS: [libjvm.so+0x8d7370], sa_mask[0]=11111111011111111101111111111110, sa_flags=SA_RESTART|SA_SIGINFO
SIGFPE: [libjvm.so+0x73d1c0], sa_mask[0]=11111111011111111101111111111110, sa_flags=SA_RESTART|SA_SIGINFO
SIGPIPE: [libjvm.so+0x73d1c0], sa_mask[0]=11111111011111111101111111111110, sa_flags=SA_RESTART|SA_SIGINFO
SIGXFSZ: [libjvm.so+0x73d1c0], sa_mask[0]=11111111011111111101111111111110, sa_flags=SA_RESTART|SA_SIGINFO
SIGILL: [libjvm.so+0x73d1c0], sa_mask[0]=11111111011111111101111111111110, sa_flags=SA_RESTART|SA_SIGINFO
SIGUSR1: SIG_DFL, sa_mask[0]=00000000000000000000000000000000, sa_flags=none
SIGUSR2: [libjvm.so+0x73d000], sa_mask[0]=00000000000000000000000000000000, sa_flags=SA_RESTART|SA_SIGINFO
SIGHUP: [libjvm.so+0x73d790], sa_mask[0]=11111111011111111101111111111110, sa_flags=SA_RESTART|SA_SIGINFO
SIGINT: [libjvm.so+0x73d790], sa_mask[0]=11111111011111111101111111111110, sa_flags=SA_RESTART|SA_SIGINFO
SIGTERM: [libjvm.so+0x73d790], sa_mask[0]=11111111011111111101111111111110, sa_flags=SA_RESTART|SA_SIGINFO
SIGQUIT: [libjvm.so+0x73d790], sa_mask[0]=11111111011111111101111111111110, sa_flags=SA_RESTART|SA_SIGINFO


---------------  S Y S T E M  ---------------

OS:DISTRIB_ID=Ubuntu
DISTRIB_RELEASE=16.04
DISTRIB_CODENAME=xenial
DISTRIB_DESCRIPTION="Ubuntu 16.04.1 LTS"

uname:Linux 4.4.0-104-generic #127-Ubuntu SMP Mon Dec 11 12:16:50 UTC 2017 i686
libc:glibc 2.23 NPTL 2.23 
rlimit: STACK 8192k, CORE 0k, NPROC 63057, NOFILE 65536, AS infinity
load average:124.09 105.17 100.68

/proc/meminfo:
MemTotal:        8107456 kB
MemFree:          394560 kB
MemAvailable:          0 kB
Buffers:            8580 kB
Cached:           215440 kB
SwapCached:         5896 kB
Active:          6308840 kB
Inactive:        1158828 kB
Active(anon):    6263544 kB
Inactive(anon):  1111160 kB
Active(file):      45296 kB
Inactive(file):    47668 kB
Unevictable:           0 kB
Mlocked:               0 kB
HighTotal:       7292552 kB
HighFree:         100860 kB
LowTotal:         814904 kB
LowFree:          293700 kB
SwapTotal:       4007932 kB
SwapFree:              0 kB
Dirty:              1548 kB
Writeback:           148 kB
AnonPages:       7238540 kB
Mapped:            30156 kB
Shmem:            130464 kB
Slab:              98644 kB
SReclaimable:      31688 kB
SUnreclaim:        66956 kB
KernelStack:       29816 kB
PageTables:        65776 kB
NFS_Unstable:       1600 kB
Bounce:                0 kB
WritebackTmp:          0 kB
CommitLimit:     8061660 kB
Committed_AS:   28397792 kB
VmallocTotal:     122880 kB
VmallocUsed:           0 kB
VmallocChunk:          0 kB
AnonHugePages:   3239936 kB
CmaTotal:              0 kB
CmaFree:               0 kB
HugePages_Total:       0
HugePages_Free:        0
HugePages_Rsvd:        0
HugePages_Surp:        0
Hugepagesize:       2048 kB
DirectMap4k:       40952 kB
DirectMap2M:      870400 kB


CPU:total 4 (initial active 4) (2 cores per cpu, 2 threads per core) family 6 model 58 stepping 9, cmov, cx8, fxsr, mmx, sse, sse2, sse3, ssse3, sse4.1, sse4.2, popcnt, avx, aes, clmul, erms, ht, tsc, tscinvbit, tscinv

/proc/cpuinfo:
processor	: 0
vendor_id	: GenuineIntel
cpu family	: 6
model		: 58
model name	: Intel(R) Core(TM) i5-3427U CPU @ 1.80GHz
stepping	: 9
microcode	: 0x17
cpu MHz		: 2599.988
cache size	: 3072 KB
physical id	: 0
siblings	: 4
core id		: 0
cpu cores	: 2
apicid		: 0
initial apicid	: 0
fdiv_bug	: no
f00f_bug	: no
coma_bug	: no
fpu		: yes
fpu_exception	: yes
cpuid level	: 13
wp		: yes
flags		: fpu vme de pse tsc msr pae mce cx8 apic sep mtrr pge mca cmov pat pse36 clflush dts acpi mmx fxsr sse sse2 ss ht tm pbe nx rdtscp lm constant_tsc arch_perfmon pebs bts xtopology nonstop_tsc aperfmperf eagerfpu pni pclmulqdq dtes64 monitor ds_cpl vmx smx est tm2 ssse3 cx16 xtpr pdcm pcid sse4_1 sse4_2 x2apic popcnt tsc_deadline_timer aes xsave avx f16c rdrand lahf_lm epb tpr_shadow vnmi flexpriority ept vpid fsgsbase smep erms xsaveopt dtherm ida arat pln pts
bugs		:
bogomips	: 4589.83
clflush size	: 64
cache_alignment	: 64
address sizes	: 36 bits physical, 48 bits virtual
power management:

processor	: 1
vendor_id	: GenuineIntel
cpu family	: 6
model		: 58
model name	: Intel(R) Core(TM) i5-3427U CPU @ 1.80GHz
stepping	: 9
microcode	: 0x17
cpu MHz		: 2599.988
cache size	: 3072 KB
physical id	: 0
siblings	: 4
core id		: 1
cpu cores	: 2
apicid		: 2
initial apicid	: 2
fdiv_bug	: no
f00f_bug	: no
coma_bug	: no
fpu		: yes
fpu_exception	: yes
cpuid level	: 13
wp		: yes
flags		: fpu vme de pse tsc msr pae mce cx8 apic sep mtrr pge mca cmov pat pse36 clflush dts acpi mmx fxsr sse sse2 ss ht tm pbe nx rdtscp lm constant_tsc arch_perfmon pebs bts xtopology nonstop_tsc aperfmperf eagerfpu pni pclmulqdq dtes64 monitor ds_cpl vmx smx est tm2 ssse3 cx16 xtpr pdcm pcid sse4_1 sse4_2 x2apic popcnt tsc_deadline_timer aes xsave avx f16c rdrand lahf_lm epb tpr_shadow vnmi flexpriority ept vpid fsgsbase smep erms xsaveopt dtherm ida arat pln pts
bugs		:
bogomips	: 4589.83
clflush size	: 64
cache_alignment	: 64
address sizes	: 36 bits physical, 48 bits virtual
power management:

processor	: 2
vendor_id	: GenuineIntel
cpu family	: 6
model		: 58
model name	: Intel(R) Core(TM) i5-3427U CPU @ 1.80GHz
stepping	: 9
microcode	: 0x17
cpu MHz		: 2599.988
cache size	: 3072 KB
physical id	: 0
siblings	: 4
core id		: 0
cpu cores	: 2
apicid		: 1
initial apicid	: 1
fdiv_bug	: no
f00f_bug	: no
coma_bug	: no
fpu		: yes
fpu_exception	: yes
cpuid level	: 13
wp		: yes
flags		: fpu vme de pse tsc msr pae mce cx8 apic sep mtrr pge mca cmov pat pse36 clflush dts acpi mmx fxsr sse sse2 ss ht tm pbe nx rdtscp lm constant_tsc arch_perfmon pebs bts xtopology nonstop_tsc aperfmperf eagerfpu pni pclmulqdq dtes64 monitor ds_cpl vmx smx est tm2 ssse3 cx16 xtpr pdcm pcid sse4_1 sse4_2 x2apic popcnt tsc_deadline_timer aes xsave avx f16c rdrand lahf_lm epb tpr_shadow vnmi flexpriority ept vpid fsgsbase smep erms xsaveopt dtherm ida arat pln pts
bugs		:
bogomips	: 4589.83
clflush size	: 64
cache_alignment	: 64
address sizes	: 36 bits physical, 48 bits virtual
power management:

processor	: 3
vendor_id	: GenuineIntel
cpu family	: 6
model		: 58
model name	: Intel(R) Core(TM) i5-3427U CPU @ 1.80GHz
stepping	: 9
microcode	: 0x17
cpu MHz		: 2599.988
cache size	: 3072 KB
physical id	: 0
siblings	: 4
core id		: 1
cpu cores	: 2
apicid		: 3
initial apicid	: 3
fdiv_bug	: no
f00f_bug	: no
coma_bug	: no
fpu		: yes
fpu_exception	: yes
cpuid level	: 13
wp		: yes
flags		: fpu vme de pse tsc msr pae mce cx8 apic sep mtrr pge mca cmov pat pse36 clflush dts acpi mmx fxsr sse sse2 ss ht tm pbe nx rdtscp lm constant_tsc arch_perfmon pebs bts xtopology nonstop_tsc aperfmperf eagerfpu pni pclmulqdq dtes64 monitor ds_cpl vmx smx est tm2 ssse3 cx16 xtpr pdcm pcid sse4_1 sse4_2 x2apic popcnt tsc_deadline_timer aes xsave avx f16c rdrand lahf_lm epb tpr_shadow vnmi flexpriority ept vpid fsgsbase smep erms xsaveopt dtherm ida arat pln pts
bugs		:
bogomips	: 4589.83
clflush size	: 64
cache_alignment	: 64
address sizes	: 36 bits physical, 48 bits virtual
power management:



Memory: 4k page, physical 8107456k(392140k free), swap 4007932k(0k free)

vm_info: OpenJDK Server VM (25.151-b12) for linux-x86 JRE (1.8.0_151-8u151-b12-0ubuntu0.16.04.2-b12), built on Oct 27 2017 22:05:04 by "buildd" with gcc 5.4.0 20160609

time: Wed Dec 20 13:01:05 2017
elapsed time: 62 seconds (0d 0h 1m 2s)

