#
# There is insufficient memory for the Java Runtime Environment to continue.
# Native memory allocation (mmap) failed to map 22282240 bytes for committing reserved memory.
# Possible reasons:
#   The system is out of physical RAM or swap space
#   In 32 bit mode, the process size limit was hit
# Possible solutions:
#   Reduce memory load on the system
#   Increase physical memory or swap space
#   Check if swap backing store is full
#   Use 64 bit Java on a 64 bit OS
#   Decrease Java heap size (-Xmx/-Xms)
#   Decrease number of Java threads
#   Decrease Java thread stack sizes (-Xss)
#   Set larger code cache with -XX:ReservedCodeCacheSize=
# This output file may be truncated or incomplete.
#
#  Out of Memory Error (os_linux.cpp:2643), pid=11175, tid=0xb63e1b40
#
# JRE version:  (8.0_171-b11) (build )
# Java VM: OpenJDK Server VM (25.171-b11 mixed mode linux-x86 )
# Failed to write core dump. Core dumps have been disabled. To enable core dumping, try "ulimit -c unlimited" before starting Java again
#

---------------  T H R E A D  ---------------

Current thread (0xb6208400):  JavaThread "Unknown thread" [_thread_in_vm, id=11312, stack(0xb6391000,0xb63e2000)]

Stack: [0xb6391000,0xb63e2000],  sp=0xb63e0cc0,  free space=319k
Native frames: (J=compiled Java code, j=interpreted, Vv=VM code, C=native code)
V  [libjvm.so+0x8dafd4]
V  [libjvm.so+0x3a8ff6]
V  [libjvm.so+0x745480]
V  [libjvm.so+0x73f2f3]
V  [libjvm.so+0x7b15bc]
V  [libjvm.so+0x7b3182]
V  [libjvm.so+0x1b8499]
V  [libjvm.so+0x768ff3]
V  [libjvm.so+0x8a397f]
V  [libjvm.so+0x8a3ade]
V  [libjvm.so+0x4dff7e]
V  [libjvm.so+0x88a552]
V  [libjvm.so+0x5456a5]  JNI_CreateJavaVM+0x65
C  [libjli.so+0x2634]
C  [libjli.so+0x6ace]
C  [libpthread.so.0+0x6295]  start_thread+0xe5
C  [libc.so.6+0xe70ae]  clone+0x6e


---------------  P R O C E S S  ---------------

Java Threads: ( => current thread )

Other Threads:

=>0xb6208400 (exited) JavaThread "Unknown thread" [_thread_in_vm, id=11312, stack(0xb6391000,0xb63e2000)]

VM state:not at safepoint (not fully initialized)

VM Mutex/Monitor currently owned by a thread: None

GC Heap History (0 events):
No events

Deoptimization events (0 events):
No events

Classes redefined (0 events):
No events

Internal exceptions (0 events):
No events

Events (0 events):
No events


Dynamic libraries:
08048000-08049000 r-xp 00000000 08:01 1694419    /usr/lib/jvm/java-8-openjdk-i386/jre/bin/java
08049000-0804a000 r--p 00000000 08:01 1694419    /usr/lib/jvm/java-8-openjdk-i386/jre/bin/java
0804a000-0804b000 rw-p 00001000 08:01 1694419    /usr/lib/jvm/java-8-openjdk-i386/jre/bin/java
08b95000-08bb6000 rw-p 00000000 00:00 0          [heap]
66bff000-66dff000 ---p 00000000 00:00 0 
66dff000-66e00000 rw-p 00000000 00:00 0 
66e00000-918c0000 ---p 00000000 00:00 0 
92e00000-a6e00000 ---p 00000000 00:00 0 
a6e40000-a6e49000 rw-p 00000000 00:00 0 
a6e49000-a7200000 ---p 00000000 00:00 0 
a7200000-a7440000 rwxp 00000000 00:00 0 
a7440000-b6200000 ---p 00000000 00:00 0 
b6200000-b6221000 rw-p 00000000 00:00 0 
b6221000-b6300000 ---p 00000000 00:00 0 
b6301000-b630c000 r-xp 00000000 08:01 3402889    /lib/i386-linux-gnu/libnss_files-2.23.so
b630c000-b630d000 r--p 0000a000 08:01 3402889    /lib/i386-linux-gnu/libnss_files-2.23.so
b630d000-b630e000 rw-p 0000b000 08:01 3402889    /lib/i386-linux-gnu/libnss_files-2.23.so
b630e000-b6314000 rw-p 00000000 00:00 0 
b6314000-b631f000 r-xp 00000000 08:01 3402895    /lib/i386-linux-gnu/libnss_nis-2.23.so
b631f000-b6320000 r--p 0000a000 08:01 3402895    /lib/i386-linux-gnu/libnss_nis-2.23.so
b6320000-b6321000 rw-p 0000b000 08:01 3402895    /lib/i386-linux-gnu/libnss_nis-2.23.so
b6321000-b6338000 r-xp 00000000 08:01 3402652    /lib/i386-linux-gnu/libnsl-2.23.so
b6338000-b6339000 r--p 00016000 08:01 3402652    /lib/i386-linux-gnu/libnsl-2.23.so
b6339000-b633a000 rw-p 00017000 08:01 3402652    /lib/i386-linux-gnu/libnsl-2.23.so
b633a000-b633c000 rw-p 00000000 00:00 0 
b633c000-b6344000 r-xp 00000000 08:01 3402720    /lib/i386-linux-gnu/libnss_compat-2.23.so
b6344000-b6345000 r--p 00007000 08:01 3402720    /lib/i386-linux-gnu/libnss_compat-2.23.so
b6345000-b6346000 rw-p 00008000 08:01 3402720    /lib/i386-linux-gnu/libnss_compat-2.23.so
b634c000-b6354000 r-xp 00000000 08:01 1694470    /usr/lib/jvm/java-8-openjdk-i386/jre/lib/i386/libzip.so
b6354000-b6355000 r--p 00007000 08:01 1694470    /usr/lib/jvm/java-8-openjdk-i386/jre/lib/i386/libzip.so
b6355000-b6356000 rw-p 00008000 08:01 1694470    /usr/lib/jvm/java-8-openjdk-i386/jre/lib/i386/libzip.so
b6356000-b635e000 rw-s 00000000 08:01 2578019    /tmp/hsperfdata_sarnobat/11175
b635e000-b6386000 r-xp 00000000 08:01 1694461    /usr/lib/jvm/java-8-openjdk-i386/jre/lib/i386/libjava.so
b6386000-b6387000 r--p 00027000 08:01 1694461    /usr/lib/jvm/java-8-openjdk-i386/jre/lib/i386/libjava.so
b6387000-b6388000 rw-p 00028000 08:01 1694461    /usr/lib/jvm/java-8-openjdk-i386/jre/lib/i386/libjava.so
b6388000-b638f000 r-xp 00000000 08:01 3402905    /lib/i386-linux-gnu/librt-2.23.so
b638f000-b6390000 r--p 00006000 08:01 3402905    /lib/i386-linux-gnu/librt-2.23.so
b6390000-b6391000 rw-p 00007000 08:01 3402905    /lib/i386-linux-gnu/librt-2.23.so
b6391000-b6394000 ---p 00000000 00:00 0 
b6394000-b63e2000 rw-p 00000000 00:00 0 
b63e2000-b63fe000 r-xp 00000000 08:01 3402590    /lib/i386-linux-gnu/libgcc_s.so.1
b63fe000-b63ff000 rw-p 0001b000 08:01 3402590    /lib/i386-linux-gnu/libgcc_s.so.1
b63ff000-b6452000 r-xp 00000000 08:01 3402651    /lib/i386-linux-gnu/libm-2.23.so
b6452000-b6453000 r--p 00052000 08:01 3402651    /lib/i386-linux-gnu/libm-2.23.so
b6453000-b6454000 rw-p 00053000 08:01 3402651    /lib/i386-linux-gnu/libm-2.23.so
b6454000-b65c1000 r-xp 00000000 08:01 1104849    /usr/lib/i386-linux-gnu/libstdc++.so.6.0.21
b65c1000-b65c2000 ---p 0016d000 08:01 1104849    /usr/lib/i386-linux-gnu/libstdc++.so.6.0.21
b65c2000-b65c7000 r--p 0016d000 08:01 1104849    /usr/lib/i386-linux-gnu/libstdc++.so.6.0.21
b65c7000-b65c8000 rw-p 00172000 08:01 1104849    /usr/lib/i386-linux-gnu/libstdc++.so.6.0.21
b65c8000-b65cb000 rw-p 00000000 00:00 0 
b65cb000-b70a1000 r-xp 00000000 08:01 1694474    /usr/lib/jvm/java-8-openjdk-i386/jre/lib/i386/server/libjvm.so
b70a1000-b70a2000 ---p 00ad6000 08:01 1694474    /usr/lib/jvm/java-8-openjdk-i386/jre/lib/i386/server/libjvm.so
b70a2000-b70e8000 r--p 00ad6000 08:01 1694474    /usr/lib/jvm/java-8-openjdk-i386/jre/lib/i386/server/libjvm.so
b70e8000-b70ff000 rw-p 00b1c000 08:01 1694474    /usr/lib/jvm/java-8-openjdk-i386/jre/lib/i386/server/libjvm.so
b70ff000-b751f000 rw-p 00000000 00:00 0 
b751f000-b7538000 r-xp 00000000 08:01 3402662    /lib/i386-linux-gnu/libpthread-2.23.so
b7538000-b7539000 r--p 00018000 08:01 3402662    /lib/i386-linux-gnu/libpthread-2.23.so
b7539000-b753a000 rw-p 00019000 08:01 3402662    /lib/i386-linux-gnu/libpthread-2.23.so
b753a000-b753c000 rw-p 00000000 00:00 0 
b753c000-b753f000 r-xp 00000000 08:01 3402697    /lib/i386-linux-gnu/libdl-2.23.so
b753f000-b7540000 r--p 00002000 08:01 3402697    /lib/i386-linux-gnu/libdl-2.23.so
b7540000-b7541000 rw-p 00003000 08:01 3402697    /lib/i386-linux-gnu/libdl-2.23.so
b7541000-b7542000 rw-p 00000000 00:00 0 
b7542000-b755b000 r-xp 00000000 08:01 3402741    /lib/i386-linux-gnu/libz.so.1.2.8
b755b000-b755c000 r--p 00018000 08:01 3402741    /lib/i386-linux-gnu/libz.so.1.2.8
b755c000-b755d000 rw-p 00019000 08:01 3402741    /lib/i386-linux-gnu/libz.so.1.2.8
b755d000-b770d000 r-xp 00000000 08:01 3402663    /lib/i386-linux-gnu/libc-2.23.so
b770d000-b770f000 r--p 001af000 08:01 3402663    /lib/i386-linux-gnu/libc-2.23.so
b770f000-b7710000 rw-p 001b1000 08:01 3402663    /lib/i386-linux-gnu/libc-2.23.so
b7710000-b7713000 rw-p 00000000 00:00 0 
b7719000-b771a000 rw-p 00000000 00:00 0 
b771a000-b771b000 r--p 00000000 00:00 0 
b771b000-b7729000 r-xp 00000000 08:01 1694447    /usr/lib/jvm/java-8-openjdk-i386/jre/lib/i386/libverify.so
b7729000-b772a000 r--p 0000d000 08:01 1694447    /usr/lib/jvm/java-8-openjdk-i386/jre/lib/i386/libverify.so
b772a000-b772b000 rw-p 0000e000 08:01 1694447    /usr/lib/jvm/java-8-openjdk-i386/jre/lib/i386/libverify.so
b772b000-b7738000 r-xp 00000000 08:01 1694471    /usr/lib/jvm/java-8-openjdk-i386/jre/lib/i386/jli/libjli.so
b7738000-b7739000 r--p 0000c000 08:01 1694471    /usr/lib/jvm/java-8-openjdk-i386/jre/lib/i386/jli/libjli.so
b7739000-b773a000 rw-p 0000d000 08:01 1694471    /usr/lib/jvm/java-8-openjdk-i386/jre/lib/i386/jli/libjli.so
b773a000-b773b000 rw-p 00000000 00:00 0 
b773b000-b773e000 r--p 00000000 00:00 0          [vvar]
b773e000-b773f000 r-xp 00000000 00:00 0          [vdso]
b773f000-b7762000 r-xp 00000000 08:01 3402661    /lib/i386-linux-gnu/ld-2.23.so
b7762000-b7763000 r--p 00022000 08:01 3402661    /lib/i386-linux-gnu/ld-2.23.so
b7763000-b7764000 rw-p 00023000 08:01 3402661    /lib/i386-linux-gnu/ld-2.23.so
bfa06000-bfa27000 rw-p 00000000 00:00 0          [stack]

VM Arguments:
jvm_args: -Dscript.name=/usr/bin/groovy -Dprogram.name=groovy -Dgroovy.starter.conf=/usr/share/groovy2/conf/groovy-starter.conf -Dgroovy.home=/usr/share/groovy2 -Dtools.jar=/usr/lib/jvm/default-java/lib/tools.jar 
java_command: org.codehaus.groovy.tools.GroovyStarter --main groovy.ui.GroovyMain --conf /usr/share/groovy2/conf/groovy-starter.conf --classpath . httpcat_pair_files_exist_check_md5.groovy --port 4481
java_class_path (initial): /usr/share/groovy2/lib/groovy-2.4.5.jar
Launcher Type: SUN_STANDARD

Environment Variables:
PATH=/usr/bin:/bin
SHELL=/bin/sh

Signal Handlers:
SIGSEGV: [libjvm.so+0x8dbb10], sa_mask[0]=11111111011111111101111111111110, sa_flags=SA_RESTART|SA_SIGINFO
SIGBUS: [libjvm.so+0x8dbb10], sa_mask[0]=11111111011111111101111111111110, sa_flags=SA_RESTART|SA_SIGINFO
SIGFPE: [libjvm.so+0x7404a0], sa_mask[0]=11111111011111111101111111111110, sa_flags=SA_RESTART|SA_SIGINFO
SIGPIPE: [libjvm.so+0x7404a0], sa_mask[0]=11111111011111111101111111111110, sa_flags=SA_RESTART|SA_SIGINFO
SIGXFSZ: [libjvm.so+0x7404a0], sa_mask[0]=11111111011111111101111111111110, sa_flags=SA_RESTART|SA_SIGINFO
SIGILL: [libjvm.so+0x7404a0], sa_mask[0]=11111111011111111101111111111110, sa_flags=SA_RESTART|SA_SIGINFO
SIGUSR1: SIG_DFL, sa_mask[0]=00000000000000000000000000000000, sa_flags=none
SIGUSR2: [libjvm.so+0x7402e0], sa_mask[0]=00000000000000000000000000000000, sa_flags=SA_RESTART|SA_SIGINFO
SIGHUP: SIG_DFL, sa_mask[0]=00000000000000000000000000000000, sa_flags=none
SIGINT: SIG_DFL, sa_mask[0]=00000000000000000000000000000000, sa_flags=none
SIGTERM: SIG_DFL, sa_mask[0]=00000000000000000000000000000000, sa_flags=none
SIGQUIT: SIG_DFL, sa_mask[0]=00000000000000000000000000000000, sa_flags=none


---------------  S Y S T E M  ---------------

OS:DISTRIB_ID=Ubuntu
DISTRIB_RELEASE=16.04
DISTRIB_CODENAME=xenial
DISTRIB_DESCRIPTION="Ubuntu 16.04.1 LTS"

uname:Linux 4.4.0-121-generic #145-Ubuntu SMP Fri Apr 13 13:46:32 UTC 2018 i686
libc:glibc 2.23 NPTL 2.23 
rlimit: STACK 8192k, CORE 0k, NPROC 63044, NOFILE 1048576, AS infinity
load average:218.95 204.71 160.75

/proc/meminfo:
MemTotal:        8107388 kB
MemFree:          423496 kB
MemAvailable:          0 kB
Buffers:            5164 kB
Cached:            60500 kB
SwapCached:          768 kB
Active:          6328288 kB
Inactive:        1136956 kB
Active(anon):    6305120 kB
Inactive(anon):  1119988 kB
Active(file):      23168 kB
Inactive(file):    16968 kB
Unevictable:           0 kB
Mlocked:               0 kB
HighTotal:       7292552 kB
HighFree:         131700 kB
LowTotal:         814836 kB
LowFree:          291796 kB
SwapTotal:       4007932 kB
SwapFree:              0 kB
Dirty:               780 kB
Writeback:             0 kB
AnonPages:       7399688 kB
Mapped:            29628 kB
Shmem:             24776 kB
Slab:              86224 kB
SReclaimable:      30632 kB
SUnreclaim:        55592 kB
KernelStack:       19608 kB
PageTables:        55752 kB
NFS_Unstable:          0 kB
Bounce:                8 kB
WritebackTmp:          0 kB
CommitLimit:     8061624 kB
Committed_AS:   24113052 kB
VmallocTotal:     122880 kB
VmallocUsed:           0 kB
VmallocChunk:          0 kB
AnonHugePages:         0 kB
CmaTotal:              0 kB
CmaFree:               0 kB
HugePages_Total:       0
HugePages_Free:        0
HugePages_Rsvd:        0
HugePages_Surp:        0
Hugepagesize:       2048 kB
DirectMap4k:       47096 kB
DirectMap2M:      864256 kB


CPU:total 4 (initial active 4) (2 cores per cpu, 2 threads per core) family 6 model 58 stepping 9, cmov, cx8, fxsr, mmx, sse, sse2, sse3, ssse3, sse4.1, sse4.2, popcnt, avx, aes, clmul, erms, ht, tsc, tscinvbit, tscinv

/proc/cpuinfo:
processor	: 0
vendor_id	: GenuineIntel
cpu family	: 6
model		: 58
model name	: Intel(R) Core(TM) i5-3427U CPU @ 1.80GHz
stepping	: 9
microcode	: 0x17
cpu MHz		: 2599.988
cache size	: 3072 KB
physical id	: 0
siblings	: 4
core id		: 0
cpu cores	: 2
apicid		: 0
initial apicid	: 0
fdiv_bug	: no
f00f_bug	: no
coma_bug	: no
fpu		: yes
fpu_exception	: yes
cpuid level	: 13
wp		: yes
flags		: fpu vme de pse tsc msr pae mce cx8 apic sep mtrr pge mca cmov pat pse36 clflush dts acpi mmx fxsr sse sse2 ss ht tm pbe nx rdtscp lm constant_tsc arch_perfmon pebs bts xtopology nonstop_tsc aperfmperf eagerfpu pni pclmulqdq dtes64 monitor ds_cpl vmx smx est tm2 ssse3 cx16 xtpr pdcm sse4_1 sse4_2 x2apic popcnt tsc_deadline_timer aes xsave avx f16c rdrand lahf_lm epb retpoline tpr_shadow vnmi flexpriority ept vpid fsgsbase smep erms xsaveopt dtherm ida arat pln pts
bugs		: cpu_meltdown spectre_v1 spectre_v2
bogomips	: 4589.45
clflush size	: 64
cache_alignment	: 64
address sizes	: 36 bits physical, 48 bits virtual
power management:

processor	: 1
vendor_id	: GenuineIntel
cpu family	: 6
model		: 58
model name	: Intel(R) Core(TM) i5-3427U CPU @ 1.80GHz
stepping	: 9
microcode	: 0x17
cpu MHz		: 2599.898
cache size	: 3072 KB
physical id	: 0
siblings	: 4
core id		: 1
cpu cores	: 2
apicid		: 2
initial apicid	: 2
fdiv_bug	: no
f00f_bug	: no
coma_bug	: no
fpu		: yes
fpu_exception	: yes
cpuid level	: 13
wp		: yes
flags		: fpu vme de pse tsc msr pae mce cx8 apic sep mtrr pge mca cmov pat pse36 clflush dts acpi mmx fxsr sse sse2 ss ht tm pbe nx rdtscp lm constant_tsc arch_perfmon pebs bts xtopology nonstop_tsc aperfmperf eagerfpu pni pclmulqdq dtes64 monitor ds_cpl vmx smx est tm2 ssse3 cx16 xtpr pdcm sse4_1 sse4_2 x2apic popcnt tsc_deadline_timer aes xsave avx f16c rdrand lahf_lm epb retpoline tpr_shadow vnmi flexpriority ept vpid fsgsbase smep erms xsaveopt dtherm ida arat pln pts
bugs		: cpu_meltdown spectre_v1 spectre_v2
bogomips	: 4589.45
clflush size	: 64
cache_alignment	: 64
address sizes	: 36 bits physical, 48 bits virtual
power management:

processor	: 2
vendor_id	: GenuineIntel
cpu family	: 6
model		: 58
model name	: Intel(R) Core(TM) i5-3427U CPU @ 1.80GHz
stepping	: 9
microcode	: 0x17
cpu MHz		: 2599.898
cache size	: 3072 KB
physical id	: 0
siblings	: 4
core id		: 0
cpu cores	: 2
apicid		: 1
initial apicid	: 1
fdiv_bug	: no
f00f_bug	: no
coma_bug	: no
fpu		: yes
fpu_exception	: yes
cpuid level	: 13
wp		: yes
flags		: fpu vme de pse tsc msr pae mce cx8 apic sep mtrr pge mca cmov pat pse36 clflush dts acpi mmx fxsr sse sse2 ss ht tm pbe nx rdtscp lm constant_tsc arch_perfmon pebs bts xtopology nonstop_tsc aperfmperf eagerfpu pni pclmulqdq dtes64 monitor ds_cpl vmx smx est tm2 ssse3 cx16 xtpr pdcm sse4_1 sse4_2 x2apic popcnt tsc_deadline_timer aes xsave avx f16c rdrand lahf_lm epb retpoline tpr_shadow vnmi flexpriority ept vpid fsgsbase smep erms xsaveopt dtherm ida arat pln pts
bugs		: cpu_meltdown spectre_v1 spectre_v2
bogomips	: 4589.45
clflush size	: 64
cache_alignment	: 64
address sizes	: 36 bits physical, 48 bits virtual
power management:

processor	: 3
vendor_id	: GenuineIntel
cpu family	: 6
model		: 58
model name	: Intel(R) Core(TM) i5-3427U CPU @ 1.80GHz
stepping	: 9
microcode	: 0x17
cpu MHz		: 2599.988
cache size	: 3072 KB
physical id	: 0
siblings	: 4
core id		: 1
cpu cores	: 2
apicid		: 3
initial apicid	: 3
fdiv_bug	: no
f00f_bug	: no
coma_bug	: no
fpu		: yes
fpu_exception	: yes
cpuid level	: 13
wp		: yes
flags		: fpu vme de pse tsc msr pae mce cx8 apic sep mtrr pge mca cmov pat pse36 clflush dts acpi mmx fxsr sse sse2 ss ht tm pbe nx rdtscp lm constant_tsc arch_perfmon pebs bts xtopology nonstop_tsc aperfmperf eagerfpu pni pclmulqdq dtes64 monitor ds_cpl vmx smx est tm2 ssse3 cx16 xtpr pdcm sse4_1 sse4_2 x2apic popcnt tsc_deadline_timer aes xsave avx f16c rdrand lahf_lm epb retpoline tpr_shadow vnmi flexpriority ept vpid fsgsbase smep erms xsaveopt dtherm ida arat pln pts
bugs		: cpu_meltdown spectre_v1 spectre_v2
bogomips	: 4589.45
clflush size	: 64
cache_alignment	: 64
address sizes	: 36 bits physical, 48 bits virtual
power management:



Memory: 4k page, physical 8107388k(423496k free), swap 4007932k(0k free)

vm_info: OpenJDK Server VM (25.171-b11) for linux-x86 JRE (1.8.0_171-8u171-b11-0ubuntu0.16.04.1-b11), built on Apr 27 2018 17:11:40 by "buildd" with gcc 5.4.0 20160609

time: Sun Jun  3 14:20:03 2018
elapsed time: 0 seconds (0d 0h 0m 0s)

