#
# There is insufficient memory for the Java Runtime Environment to continue.
# Native memory allocation (mmap) failed to map 131072 bytes for committing reserved memory.
# Possible reasons:
#   The system is out of physical RAM or swap space
#   In 32 bit mode, the process size limit was hit
# Possible solutions:
#   Reduce memory load on the system
#   Increase physical memory or swap space
#   Check if swap backing store is full
#   Use 64 bit Java on a 64 bit OS
#   Decrease Java heap size (-Xmx/-Xms)
#   Decrease number of Java threads
#   Decrease Java thread stack sizes (-Xss)
#   Set larger code cache with -XX:ReservedCodeCacheSize=
# This output file may be truncated or incomplete.
#
#  Out of Memory Error (os_linux.cpp:2643), pid=11053, tid=0xb647cb40
#
# JRE version: OpenJDK Runtime Environment (8.0_151-b12) (build 1.8.0_151-8u151-b12-0ubuntu0.16.04.2-b12)
# Java VM: OpenJDK Server VM (25.151-b12 mixed mode linux-x86 )
# Failed to write core dump. Core dumps have been disabled. To enable core dumping, try "ulimit -c unlimited" before starting Java again
#

---------------  T H R E A D  ---------------

Current thread (0xb6307c00):  JavaThread "main" [_thread_in_vm, id=11229, stack(0xb642c000,0xb647d000)]

Stack: [0xb642c000,0xb647d000],  sp=0xb6479220,  free space=308k
Native frames: (J=compiled Java code, j=interpreted, Vv=VM code, C=native code)
V  [libjvm.so+0x8d6834]
V  [libjvm.so+0x3a7c76]
V  [libjvm.so+0x7420c0]
V  [libjvm.so+0x73c013]
V  [libjvm.so+0x8d3264]
V  [libjvm.so+0x6cdd63]
V  [libjvm.so+0x6cdf7a]
V  [libjvm.so+0x6ceb05]
V  [libjvm.so+0x6cec5a]
V  [libjvm.so+0x6cfc9a]
V  [libjvm.so+0x6cfe8d]
V  [libjvm.so+0x6d5472]
V  [libjvm.so+0x317bdf]
V  [libjvm.so+0x3183b3]
V  [libjvm.so+0x31a202]
V  [libjvm.so+0x84d519]
V  [libjvm.so+0x55c01a]
V  [libjvm.so+0x55d4bc]  JVM_DefineClassWithSource+0x9c
C  [libjava.so+0xb357]  Java_java_lang_ClassLoader_defineClass1+0x1a7
J 717  java.lang.ClassLoader.defineClass1(Ljava/lang/String;[BIILjava/security/ProtectionDomain;Ljava/lang/String;)Ljava/lang/Class; (0 bytes) @ 0xa74c940b [0xa74c9320+0xeb]
J 715 C1 java.lang.ClassLoader.defineClass(Ljava/lang/String;[BIILjava/security/ProtectionDomain;)Ljava/lang/Class; (43 bytes) @ 0xa74cdc54 [0xa74cd7a0+0x4b4]
J 672 C1 java.net.URLClassLoader.defineClass(Ljava/lang/String;Lsun/misc/Resource;)Ljava/lang/Class; (142 bytes) @ 0xa74abb78 [0xa74aa4a0+0x16d8]
J 485 C1 java.net.URLClassLoader$1.run()Ljava/lang/Class; (63 bytes) @ 0xa743a678 [0xa743a440+0x238]
J 324 C1 java.net.URLClassLoader$1.run()Ljava/lang/Object; (5 bytes) @ 0xa73f41d0 [0xa73f4160+0x70]
v  ~StubRoutines::call_stub
V  [libjvm.so+0x51faad]
V  [libjvm.so+0x746985]
V  [libjvm.so+0x51ebea]
V  [libjvm.so+0x56b9c4]  JVM_DoPrivileged+0x434
C  [libjava.so+0x9e15]  Java_java_security_AccessController_doPrivileged__Ljava_security_PrivilegedExceptionAction_2Ljava_security_AccessControlContext_2+0x25
J 174  java.security.AccessController.doPrivileged(Ljava/security/PrivilegedExceptionAction;Ljava/security/AccessControlContext;)Ljava/lang/Object; (0 bytes) @ 0xa738f50c [0xa738f460+0xac]
J 446 C1 java.net.URLClassLoader.findClass(Ljava/lang/String;)Ljava/lang/Class; (47 bytes) @ 0xa74231b4 [0xa7423080+0x134]
J 317 C1 org.codehaus.groovy.tools.RootLoader.loadClass(Ljava/lang/String;Z)Ljava/lang/Class; (65 bytes) @ 0xa73f2360 [0xa73f1f40+0x420]
J 318 C1 java.lang.ClassLoader.loadClass(Ljava/lang/String;)Ljava/lang/Class; (7 bytes) @ 0xa73f2c00 [0xa73f2b20+0xe0]
v  ~StubRoutines::call_stub
V  [libjvm.so+0x51faad]
V  [libjvm.so+0x746985]
V  [libjvm.so+0x51d586]
V  [libjvm.so+0x51dafb]
V  [libjvm.so+0x853e83]
V  [libjvm.so+0x8528ff]
V  [libjvm.so+0x854906]
V  [libjvm.so+0x39b0be]
V  [libjvm.so+0x50d7c1]
j  org.jvnet.hk2.internal.ServiceLocatorImpl.checkConfiguration(Lorg/jvnet/hk2/internal/DynamicConfigurationImpl;)Lorg/jvnet/hk2/internal/ServiceLocatorImpl$CheckConfigurationData;+380
j  org.jvnet.hk2.internal.ServiceLocatorImpl.addConfiguration(Lorg/jvnet/hk2/internal/DynamicConfigurationImpl;)V+9
j  org.jvnet.hk2.internal.DynamicConfigurationImpl.commit()V+31
j  org.jvnet.hk2.external.generator.ServiceLocatorGeneratorImpl.initialize(Ljava/lang/String;Lorg/glassfish/hk2/api/ServiceLocator;)Lorg/jvnet/hk2/internal/ServiceLocatorImpl;+162
j  org.jvnet.hk2.external.generator.ServiceLocatorGeneratorImpl.create(Ljava/lang/String;Lorg/glassfish/hk2/api/ServiceLocator;)Lorg/glassfish/hk2/api/ServiceLocator;+3
j  org.glassfish.hk2.internal.ServiceLocatorFactoryImpl.internalCreate(Ljava/lang/String;Lorg/glassfish/hk2/api/ServiceLocator;Lorg/glassfish/hk2/extension/ServiceLocatorGenerator;)Lorg/glassfish/hk2/api/ServiceLocator;+29
j  org.glassfish.hk2.internal.ServiceLocatorFactoryImpl.create(Ljava/lang/String;Lorg/glassfish/hk2/api/ServiceLocator;Lorg/glassfish/hk2/extension/ServiceLocatorGenerator;)Lorg/glassfish/hk2/api/ServiceLocator;+44
j  org.glassfish.jersey.internal.inject.Injections._createLocator(Ljava/lang/String;Lorg/glassfish/hk2/api/ServiceLocator;[Lorg/glassfish/hk2/utilities/Binder;)Lorg/glassfish/hk2/api/ServiceLocator;+8
j  org.glassfish.jersey.internal.inject.Injections.createLocator([Lorg/glassfish/hk2/utilities/Binder;)Lorg/glassfish/hk2/api/ServiceLocator;+3
j  org.glassfish.jersey.server.ApplicationHandler.<init>(Ljavax/ws/rs/core/Application;)V+31
j  org.glassfish.jersey.server.ContainerFactory.createContainer(Ljava/lang/Class;Ljavax/ws/rs/core/Application;)Ljava/lang/Object;+5
j  org.glassfish.jersey.jdkhttp.JdkHttpServerFactory.createHttpServer(Ljava/net/URI;Lorg/glassfish/jersey/server/ResourceConfig;)Lcom/sun/net/httpserver/HttpServer;+4
j  org.glassfish.jersey.jdkhttp.JdkHttpServerFactory$createHttpServer.call(Ljava/lang/Object;[Ljava/lang/Object;)Ljava/lang/Object;+21
j  org.codehaus.groovy.runtime.callsite.CallSiteArray.defaultCall(Lorg/codehaus/groovy/runtime/callsite/CallSite;Ljava/lang/Object;[Ljava/lang/Object;)Ljava/lang/Object;+8
j  org.codehaus.groovy.runtime.callsite.AbstractCallSite.call(Ljava/lang/Object;[Ljava/lang/Object;)Ljava/lang/Object;+3
j  org.codehaus.groovy.runtime.callsite.AbstractCallSite.call(Ljava/lang/Object;Ljava/lang/Object;Ljava/lang/Object;)Ljava/lang/Object;+38
j  HttpCatFilesExist.main([Ljava/lang/String;)V+528
v  ~StubRoutines::call_stub
V  [libjvm.so+0x51faad]
V  [libjvm.so+0x746985]
V  [libjvm.so+0x51ebea]
V  [libjvm.so+0x7b8d25]
V  [libjvm.so+0x7baa5e]
V  [libjvm.so+0x565ade]  JVM_InvokeMethod+0x10e
C  [libjava.so+0xcf53]  Java_sun_reflect_NativeMethodAccessorImpl_invoke0+0x23
j  sun.reflect.NativeMethodAccessorImpl.invoke0(Ljava/lang/reflect/Method;Ljava/lang/Object;[Ljava/lang/Object;)Ljava/lang/Object;+0
j  sun.reflect.NativeMethodAccessorImpl.invoke(Ljava/lang/Object;[Ljava/lang/Object;)Ljava/lang/Object;+100
j  sun.reflect.DelegatingMethodAccessorImpl.invoke(Ljava/lang/Object;[Ljava/lang/Object;)Ljava/lang/Object;+6
j  java.lang.reflect.Method.invoke(Ljava/lang/Object;[Ljava/lang/Object;)Ljava/lang/Object;+56
j  org.codehaus.groovy.reflection.CachedMethod.invoke(Ljava/lang/Object;[Ljava/lang/Object;)Ljava/lang/Object;+6
j  groovy.lang.MetaMethod.doMethodInvoke(Ljava/lang/Object;[Ljava/lang/Object;)Ljava/lang/Object;+9
j  groovy.lang.MetaClassImpl.invokeStaticMethod(Ljava/lang/Object;Ljava/lang/String;[Ljava/lang/Object;)Ljava/lang/Object;+103
j  org.codehaus.groovy.runtime.InvokerHelper.invokeMethod(Ljava/lang/Object;Ljava/lang/String;Ljava/lang/Object;)Ljava/lang/Object;+39
j  groovy.lang.GroovyShell.runScriptOrMainOrTestOrRunnable(Ljava/lang/Class;[Ljava/lang/String;)Ljava/lang/Object;+138
j  groovy.lang.GroovyShell.run(Lgroovy/lang/GroovyCodeSource;[Ljava/lang/String;)Ljava/lang/Object;+9
j  groovy.lang.GroovyShell.run(Lgroovy/lang/GroovyCodeSource;Ljava/util/List;)Ljava/lang/Object;+23
j  groovy.ui.GroovyMain.processOnce()V+33
j  groovy.ui.GroovyMain.run()Z+29
j  groovy.ui.GroovyMain.process(Lgroovyjarjarcommonscli/CommandLine;)Z+602
j  groovy.ui.GroovyMain.processArgs([Ljava/lang/String;Ljava/io/PrintStream;)V+108
j  groovy.ui.GroovyMain.main([Ljava/lang/String;)V+4
v  ~StubRoutines::call_stub
V  [libjvm.so+0x51faad]
V  [libjvm.so+0x746985]
V  [libjvm.so+0x51ebea]
V  [libjvm.so+0x7b8d25]
V  [libjvm.so+0x7baa5e]
V  [libjvm.so+0x565ade]  JVM_InvokeMethod+0x10e
C  [libjava.so+0xcf53]  Java_sun_reflect_NativeMethodAccessorImpl_invoke0+0x23
j  sun.reflect.NativeMethodAccessorImpl.invoke0(Ljava/lang/reflect/Method;Ljava/lang/Object;[Ljava/lang/Object;)Ljava/lang/Object;+0
j  sun.reflect.NativeMethodAccessorImpl.invoke(Ljava/lang/Object;[Ljava/lang/Object;)Ljava/lang/Object;+100
j  sun.reflect.DelegatingMethodAccessorImpl.invoke(Ljava/lang/Object;[Ljava/lang/Object;)Ljava/lang/Object;+6
j  java.lang.reflect.Method.invoke(Ljava/lang/Object;[Ljava/lang/Object;)Ljava/lang/Object;+56
j  org.codehaus.groovy.tools.GroovyStarter.rootLoader([Ljava/lang/String;)V+391
j  org.codehaus.groovy.tools.GroovyStarter.main([Ljava/lang/String;)V+1
v  ~StubRoutines::call_stub
...<more frames>...

Java frames: (J=compiled Java code, j=interpreted, Vv=VM code)
J 717  java.lang.ClassLoader.defineClass1(Ljava/lang/String;[BIILjava/security/ProtectionDomain;Ljava/lang/String;)Ljava/lang/Class; (0 bytes) @ 0xa74c93c7 [0xa74c9320+0xa7]
J 715 C1 java.lang.ClassLoader.defineClass(Ljava/lang/String;[BIILjava/security/ProtectionDomain;)Ljava/lang/Class; (43 bytes) @ 0xa74cdc54 [0xa74cd7a0+0x4b4]
J 672 C1 java.net.URLClassLoader.defineClass(Ljava/lang/String;Lsun/misc/Resource;)Ljava/lang/Class; (142 bytes) @ 0xa74abb78 [0xa74aa4a0+0x16d8]
J 485 C1 java.net.URLClassLoader$1.run()Ljava/lang/Class; (63 bytes) @ 0xa743a678 [0xa743a440+0x238]
J 324 C1 java.net.URLClassLoader$1.run()Ljava/lang/Object; (5 bytes) @ 0xa73f41d0 [0xa73f4160+0x70]
v  ~StubRoutines::call_stub
J 174  java.security.AccessController.doPrivileged(Ljava/security/PrivilegedExceptionAction;Ljava/security/AccessControlContext;)Ljava/lang/Object; (0 bytes) @ 0xa738f4c8 [0xa738f460+0x68]
J 446 C1 java.net.URLClassLoader.findClass(Ljava/lang/String;)Ljava/lang/Class; (47 bytes) @ 0xa74231b4 [0xa7423080+0x134]
J 317 C1 org.codehaus.groovy.tools.RootLoader.loadClass(Ljava/lang/String;Z)Ljava/lang/Class; (65 bytes) @ 0xa73f2360 [0xa73f1f40+0x420]
J 318 C1 java.lang.ClassLoader.loadClass(Ljava/lang/String;)Ljava/lang/Class; (7 bytes) @ 0xa73f2c00 [0xa73f2b20+0xe0]
v  ~StubRoutines::call_stub
j  org.jvnet.hk2.internal.ServiceLocatorImpl.checkConfiguration(Lorg/jvnet/hk2/internal/DynamicConfigurationImpl;)Lorg/jvnet/hk2/internal/ServiceLocatorImpl$CheckConfigurationData;+380
j  org.jvnet.hk2.internal.ServiceLocatorImpl.addConfiguration(Lorg/jvnet/hk2/internal/DynamicConfigurationImpl;)V+9
j  org.jvnet.hk2.internal.DynamicConfigurationImpl.commit()V+31
j  org.jvnet.hk2.external.generator.ServiceLocatorGeneratorImpl.initialize(Ljava/lang/String;Lorg/glassfish/hk2/api/ServiceLocator;)Lorg/jvnet/hk2/internal/ServiceLocatorImpl;+162
j  org.jvnet.hk2.external.generator.ServiceLocatorGeneratorImpl.create(Ljava/lang/String;Lorg/glassfish/hk2/api/ServiceLocator;)Lorg/glassfish/hk2/api/ServiceLocator;+3
j  org.glassfish.hk2.internal.ServiceLocatorFactoryImpl.internalCreate(Ljava/lang/String;Lorg/glassfish/hk2/api/ServiceLocator;Lorg/glassfish/hk2/extension/ServiceLocatorGenerator;)Lorg/glassfish/hk2/api/ServiceLocator;+29
j  org.glassfish.hk2.internal.ServiceLocatorFactoryImpl.create(Ljava/lang/String;Lorg/glassfish/hk2/api/ServiceLocator;Lorg/glassfish/hk2/extension/ServiceLocatorGenerator;)Lorg/glassfish/hk2/api/ServiceLocator;+44
j  org.glassfish.jersey.internal.inject.Injections._createLocator(Ljava/lang/String;Lorg/glassfish/hk2/api/ServiceLocator;[Lorg/glassfish/hk2/utilities/Binder;)Lorg/glassfish/hk2/api/ServiceLocator;+8
j  org.glassfish.jersey.internal.inject.Injections.createLocator([Lorg/glassfish/hk2/utilities/Binder;)Lorg/glassfish/hk2/api/ServiceLocator;+3
j  org.glassfish.jersey.server.ApplicationHandler.<init>(Ljavax/ws/rs/core/Application;)V+31
j  org.glassfish.jersey.server.ContainerFactory.createContainer(Ljava/lang/Class;Ljavax/ws/rs/core/Application;)Ljava/lang/Object;+5
j  org.glassfish.jersey.jdkhttp.JdkHttpServerFactory.createHttpServer(Ljava/net/URI;Lorg/glassfish/jersey/server/ResourceConfig;)Lcom/sun/net/httpserver/HttpServer;+4
j  org.glassfish.jersey.jdkhttp.JdkHttpServerFactory$createHttpServer.call(Ljava/lang/Object;[Ljava/lang/Object;)Ljava/lang/Object;+21
j  org.codehaus.groovy.runtime.callsite.CallSiteArray.defaultCall(Lorg/codehaus/groovy/runtime/callsite/CallSite;Ljava/lang/Object;[Ljava/lang/Object;)Ljava/lang/Object;+8
j  org.codehaus.groovy.runtime.callsite.AbstractCallSite.call(Ljava/lang/Object;[Ljava/lang/Object;)Ljava/lang/Object;+3
j  org.codehaus.groovy.runtime.callsite.AbstractCallSite.call(Ljava/lang/Object;Ljava/lang/Object;Ljava/lang/Object;)Ljava/lang/Object;+38
j  HttpCatFilesExist.main([Ljava/lang/String;)V+528
v  ~StubRoutines::call_stub
j  sun.reflect.NativeMethodAccessorImpl.invoke0(Ljava/lang/reflect/Method;Ljava/lang/Object;[Ljava/lang/Object;)Ljava/lang/Object;+0
j  sun.reflect.NativeMethodAccessorImpl.invoke(Ljava/lang/Object;[Ljava/lang/Object;)Ljava/lang/Object;+100
j  sun.reflect.DelegatingMethodAccessorImpl.invoke(Ljava/lang/Object;[Ljava/lang/Object;)Ljava/lang/Object;+6
j  java.lang.reflect.Method.invoke(Ljava/lang/Object;[Ljava/lang/Object;)Ljava/lang/Object;+56
j  org.codehaus.groovy.reflection.CachedMethod.invoke(Ljava/lang/Object;[Ljava/lang/Object;)Ljava/lang/Object;+6
j  groovy.lang.MetaMethod.doMethodInvoke(Ljava/lang/Object;[Ljava/lang/Object;)Ljava/lang/Object;+9
j  groovy.lang.MetaClassImpl.invokeStaticMethod(Ljava/lang/Object;Ljava/lang/String;[Ljava/lang/Object;)Ljava/lang/Object;+103
j  org.codehaus.groovy.runtime.InvokerHelper.invokeMethod(Ljava/lang/Object;Ljava/lang/String;Ljava/lang/Object;)Ljava/lang/Object;+39
j  groovy.lang.GroovyShell.runScriptOrMainOrTestOrRunnable(Ljava/lang/Class;[Ljava/lang/String;)Ljava/lang/Object;+138
j  groovy.lang.GroovyShell.run(Lgroovy/lang/GroovyCodeSource;[Ljava/lang/String;)Ljava/lang/Object;+9
j  groovy.lang.GroovyShell.run(Lgroovy/lang/GroovyCodeSource;Ljava/util/List;)Ljava/lang/Object;+23
j  groovy.ui.GroovyMain.processOnce()V+33
j  groovy.ui.GroovyMain.run()Z+29
j  groovy.ui.GroovyMain.process(Lgroovyjarjarcommonscli/CommandLine;)Z+602
j  groovy.ui.GroovyMain.processArgs([Ljava/lang/String;Ljava/io/PrintStream;)V+108
j  groovy.ui.GroovyMain.main([Ljava/lang/String;)V+4
v  ~StubRoutines::call_stub
j  sun.reflect.NativeMethodAccessorImpl.invoke0(Ljava/lang/reflect/Method;Ljava/lang/Object;[Ljava/lang/Object;)Ljava/lang/Object;+0
j  sun.reflect.NativeMethodAccessorImpl.invoke(Ljava/lang/Object;[Ljava/lang/Object;)Ljava/lang/Object;+100
j  sun.reflect.DelegatingMethodAccessorImpl.invoke(Ljava/lang/Object;[Ljava/lang/Object;)Ljava/lang/Object;+6
j  java.lang.reflect.Method.invoke(Ljava/lang/Object;[Ljava/lang/Object;)Ljava/lang/Object;+56
j  org.codehaus.groovy.tools.GroovyStarter.rootLoader([Ljava/lang/String;)V+391
j  org.codehaus.groovy.tools.GroovyStarter.main([Ljava/lang/String;)V+1
v  ~StubRoutines::call_stub

---------------  P R O C E S S  ---------------

Java Threads: ( => current thread )
  0x638aa800 JavaThread "Service Thread" daemon [_thread_blocked, id=11450, stack(0x6318a000,0x631db000)]
  0x638a7400 JavaThread "C1 CompilerThread2" daemon [_thread_blocked, id=11449, stack(0x631db000,0x6325c000)]
  0x638a5c00 JavaThread "C2 CompilerThread1" daemon [_thread_in_native, id=11442, stack(0x6325c000,0x632dd000)]
  0x638a3c00 JavaThread "C2 CompilerThread0" daemon [_thread_blocked, id=11438, stack(0x632dd000,0x6335e000)]
  0x638a2400 JavaThread "Signal Dispatcher" daemon [_thread_blocked, id=11433, stack(0x6335e000,0x633af000)]
  0x63888800 JavaThread "Finalizer" daemon [_thread_blocked, id=11356, stack(0x635af000,0x63600000)]
  0x63885c00 JavaThread "Reference Handler" daemon [_thread_blocked, id=11346, stack(0x63913000,0x63964000)]
=>0xb6307c00 JavaThread "main" [_thread_in_vm, id=11229, stack(0xb642c000,0xb647d000)]

Other Threads:
  0x63881000 VMThread [stack: 0x63964000,0x639e5000] [id=11325]
  0x638ac000 WatcherThread [stack: 0x63109000,0x6318a000] [id=11452]

VM state:not at safepoint (normal execution)

VM Mutex/Monitor currently owned by a thread: None

Heap:
 PSYoungGen      total 18944K, used 7076K [0x918c0000, 0x932c0000, 0xa6e00000)
  eden space 16384K, 27% used [0x918c0000,0x91d2b028,0x928c0000)
  from space 2560K, 99% used [0x92900000,0x92b7e060,0x92b80000)
  to   space 5120K, 0% used [0x92dc0000,0x92dc0000,0x932c0000)
 ParOldGen       total 43776K, used 6194K [0x66e00000, 0x698c0000, 0x918c0000)
  object space 43776K, 14% used [0x66e00000,0x6740c988,0x698c0000)
 Metaspace       used 9250K, capacity 9365K, committed 9368K, reserved 9520K

Card table byte_map: [0x66bff000,0x66e00000] byte_map_base: 0x668c8000

Marking Bits: (ParMarkBitMap*) 0xb71a2880
 Begin Bits: [0x64400000, 0x65400000)
 End Bits:   [0x65400000, 0x66400000)

Polling page: 0xb77af000

CodeCache: size=245760Kb used=4486Kb max_used=4645Kb free=241273Kb
 bounds [0xa729c000, 0xa772c000, 0xb629c000]
 total_blobs=1631 nmethods=1211 adapters=334
 compilation: enabled

Compilation events (10 events):
Event: 83.755 Thread 0x638a7400 1315       3       sun.misc.ProxyGenerator::code_aload (11 bytes)
Event: 83.756 Thread 0x638a7400 nmethod 1315 0xa735d9c8 code [0xa735dae0, 0xa735dbec]
Event: 83.756 Thread 0x638a7400 1316       3       java.io.OutputStream::<init> (5 bytes)
Event: 83.757 Thread 0x638a7400 nmethod 1316 0xa73fe5c8 code [0xa73fe6e0, 0xa73fe800]
Event: 83.847 Thread 0x638a7400 1317       3       sun.reflect.generics.visitor.Reifier::make (9 bytes)
Event: 83.847 Thread 0x638a7400 nmethod 1317 0xa73eb648 code [0xa73eb760, 0xa73eb900]
Event: 83.847 Thread 0x638a7400 1318       3       sun.reflect.generics.visitor.Reifier::<init> (10 bytes)
Event: 83.848 Thread 0x638a7400 nmethod 1318 0xa73eb0c8 code [0xa73eb1e0, 0xa73eb300]
Event: 83.848 Thread 0x638a7400 1319       3       sun.reflect.generics.visitor.Reifier::getResult (26 bytes)
Event: 83.849 Thread 0x638a7400 nmethod 1319 0xa7342c48 code [0xa7342d60, 0xa7342e40]

GC Heap History (10 events):
Event: 25.304 GC heap before
{Heap before GC invocations=1 (full 0):
 PSYoungGen      total 19200K, used 16640K [0x918c0000, 0x92e00000, 0xa6e00000)
  eden space 16640K, 100% used [0x918c0000,0x92900000,0x92900000)
  from space 2560K, 0% used [0x92b80000,0x92b80000,0x92e00000)
  to   space 2560K, 0% used [0x92900000,0x92900000,0x92b80000)
 ParOldGen       total 43776K, used 0K [0x66e00000, 0x698c0000, 0x918c0000)
  object space 43776K, 0% used [0x66e00000,0x66e00000,0x698c0000)
 Metaspace       used 3726K, capacity 3786K, committed 3864K, reserved 4400K
Event: 25.315 GC heap after
Heap after GC invocations=1 (full 0):
 PSYoungGen      total 19200K, used 2550K [0x918c0000, 0x92e00000, 0xa6e00000)
  eden space 16640K, 0% used [0x918c0000,0x918c0000,0x92900000)
  from space 2560K, 99% used [0x92900000,0x92b7d8c0,0x92b80000)
  to   space 2560K, 0% used [0x92b80000,0x92b80000,0x92e00000)
 ParOldGen       total 43776K, used 130K [0x66e00000, 0x698c0000, 0x918c0000)
  object space 43776K, 0% used [0x66e00000,0x66e20b70,0x698c0000)
 Metaspace       used 3726K, capacity 3786K, committed 3864K, reserved 4400K
}
Event: 41.515 GC heap before
{Heap before GC invocations=2 (full 0):
 PSYoungGen      total 19200K, used 19190K [0x918c0000, 0x92e00000, 0xa6e00000)
  eden space 16640K, 100% used [0x918c0000,0x92900000,0x92900000)
  from space 2560K, 99% used [0x92900000,0x92b7d8c0,0x92b80000)
  to   space 2560K, 0% used [0x92b80000,0x92b80000,0x92e00000)
 ParOldGen       total 43776K, used 130K [0x66e00000, 0x698c0000, 0x918c0000)
  object space 43776K, 0% used [0x66e00000,0x66e20b70,0x698c0000)
 Metaspace       used 6106K, capacity 6154K, committed 6168K, reserved 6448K
Event: 41.532 GC heap after
Heap after GC invocations=2 (full 0):
 PSYoungGen      total 19200K, used 2545K [0x918c0000, 0x92e00000, 0xa6e00000)
  eden space 16640K, 0% used [0x918c0000,0x918c0000,0x92900000)
  from space 2560K, 99% used [0x92b80000,0x92dfc7d8,0x92e00000)
  to   space 2560K, 0% used [0x92900000,0x92900000,0x92b80000)
 ParOldGen       total 43776K, used 1398K [0x66e00000, 0x698c0000, 0x918c0000)
  object space 43776K, 3% used [0x66e00000,0x66f5d900,0x698c0000)
 Metaspace       used 6106K, capacity 6154K, committed 6168K, reserved 6448K
}
Event: 56.457 GC heap before
{Heap before GC invocations=3 (full 0):
 PSYoungGen      total 19200K, used 19185K [0x918c0000, 0x92e00000, 0xa6e00000)
  eden space 16640K, 100% used [0x918c0000,0x92900000,0x92900000)
  from space 2560K, 99% used [0x92b80000,0x92dfc7d8,0x92e00000)
  to   space 2560K, 0% used [0x92900000,0x92900000,0x92b80000)
 ParOldGen       total 43776K, used 1398K [0x66e00000, 0x698c0000, 0x918c0000)
  object space 43776K, 3% used [0x66e00000,0x66f5d900,0x698c0000)
 Metaspace       used 6787K, capacity 6828K, committed 6936K, reserved 7472K
Event: 56.477 GC heap after
Heap after GC invocations=3 (full 0):
 PSYoungGen      total 19200K, used 2548K [0x918c0000, 0x92e00000, 0xa6e00000)
  eden space 16640K, 0% used [0x918c0000,0x918c0000,0x92900000)
  from space 2560K, 99% used [0x92900000,0x92b7d368,0x92b80000)
  to   space 2560K, 0% used [0x92b80000,0x92b80000,0x92e00000)
 ParOldGen       total 43776K, used 2125K [0x66e00000, 0x698c0000, 0x918c0000)
  object space 43776K, 4% used [0x66e00000,0x670137a0,0x698c0000)
 Metaspace       used 6787K, capacity 6828K, committed 6936K, reserved 7472K
}
Event: 72.854 GC heap before
{Heap before GC invocations=4 (full 0):
 PSYoungGen      total 19200K, used 18601K [0x918c0000, 0x92e00000, 0xa6e00000)
  eden space 16640K, 96% used [0x918c0000,0x9286d248,0x92900000)
  from space 2560K, 99% used [0x92900000,0x92b7d368,0x92b80000)
  to   space 2560K, 0% used [0x92b80000,0x92b80000,0x92e00000)
 ParOldGen       total 43776K, used 2125K [0x66e00000, 0x698c0000, 0x918c0000)
  object space 43776K, 4% used [0x66e00000,0x670137a0,0x698c0000)
 Metaspace       used 7840K, capacity 7927K, committed 7960K, reserved 8496K
Event: 72.870 GC heap after
Heap after GC invocations=4 (full 0):
 PSYoungGen      total 19200K, used 2544K [0x918c0000, 0x92e00000, 0xa6e00000)
  eden space 16640K, 0% used [0x918c0000,0x918c0000,0x92900000)
  from space 2560K, 99% used [0x92b80000,0x92dfc150,0x92e00000)
  to   space 2560K, 0% used [0x92900000,0x92900000,0x92b80000)
 ParOldGen       total 43776K, used 4909K [0x66e00000, 0x698c0000, 0x918c0000)
  object space 43776K, 11% used [0x66e00000,0x672cb428,0x698c0000)
 Metaspace       used 7840K, capacity 7927K, committed 7960K, reserved 8496K
}
Event: 82.495 GC heap before
{Heap before GC invocations=5 (full 0):
 PSYoungGen      total 19200K, used 19184K [0x918c0000, 0x92e00000, 0xa6e00000)
  eden space 16640K, 100% used [0x918c0000,0x92900000,0x92900000)
  from space 2560K, 99% used [0x92b80000,0x92dfc150,0x92e00000)
  to   space 2560K, 0% used [0x92900000,0x92900000,0x92b80000)
 ParOldGen       total 43776K, used 4909K [0x66e00000, 0x698c0000, 0x918c0000)
  object space 43776K, 11% used [0x66e00000,0x672cb428,0x698c0000)
 Metaspace       used 8949K, capacity 9075K, committed 9112K, reserved 9520K
Event: 82.688 GC heap after
Heap after GC invocations=5 (full 0):
 PSYoungGen      total 18944K, used 2552K [0x918c0000, 0x932c0000, 0xa6e00000)
  eden space 16384K, 0% used [0x918c0000,0x918c0000,0x928c0000)
  from space 2560K, 99% used [0x92900000,0x92b7e060,0x92b80000)
  to   space 5120K, 0% used [0x92dc0000,0x92dc0000,0x932c0000)
 ParOldGen       total 43776K, used 6194K [0x66e00000, 0x698c0000, 0x918c0000)
  object space 43776K, 14% used [0x66e00000,0x6740c988,0x698c0000)
 Metaspace       used 8949K, capacity 9075K, committed 9112K, reserved 9520K
}

Deoptimization events (10 events):
Event: 27.531 Thread 0xb6307c00 Uncommon trap: reason=bimorphic action=maybe_recompile pc=0xa740c6dc method=java.util.HashMap.getNode(ILjava/lang/Object;)Ljava/util/HashMap$Node; @ 126
Event: 27.532 Thread 0xb6307c00 Uncommon trap: reason=unstable_if action=reinterpret pc=0xa740c69c method=java.util.HashMap.getNode(ILjava/lang/Object;)Ljava/util/HashMap$Node; @ 62
Event: 27.532 Thread 0xb6307c00 Uncommon trap: reason=bimorphic action=maybe_recompile pc=0xa7414368 method=java.util.HashMap.getNode(ILjava/lang/Object;)Ljava/util/HashMap$Node; @ 126
Event: 44.239 Thread 0xb6307c00 Uncommon trap: reason=predicate action=maybe_recompile pc=0xa74eaba8 method=groovyjarjarantlr.InputBuffer.syncConsume()V @ 7
Event: 49.440 Thread 0xb6307c00 Uncommon trap: reason=unstable_if action=reinterpret pc=0xa73ff984 method=java.lang.String.startsWith(Ljava/lang/String;I)Z @ 25
Event: 49.844 Thread 0xb6307c00 Uncommon trap: reason=range_check action=make_not_entrant pc=0xa749f804 method=sun.reflect.generics.parser.SignatureParser.current()C @ 34
Event: 62.098 Thread 0xb6307c00 Uncommon trap: reason=unstable_if action=reinterpret pc=0xa7517374 method=java.util.HashMap.hash(Ljava/lang/Object;)I @ 1
Event: 80.569 Thread 0xb6307c00 Uncommon trap: reason=unstable_if action=reinterpret pc=0xa735f534 method=java.net.URI.match(CJJ)Z @ 45
Event: 83.168 Thread 0xb6307c00 Uncommon trap: reason=unstable_if action=reinterpret pc=0xa7352448 method=java.util.HashMap.getNode(ILjava/lang/Object;)Ljava/util/HashMap$Node; @ 129
Event: 83.168 Thread 0xb6307c00 Uncommon trap: reason=class_check action=maybe_recompile pc=0xa760dd68 method=java.util.HashMap.putVal(ILjava/lang/Object;Ljava/lang/Object;ZZ)Ljava/lang/Object; @ 203

Internal exceptions (10 events):
Event: 80.041 Thread 0xb6307c00 Exception <a 'java/lang/ClassNotFoundException': java/lang/StringBeanInfo> (0x91f56850) thrown at [/build/openjdk-8-Y4imzb/openjdk-8-8u151-b12/src/hotspot/src/share/vm/classfile/systemDictionary.cpp, line 210]
Event: 80.144 Thread 0xb6307c00 Exception <a 'java/lang/ClassNotFoundException': java/lang/StringCustomizer> (0x91f76d98) thrown at [/build/openjdk-8-Y4imzb/openjdk-8-8u151-b12/src/hotspot/src/share/vm/classfile/systemDictionary.cpp, line 210]
Event: 80.471 Thread 0xb6307c00 Exception <a 'java/lang/ClassNotFoundException': java/net/URIBeanInfo> (0x91fe0468) thrown at [/build/openjdk-8-Y4imzb/openjdk-8-8u151-b12/src/hotspot/src/share/vm/classfile/systemDictionary.cpp, line 210]
Event: 80.472 Thread 0xb6307c00 Exception <a 'java/lang/ClassNotFoundException': java/net/URICustomizer> (0x91ffdf50) thrown at [/build/openjdk-8-Y4imzb/openjdk-8-8u151-b12/src/hotspot/src/share/vm/classfile/systemDictionary.cpp, line 210]
Event: 80.831 Thread 0xb6307c00 Exception <a 'java/lang/ClassNotFoundException': org/glassfish/jersey/server/ResourceConfigBeanInfo> (0x921419d8) thrown at [/build/openjdk-8-Y4imzb/openjdk-8-8u151-b12/src/hotspot/src/share/vm/classfile/systemDictionary.cpp, line 210]
Event: 80.832 Thread 0xb6307c00 Exception <a 'java/lang/ClassNotFoundException': javax/ws/rs/core/ApplicationBeanInfo> (0x92177478) thrown at [/build/openjdk-8-Y4imzb/openjdk-8-8u151-b12/src/hotspot/src/share/vm/classfile/systemDictionary.cpp, line 210]
Event: 80.833 Thread 0xb6307c00 Exception <a 'java/lang/ClassNotFoundException': javax/ws/rs/core/ApplicationCustomizer> (0x921aee00) thrown at [/build/openjdk-8-Y4imzb/openjdk-8-8u151-b12/src/hotspot/src/share/vm/classfile/systemDictionary.cpp, line 210]
Event: 80.836 Thread 0xb6307c00 Exception <a 'java/lang/ClassNotFoundException': org/glassfish/jersey/server/ResourceConfigCustomizer> (0x921fa648) thrown at [/build/openjdk-8-Y4imzb/openjdk-8-8u151-b12/src/hotspot/src/share/vm/classfile/systemDictionary.cpp, line 210]
Event: 82.382 Thread 0xb6307c00 Exception <a 'java/lang/ClassNotFoundException': org/glassfish/jersey/jdkhttp/JdkHttpServerFactoryBeanInfo> (0x9279d718) thrown at [/build/openjdk-8-Y4imzb/openjdk-8-8u151-b12/src/hotspot/src/share/vm/classfile/systemDictionary.cpp, line 210]
Event: 82.383 Thread 0xb6307c00 Exception <a 'java/lang/ClassNotFoundException': org/glassfish/jersey/jdkhttp/JdkHttpServerFactoryCustomizer> (0x927e96f0) thrown at [/build/openjdk-8-Y4imzb/openjdk-8-8u151-b12/src/hotspot/src/share/vm/classfile/systemDictionary.cpp, line 210]

Events (10 events):
Event: 83.168 Thread 0x638a7400 flushing nmethod 0xa73e2f48
Event: 83.168 Thread 0x638a7400 flushing nmethod 0xa73eac08
Event: 83.168 Thread 0x638a7400 flushing nmethod 0xa73eb648
Event: 83.168 Thread 0xb6307c00 Uncommon trap: trap_request=0xffffff65 fr.pc=0xa7352448
Event: 83.168 Thread 0xb6307c00 DEOPT PACKING pc=0xa7352448 sp=0xb647a480
Event: 83.168 Thread 0xb6307c00 DEOPT UNPACKING pc=0xa72d6bd5 sp=0xb647a444 mode 2
Event: 83.168 Thread 0xb6307c00 Uncommon trap: trap_request=0xffffffde fr.pc=0xa760dd68
Event: 83.168 Thread 0xb6307c00 DEOPT PACKING pc=0xa760dd68 sp=0xb647a4a0
Event: 83.168 Thread 0xb6307c00 DEOPT UNPACKING pc=0xa72d6bd5 sp=0xb647a438 mode 2
Event: 83.170 Thread 0x638a7400 flushing nmethod 0xa73fe5c8


Dynamic libraries:
08048000-08049000 r-xp 00000000 08:01 1693306    /usr/lib/jvm/java-8-openjdk-i386/jre/bin/java
08049000-0804a000 r--p 00000000 08:01 1693306    /usr/lib/jvm/java-8-openjdk-i386/jre/bin/java
0804a000-0804b000 rw-p 00001000 08:01 1693306    /usr/lib/jvm/java-8-openjdk-i386/jre/bin/java
0923e000-0925f000 rw-p 00000000 00:00 0          [heap]
61200000-6125b000 rw-p 00000000 00:00 0 
6125b000-61300000 ---p 00000000 00:00 0 
61300000-613fe000 rw-p 00000000 00:00 0 
613fe000-61400000 ---p 00000000 00:00 0 
61400000-614e0000 rw-p 00000000 00:00 0 
61500000-61600000 rw-p 00000000 00:00 0 
61600000-616fe000 rw-p 00000000 00:00 0 
616fe000-61700000 ---p 00000000 00:00 0 
61700000-617e3000 rw-p 00000000 00:00 0 
617e3000-61800000 ---p 00000000 00:00 0 
61800000-618fb000 rw-p 00000000 00:00 0 
618fb000-61900000 ---p 00000000 00:00 0 
61900000-61a00000 rw-p 00000000 00:00 0 
61a00000-61b00000 rw-p 00000000 00:00 0 
61b00000-61beb000 rw-p 00000000 00:00 0 
61beb000-61c00000 ---p 00000000 00:00 0 
61c00000-61d00000 rw-p 00000000 00:00 0 
61d00000-61dff000 rw-p 00000000 00:00 0 
61dff000-61e00000 ---p 00000000 00:00 0 
61e00000-61f00000 rw-p 00000000 00:00 0 
61f00000-61fad000 rw-p 00000000 00:00 0 
61fad000-62000000 ---p 00000000 00:00 0 
62000000-62100000 rw-p 00000000 00:00 0 
62100000-62200000 rw-p 00000000 00:00 0 
62200000-622f9000 rw-p 00000000 00:00 0 
622f9000-62300000 ---p 00000000 00:00 0 
62300000-62400000 rw-p 00000000 00:00 0 
62400000-624fd000 rw-p 00000000 00:00 0 
624fd000-62500000 ---p 00000000 00:00 0 
62587000-62600000 r--s 010fe000 08:01 1694179    /usr/lib/jvm/java-8-openjdk-i386/lib/tools.jar
62600000-62700000 rw-p 00000000 00:00 0 
6273f000-62752000 r--s 00346000 08:01 1693287    /usr/lib/jvm/java-8-openjdk-i386/jre/lib/resources.jar
62752000-62755000 r--s 00023000 08:01 2478896    /home/sarnobat/github/groovy_libraries/.groovy/lib/maven-shared-utils-0.1.jar
62755000-62758000 r--s 0000b000 08:01 2478399    /home/sarnobat/github/groovy_libraries/.groovy/lib/concurrentlinkedhashmap-lru-1.3.1.jar
62758000-6275f000 r--s 0005b000 08:01 2478897    /home/sarnobat/github/groovy_libraries/.groovy/lib/mongo-java-driver-2.10.1.jar
6275f000-62761000 r--s 0000c000 08:01 2478389    /home/sarnobat/github/groovy_libraries/.groovy/lib/commons-exec-1.3.jar
62761000-62762000 r--s 0000a000 08:01 2478397    /home/sarnobat/github/groovy_libraries/.groovy/lib/commons-logging-api-1.1.jar
62762000-62764000 r--s 00008000 08:01 2478930    /home/sarnobat/github/groovy_libraries/.groovy/lib/vget-1.1.5.jar
62764000-62765000 r--s 00004000 08:01 2478901    /home/sarnobat/github/groovy_libraries/.groovy/lib/opencsv-2.3.jar
62765000-62773000 r--s 000ad000 08:01 2478846    /home/sarnobat/github/groovy_libraries/.groovy/lib/jackson-mapper-asl-1.9.2.jar
62773000-62780000 r--s 000a2000 08:01 2478391    /home/sarnobat/github/groovy_libraries/.groovy/lib/commons-imaging-1.0-R1480221.jar
62780000-62782000 r--s 00000000 08:01 2478907    /home/sarnobat/github/groovy_libraries/.groovy/lib/plexus-component-annotations-1.5.5.jar
62782000-62786000 r--s 0000c000 08:01 2478929    /home/sarnobat/github/groovy_libraries/.groovy/lib/validation-api-1.1.0.Final.jar
62786000-62788000 r--s 00005000 08:01 2478924    /home/sarnobat/github/groovy_libraries/.groovy/lib/slf4j-api-1.7.5.jar
62788000-6278d000 r--s 0002a000 08:01 2478419    /home/sarnobat/github/groovy_libraries/.groovy/lib/gson-2.2.4.jar
6278d000-6278e000 r--s 00002000 08:01 2478875    /home/sarnobat/github/groovy_libraries/.groovy/lib/jsch.agentproxy.connector-factory-0.0.6.jar
6278e000-6279b000 r--s 00082000 08:01 2478856    /home/sarnobat/github/groovy_libraries/.groovy/lib/jersey-common-2.0.jar
6279b000-6279d000 r--s 0000d000 08:01 2478912    /home/sarnobat/github/groovy_libraries/.groovy/lib/plexus-interpolation-1.13.jar
6279d000-627c2000 r--s 002e3000 08:01 2478932    /home/sarnobat/github/groovy_libraries/.groovy/lib/xalan-2.7.1.jar
627c2000-627c5000 r--s 0001b000 08:01 2478888    /home/sarnobat/github/groovy_libraries/.groovy/lib/junit-3.8.2.jar
627c5000-627c6000 r--s 00001000 08:01 2478400    /home/sarnobat/github/groovy_libraries/.groovy/lib/doxia-sink-api-1.0-alpha-7.jar
627c6000-627c8000 r--s 00011000 08:01 2478873    /home/sarnobat/github/groovy_libraries/.groovy/lib/jsch-extension-0.1.3.jar
627c8000-627f7000 r--s 0028b000 08:01 2478865    /home/sarnobat/github/groovy_libraries/.groovy/lib/jetty-all-9.2.21.v20170120.jar
627f7000-627fb000 r--s 00040000 08:01 2478871    /home/sarnobat/github/groovy_libraries/.groovy/lib/jsch-0.1.53-sources.jar
627fb000-627fe000 r--s 00023000 08:01 2478853    /home/sarnobat/github/groovy_libraries/.groovy/lib/jdom-1.0.jar
627fe000-627ff000 r--s 00003000 08:01 2478407    /home/sarnobat/github/groovy_libraries/.groovy/lib/geronimo-jta_1.1_spec-1.1.1.jar
627ff000-62800000 r--s 00003000 08:01 2478857    /home/sarnobat/github/groovy_libraries/.groovy/lib/jersey-container-jdk-http-2.0.jar
62800000-628f9000 rw-p 00000000 00:00 0 
628f9000-62900000 ---p 00000000 00:00 0 
62900000-629fb000 rw-p 00000000 00:00 0 
629fb000-62a00000 ---p 00000000 00:00 0 
62a00000-62a04000 r--s 0003b000 08:01 2478870    /home/sarnobat/github/groovy_libraries/.groovy/lib/jsch-0.1.50.jar.disabled
62a04000-62a08000 r--s 00032000 08:01 2478915    /home/sarnobat/github/groovy_libraries/.groovy/lib/rome-1.0.jar
62a08000-62a13000 r--s 00068000 08:01 2478859    /home/sarnobat/github/groovy_libraries/.groovy/lib/jersey-core-1.17.1.jar
62a13000-62a15000 r--s 0000d000 08:01 2479615    /home/sarnobat/github/groovy_libraries/.groovy/lib/commons-codec-1.4.jar
62a15000-62a16000 r--s 00007000 08:01 2478923    /home/sarnobat/github/groovy_libraries/.groovy/lib/slf4j-api-1.7.12.jar
62a16000-62a18000 r--s 0000a000 08:01 2478931    /home/sarnobat/github/groovy_libraries/.groovy/lib/wget-1.2.9.jar
62a18000-62a27000 r--s 00095000 08:01 2478927    /home/sarnobat/github/groovy_libraries/.groovy/lib/sshd-core-0.14.0.jar
62a27000-62a28000 r--s 00001000 08:01 2478881    /home/sarnobat/github/groovy_libraries/.groovy/lib/jsch.agentproxy.usocket-jna-0.0.6.jar
62a28000-62a2a000 r--s 00000000 08:01 2478877    /home/sarnobat/github/groovy_libraries/.groovy/lib/jsch.agentproxy.jsch-0.0.6.jar
62a2a000-62a2e000 r--s 0001d000 08:01 2478933    /home/sarnobat/github/groovy_libraries/.groovy/lib/xbean-reflect-3.4.jar
62a2e000-62a33000 r--s 00047000 08:01 2478381    /home/sarnobat/github/groovy_libraries/.groovy/lib/asm-all-repackaged-2.1.88.jar
62a33000-62a35000 r--s 00000000 08:01 2478906    /home/sarnobat/github/groovy_libraries/.groovy/lib/plexus-compiler-manager-2.0.jar
62a35000-62a37000 r--s 00002000 08:01 2478895    /home/sarnobat/github/groovy_libraries/.groovy/lib/maven-shared-incremental-1.0.jar
62a37000-62a39000 r--s 00001000 08:01 2478876    /home/sarnobat/github/groovy_libraries/.groovy/lib/jsch.agentproxy.core-0.0.6.jar
62a39000-62a3b000 r--s 00282000 08:01 2478919    /home/sarnobat/github/groovy_libraries/.groovy/lib/selenium-firefox-driver-2.45.0.jar
62a3b000-62a3d000 r--s 00005000 08:01 2478847    /home/sarnobat/github/groovy_libraries/.groovy/lib/javax.annotation-api-1.2.jar
62a3d000-62a3e000 r--s 00001000 08:01 2478878    /home/sarnobat/github/groovy_libraries/.groovy/lib/jsch.agentproxy.pageant-0.0.6.jar
62a3e000-62a40000 r--s 00000000 08:01 2478879    /home/sarnobat/github/groovy_libraries/.groovy/lib/jsch.agentproxy.sshagent-0.0.6.jar
62a40000-62a42000 r--s 0000d000 08:01 2478416    /home/sarnobat/github/groovy_libraries/.groovy/lib/google-oauth-client-1.17.0-rc.jar
62a42000-62a46000 r--s 00025000 08:01 2478408    /home/sarnobat/github/groovy_libraries/.groovy/lib/google-api-client-1.17.0-rc.jar
62a46000-62a47000 r--s 00001000 08:01 2478903    /home/sarnobat/github/groovy_libraries/.groovy/lib/plexus-build-api-0.0.4.jar
62a47000-62a4a000 r--s 0001b000 08:01 2478887    /home/sarnobat/github/groovy_libraries/.groovy/lib/junit-3.8.1.jar
62a4a000-62a4e000 r--s 00019000 08:01 2478855    /home/sarnobat/github/groovy_libraries/.groovy/lib/jersey-client-2.0.jar
62a4e000-62a50000 r--s 0000d000 08:01 2478874    /home/sarnobat/github/groovy_libraries/.groovy/lib/jsch-nio-0.1.5.jar
62a50000-62a56000 r--s 00033000 08:01 2478921    /home/sarnobat/github/groovy_libraries/.groovy/lib/selenium-remote-driver-2.45.0.jar
62a56000-62a5a000 r--s 0002f000 08:01 2478845    /home/sarnobat/github/groovy_libraries/.groovy/lib/jackson-core-2.1.3.jar
62a5a000-62a83000 r--s 001ee000 08:01 2478420    /home/sarnobat/github/groovy_libraries/.groovy/lib/guava-14.0.1.jar
62a83000-62a89000 r--s 00042000 08:01 2478885    /home/sarnobat/github/groovy_libraries/.groovy/lib/jsoup-1.7.2.jar
62a89000-62a97000 r--s 0007f000 08:01 2478387    /home/sarnobat/github/groovy_libraries/.groovy/lib/commons-collections-3.2.1.jar
62a97000-62b00000 r--s 003e4000 08:01 2478899    /home/sarnobat/github/groovy_libraries/.groovy/lib/neo4j-cypher-1.9.2.jar
62b00000-62bff000 rw-p 00000000 00:00 0 
62bff000-62c00000 ---p 00000000 00:00 0 
62c00000-62c03000 r--s 00015000 08:01 2478409    /home/sarnobat/github/groovy_libraries/.groovy/lib/google-api-services-calendar-v3-rev72-1.17.0-rc.jar
62c03000-62c05000 r--s 0000b000 08:01 2478427    /home/sarnobat/github/groovy_libraries/.groovy/lib/hk2-utils-2.1.88.jar
62c05000-62c10000 r--s 00085000 08:01 2478429    /home/sarnobat/github/groovy_libraries/.groovy/lib/httpclient-4.3.3.jar
62c10000-62c11000 r--s 00002000 08:01 2478417    /home/sarnobat/github/groovy_libraries/.groovy/lib/google-oauth-client-java6-1.17.0-rc.jar
62c11000-62c12000 r--s 00001000 08:01 2478883    /home/sarnobat/github/groovy_libraries/.groovy/lib/jsch.agentproxy.usocket-nc-0.0.6.jar
62c12000-62c16000 r--s 00017000 08:01 2478928    /home/sarnobat/github/groovy_libraries/.groovy/lib/thumbnailator-0.4.8.jar
62c16000-62c18000 r--s 0001f000 08:01 2478922    /home/sarnobat/github/groovy_libraries/.groovy/lib/servlet-api-2.5-20081211.jar
62c18000-62c1a000 r--s 0001d000 08:01 2478425    /home/sarnobat/github/groovy_libraries/.groovy/lib/hk2-locator-2.1.88.jar
62c1a000-62c1e000 r--s 00018000 08:01 2478424    /home/sarnobat/github/groovy_libraries/.groovy/lib/hk2-api-2.1.88.jar
62c1e000-62c1f000 r--s 00002000 08:01 2478918    /home/sarnobat/github/groovy_libraries/.groovy/lib/selenium-chrome-driver-2.45.0.jar
62c1f000-62c23000 r--s 00024000 08:01 2478861    /home/sarnobat/github/groovy_libraries/.groovy/lib/jersey-json-1.17.1.jar
62c23000-62c27000 r--s 0002a000 08:01 2478393    /home/sarnobat/github/groovy_libraries/.groovy/lib/commons-io-2.4.jar
62c27000-62c46000 r--s 00153000 08:01 2478900    /home/sarnobat/github/groovy_libraries/.groovy/lib/neo4j-kernel-1.9.2.jar
62c46000-62c4d000 r--s 00051000 08:01 2478889    /home/sarnobat/github/groovy_libraries/.groovy/lib/log4j-1.2.12.jar
62c4d000-62c4e000 r--s 00006000 08:01 2478926    /home/sarnobat/github/groovy_libraries/.groovy/lib/solr-commons-csv-3.5.0.jar
62c4e000-62c52000 r--s 00018000 08:01 2478852    /home/sarnobat/github/groovy_libraries/.groovy/lib/javax.ws.rs-api-2.0.jar
62c52000-62c54000 r--s 0000b000 08:01 2478388    /home/sarnobat/github/groovy_libraries/.groovy/lib/commons-exec-1.1.jar
62c54000-62c56000 r--s 00001000 08:01 2478925    /home/sarnobat/github/groovy_libraries/.groovy/lib/slf4j-log4j12-1.7.12.jar
62c56000-62c58000 r--s 00005000 08:01 2478904    /home/sarnobat/github/groovy_libraries/.groovy/lib/plexus-compiler-api-2.0.jar
62c58000-62c59000 r--s 00002000 08:01 2478893    /home/sarnobat/github/groovy_libraries/.groovy/lib/maven-reporting-api-2.0.6.jar
62c59000-62c5f000 r--s 0003c000 08:01 2478412    /home/sarnobat/github/groovy_libraries/.groovy/lib/google-http-client-1.17.0-rc.jar
62c5f000-62c63000 r--s 00028000 08:01 2478867    /home/sarnobat/github/groovy_libraries/.groovy/lib/jetty-util-6.1.26.jar
62c63000-62c65000 r--s 00009000 08:01 2478891    /home/sarnobat/github/groovy_libraries/.groovy/lib/maven-compiler-plugin-3.0.jar
62c65000-62c6c000 r--s 00058000 08:01 2478396    /home/sarnobat/github/groovy_libraries/.groovy/lib/commons-lang3-3.2.1.jar
62c6c000-62c6e000 r--s 0000c000 08:01 2478385    /home/sarnobat/github/groovy_libraries/.groovy/lib/commons-cli-1.4.jar
62c6e000-62c70000 r--s 00007000 08:01 2478892    /home/sarnobat/github/groovy_libraries/.groovy/lib/maven-filtering-1.0-beta-4.jar
62c70000-62c71000 r--s 00004000 08:01 2478905    /home/sarnobat/github/groovy_libraries/.groovy/lib/plexus-compiler-javac-2.0.jar
62c71000-62c78000 r--s 00048000 08:01 2478841    /home/sarnobat/github/groovy_libraries/.groovy/lib/httpcore-4.4.1.jar
62c78000-62c7c000 r--s 000dc000 08:01 2478869    /home/sarnobat/github/groovy_libraries/.groovy/lib/jna-4.1.0.jar
62c7c000-62c82000 r--s 00043000 08:01 2478402    /home/sarnobat/github/groovy_libraries/.groovy/lib/genson-0.98.jar
62c82000-62c84000 r--s 00005000 08:01 2478844    /home/sarnobat/github/groovy_libraries/.groovy/lib/httpmime-4.2.3.jar
62c84000-62c88000 r--s 0003c000 08:01 2478394    /home/sarnobat/github/groovy_libraries/.groovy/lib/commons-lang-2.4.jar
62c88000-62c8f000 r--s 0003f000 08:01 2478382    /home/sarnobat/github/groovy_libraries/.groovy/lib/cglib-2.1.88.jar
62c8f000-62d00000 r--s 00658000 08:01 2478916    /home/sarnobat/github/groovy_libraries/.groovy/lib/scala-library-2.10.0.jar
62d00000-62dfc000 rw-p 00000000 00:00 0 
62dfc000-62e00000 ---p 00000000 00:00 0 
62e00000-62efc000 rw-p 00000000 00:00 0 
62efc000-62f00000 ---p 00000000 00:00 0 
62f00000-62ffc000 rw-p 00000000 00:00 0 
62ffc000-63000000 ---p 00000000 00:00 0 
63000000-63001000 r--s 00005000 08:01 2478894    /home/sarnobat/github/groovy_libraries/.groovy/lib/maven-resources-plugin-2.4.3.jar
63001000-63005000 r--s 00030000 08:01 2478913    /home/sarnobat/github/groovy_libraries/.groovy/lib/plexus-utils-1.5.1.jar
63005000-63008000 r--s 00012000 08:01 2478851    /home/sarnobat/github/groovy_libraries/.groovy/lib/javax.json-1.0.4.jar
63008000-63009000 r--s 0000f000 08:01 2478884    /home/sarnobat/github/groovy_libraries/.groovy/lib/json-20131018.jar
63009000-6300a000 r--s 00001000 08:01 2478418    /home/sarnobat/github/groovy_libraries/.groovy/lib/google-oauth-client-jetty-1.17.0-rc.jar
6300a000-6300f000 r--s 0002b000 08:01 2478401    /home/sarnobat/github/groovy_libraries/.groovy/lib/fuse-jna-0.0.1-SNAPSHOT.jar
6300f000-63021000 r--s 00099000 08:01 2478863    /home/sarnobat/github/groovy_libraries/.groovy/lib/jersey-server-2.0.jar
63021000-63023000 r--s 00006000 08:01 2478886    /home/sarnobat/github/groovy_libraries/.groovy/lib/jsr305-2.0.1.jar
63023000-63024000 r--s 00001000 08:01 2478415    /home/sarnobat/github/groovy_libraries/.groovy/lib/google-http-client-jackson2-1.17.0-rc.jar
63024000-63026000 r--s 00002000 08:01 2478911    /home/sarnobat/github/groovy_libraries/.groovy/lib/plexus-interactivity-api-1.0-alpha-4.jar
63026000-63027000 r--s 00004000 08:01 2478902    /home/sarnobat/github/groovy_libraries/.groovy/lib/osgi-resource-locator-1.0.1.jar
63027000-6302c000 r--s 0001d000 08:01 2478917    /home/sarnobat/github/groovy_libraries/.groovy/lib/selenium-api-2.45.0.jar
6302c000-63033000 r--s 00064000 08:01 2478890    /home/sarnobat/github/groovy_libraries/.groovy/lib/mail-1.4.2.jar
63033000-63034000 r--s 00001000 08:01 2478848    /home/sarnobat/github/groovy_libraries/.groovy/lib/javax.inject-2.1.88.jar
63034000-6303b000 r--s 00050000 08:01 2478843    /home/sarnobat/github/groovy_libraries/.groovy/lib/httpcore-nio-4.4.1.jar
6303b000-6303f000 r--s 00033000 08:01 2478914    /home/sarnobat/github/groovy_libraries/.groovy/lib/plexus-utils-2.0.5.jar
6303f000-63042000 r--s 0001d000 08:01 2478854    /home/sarnobat/github/groovy_libraries/.groovy/lib/jersey-client-1.17.1.jar
63042000-63044000 r--s 0001b000 08:01 1693924    /usr/share/maven-repo/org/codehaus/groovy/groovy-docgenerator/2.4.5/groovy-docgenerator-2.4.5.jar
63044000-63046000 r--s 00011000 08:01 1147685    /usr/share/java/jsp-api-2.1.jar
63046000-63054000 r--s 000c8000 08:01 1149227    /usr/share/java/testng.jar
63054000-63056000 r--s 0000c000 08:01 1149198    /usr/share/java/asm4-5.0.4.jar
63056000-63058000 r--s 00006000 08:01 1149197    /usr/share/java/asm4-tree-5.0.4.jar
63058000-6305a000 r--s 00012000 08:01 1839680    /usr/share/maven-repo/org/codehaus/groovy/groovy-test/2.4.5/groovy-test-2.4.5.jar
6305a000-6306f000 r--s 00124000 08:01 1147882    /usr/share/java/ivy-2.3.0.jar
6306f000-630bc000 r--s 0040d000 08:01 1149211    /usr/share/java/groovy-2.x.jar
630bc000-63109000 r--s 0040d000 08:01 1149211    /usr/share/java/groovy-2.x.jar
63109000-6310a000 ---p 00000000 00:00 0 
6310a000-6318a000 rw-p 00000000 00:00 0 
6318a000-6318d000 ---p 00000000 00:00 0 
6318d000-631db000 rw-p 00000000 00:00 0 
631db000-631de000 ---p 00000000 00:00 0 
631de000-6325c000 rw-p 00000000 00:00 0 
6325c000-6325f000 ---p 00000000 00:00 0 
6325f000-632dd000 rw-p 00000000 00:00 0 
632dd000-632e0000 ---p 00000000 00:00 0 
632e0000-6335e000 rw-p 00000000 00:00 0 
6335e000-63361000 ---p 00000000 00:00 0 
63361000-633af000 rw-p 00000000 00:00 0 
633af000-635af000 r--p 00000000 08:01 1105218    /usr/lib/locale/locale-archive
635af000-635b2000 ---p 00000000 00:00 0 
635b2000-63600000 rw-p 00000000 00:00 0 
63600000-636fd000 rw-p 00000000 00:00 0 
636fd000-63700000 ---p 00000000 00:00 0 
63700000-63721000 rw-p 00000000 00:00 0 
63721000-63800000 ---p 00000000 00:00 0 
63800000-638fc000 rw-p 00000000 00:00 0 
638fc000-63900000 ---p 00000000 00:00 0 
63900000-63901000 r--s 00006000 08:01 1693894    /usr/share/maven-repo/org/codehaus/groovy/groovy-servlet/2.4.5/groovy-servlet-2.4.5.jar
63901000-63902000 r--s 00004000 08:01 1144744    /usr/share/java/ant-launcher-1.9.6.jar
63902000-63904000 r--s 00019000 08:01 1149207    /usr/share/java/jline2.jar
63904000-63906000 r--s 00001000 08:01 1839692    /usr/share/maven-repo/org/codehaus/groovy/groovy-testng/2.4.5/groovy-testng-2.4.5.jar
63906000-63913000 r--s 00076000 08:01 1147859    /usr/share/java/xstream-1.4.8.jar
63913000-63916000 ---p 00000000 00:00 0 
63916000-63964000 rw-p 00000000 00:00 0 
63964000-63965000 ---p 00000000 00:00 0 
63965000-639e5000 rw-p 00000000 00:00 0 
639e5000-63bb4000 r--s 03c21000 08:01 1693223    /usr/lib/jvm/java-8-openjdk-i386/jre/lib/rt.jar
63bb4000-63ffa000 rw-p 00000000 00:00 0 
63ffa000-64000000 ---p 00000000 00:00 0 
64000000-66400000 rw-p 00000000 00:00 0 
66400000-664ff000 rw-p 00000000 00:00 0 
664ff000-66500000 ---p 00000000 00:00 0 
66500000-66501000 r--s 00005000 08:01 1147905    /usr/share/java/jansi-1.4.jar
66501000-66503000 r--s 00016000 08:01 1839697    /usr/share/maven-repo/org/codehaus/groovy/groovy-templates/2.4.5/groovy-templates-2.4.5.jar
66503000-66505000 r--s 00004000 08:01 1839662    /usr/share/maven-repo/org/codehaus/groovy/groovy-jsr223/2.4.5/groovy-jsr223-2.4.5.jar
66505000-66508000 r--s 0001e000 08:01 1147684    /usr/share/java/servlet-api-2.5.jar
66508000-66509000 r--s 00003000 08:01 1147898    /usr/share/java/hawtjni-runtime-1.10.jar
66509000-6650a000 r--s 00001000 08:01 1147901    /usr/share/java/jansi-native-1.0.jar
6650a000-6650b000 r--s 00005000 08:01 1147905    /usr/share/java/jansi-1.4.jar
6650b000-6650f000 r--s 00028000 08:01 1149209    /usr/share/java/qdox-1.12.1.jar
6650f000-66513000 r--s 0001e000 08:01 1839667    /usr/share/maven-repo/org/codehaus/groovy/groovy-groovydoc/2.4.5/groovy-groovydoc-2.4.5.jar
66513000-66514000 r--s 0000d000 08:01 1147020    /usr/share/java/commons-logging-1.2.jar
66514000-66519000 r--s 00068000 08:01 1144929    /usr/share/java/antlr.jar
66519000-6651c000 r--s 0001d000 08:01 1839643    /usr/share/maven-repo/org/codehaus/groovy/groovy-json/2.4.5/groovy-json-2.4.5.jar
6651c000-6651d000 r--s 0000a000 08:01 1149195    /usr/share/java/asm4-util-5.0.4.jar
6651d000-66520000 r--s 0000d000 08:01 1149225    /usr/share/java/jcommander.jar
66520000-66522000 r--s 0000a000 08:01 1147016    /usr/share/java/commons-cli-1.3.1.jar
66522000-66525000 r--s 00010000 08:01 1145778    /usr/share/java/bsf-2.4.0.jar
66525000-66527000 r--s 0001b000 08:01 1145289    /usr/share/java/ant-junit-1.9.6.jar
66527000-6652b000 r--s 00031000 08:01 1693912    /usr/share/maven-repo/org/codehaus/groovy/groovy-xml/2.4.5/groovy-xml-2.4.5.jar
6652b000-66531000 r--s 0005e000 08:01 1693906    /usr/share/maven-repo/org/codehaus/groovy/groovy-groovysh/2.4.5/groovy-groovysh-2.4.5.jar
66531000-6657f000 rw-p 00000000 00:00 0 
6657f000-66580000 ---p 00000000 00:00 0 
66580000-66600000 rw-p 00000000 00:00 0 
66600000-666fc000 rw-p 00000000 00:00 0 
666fc000-66700000 ---p 00000000 00:00 0 
66700000-66721000 rw-p 00000000 00:00 0 
66721000-66800000 ---p 00000000 00:00 0 
66800000-66801000 r--s 0000d000 08:01 1149216    /usr/share/java/jsr166y-1.7.0.jar
66801000-66803000 r--s 0001d000 08:01 1693929    /usr/share/maven-repo/org/codehaus/groovy/groovy-jmx/2.4.5/groovy-jmx-2.4.5.jar
66803000-66822000 r--s 001d1000 08:01 1144743    /usr/share/java/ant-1.9.6.jar
66822000-66824000 r--s 00004000 08:01 1149192    /usr/share/java/asm4-analysis-5.0.4.jar
66824000-6687f000 rw-p 00000000 00:00 0 
6687f000-66880000 ---p 00000000 00:00 0 
66880000-66900000 rw-p 00000000 00:00 0 
66900000-66921000 rw-p 00000000 00:00 0 
66921000-66a00000 ---p 00000000 00:00 0 
66a00000-66a01000 r--s 00002000 08:01 1145284    /usr/share/java/ant-antlr-1.9.6.jar
66a01000-66a0d000 r--s 00094000 08:01 1693917    /usr/share/maven-repo/org/codehaus/groovy/groovy-console/2.4.5/groovy-console-2.4.5.jar
66a0d000-66a28000 r--s 00394000 08:01 1693228    /usr/lib/jvm/java-8-openjdk-i386/jre/lib/ext/cldrdata.jar
66a28000-66a29000 ---p 00000000 00:00 0 
66a29000-66abf000 rw-p 00000000 00:00 0 
66abf000-66bff000 ---p 00000000 00:00 0 
66bff000-66c15000 rw-p 00000000 00:00 0 
66c15000-66d54000 ---p 00000000 00:00 0 
66d54000-66d62000 rw-p 00000000 00:00 0 
66d62000-66dff000 ---p 00000000 00:00 0 
66dff000-698c0000 rw-p 00000000 00:00 0 
698c0000-918c0000 ---p 00000000 00:00 0 
918c0000-932c0000 rw-p 00000000 00:00 0 
932c0000-a6e00000 ---p 00000000 00:00 0 
a6e00000-a6e02000 r--s 0000a000 08:01 1147024    /usr/share/java/hamcrest-core-1.3.jar
a6e02000-a6e0a000 r--s 00045000 08:01 1147522    /usr/share/java/junit4-4.12.jar
a6e0a000-a6e10000 r--s 00051000 08:01 1839686    /usr/share/maven-repo/org/codehaus/groovy/groovy-swing/2.4.5/groovy-swing-2.4.5.jar
a6e10000-a6e12000 r--s 00010000 08:01 1839656    /usr/share/maven-repo/org/codehaus/groovy/groovy-ant/2.4.5/groovy-ant-2.4.5.jar
a6e12000-a6e14000 r--s 00012000 08:01 1839650    /usr/share/maven-repo/org/codehaus/groovy/groovy-sql/2.4.5/groovy-sql-2.4.5.jar
a6e14000-a6e16000 r--s 00009000 08:01 1148102    /usr/share/java/asm4-commons-5.0.4.jar
a6e16000-a6e18000 r--s 00008000 08:01 1693232    /usr/lib/jvm/java-8-openjdk-i386/jre/lib/ext/sunec.jar
a6e18000-a6e33000 r--s 001d6000 08:01 1693230    /usr/lib/jvm/java-8-openjdk-i386/jre/lib/ext/nashorn.jar
a6e33000-a6e39000 r--s 0003a000 08:01 1693231    /usr/lib/jvm/java-8-openjdk-i386/jre/lib/ext/sunjce_provider.jar
a6e39000-a6e43000 r--s 00116000 08:01 1693233    /usr/lib/jvm/java-8-openjdk-i386/jre/lib/ext/localedata.jar
a6e43000-a6e5b000 rw-p 00000000 00:00 0 
a6e5b000-a6e5c000 ---p 00000000 00:00 0 
a6e5c000-a6eef000 rw-p 00000000 00:00 0 
a6eef000-a729c000 ---p 00000000 00:00 0 
a729c000-a772c000 rwxp 00000000 00:00 0 
a772c000-b629c000 ---p 00000000 00:00 0 
b629c000-b62a7000 r-xp 00000000 08:01 3401300    /lib/i386-linux-gnu/libnss_files-2.23.so
b62a7000-b62a8000 r--p 0000a000 08:01 3401300    /lib/i386-linux-gnu/libnss_files-2.23.so
b62a8000-b62a9000 rw-p 0000b000 08:01 3401300    /lib/i386-linux-gnu/libnss_files-2.23.so
b62a9000-b62af000 rw-p 00000000 00:00 0 
b62af000-b62ba000 r-xp 00000000 08:01 3401303    /lib/i386-linux-gnu/libnss_nis-2.23.so
b62ba000-b62bb000 r--p 0000a000 08:01 3401303    /lib/i386-linux-gnu/libnss_nis-2.23.so
b62bb000-b62bc000 rw-p 0000b000 08:01 3401303    /lib/i386-linux-gnu/libnss_nis-2.23.so
b62bc000-b62d3000 r-xp 00000000 08:01 3401221    /lib/i386-linux-gnu/libnsl-2.23.so
b62d3000-b62d4000 r--p 00016000 08:01 3401221    /lib/i386-linux-gnu/libnsl-2.23.so
b62d4000-b62d5000 rw-p 00017000 08:01 3401221    /lib/i386-linux-gnu/libnsl-2.23.so
b62d5000-b62d7000 rw-p 00000000 00:00 0 
b62d7000-b62fe000 r-xp 00000000 08:01 1693258    /usr/lib/jvm/java-8-openjdk-i386/jre/lib/i386/libjava.so
b62fe000-b62ff000 r--p 00026000 08:01 1693258    /usr/lib/jvm/java-8-openjdk-i386/jre/lib/i386/libjava.so
b62ff000-b6300000 rw-p 00027000 08:01 1693258    /usr/lib/jvm/java-8-openjdk-i386/jre/lib/i386/libjava.so
b6300000-b63fb000 rw-p 00000000 00:00 0 
b63fb000-b6400000 ---p 00000000 00:00 0 
b6400000-b6401000 r--s 00002000 08:01 1839673    /usr/share/maven-repo/org/codehaus/groovy/groovy-bsf/2.4.5/groovy-bsf-2.4.5.jar
b6401000-b6409000 r-xp 00000000 08:01 3401309    /lib/i386-linux-gnu/libnss_compat-2.23.so
b6409000-b640a000 r--p 00007000 08:01 3401309    /lib/i386-linux-gnu/libnss_compat-2.23.so
b640a000-b640b000 rw-p 00008000 08:01 3401309    /lib/i386-linux-gnu/libnss_compat-2.23.so
b640b000-b640c000 r--s 00010000 08:01 1693229    /usr/lib/jvm/java-8-openjdk-i386/jre/lib/ext/zipfs.jar
b640c000-b640e000 r--s 00001000 08:01 1693236    /usr/lib/jvm/java-8-openjdk-i386/jre/lib/ext/dnsns.jar
b640e000-b6411000 r--s 0000f000 08:01 1693227    /usr/lib/jvm/java-8-openjdk-i386/jre/lib/ext/icedtea-sound.jar
b6411000-b6419000 r-xp 00000000 08:01 1693277    /usr/lib/jvm/java-8-openjdk-i386/jre/lib/i386/libzip.so
b6419000-b641a000 r--p 00007000 08:01 1693277    /usr/lib/jvm/java-8-openjdk-i386/jre/lib/i386/libzip.so
b641a000-b641b000 rw-p 00008000 08:01 1693277    /usr/lib/jvm/java-8-openjdk-i386/jre/lib/i386/libzip.so
b641b000-b6423000 rw-s 00000000 08:01 2576718    /tmp/hsperfdata_sarnobat/11053
b6423000-b642a000 r-xp 00000000 08:01 3401305    /lib/i386-linux-gnu/librt-2.23.so
b642a000-b642b000 r--p 00006000 08:01 3401305    /lib/i386-linux-gnu/librt-2.23.so
b642b000-b642c000 rw-p 00007000 08:01 3401305    /lib/i386-linux-gnu/librt-2.23.so
b642c000-b642f000 ---p 00000000 00:00 0 
b642f000-b647d000 rw-p 00000000 00:00 0 
b647d000-b6499000 r-xp 00000000 08:01 3402590    /lib/i386-linux-gnu/libgcc_s.so.1
b6499000-b649a000 rw-p 0001b000 08:01 3402590    /lib/i386-linux-gnu/libgcc_s.so.1
b649a000-b64ed000 r-xp 00000000 08:01 3401314    /lib/i386-linux-gnu/libm-2.23.so
b64ed000-b64ee000 r--p 00052000 08:01 3401314    /lib/i386-linux-gnu/libm-2.23.so
b64ee000-b64ef000 rw-p 00053000 08:01 3401314    /lib/i386-linux-gnu/libm-2.23.so
b64ef000-b665c000 r-xp 00000000 08:01 1110301    /usr/lib/i386-linux-gnu/libstdc++.so.6.0.21
b665c000-b665d000 ---p 0016d000 08:01 1110301    /usr/lib/i386-linux-gnu/libstdc++.so.6.0.21
b665d000-b6662000 r--p 0016d000 08:01 1110301    /usr/lib/i386-linux-gnu/libstdc++.so.6.0.21
b6662000-b6663000 rw-p 00172000 08:01 1110301    /usr/lib/i386-linux-gnu/libstdc++.so.6.0.21
b6663000-b6666000 rw-p 00000000 00:00 0 
b6666000-b7137000 r-xp 00000000 08:01 1693269    /usr/lib/jvm/java-8-openjdk-i386/jre/lib/i386/server/libjvm.so
b7137000-b717d000 r--p 00ad0000 08:01 1693269    /usr/lib/jvm/java-8-openjdk-i386/jre/lib/i386/server/libjvm.so
b717d000-b7194000 rw-p 00b16000 08:01 1693269    /usr/lib/jvm/java-8-openjdk-i386/jre/lib/i386/server/libjvm.so
b7194000-b75b5000 rw-p 00000000 00:00 0 
b75b5000-b75ce000 r-xp 00000000 08:01 3401302    /lib/i386-linux-gnu/libpthread-2.23.so
b75ce000-b75cf000 r--p 00018000 08:01 3401302    /lib/i386-linux-gnu/libpthread-2.23.so
b75cf000-b75d0000 rw-p 00019000 08:01 3401302    /lib/i386-linux-gnu/libpthread-2.23.so
b75d0000-b75d2000 rw-p 00000000 00:00 0 
b75d2000-b75d5000 r-xp 00000000 08:01 3401308    /lib/i386-linux-gnu/libdl-2.23.so
b75d5000-b75d6000 r--p 00002000 08:01 3401308    /lib/i386-linux-gnu/libdl-2.23.so
b75d6000-b75d7000 rw-p 00003000 08:01 3401308    /lib/i386-linux-gnu/libdl-2.23.so
b75d7000-b75f0000 r-xp 00000000 08:01 3402741    /lib/i386-linux-gnu/libz.so.1.2.8
b75f0000-b75f1000 r--p 00018000 08:01 3402741    /lib/i386-linux-gnu/libz.so.1.2.8
b75f1000-b75f2000 rw-p 00019000 08:01 3402741    /lib/i386-linux-gnu/libz.so.1.2.8
b75f2000-b77a2000 r-xp 00000000 08:01 3402570    /lib/i386-linux-gnu/libc-2.23.so
b77a2000-b77a4000 r--p 001af000 08:01 3402570    /lib/i386-linux-gnu/libc-2.23.so
b77a4000-b77a5000 rw-p 001b1000 08:01 3402570    /lib/i386-linux-gnu/libc-2.23.so
b77a5000-b77a8000 rw-p 00000000 00:00 0 
b77a8000-b77a9000 r--s 0000a000 08:01 1693235    /usr/lib/jvm/java-8-openjdk-i386/jre/lib/ext/jaccess.jar
b77a9000-b77ad000 r--s 00037000 08:01 1693234    /usr/lib/jvm/java-8-openjdk-i386/jre/lib/ext/sunpkcs11.jar
b77ad000-b77ae000 r--p 002d4000 08:01 1105218    /usr/lib/locale/locale-archive
b77ae000-b77af000 rw-p 00000000 00:00 0 
b77af000-b77b0000 r--p 00000000 00:00 0 
b77b0000-b77be000 r-xp 00000000 08:01 1693275    /usr/lib/jvm/java-8-openjdk-i386/jre/lib/i386/libverify.so
b77be000-b77bf000 r--p 0000d000 08:01 1693275    /usr/lib/jvm/java-8-openjdk-i386/jre/lib/i386/libverify.so
b77bf000-b77c0000 rw-p 0000e000 08:01 1693275    /usr/lib/jvm/java-8-openjdk-i386/jre/lib/i386/libverify.so
b77c0000-b77cd000 r-xp 00000000 08:01 1693273    /usr/lib/jvm/java-8-openjdk-i386/jre/lib/i386/jli/libjli.so
b77cd000-b77ce000 r--p 0000c000 08:01 1693273    /usr/lib/jvm/java-8-openjdk-i386/jre/lib/i386/jli/libjli.so
b77ce000-b77cf000 rw-p 0000d000 08:01 1693273    /usr/lib/jvm/java-8-openjdk-i386/jre/lib/i386/jli/libjli.so
b77cf000-b77d1000 rw-p 00000000 00:00 0 
b77d1000-b77d3000 r--p 00000000 00:00 0          [vvar]
b77d3000-b77d4000 r-xp 00000000 00:00 0          [vdso]
b77d4000-b77f6000 r-xp 00000000 08:01 3401231    /lib/i386-linux-gnu/ld-2.23.so
b77f6000-b77f7000 rw-p 00000000 00:00 0 
b77f7000-b77f8000 r--p 00022000 08:01 3401231    /lib/i386-linux-gnu/ld-2.23.so
b77f8000-b77f9000 rw-p 00023000 08:01 3401231    /lib/i386-linux-gnu/ld-2.23.so
bf893000-bf8b4000 rw-p 00000000 00:00 0          [stack]

VM Arguments:
jvm_args: -Dscript.name=/usr/bin/groovy -Dprogram.name=groovy -Dgroovy.starter.conf=/usr/share/groovy2/conf/groovy-starter.conf -Dgroovy.home=/usr/share/groovy2 -Dtools.jar=/usr/lib/jvm/default-java/lib/tools.jar 
java_command: org.codehaus.groovy.tools.GroovyStarter --main groovy.ui.GroovyMain --conf /usr/share/groovy2/conf/groovy-starter.conf --classpath . httpcat_pair_files_exist_check.groovy --port=4475 --file=/home/sarnobat/sarnobat.git/src/javascript/d3_drag_drop_nodes/heap.txt
java_class_path (initial): /usr/share/groovy2/lib/groovy-2.4.5.jar
Launcher Type: SUN_STANDARD

Environment Variables:
PATH=/usr/bin:/bin
SHELL=/bin/sh

Signal Handlers:
SIGSEGV: [libjvm.so+0x8d7370], sa_mask[0]=11111111011111111101111111111110, sa_flags=SA_RESTART|SA_SIGINFO
SIGBUS: [libjvm.so+0x8d7370], sa_mask[0]=11111111011111111101111111111110, sa_flags=SA_RESTART|SA_SIGINFO
SIGFPE: [libjvm.so+0x73d1c0], sa_mask[0]=11111111011111111101111111111110, sa_flags=SA_RESTART|SA_SIGINFO
SIGPIPE: [libjvm.so+0x73d1c0], sa_mask[0]=11111111011111111101111111111110, sa_flags=SA_RESTART|SA_SIGINFO
SIGXFSZ: [libjvm.so+0x73d1c0], sa_mask[0]=11111111011111111101111111111110, sa_flags=SA_RESTART|SA_SIGINFO
SIGILL: [libjvm.so+0x73d1c0], sa_mask[0]=11111111011111111101111111111110, sa_flags=SA_RESTART|SA_SIGINFO
SIGUSR1: SIG_DFL, sa_mask[0]=00000000000000000000000000000000, sa_flags=none
SIGUSR2: [libjvm.so+0x73d000], sa_mask[0]=00000000000000000000000000000000, sa_flags=SA_RESTART|SA_SIGINFO
SIGHUP: [libjvm.so+0x73d790], sa_mask[0]=11111111011111111101111111111110, sa_flags=SA_RESTART|SA_SIGINFO
SIGINT: [libjvm.so+0x73d790], sa_mask[0]=11111111011111111101111111111110, sa_flags=SA_RESTART|SA_SIGINFO
SIGTERM: [libjvm.so+0x73d790], sa_mask[0]=11111111011111111101111111111110, sa_flags=SA_RESTART|SA_SIGINFO
SIGQUIT: [libjvm.so+0x73d790], sa_mask[0]=11111111011111111101111111111110, sa_flags=SA_RESTART|SA_SIGINFO


---------------  S Y S T E M  ---------------

OS:DISTRIB_ID=Ubuntu
DISTRIB_RELEASE=16.04
DISTRIB_CODENAME=xenial
DISTRIB_DESCRIPTION="Ubuntu 16.04.1 LTS"

uname:Linux 4.4.0-104-generic #127-Ubuntu SMP Mon Dec 11 12:16:50 UTC 2017 i686
libc:glibc 2.23 NPTL 2.23 
rlimit: STACK 8192k, CORE 0k, NPROC 63057, NOFILE 65536, AS infinity
load average:116.02 102.59 99.24

/proc/meminfo:
MemTotal:        8107456 kB
MemFree:          545912 kB
MemAvailable:     114104 kB
Buffers:            9940 kB
Cached:           201744 kB
SwapCached:         9884 kB
Active:          6166432 kB
Inactive:        1146264 kB
Active(anon):    6126636 kB
Inactive(anon):  1115996 kB
Active(file):      39796 kB
Inactive(file):    30268 kB
Unevictable:           0 kB
Mlocked:               0 kB
HighTotal:       7292552 kB
HighFree:         231944 kB
LowTotal:         814904 kB
LowFree:          313968 kB
SwapTotal:       4007932 kB
SwapFree:              4 kB
Dirty:              3740 kB
Writeback:           128 kB
AnonPages:       7091640 kB
Mapped:            44092 kB
Shmem:            141424 kB
Slab:              98832 kB
SReclaimable:      30700 kB
SUnreclaim:        68132 kB
KernelStack:       30296 kB
PageTables:        66108 kB
NFS_Unstable:          0 kB
Bounce:                0 kB
WritebackTmp:          0 kB
CommitLimit:     8061660 kB
Committed_AS:   27800348 kB
VmallocTotal:     122880 kB
VmallocUsed:           0 kB
VmallocChunk:          0 kB
AnonHugePages:   3155968 kB
CmaTotal:              0 kB
CmaFree:               0 kB
HugePages_Total:       0
HugePages_Free:        0
HugePages_Rsvd:        0
HugePages_Surp:        0
Hugepagesize:       2048 kB
DirectMap4k:       40952 kB
DirectMap2M:      870400 kB


CPU:total 4 (initial active 4) (2 cores per cpu, 2 threads per core) family 6 model 58 stepping 9, cmov, cx8, fxsr, mmx, sse, sse2, sse3, ssse3, sse4.1, sse4.2, popcnt, avx, aes, clmul, erms, ht, tsc, tscinvbit, tscinv

/proc/cpuinfo:
processor	: 0
vendor_id	: GenuineIntel
cpu family	: 6
model		: 58
model name	: Intel(R) Core(TM) i5-3427U CPU @ 1.80GHz
stepping	: 9
microcode	: 0x17
cpu MHz		: 1099.957
cache size	: 3072 KB
physical id	: 0
siblings	: 4
core id		: 0
cpu cores	: 2
apicid		: 0
initial apicid	: 0
fdiv_bug	: no
f00f_bug	: no
coma_bug	: no
fpu		: yes
fpu_exception	: yes
cpuid level	: 13
wp		: yes
flags		: fpu vme de pse tsc msr pae mce cx8 apic sep mtrr pge mca cmov pat pse36 clflush dts acpi mmx fxsr sse sse2 ss ht tm pbe nx rdtscp lm constant_tsc arch_perfmon pebs bts xtopology nonstop_tsc aperfmperf eagerfpu pni pclmulqdq dtes64 monitor ds_cpl vmx smx est tm2 ssse3 cx16 xtpr pdcm pcid sse4_1 sse4_2 x2apic popcnt tsc_deadline_timer aes xsave avx f16c rdrand lahf_lm epb tpr_shadow vnmi flexpriority ept vpid fsgsbase smep erms xsaveopt dtherm ida arat pln pts
bugs		:
bogomips	: 4589.83
clflush size	: 64
cache_alignment	: 64
address sizes	: 36 bits physical, 48 bits virtual
power management:

processor	: 1
vendor_id	: GenuineIntel
cpu family	: 6
model		: 58
model name	: Intel(R) Core(TM) i5-3427U CPU @ 1.80GHz
stepping	: 9
microcode	: 0x17
cpu MHz		: 1099.957
cache size	: 3072 KB
physical id	: 0
siblings	: 4
core id		: 1
cpu cores	: 2
apicid		: 2
initial apicid	: 2
fdiv_bug	: no
f00f_bug	: no
coma_bug	: no
fpu		: yes
fpu_exception	: yes
cpuid level	: 13
wp		: yes
flags		: fpu vme de pse tsc msr pae mce cx8 apic sep mtrr pge mca cmov pat pse36 clflush dts acpi mmx fxsr sse sse2 ss ht tm pbe nx rdtscp lm constant_tsc arch_perfmon pebs bts xtopology nonstop_tsc aperfmperf eagerfpu pni pclmulqdq dtes64 monitor ds_cpl vmx smx est tm2 ssse3 cx16 xtpr pdcm pcid sse4_1 sse4_2 x2apic popcnt tsc_deadline_timer aes xsave avx f16c rdrand lahf_lm epb tpr_shadow vnmi flexpriority ept vpid fsgsbase smep erms xsaveopt dtherm ida arat pln pts
bugs		:
bogomips	: 4589.83
clflush size	: 64
cache_alignment	: 64
address sizes	: 36 bits physical, 48 bits virtual
power management:

processor	: 2
vendor_id	: GenuineIntel
cpu family	: 6
model		: 58
model name	: Intel(R) Core(TM) i5-3427U CPU @ 1.80GHz
stepping	: 9
microcode	: 0x17
cpu MHz		: 1099.957
cache size	: 3072 KB
physical id	: 0
siblings	: 4
core id		: 0
cpu cores	: 2
apicid		: 1
initial apicid	: 1
fdiv_bug	: no
f00f_bug	: no
coma_bug	: no
fpu		: yes
fpu_exception	: yes
cpuid level	: 13
wp		: yes
flags		: fpu vme de pse tsc msr pae mce cx8 apic sep mtrr pge mca cmov pat pse36 clflush dts acpi mmx fxsr sse sse2 ss ht tm pbe nx rdtscp lm constant_tsc arch_perfmon pebs bts xtopology nonstop_tsc aperfmperf eagerfpu pni pclmulqdq dtes64 monitor ds_cpl vmx smx est tm2 ssse3 cx16 xtpr pdcm pcid sse4_1 sse4_2 x2apic popcnt tsc_deadline_timer aes xsave avx f16c rdrand lahf_lm epb tpr_shadow vnmi flexpriority ept vpid fsgsbase smep erms xsaveopt dtherm ida arat pln pts
bugs		:
bogomips	: 4589.83
clflush size	: 64
cache_alignment	: 64
address sizes	: 36 bits physical, 48 bits virtual
power management:

processor	: 3
vendor_id	: GenuineIntel
cpu family	: 6
model		: 58
model name	: Intel(R) Core(TM) i5-3427U CPU @ 1.80GHz
stepping	: 9
microcode	: 0x17
cpu MHz		: 1099.957
cache size	: 3072 KB
physical id	: 0
siblings	: 4
core id		: 1
cpu cores	: 2
apicid		: 3
initial apicid	: 3
fdiv_bug	: no
f00f_bug	: no
coma_bug	: no
fpu		: yes
fpu_exception	: yes
cpuid level	: 13
wp		: yes
flags		: fpu vme de pse tsc msr pae mce cx8 apic sep mtrr pge mca cmov pat pse36 clflush dts acpi mmx fxsr sse sse2 ss ht tm pbe nx rdtscp lm constant_tsc arch_perfmon pebs bts xtopology nonstop_tsc aperfmperf eagerfpu pni pclmulqdq dtes64 monitor ds_cpl vmx smx est tm2 ssse3 cx16 xtpr pdcm pcid sse4_1 sse4_2 x2apic popcnt tsc_deadline_timer aes xsave avx f16c rdrand lahf_lm epb tpr_shadow vnmi flexpriority ept vpid fsgsbase smep erms xsaveopt dtherm ida arat pln pts
bugs		:
bogomips	: 4589.83
clflush size	: 64
cache_alignment	: 64
address sizes	: 36 bits physical, 48 bits virtual
power management:



Memory: 4k page, physical 8107456k(545912k free), swap 4007932k(4k free)

vm_info: OpenJDK Server VM (25.151-b12) for linux-x86 JRE (1.8.0_151-8u151-b12-0ubuntu0.16.04.2-b12), built on Oct 27 2017 22:05:04 by "buildd" with gcc 5.4.0 20160609

time: Thu Dec 21 01:41:27 2017
elapsed time: 84 seconds (0d 0h 1m 24s)

