#
# There is insufficient memory for the Java Runtime Environment to continue.
# Native memory allocation (mmap) failed to map 131072 bytes for committing reserved memory.
# Possible reasons:
#   The system is out of physical RAM or swap space
#   In 32 bit mode, the process size limit was hit
# Possible solutions:
#   Reduce memory load on the system
#   Increase physical memory or swap space
#   Check if swap backing store is full
#   Use 64 bit Java on a 64 bit OS
#   Decrease Java heap size (-Xmx/-Xms)
#   Decrease number of Java threads
#   Decrease Java thread stack sizes (-Xss)
#   Set larger code cache with -XX:ReservedCodeCacheSize=
# This output file may be truncated or incomplete.
#
#  Out of Memory Error (os_linux.cpp:2643), pid=22178, tid=0xb63bdb40
#
# JRE version: OpenJDK Runtime Environment (8.0_151-b12) (build 1.8.0_151-8u151-b12-0ubuntu0.16.04.2-b12)
# Java VM: OpenJDK Server VM (25.151-b12 mixed mode linux-x86 )
# Failed to write core dump. Core dumps have been disabled. To enable core dumping, try "ulimit -c unlimited" before starting Java again
#

---------------  T H R E A D  ---------------

Current thread (0xb6207800):  JavaThread "main" [_thread_in_vm, id=22499, stack(0xb636d000,0xb63be000)]

Stack: [0xb636d000,0xb63be000],  sp=0xb63b7aa0,  free space=298k
Native frames: (J=compiled Java code, j=interpreted, Vv=VM code, C=native code)
V  [libjvm.so+0x8d6834]
V  [libjvm.so+0x3a7c76]
V  [libjvm.so+0x7420c0]
V  [libjvm.so+0x73c013]
V  [libjvm.so+0x8d3264]
V  [libjvm.so+0x6cdd63]
V  [libjvm.so+0x6cdf7a]
V  [libjvm.so+0x6ceb05]
V  [libjvm.so+0x6cec5a]
V  [libjvm.so+0x6cfc9a]
V  [libjvm.so+0x6cfe8d]
V  [libjvm.so+0x39895f]
V  [libjvm.so+0x6d542e]
V  [libjvm.so+0x317bdf]
V  [libjvm.so+0x3183b3]
V  [libjvm.so+0x31a202]
V  [libjvm.so+0x84d519]
V  [libjvm.so+0x55c01a]
V  [libjvm.so+0x55d4bc]  JVM_DefineClassWithSource+0x9c
C  [libjava.so+0xb357]  Java_java_lang_ClassLoader_defineClass1+0x1a7
J 706  java.lang.ClassLoader.defineClass1(Ljava/lang/String;[BIILjava/security/ProtectionDomain;Ljava/lang/String;)Ljava/lang/Class; (0 bytes) @ 0xa73f540b [0xa73f5320+0xeb]
J 703 C1 java.lang.ClassLoader.defineClass(Ljava/lang/String;[BIILjava/security/ProtectionDomain;)Ljava/lang/Class; (43 bytes) @ 0xa73efbd4 [0xa73ef720+0x4b4]
J 662 C1 java.net.URLClassLoader.defineClass(Ljava/lang/String;Lsun/misc/Resource;)Ljava/lang/Class; (142 bytes) @ 0xa73d1738 [0xa73d0060+0x16d8]
J 493 C1 java.net.URLClassLoader$1.run()Ljava/lang/Class; (63 bytes) @ 0xa73717f8 [0xa73715c0+0x238]
J 336 C1 java.net.URLClassLoader$1.run()Ljava/lang/Object; (5 bytes) @ 0xa732abd0 [0xa732ab60+0x70]
v  ~StubRoutines::call_stub
V  [libjvm.so+0x51faad]
V  [libjvm.so+0x746985]
V  [libjvm.so+0x51ebea]
V  [libjvm.so+0x56b9c4]  JVM_DoPrivileged+0x434
C  [libjava.so+0x9e15]  Java_java_security_AccessController_doPrivileged__Ljava_security_PrivilegedExceptionAction_2Ljava_security_AccessControlContext_2+0x25
J 183  java.security.AccessController.doPrivileged(Ljava/security/PrivilegedExceptionAction;Ljava/security/AccessControlContext;)Ljava/lang/Object; (0 bytes) @ 0xa72c44cc [0xa72c4420+0xac]
J 462 C1 java.net.URLClassLoader.findClass(Ljava/lang/String;)Ljava/lang/Class; (47 bytes) @ 0xa735f7b4 [0xa735f680+0x134]
J 330 C1 org.codehaus.groovy.tools.RootLoader.loadClass(Ljava/lang/String;Z)Ljava/lang/Class; (65 bytes) @ 0xa7328d60 [0xa7328940+0x420]
J 331 C1 java.lang.ClassLoader.loadClass(Ljava/lang/String;)Ljava/lang/Class; (7 bytes) @ 0xa7329600 [0xa7329520+0xe0]
v  ~StubRoutines::call_stub
V  [libjvm.so+0x51faad]
V  [libjvm.so+0x746985]
V  [libjvm.so+0x51d586]
V  [libjvm.so+0x51dafb]
V  [libjvm.so+0x853e83]
V  [libjvm.so+0x8528ff]
V  [libjvm.so+0x852ff5]
V  [libjvm.so+0x31a642]
V  [libjvm.so+0x84d519]
V  [libjvm.so+0x55c01a]
V  [libjvm.so+0x55d4bc]  JVM_DefineClassWithSource+0x9c
C  [libjava.so+0xb357]  Java_java_lang_ClassLoader_defineClass1+0x1a7
J 706  java.lang.ClassLoader.defineClass1(Ljava/lang/String;[BIILjava/security/ProtectionDomain;Ljava/lang/String;)Ljava/lang/Class; (0 bytes) @ 0xa73f540b [0xa73f5320+0xeb]
J 703 C1 java.lang.ClassLoader.defineClass(Ljava/lang/String;[BIILjava/security/ProtectionDomain;)Ljava/lang/Class; (43 bytes) @ 0xa73efbd4 [0xa73ef720+0x4b4]
J 662 C1 java.net.URLClassLoader.defineClass(Ljava/lang/String;Lsun/misc/Resource;)Ljava/lang/Class; (142 bytes) @ 0xa73d1738 [0xa73d0060+0x16d8]
J 493 C1 java.net.URLClassLoader$1.run()Ljava/lang/Class; (63 bytes) @ 0xa73717f8 [0xa73715c0+0x238]
J 336 C1 java.net.URLClassLoader$1.run()Ljava/lang/Object; (5 bytes) @ 0xa732abd0 [0xa732ab60+0x70]
v  ~StubRoutines::call_stub
V  [libjvm.so+0x51faad]
V  [libjvm.so+0x746985]
V  [libjvm.so+0x51ebea]
V  [libjvm.so+0x56b9c4]  JVM_DoPrivileged+0x434
C  [libjava.so+0x9e15]  Java_java_security_AccessController_doPrivileged__Ljava_security_PrivilegedExceptionAction_2Ljava_security_AccessControlContext_2+0x25
J 183  java.security.AccessController.doPrivileged(Ljava/security/PrivilegedExceptionAction;Ljava/security/AccessControlContext;)Ljava/lang/Object; (0 bytes) @ 0xa72c44cc [0xa72c4420+0xac]
J 462 C1 java.net.URLClassLoader.findClass(Ljava/lang/String;)Ljava/lang/Class; (47 bytes) @ 0xa735f7b4 [0xa735f680+0x134]
J 330 C1 org.codehaus.groovy.tools.RootLoader.loadClass(Ljava/lang/String;Z)Ljava/lang/Class; (65 bytes) @ 0xa7328d60 [0xa7328940+0x420]
J 331 C1 java.lang.ClassLoader.loadClass(Ljava/lang/String;)Ljava/lang/Class; (7 bytes) @ 0xa7329600 [0xa7329520+0xe0]
v  ~StubRoutines::call_stub
V  [libjvm.so+0x51faad]
V  [libjvm.so+0x746985]
V  [libjvm.so+0x51d586]
V  [libjvm.so+0x51dafb]
V  [libjvm.so+0x853e83]
V  [libjvm.so+0x8528ff]
V  [libjvm.so+0x852ff5]
V  [libjvm.so+0x31a642]
V  [libjvm.so+0x84d519]
V  [libjvm.so+0x55c01a]
V  [libjvm.so+0x55d4bc]  JVM_DefineClassWithSource+0x9c
C  [libjava.so+0xb357]  Java_java_lang_ClassLoader_defineClass1+0x1a7
J 706  java.lang.ClassLoader.defineClass1(Ljava/lang/String;[BIILjava/security/ProtectionDomain;Ljava/lang/String;)Ljava/lang/Class; (0 bytes) @ 0xa73f540b [0xa73f5320+0xeb]
J 703 C1 java.lang.ClassLoader.defineClass(Ljava/lang/String;[BIILjava/security/ProtectionDomain;)Ljava/lang/Class; (43 bytes) @ 0xa73efbd4 [0xa73ef720+0x4b4]
J 662 C1 java.net.URLClassLoader.defineClass(Ljava/lang/String;Lsun/misc/Resource;)Ljava/lang/Class; (142 bytes) @ 0xa73d1738 [0xa73d0060+0x16d8]
J 493 C1 java.net.URLClassLoader$1.run()Ljava/lang/Class; (63 bytes) @ 0xa73717f8 [0xa73715c0+0x238]
J 336 C1 java.net.URLClassLoader$1.run()Ljava/lang/Object; (5 bytes) @ 0xa732abd0 [0xa732ab60+0x70]
v  ~StubRoutines::call_stub
V  [libjvm.so+0x51faad]
V  [libjvm.so+0x746985]
V  [libjvm.so+0x51ebea]
V  [libjvm.so+0x56b9c4]  JVM_DoPrivileged+0x434
C  [libjava.so+0x9e15]  Java_java_security_AccessController_doPrivileged__Ljava_security_PrivilegedExceptionAction_2Ljava_security_AccessControlContext_2+0x25
J 183  java.security.AccessController.doPrivileged(Ljava/security/PrivilegedExceptionAction;Ljava/security/AccessControlContext;)Ljava/lang/Object; (0 bytes) @ 0xa72c44cc [0xa72c4420+0xac]
J 462 C1 java.net.URLClassLoader.findClass(Ljava/lang/String;)Ljava/lang/Class; (47 bytes) @ 0xa735f7b4 [0xa735f680+0x134]
J 330 C1 org.codehaus.groovy.tools.RootLoader.loadClass(Ljava/lang/String;Z)Ljava/lang/Class; (65 bytes) @ 0xa7328d60 [0xa7328940+0x420]
J 331 C1 java.lang.ClassLoader.loadClass(Ljava/lang/String;)Ljava/lang/Class; (7 bytes) @ 0xa7329600 [0xa7329520+0xe0]
v  ~StubRoutines::call_stub
V  [libjvm.so+0x51faad]
V  [libjvm.so+0x746985]
V  [libjvm.so+0x51d586]
V  [libjvm.so+0x51dafb]
V  [libjvm.so+0x853e83]
V  [libjvm.so+0x8528ff]
V  [libjvm.so+0x854906]
V  [libjvm.so+0x39b0be]
...<more frames>...

Java frames: (J=compiled Java code, j=interpreted, Vv=VM code)
J 706  java.lang.ClassLoader.defineClass1(Ljava/lang/String;[BIILjava/security/ProtectionDomain;Ljava/lang/String;)Ljava/lang/Class; (0 bytes) @ 0xa73f53c7 [0xa73f5320+0xa7]
J 703 C1 java.lang.ClassLoader.defineClass(Ljava/lang/String;[BIILjava/security/ProtectionDomain;)Ljava/lang/Class; (43 bytes) @ 0xa73efbd4 [0xa73ef720+0x4b4]
J 662 C1 java.net.URLClassLoader.defineClass(Ljava/lang/String;Lsun/misc/Resource;)Ljava/lang/Class; (142 bytes) @ 0xa73d1738 [0xa73d0060+0x16d8]
J 493 C1 java.net.URLClassLoader$1.run()Ljava/lang/Class; (63 bytes) @ 0xa73717f8 [0xa73715c0+0x238]
J 336 C1 java.net.URLClassLoader$1.run()Ljava/lang/Object; (5 bytes) @ 0xa732abd0 [0xa732ab60+0x70]
v  ~StubRoutines::call_stub
J 183  java.security.AccessController.doPrivileged(Ljava/security/PrivilegedExceptionAction;Ljava/security/AccessControlContext;)Ljava/lang/Object; (0 bytes) @ 0xa72c4488 [0xa72c4420+0x68]
J 462 C1 java.net.URLClassLoader.findClass(Ljava/lang/String;)Ljava/lang/Class; (47 bytes) @ 0xa735f7b4 [0xa735f680+0x134]
J 330 C1 org.codehaus.groovy.tools.RootLoader.loadClass(Ljava/lang/String;Z)Ljava/lang/Class; (65 bytes) @ 0xa7328d60 [0xa7328940+0x420]
J 331 C1 java.lang.ClassLoader.loadClass(Ljava/lang/String;)Ljava/lang/Class; (7 bytes) @ 0xa7329600 [0xa7329520+0xe0]
v  ~StubRoutines::call_stub
J 706  java.lang.ClassLoader.defineClass1(Ljava/lang/String;[BIILjava/security/ProtectionDomain;Ljava/lang/String;)Ljava/lang/Class; (0 bytes) @ 0xa73f53c7 [0xa73f5320+0xa7]
J 703 C1 java.lang.ClassLoader.defineClass(Ljava/lang/String;[BIILjava/security/ProtectionDomain;)Ljava/lang/Class; (43 bytes) @ 0xa73efbd4 [0xa73ef720+0x4b4]
J 662 C1 java.net.URLClassLoader.defineClass(Ljava/lang/String;Lsun/misc/Resource;)Ljava/lang/Class; (142 bytes) @ 0xa73d1738 [0xa73d0060+0x16d8]
J 493 C1 java.net.URLClassLoader$1.run()Ljava/lang/Class; (63 bytes) @ 0xa73717f8 [0xa73715c0+0x238]
J 336 C1 java.net.URLClassLoader$1.run()Ljava/lang/Object; (5 bytes) @ 0xa732abd0 [0xa732ab60+0x70]
v  ~StubRoutines::call_stub
J 183  java.security.AccessController.doPrivileged(Ljava/security/PrivilegedExceptionAction;Ljava/security/AccessControlContext;)Ljava/lang/Object; (0 bytes) @ 0xa72c4488 [0xa72c4420+0x68]
J 462 C1 java.net.URLClassLoader.findClass(Ljava/lang/String;)Ljava/lang/Class; (47 bytes) @ 0xa735f7b4 [0xa735f680+0x134]
J 330 C1 org.codehaus.groovy.tools.RootLoader.loadClass(Ljava/lang/String;Z)Ljava/lang/Class; (65 bytes) @ 0xa7328d60 [0xa7328940+0x420]
J 331 C1 java.lang.ClassLoader.loadClass(Ljava/lang/String;)Ljava/lang/Class; (7 bytes) @ 0xa7329600 [0xa7329520+0xe0]
v  ~StubRoutines::call_stub
J 706  java.lang.ClassLoader.defineClass1(Ljava/lang/String;[BIILjava/security/ProtectionDomain;Ljava/lang/String;)Ljava/lang/Class; (0 bytes) @ 0xa73f53c7 [0xa73f5320+0xa7]
J 703 C1 java.lang.ClassLoader.defineClass(Ljava/lang/String;[BIILjava/security/ProtectionDomain;)Ljava/lang/Class; (43 bytes) @ 0xa73efbd4 [0xa73ef720+0x4b4]
J 662 C1 java.net.URLClassLoader.defineClass(Ljava/lang/String;Lsun/misc/Resource;)Ljava/lang/Class; (142 bytes) @ 0xa73d1738 [0xa73d0060+0x16d8]
J 493 C1 java.net.URLClassLoader$1.run()Ljava/lang/Class; (63 bytes) @ 0xa73717f8 [0xa73715c0+0x238]
J 336 C1 java.net.URLClassLoader$1.run()Ljava/lang/Object; (5 bytes) @ 0xa732abd0 [0xa732ab60+0x70]
v  ~StubRoutines::call_stub
J 183  java.security.AccessController.doPrivileged(Ljava/security/PrivilegedExceptionAction;Ljava/security/AccessControlContext;)Ljava/lang/Object; (0 bytes) @ 0xa72c4488 [0xa72c4420+0x68]
J 462 C1 java.net.URLClassLoader.findClass(Ljava/lang/String;)Ljava/lang/Class; (47 bytes) @ 0xa735f7b4 [0xa735f680+0x134]
J 330 C1 org.codehaus.groovy.tools.RootLoader.loadClass(Ljava/lang/String;Z)Ljava/lang/Class; (65 bytes) @ 0xa7328d60 [0xa7328940+0x420]
J 331 C1 java.lang.ClassLoader.loadClass(Ljava/lang/String;)Ljava/lang/Class; (7 bytes) @ 0xa7329600 [0xa7329520+0xe0]
v  ~StubRoutines::call_stub
j  org.glassfish.jersey.message.internal.MessagingBinders$MessageBodyProviders.configure()V+78
j  org.glassfish.hk2.utilities.binding.AbstractBinder.bind(Lorg/glassfish/hk2/api/DynamicConfiguration;)V+37
j  org.glassfish.hk2.utilities.binding.AbstractBinder.install([Lorg/glassfish/hk2/utilities/Binder;)V+23
j  org.glassfish.jersey.server.ServerBinder.configure()V+237
j  org.glassfish.hk2.utilities.binding.AbstractBinder.bind(Lorg/glassfish/hk2/api/DynamicConfiguration;)V+37
j  org.glassfish.jersey.internal.inject.Injections.bind(Lorg/glassfish/hk2/api/ServiceLocator;Lorg/glassfish/hk2/utilities/Binder;)V+33
j  org.glassfish.jersey.internal.inject.Injections._createLocator(Ljava/lang/String;Lorg/glassfish/hk2/api/ServiceLocator;[Lorg/glassfish/hk2/utilities/Binder;)Lorg/glassfish/hk2/api/ServiceLocator;+44
j  org.glassfish.jersey.internal.inject.Injections.createLocator([Lorg/glassfish/hk2/utilities/Binder;)Lorg/glassfish/hk2/api/ServiceLocator;+3
j  org.glassfish.jersey.server.ApplicationHandler.<init>(Ljavax/ws/rs/core/Application;)V+31
j  org.glassfish.jersey.server.ContainerFactory.createContainer(Ljava/lang/Class;Ljavax/ws/rs/core/Application;)Ljava/lang/Object;+5
j  org.glassfish.jersey.jdkhttp.JdkHttpServerFactory.createHttpServer(Ljava/net/URI;Lorg/glassfish/jersey/server/ResourceConfig;)Lcom/sun/net/httpserver/HttpServer;+4
j  org.glassfish.jersey.jdkhttp.JdkHttpServerFactory$createHttpServer.call(Ljava/lang/Object;[Ljava/lang/Object;)Ljava/lang/Object;+21
j  org.codehaus.groovy.runtime.callsite.CallSiteArray.defaultCall(Lorg/codehaus/groovy/runtime/callsite/CallSite;Ljava/lang/Object;[Ljava/lang/Object;)Ljava/lang/Object;+8
j  org.codehaus.groovy.runtime.callsite.AbstractCallSite.call(Ljava/lang/Object;[Ljava/lang/Object;)Ljava/lang/Object;+3
j  org.codehaus.groovy.runtime.callsite.AbstractCallSite.call(Ljava/lang/Object;Ljava/lang/Object;Ljava/lang/Object;)Ljava/lang/Object;+38
j  HttpCsvGraphMoveNodeUp.main([Ljava/lang/String;)V+410
v  ~StubRoutines::call_stub
j  sun.reflect.NativeMethodAccessorImpl.invoke0(Ljava/lang/reflect/Method;Ljava/lang/Object;[Ljava/lang/Object;)Ljava/lang/Object;+0
j  sun.reflect.NativeMethodAccessorImpl.invoke(Ljava/lang/Object;[Ljava/lang/Object;)Ljava/lang/Object;+100
j  sun.reflect.DelegatingMethodAccessorImpl.invoke(Ljava/lang/Object;[Ljava/lang/Object;)Ljava/lang/Object;+6
j  java.lang.reflect.Method.invoke(Ljava/lang/Object;[Ljava/lang/Object;)Ljava/lang/Object;+56
j  org.codehaus.groovy.reflection.CachedMethod.invoke(Ljava/lang/Object;[Ljava/lang/Object;)Ljava/lang/Object;+6
j  groovy.lang.MetaMethod.doMethodInvoke(Ljava/lang/Object;[Ljava/lang/Object;)Ljava/lang/Object;+9
j  groovy.lang.MetaClassImpl.invokeStaticMethod(Ljava/lang/Object;Ljava/lang/String;[Ljava/lang/Object;)Ljava/lang/Object;+103
j  org.codehaus.groovy.runtime.InvokerHelper.invokeMethod(Ljava/lang/Object;Ljava/lang/String;Ljava/lang/Object;)Ljava/lang/Object;+39
j  groovy.lang.GroovyShell.runScriptOrMainOrTestOrRunnable(Ljava/lang/Class;[Ljava/lang/String;)Ljava/lang/Object;+138
j  groovy.lang.GroovyShell.run(Lgroovy/lang/GroovyCodeSource;[Ljava/lang/String;)Ljava/lang/Object;+9
j  groovy.lang.GroovyShell.run(Lgroovy/lang/GroovyCodeSource;Ljava/util/List;)Ljava/lang/Object;+23
j  groovy.ui.GroovyMain.processOnce()V+33
j  groovy.ui.GroovyMain.run()Z+29
j  groovy.ui.GroovyMain.process(Lgroovyjarjarcommonscli/CommandLine;)Z+602
j  groovy.ui.GroovyMain.processArgs([Ljava/lang/String;Ljava/io/PrintStream;)V+108
j  groovy.ui.GroovyMain.main([Ljava/lang/String;)V+4
v  ~StubRoutines::call_stub
j  sun.reflect.NativeMethodAccessorImpl.invoke0(Ljava/lang/reflect/Method;Ljava/lang/Object;[Ljava/lang/Object;)Ljava/lang/Object;+0
j  sun.reflect.NativeMethodAccessorImpl.invoke(Ljava/lang/Object;[Ljava/lang/Object;)Ljava/lang/Object;+100
j  sun.reflect.DelegatingMethodAccessorImpl.invoke(Ljava/lang/Object;[Ljava/lang/Object;)Ljava/lang/Object;+6
j  java.lang.reflect.Method.invoke(Ljava/lang/Object;[Ljava/lang/Object;)Ljava/lang/Object;+56
j  org.codehaus.groovy.tools.GroovyStarter.rootLoader([Ljava/lang/String;)V+391
j  org.codehaus.groovy.tools.GroovyStarter.main([Ljava/lang/String;)V+1
v  ~StubRoutines::call_stub

---------------  P R O C E S S  ---------------

Java Threads: ( => current thread )
  0x637aa800 JavaThread "Service Thread" daemon [_thread_blocked, id=22776, stack(0x630db000,0x6312c000)]
  0x637a7400 JavaThread "C1 CompilerThread2" daemon [_thread_blocked, id=22767, stack(0x6312c000,0x631ad000)]
  0x637a5c00 JavaThread "C2 CompilerThread1" daemon [_thread_blocked, id=22754, stack(0x631ad000,0x6322e000)]
  0x637a3c00 JavaThread "C2 CompilerThread0" daemon [_thread_blocked, id=22746, stack(0x6322e000,0x632af000)]
  0x637a2400 JavaThread "Signal Dispatcher" daemon [_thread_blocked, id=22735, stack(0x632af000,0x63300000)]
  0x63788800 JavaThread "Finalizer" daemon [_thread_blocked, id=22650, stack(0x63813000,0x63864000)]
  0x63785c00 JavaThread "Reference Handler" daemon [_thread_blocked, id=22639, stack(0x6642e000,0x6647f000)]
=>0xb6207800 JavaThread "main" [_thread_in_vm, id=22499, stack(0xb636d000,0xb63be000)]

Other Threads:
  0x63781000 VMThread [stack: 0x63864000,0x638e5000] [id=22618]
  0x637ac000 WatcherThread [stack: 0x6305a000,0x630db000] [id=22784]

VM state:not at safepoint (normal execution)

VM Mutex/Monitor currently owned by a thread: None

Heap:
 PSYoungGen      total 37632K, used 7291K [0x918c0000, 0x942c0000, 0xa6e00000)
  eden space 33024K, 9% used [0x918c0000,0x91bf5c80,0x93900000)
  from space 4608K, 86% used [0x93dc0000,0x941a90c0,0x94240000)
  to   space 4864K, 0% used [0x93900000,0x93900000,0x93dc0000)
 ParOldGen       total 43776K, used 5102K [0x66e00000, 0x698c0000, 0x918c0000)
  object space 43776K, 11% used [0x66e00000,0x672fb8b8,0x698c0000)
 Metaspace       used 9671K, capacity 9745K, committed 9752K, reserved 10544K

Card table byte_map: [0x66bff000,0x66e00000] byte_map_base: 0x668c8000

Marking Bits: (ParMarkBitMap*) 0xb70e3880
 Begin Bits: [0x64300000, 0x65300000)
 End Bits:   [0x65300000, 0x66300000)

Polling page: 0xb76f0000

CodeCache: size=245760Kb used=4724Kb max_used=4725Kb free=241035Kb
 bounds [0xa71d2000, 0xa767a000, 0xb61d2000]
 total_blobs=1753 nmethods=1333 adapters=334
 compilation: enabled

Compilation events (10 events):
Event: 103.420 Thread 0x637a7400 1461       3       java.util.LinkedHashMap$LinkedKeySet::iterator (12 bytes)
Event: 103.421 Thread 0x637a7400 nmethod 1461 0xa766a1c8 code [0xa766a300, 0xa766a540]
Event: 103.424 Thread 0x637a7400 1462       3       java.util.HashMap::entrySet (27 bytes)
Event: 103.424 Thread 0x637a7400 nmethod 1462 0xa766c388 code [0xa766c4c0, 0xa766c760]
Event: 103.554 Thread 0x637a7400 1463       3       java.util.HashMap$EntrySet::iterator (12 bytes)
Event: 103.554 Thread 0x637a7400 nmethod 1463 0xa766bfc8 code [0xa766c100, 0xa766c2ac]
Event: 103.555 Thread 0x637a7400 1464       3       java.util.HashSet::<init> (18 bytes)
Event: 103.555 Thread 0x637a7400 nmethod 1464 0xa766ba48 code [0xa766bb80, 0xa766be0c]
Event: 103.871 Thread 0x637a7400 1465       3       java.util.LinkedHashSet::<init> (10 bytes)
Event: 103.872 Thread 0x637a7400 nmethod 1465 0xa7671508 code [0xa7671680, 0xa767196c]

GC Heap History (10 events):
Event: 47.558 GC heap before
{Heap before GC invocations=2 (full 0):
 PSYoungGen      total 19200K, used 19198K [0x918c0000, 0x92e00000, 0xa6e00000)
  eden space 16640K, 100% used [0x918c0000,0x92900000,0x92900000)
  from space 2560K, 99% used [0x92900000,0x92b7f978,0x92b80000)
  to   space 2560K, 0% used [0x92b80000,0x92b80000,0x92e00000)
 ParOldGen       total 43776K, used 142K [0x66e00000, 0x698c0000, 0x918c0000)
  object space 43776K, 0% used [0x66e00000,0x66e23970,0x698c0000)
 Metaspace       used 6100K, capacity 6154K, committed 6168K, reserved 6448K
Event: 47.586 GC heap after
Heap after GC invocations=2 (full 0):
 PSYoungGen      total 19200K, used 2555K [0x918c0000, 0x92e00000, 0xa6e00000)
  eden space 16640K, 0% used [0x918c0000,0x918c0000,0x92900000)
  from space 2560K, 99% used [0x92b80000,0x92dfed28,0x92e00000)
  to   space 2560K, 0% used [0x92900000,0x92900000,0x92b80000)
 ParOldGen       total 43776K, used 1381K [0x66e00000, 0x698c0000, 0x918c0000)
  object space 43776K, 3% used [0x66e00000,0x66f595e8,0x698c0000)
 Metaspace       used 6100K, capacity 6154K, committed 6168K, reserved 6448K
}
Event: 62.717 GC heap before
{Heap before GC invocations=3 (full 0):
 PSYoungGen      total 19200K, used 19195K [0x918c0000, 0x92e00000, 0xa6e00000)
  eden space 16640K, 100% used [0x918c0000,0x92900000,0x92900000)
  from space 2560K, 99% used [0x92b80000,0x92dfed28,0x92e00000)
  to   space 2560K, 0% used [0x92900000,0x92900000,0x92b80000)
 ParOldGen       total 43776K, used 1381K [0x66e00000, 0x698c0000, 0x918c0000)
  object space 43776K, 3% used [0x66e00000,0x66f595e8,0x698c0000)
 Metaspace       used 6805K, capacity 6860K, committed 6936K, reserved 7472K
Event: 62.732 GC heap after
Heap after GC invocations=3 (full 0):
 PSYoungGen      total 19200K, used 2555K [0x918c0000, 0x92e00000, 0xa6e00000)
  eden space 16640K, 0% used [0x918c0000,0x918c0000,0x92900000)
  from space 2560K, 99% used [0x92900000,0x92b7ed68,0x92b80000)
  to   space 2560K, 0% used [0x92b80000,0x92b80000,0x92e00000)
 ParOldGen       total 43776K, used 2199K [0x66e00000, 0x698c0000, 0x918c0000)
  object space 43776K, 5% used [0x66e00000,0x67025cc0,0x698c0000)
 Metaspace       used 6805K, capacity 6860K, committed 6936K, reserved 7472K
}
Event: 75.176 GC heap before
{Heap before GC invocations=4 (full 0):
 PSYoungGen      total 19200K, used 19195K [0x918c0000, 0x92e00000, 0xa6e00000)
  eden space 16640K, 100% used [0x918c0000,0x92900000,0x92900000)
  from space 2560K, 99% used [0x92900000,0x92b7ed68,0x92b80000)
  to   space 2560K, 0% used [0x92b80000,0x92b80000,0x92e00000)
 ParOldGen       total 43776K, used 2199K [0x66e00000, 0x698c0000, 0x918c0000)
  object space 43776K, 5% used [0x66e00000,0x67025cc0,0x698c0000)
 Metaspace       used 7557K, capacity 7599K, committed 7704K, reserved 8496K
Event: 75.233 GC heap after
Heap after GC invocations=4 (full 0):
 PSYoungGen      total 19200K, used 2547K [0x918c0000, 0x92e00000, 0xa6e00000)
  eden space 16640K, 0% used [0x918c0000,0x918c0000,0x92900000)
  from space 2560K, 99% used [0x92b80000,0x92dfcd38,0x92e00000)
  to   space 2560K, 0% used [0x92900000,0x92900000,0x92b80000)
 ParOldGen       total 43776K, used 3355K [0x66e00000, 0x698c0000, 0x918c0000)
  object space 43776K, 7% used [0x66e00000,0x67146ef8,0x698c0000)
 Metaspace       used 7557K, capacity 7599K, committed 7704K, reserved 8496K
}
Event: 92.037 GC heap before
{Heap before GC invocations=5 (full 0):
 PSYoungGen      total 19200K, used 19187K [0x918c0000, 0x92e00000, 0xa6e00000)
  eden space 16640K, 100% used [0x918c0000,0x92900000,0x92900000)
  from space 2560K, 99% used [0x92b80000,0x92dfcd38,0x92e00000)
  to   space 2560K, 0% used [0x92900000,0x92900000,0x92b80000)
 ParOldGen       total 43776K, used 3355K [0x66e00000, 0x698c0000, 0x918c0000)
  object space 43776K, 7% used [0x66e00000,0x67146ef8,0x698c0000)
 Metaspace       used 8728K, capacity 8813K, committed 8856K, reserved 9520K
Event: 92.863 GC heap after
Heap after GC invocations=5 (full 0):
 PSYoungGen      total 19200K, used 2551K [0x918c0000, 0x94240000, 0xa6e00000)
  eden space 16640K, 0% used [0x918c0000,0x918c0000,0x92900000)
  from space 2560K, 99% used [0x92900000,0x92b7ddd0,0x92b80000)
  to   space 4608K, 0% used [0x93dc0000,0x93dc0000,0x94240000)
 ParOldGen       total 43776K, used 5098K [0x66e00000, 0x698c0000, 0x918c0000)
  object space 43776K, 11% used [0x66e00000,0x672fa8b8,0x698c0000)
 Metaspace       used 8728K, capacity 8813K, committed 8856K, reserved 9520K
}
Event: 102.753 GC heap before
{Heap before GC invocations=6 (full 0):
 PSYoungGen      total 19200K, used 19175K [0x918c0000, 0x94240000, 0xa6e00000)
  eden space 16640K, 99% used [0x918c0000,0x928fbe58,0x92900000)
  from space 2560K, 99% used [0x92900000,0x92b7ddd0,0x92b80000)
  to   space 4608K, 0% used [0x93dc0000,0x93dc0000,0x94240000)
 ParOldGen       total 43776K, used 5098K [0x66e00000, 0x698c0000, 0x918c0000)
  object space 43776K, 11% used [0x66e00000,0x672fa8b8,0x698c0000)
 Metaspace       used 9567K, capacity 9649K, committed 9752K, reserved 10544K
Event: 102.798 GC heap after
Heap after GC invocations=6 (full 0):
 PSYoungGen      total 37632K, used 4004K [0x918c0000, 0x942c0000, 0xa6e00000)
  eden space 33024K, 0% used [0x918c0000,0x918c0000,0x93900000)
  from space 4608K, 86% used [0x93dc0000,0x941a90c0,0x94240000)
  to   space 4864K, 0% used [0x93900000,0x93900000,0x93dc0000)
 ParOldGen       total 43776K, used 5102K [0x66e00000, 0x698c0000, 0x918c0000)
  object space 43776K, 11% used [0x66e00000,0x672fb8b8,0x698c0000)
 Metaspace       used 9567K, capacity 9649K, committed 9752K, reserved 10544K
}

Deoptimization events (10 events):
Event: 56.852 Thread 0xb6207800 Uncommon trap: reason=unstable_if action=reinterpret pc=0xa7334844 method=java.lang.String.startsWith(Ljava/lang/String;I)Z @ 25
Event: 56.869 Thread 0xb6207800 Uncommon trap: reason=range_check action=make_not_entrant pc=0xa73f20c4 method=sun.reflect.generics.parser.SignatureParser.current()C @ 34
Event: 71.502 Thread 0xb6207800 Uncommon trap: reason=unstable_if action=reinterpret pc=0xa74a30b4 method=java.util.HashMap.hash(Ljava/lang/Object;)I @ 1
Event: 89.952 Thread 0xb6207800 Uncommon trap: reason=unstable_if action=reinterpret pc=0xa728daf4 method=java.net.URI.match(CJJ)Z @ 45
Event: 98.801 Thread 0xb6207800 Uncommon trap: reason=unstable_if action=reinterpret pc=0xa72786c4 method=java.util.HashMap.getNode(ILjava/lang/Object;)Ljava/util/HashMap$Node; @ 129
Event: 98.801 Thread 0xb6207800 Uncommon trap: reason=class_check action=maybe_recompile pc=0xa750fed8 method=java.util.HashMap.putVal(ILjava/lang/Object;Ljava/lang/Object;ZZ)Ljava/lang/Object; @ 203
Event: 101.019 Thread 0xb6207800 Uncommon trap: reason=class_check action=maybe_recompile pc=0xa750fed8 method=java.util.HashMap.putVal(ILjava/lang/Object;Ljava/lang/Object;ZZ)Ljava/lang/Object; @ 203
Event: 101.525 Thread 0xb6207800 Uncommon trap: reason=class_check action=maybe_recompile pc=0xa750fed8 method=java.util.HashMap.putVal(ILjava/lang/Object;Ljava/lang/Object;ZZ)Ljava/lang/Object; @ 203
Event: 101.525 Thread 0xb6207800 Uncommon trap: reason=class_check action=maybe_recompile pc=0xa750fed8 method=java.util.HashMap.putVal(ILjava/lang/Object;Ljava/lang/Object;ZZ)Ljava/lang/Object; @ 203
Event: 101.525 Thread 0xb6207800 Uncommon trap: reason=class_check action=maybe_recompile pc=0xa750d530 method=java.util.HashMap.putVal(ILjava/lang/Object;Ljava/lang/Object;ZZ)Ljava/lang/Object; @ 203

Internal exceptions (10 events):
Event: 88.753 Thread 0xb6207800 Exception <a 'java/lang/ClassNotFoundException': java/lang/StringBeanInfo> (0x925bb648) thrown at [/build/openjdk-8-Y4imzb/openjdk-8-8u151-b12/src/hotspot/src/share/vm/classfile/systemDictionary.cpp, line 210]
Event: 88.755 Thread 0xb6207800 Exception <a 'java/lang/ClassNotFoundException': java/lang/StringCustomizer> (0x925dbb90) thrown at [/build/openjdk-8-Y4imzb/openjdk-8-8u151-b12/src/hotspot/src/share/vm/classfile/systemDictionary.cpp, line 210]
Event: 89.646 Thread 0xb6207800 Exception <a 'java/lang/ClassNotFoundException': java/net/URIBeanInfo> (0x92644f20) thrown at [/build/openjdk-8-Y4imzb/openjdk-8-8u151-b12/src/hotspot/src/share/vm/classfile/systemDictionary.cpp, line 210]
Event: 89.648 Thread 0xb6207800 Exception <a 'java/lang/ClassNotFoundException': java/net/URICustomizer> (0x926629c8) thrown at [/build/openjdk-8-Y4imzb/openjdk-8-8u151-b12/src/hotspot/src/share/vm/classfile/systemDictionary.cpp, line 210]
Event: 90.865 Thread 0xb6207800 Exception <a 'java/lang/ClassNotFoundException': org/glassfish/jersey/server/ResourceConfigBeanInfo> (0x927a5210) thrown at [/build/openjdk-8-Y4imzb/openjdk-8-8u151-b12/src/hotspot/src/share/vm/classfile/systemDictionary.cpp, line 210]
Event: 91.083 Thread 0xb6207800 Exception <a 'java/lang/ClassNotFoundException': javax/ws/rs/core/ApplicationBeanInfo> (0x927dacb0) thrown at [/build/openjdk-8-Y4imzb/openjdk-8-8u151-b12/src/hotspot/src/share/vm/classfile/systemDictionary.cpp, line 210]
Event: 91.086 Thread 0xb6207800 Exception <a 'java/lang/ClassNotFoundException': javax/ws/rs/core/ApplicationCustomizer> (0x92812688) thrown at [/build/openjdk-8-Y4imzb/openjdk-8-8u151-b12/src/hotspot/src/share/vm/classfile/systemDictionary.cpp, line 210]
Event: 91.247 Thread 0xb6207800 Exception <a 'java/lang/ClassNotFoundException': org/glassfish/jersey/server/ResourceConfigCustomizer> (0x9285def8) thrown at [/build/openjdk-8-Y4imzb/openjdk-8-8u151-b12/src/hotspot/src/share/vm/classfile/systemDictionary.cpp, line 210]
Event: 94.564 Thread 0xb6207800 Exception <a 'java/lang/ClassNotFoundException': org/glassfish/jersey/jdkhttp/JdkHttpServerFactoryBeanInfo> (0x91d8a0e0) thrown at [/build/openjdk-8-Y4imzb/openjdk-8-8u151-b12/src/hotspot/src/share/vm/classfile/systemDictionary.cpp, line 210]
Event: 94.605 Thread 0xb6207800 Exception <a 'java/lang/ClassNotFoundException': org/glassfish/jersey/jdkhttp/JdkHttpServerFactoryCustomizer> (0x91dd61c0) thrown at [/build/openjdk-8-Y4imzb/openjdk-8-8u151-b12/src/hotspot/src/share/vm/classfile/systemDictionary.cpp, line 210]

Events (10 events):
Event: 101.525 Thread 0xb6207800 DEOPT PACKING pc=0xa750fed8 sp=0xb63bbf10
Event: 101.525 Thread 0xb6207800 DEOPT UNPACKING pc=0xa720cbd5 sp=0xb63bbea8 mode 2
Event: 101.525 Thread 0xb6207800 Uncommon trap: trap_request=0xffffffde fr.pc=0xa750fed8
Event: 101.525 Thread 0xb6207800 DEOPT PACKING pc=0xa750fed8 sp=0xb63bbf10
Event: 101.525 Thread 0xb6207800 DEOPT UNPACKING pc=0xa720cbd5 sp=0xb63bbea8 mode 2
Event: 101.525 Thread 0xb6207800 Uncommon trap: trap_request=0xffffffde fr.pc=0xa750d530
Event: 101.525 Thread 0xb6207800 DEOPT PACKING pc=0xa750d530 sp=0xb63bbeb0
Event: 101.525 Thread 0xb6207800 DEOPT UNPACKING pc=0xa720cbd5 sp=0xb63bbe94 mode 2
Event: 102.753 Executing VM operation: ParallelGCFailedAllocation
Event: 102.798 Executing VM operation: ParallelGCFailedAllocation done


Dynamic libraries:
08048000-08049000 r-xp 00000000 08:01 1693306    /usr/lib/jvm/java-8-openjdk-i386/jre/bin/java
08049000-0804a000 r--p 00000000 08:01 1693306    /usr/lib/jvm/java-8-openjdk-i386/jre/bin/java
0804a000-0804b000 rw-p 00001000 08:01 1693306    /usr/lib/jvm/java-8-openjdk-i386/jre/bin/java
082bb000-082dc000 rw-p 00000000 00:00 0          [heap]
61000000-61100000 rw-p 00000000 00:00 0 
61100000-611f3000 rw-p 00000000 00:00 0 
611f3000-61200000 ---p 00000000 00:00 0 
61300000-61340000 rw-p 00000000 00:00 0 
61360000-61400000 ---p 00000000 00:00 0 
61400000-61500000 rw-p 00000000 00:00 0 
61500000-615f3000 rw-p 00000000 00:00 0 
615f3000-61600000 ---p 00000000 00:00 0 
61600000-61652000 rw-p 00000000 00:00 0 
61652000-61700000 ---p 00000000 00:00 0 
61700000-617e9000 rw-p 00000000 00:00 0 
617e9000-61800000 ---p 00000000 00:00 0 
61800000-618fe000 rw-p 00000000 00:00 0 
618fe000-61900000 ---p 00000000 00:00 0 
61900000-619fb000 rw-p 00000000 00:00 0 
619fb000-61a00000 ---p 00000000 00:00 0 
61a00000-61b00000 rw-p 00000000 00:00 0 
61b00000-61be9000 rw-p 00000000 00:00 0 
61be9000-61c00000 ---p 00000000 00:00 0 
61c00000-61d00000 rw-p 00000000 00:00 0 
61d00000-61e00000 rw-p 00000000 00:00 0 
61e00000-61f00000 rw-p 00000000 00:00 0 
61f00000-61fe4000 rw-p 00000000 00:00 0 
61fe4000-62000000 ---p 00000000 00:00 0 
62000000-620f3000 rw-p 00000000 00:00 0 
620f3000-62100000 ---p 00000000 00:00 0 
62100000-62200000 rw-p 00000000 00:00 0 
62200000-622fd000 rw-p 00000000 00:00 0 
622fd000-62300000 ---p 00000000 00:00 0 
62300000-62400000 rw-p 00000000 00:00 0 
62400000-624f9000 rw-p 00000000 00:00 0 
624f9000-62500000 ---p 00000000 00:00 0 
62500000-62600000 rw-p 00000000 00:00 0 
62607000-6261a000 r--s 00346000 08:01 1693287    /usr/lib/jvm/java-8-openjdk-i386/jre/lib/resources.jar
6261a000-62693000 r--s 010fe000 08:01 1694179    /usr/lib/jvm/java-8-openjdk-i386/lib/tools.jar
62693000-62696000 r--s 00023000 08:01 2478896    /home/sarnobat/github/groovy_libraries/.groovy/lib/maven-shared-utils-0.1.jar
62696000-62699000 r--s 0000b000 08:01 2478399    /home/sarnobat/github/groovy_libraries/.groovy/lib/concurrentlinkedhashmap-lru-1.3.1.jar
62699000-626a0000 r--s 0005b000 08:01 2478897    /home/sarnobat/github/groovy_libraries/.groovy/lib/mongo-java-driver-2.10.1.jar
626a0000-626a2000 r--s 0000c000 08:01 2478389    /home/sarnobat/github/groovy_libraries/.groovy/lib/commons-exec-1.3.jar
626a2000-626a3000 r--s 0000a000 08:01 2478397    /home/sarnobat/github/groovy_libraries/.groovy/lib/commons-logging-api-1.1.jar
626a3000-626a5000 r--s 00008000 08:01 2478930    /home/sarnobat/github/groovy_libraries/.groovy/lib/vget-1.1.5.jar
626a5000-626a6000 r--s 00004000 08:01 2478901    /home/sarnobat/github/groovy_libraries/.groovy/lib/opencsv-2.3.jar
626a6000-626b4000 r--s 000ad000 08:01 2478846    /home/sarnobat/github/groovy_libraries/.groovy/lib/jackson-mapper-asl-1.9.2.jar
626b4000-626c1000 r--s 000a2000 08:01 2478391    /home/sarnobat/github/groovy_libraries/.groovy/lib/commons-imaging-1.0-R1480221.jar
626c1000-626c3000 r--s 00000000 08:01 2478907    /home/sarnobat/github/groovy_libraries/.groovy/lib/plexus-component-annotations-1.5.5.jar
626c3000-626c7000 r--s 0000c000 08:01 2478929    /home/sarnobat/github/groovy_libraries/.groovy/lib/validation-api-1.1.0.Final.jar
626c7000-626c9000 r--s 00005000 08:01 2478924    /home/sarnobat/github/groovy_libraries/.groovy/lib/slf4j-api-1.7.5.jar
626c9000-626ce000 r--s 0002a000 08:01 2478419    /home/sarnobat/github/groovy_libraries/.groovy/lib/gson-2.2.4.jar
626ce000-626db000 r--s 00082000 08:01 2478856    /home/sarnobat/github/groovy_libraries/.groovy/lib/jersey-common-2.0.jar
626db000-62700000 r--s 002e3000 08:01 2478932    /home/sarnobat/github/groovy_libraries/.groovy/lib/xalan-2.7.1.jar
62700000-627f9000 rw-p 00000000 00:00 0 
627f9000-62800000 ---p 00000000 00:00 0 
62800000-628fa000 rw-p 00000000 00:00 0 
628fa000-62900000 ---p 00000000 00:00 0 
62900000-62901000 r--s 00002000 08:01 2478875    /home/sarnobat/github/groovy_libraries/.groovy/lib/jsch.agentproxy.connector-factory-0.0.6.jar
62901000-62903000 r--s 0000d000 08:01 2478912    /home/sarnobat/github/groovy_libraries/.groovy/lib/plexus-interpolation-1.13.jar
62903000-62906000 r--s 0001b000 08:01 2478888    /home/sarnobat/github/groovy_libraries/.groovy/lib/junit-3.8.2.jar
62906000-62907000 r--s 00001000 08:01 2478400    /home/sarnobat/github/groovy_libraries/.groovy/lib/doxia-sink-api-1.0-alpha-7.jar
62907000-62909000 r--s 00011000 08:01 2478873    /home/sarnobat/github/groovy_libraries/.groovy/lib/jsch-extension-0.1.3.jar
62909000-62938000 r--s 0028b000 08:01 2478865    /home/sarnobat/github/groovy_libraries/.groovy/lib/jetty-all-9.2.21.v20170120.jar
62938000-6293c000 r--s 00040000 08:01 2478871    /home/sarnobat/github/groovy_libraries/.groovy/lib/jsch-0.1.53-sources.jar
6293c000-6293f000 r--s 00023000 08:01 2478853    /home/sarnobat/github/groovy_libraries/.groovy/lib/jdom-1.0.jar
6293f000-62940000 r--s 00003000 08:01 2478407    /home/sarnobat/github/groovy_libraries/.groovy/lib/geronimo-jta_1.1_spec-1.1.1.jar
62940000-62941000 r--s 00003000 08:01 2478857    /home/sarnobat/github/groovy_libraries/.groovy/lib/jersey-container-jdk-http-2.0.jar
62941000-62945000 r--s 0003b000 08:01 2478870    /home/sarnobat/github/groovy_libraries/.groovy/lib/jsch-0.1.50.jar.disabled
62945000-62949000 r--s 00032000 08:01 2478915    /home/sarnobat/github/groovy_libraries/.groovy/lib/rome-1.0.jar
62949000-62954000 r--s 00068000 08:01 2478859    /home/sarnobat/github/groovy_libraries/.groovy/lib/jersey-core-1.17.1.jar
62954000-62956000 r--s 0000d000 08:01 2479615    /home/sarnobat/github/groovy_libraries/.groovy/lib/commons-codec-1.4.jar
62956000-62957000 r--s 00007000 08:01 2478923    /home/sarnobat/github/groovy_libraries/.groovy/lib/slf4j-api-1.7.12.jar
62957000-62959000 r--s 0000a000 08:01 2478931    /home/sarnobat/github/groovy_libraries/.groovy/lib/wget-1.2.9.jar
62959000-62968000 r--s 00095000 08:01 2478927    /home/sarnobat/github/groovy_libraries/.groovy/lib/sshd-core-0.14.0.jar
62968000-62969000 r--s 00001000 08:01 2478881    /home/sarnobat/github/groovy_libraries/.groovy/lib/jsch.agentproxy.usocket-jna-0.0.6.jar
62969000-6296b000 r--s 00000000 08:01 2478877    /home/sarnobat/github/groovy_libraries/.groovy/lib/jsch.agentproxy.jsch-0.0.6.jar
6296b000-6296f000 r--s 0001d000 08:01 2478933    /home/sarnobat/github/groovy_libraries/.groovy/lib/xbean-reflect-3.4.jar
6296f000-62974000 r--s 00047000 08:01 2478381    /home/sarnobat/github/groovy_libraries/.groovy/lib/asm-all-repackaged-2.1.88.jar
62974000-62976000 r--s 00000000 08:01 2478906    /home/sarnobat/github/groovy_libraries/.groovy/lib/plexus-compiler-manager-2.0.jar
62976000-62978000 r--s 00002000 08:01 2478895    /home/sarnobat/github/groovy_libraries/.groovy/lib/maven-shared-incremental-1.0.jar
62978000-6297a000 r--s 00001000 08:01 2478876    /home/sarnobat/github/groovy_libraries/.groovy/lib/jsch.agentproxy.core-0.0.6.jar
6297a000-6297c000 r--s 00282000 08:01 2478919    /home/sarnobat/github/groovy_libraries/.groovy/lib/selenium-firefox-driver-2.45.0.jar
6297c000-6297e000 r--s 00005000 08:01 2478847    /home/sarnobat/github/groovy_libraries/.groovy/lib/javax.annotation-api-1.2.jar
6297e000-6297f000 r--s 00001000 08:01 2478878    /home/sarnobat/github/groovy_libraries/.groovy/lib/jsch.agentproxy.pageant-0.0.6.jar
6297f000-62981000 r--s 00000000 08:01 2478879    /home/sarnobat/github/groovy_libraries/.groovy/lib/jsch.agentproxy.sshagent-0.0.6.jar
62981000-62983000 r--s 0000d000 08:01 2478416    /home/sarnobat/github/groovy_libraries/.groovy/lib/google-oauth-client-1.17.0-rc.jar
62983000-62987000 r--s 00025000 08:01 2478408    /home/sarnobat/github/groovy_libraries/.groovy/lib/google-api-client-1.17.0-rc.jar
62987000-62988000 r--s 00001000 08:01 2478903    /home/sarnobat/github/groovy_libraries/.groovy/lib/plexus-build-api-0.0.4.jar
62988000-6298b000 r--s 0001b000 08:01 2478887    /home/sarnobat/github/groovy_libraries/.groovy/lib/junit-3.8.1.jar
6298b000-6298f000 r--s 00019000 08:01 2478855    /home/sarnobat/github/groovy_libraries/.groovy/lib/jersey-client-2.0.jar
6298f000-62991000 r--s 0000d000 08:01 2478874    /home/sarnobat/github/groovy_libraries/.groovy/lib/jsch-nio-0.1.5.jar
62991000-62997000 r--s 00033000 08:01 2478921    /home/sarnobat/github/groovy_libraries/.groovy/lib/selenium-remote-driver-2.45.0.jar
62997000-62a00000 r--s 003e4000 08:01 2478899    /home/sarnobat/github/groovy_libraries/.groovy/lib/neo4j-cypher-1.9.2.jar
62a00000-62aff000 rw-p 00000000 00:00 0 
62aff000-62b00000 ---p 00000000 00:00 0 
62b00000-62b04000 r--s 0002f000 08:01 2478845    /home/sarnobat/github/groovy_libraries/.groovy/lib/jackson-core-2.1.3.jar
62b04000-62b2d000 r--s 001ee000 08:01 2478420    /home/sarnobat/github/groovy_libraries/.groovy/lib/guava-14.0.1.jar
62b2d000-62b30000 r--s 00015000 08:01 2478409    /home/sarnobat/github/groovy_libraries/.groovy/lib/google-api-services-calendar-v3-rev72-1.17.0-rc.jar
62b30000-62b32000 r--s 0000b000 08:01 2478427    /home/sarnobat/github/groovy_libraries/.groovy/lib/hk2-utils-2.1.88.jar
62b32000-62b38000 r--s 00042000 08:01 2478885    /home/sarnobat/github/groovy_libraries/.groovy/lib/jsoup-1.7.2.jar
62b38000-62b46000 r--s 0007f000 08:01 2478387    /home/sarnobat/github/groovy_libraries/.groovy/lib/commons-collections-3.2.1.jar
62b46000-62b51000 r--s 00085000 08:01 2478429    /home/sarnobat/github/groovy_libraries/.groovy/lib/httpclient-4.3.3.jar
62b51000-62b52000 r--s 00002000 08:01 2478417    /home/sarnobat/github/groovy_libraries/.groovy/lib/google-oauth-client-java6-1.17.0-rc.jar
62b52000-62b53000 r--s 00001000 08:01 2478883    /home/sarnobat/github/groovy_libraries/.groovy/lib/jsch.agentproxy.usocket-nc-0.0.6.jar
62b53000-62b57000 r--s 00017000 08:01 2478928    /home/sarnobat/github/groovy_libraries/.groovy/lib/thumbnailator-0.4.8.jar
62b57000-62b59000 r--s 0001f000 08:01 2478922    /home/sarnobat/github/groovy_libraries/.groovy/lib/servlet-api-2.5-20081211.jar
62b59000-62b5b000 r--s 0001d000 08:01 2478425    /home/sarnobat/github/groovy_libraries/.groovy/lib/hk2-locator-2.1.88.jar
62b5b000-62b5f000 r--s 00018000 08:01 2478424    /home/sarnobat/github/groovy_libraries/.groovy/lib/hk2-api-2.1.88.jar
62b5f000-62b60000 r--s 00002000 08:01 2478918    /home/sarnobat/github/groovy_libraries/.groovy/lib/selenium-chrome-driver-2.45.0.jar
62b60000-62b64000 r--s 00024000 08:01 2478861    /home/sarnobat/github/groovy_libraries/.groovy/lib/jersey-json-1.17.1.jar
62b64000-62b68000 r--s 0002a000 08:01 2478393    /home/sarnobat/github/groovy_libraries/.groovy/lib/commons-io-2.4.jar
62b68000-62b87000 r--s 00153000 08:01 2478900    /home/sarnobat/github/groovy_libraries/.groovy/lib/neo4j-kernel-1.9.2.jar
62b87000-62b8e000 r--s 00051000 08:01 2478889    /home/sarnobat/github/groovy_libraries/.groovy/lib/log4j-1.2.12.jar
62b8e000-62b8f000 r--s 00006000 08:01 2478926    /home/sarnobat/github/groovy_libraries/.groovy/lib/solr-commons-csv-3.5.0.jar
62b8f000-62b93000 r--s 00018000 08:01 2478852    /home/sarnobat/github/groovy_libraries/.groovy/lib/javax.ws.rs-api-2.0.jar
62b93000-62b95000 r--s 0000b000 08:01 2478388    /home/sarnobat/github/groovy_libraries/.groovy/lib/commons-exec-1.1.jar
62b95000-62b97000 r--s 00001000 08:01 2478925    /home/sarnobat/github/groovy_libraries/.groovy/lib/slf4j-log4j12-1.7.12.jar
62b97000-62b99000 r--s 00005000 08:01 2478904    /home/sarnobat/github/groovy_libraries/.groovy/lib/plexus-compiler-api-2.0.jar
62b99000-62b9a000 r--s 00002000 08:01 2478893    /home/sarnobat/github/groovy_libraries/.groovy/lib/maven-reporting-api-2.0.6.jar
62b9a000-62ba0000 r--s 0003c000 08:01 2478412    /home/sarnobat/github/groovy_libraries/.groovy/lib/google-http-client-1.17.0-rc.jar
62ba0000-62ba4000 r--s 00028000 08:01 2478867    /home/sarnobat/github/groovy_libraries/.groovy/lib/jetty-util-6.1.26.jar
62ba4000-62ba6000 r--s 00009000 08:01 2478891    /home/sarnobat/github/groovy_libraries/.groovy/lib/maven-compiler-plugin-3.0.jar
62ba6000-62bad000 r--s 00058000 08:01 2478396    /home/sarnobat/github/groovy_libraries/.groovy/lib/commons-lang3-3.2.1.jar
62bad000-62baf000 r--s 0000c000 08:01 2478385    /home/sarnobat/github/groovy_libraries/.groovy/lib/commons-cli-1.4.jar
62baf000-62bb1000 r--s 00007000 08:01 2478892    /home/sarnobat/github/groovy_libraries/.groovy/lib/maven-filtering-1.0-beta-4.jar
62bb1000-62bb2000 r--s 00004000 08:01 2478905    /home/sarnobat/github/groovy_libraries/.groovy/lib/plexus-compiler-javac-2.0.jar
62bb2000-62bb9000 r--s 00048000 08:01 2478841    /home/sarnobat/github/groovy_libraries/.groovy/lib/httpcore-4.4.1.jar
62bb9000-62bbd000 r--s 000dc000 08:01 2478869    /home/sarnobat/github/groovy_libraries/.groovy/lib/jna-4.1.0.jar
62bbd000-62bc3000 r--s 00043000 08:01 2478402    /home/sarnobat/github/groovy_libraries/.groovy/lib/genson-0.98.jar
62bc3000-62bc4000 r--s 00005000 08:01 2478894    /home/sarnobat/github/groovy_libraries/.groovy/lib/maven-resources-plugin-2.4.3.jar
62bc4000-62bc6000 r--s 00005000 08:01 2478844    /home/sarnobat/github/groovy_libraries/.groovy/lib/httpmime-4.2.3.jar
62bc6000-62bca000 r--s 0003c000 08:01 2478394    /home/sarnobat/github/groovy_libraries/.groovy/lib/commons-lang-2.4.jar
62bca000-62bce000 r--s 00030000 08:01 2478913    /home/sarnobat/github/groovy_libraries/.groovy/lib/plexus-utils-1.5.1.jar
62bce000-62bd5000 r--s 0003f000 08:01 2478382    /home/sarnobat/github/groovy_libraries/.groovy/lib/cglib-2.1.88.jar
62bd5000-62bd8000 r--s 00012000 08:01 2478851    /home/sarnobat/github/groovy_libraries/.groovy/lib/javax.json-1.0.4.jar
62bd8000-62bd9000 r--s 0000f000 08:01 2478884    /home/sarnobat/github/groovy_libraries/.groovy/lib/json-20131018.jar
62bd9000-62bda000 r--s 00001000 08:01 2478418    /home/sarnobat/github/groovy_libraries/.groovy/lib/google-oauth-client-jetty-1.17.0-rc.jar
62bda000-62bdf000 r--s 0002b000 08:01 2478401    /home/sarnobat/github/groovy_libraries/.groovy/lib/fuse-jna-0.0.1-SNAPSHOT.jar
62bdf000-62bf1000 r--s 00099000 08:01 2478863    /home/sarnobat/github/groovy_libraries/.groovy/lib/jersey-server-2.0.jar
62bf1000-62bf3000 r--s 00006000 08:01 2478886    /home/sarnobat/github/groovy_libraries/.groovy/lib/jsr305-2.0.1.jar
62bf3000-62bf4000 r--s 00001000 08:01 2478415    /home/sarnobat/github/groovy_libraries/.groovy/lib/google-http-client-jackson2-1.17.0-rc.jar
62bf4000-62bf9000 r--s 0001d000 08:01 2478917    /home/sarnobat/github/groovy_libraries/.groovy/lib/selenium-api-2.45.0.jar
62bf9000-62c00000 r--s 00064000 08:01 2478890    /home/sarnobat/github/groovy_libraries/.groovy/lib/mail-1.4.2.jar
62c00000-62cfd000 rw-p 00000000 00:00 0 
62cfd000-62d00000 ---p 00000000 00:00 0 
62d00000-62dfc000 rw-p 00000000 00:00 0 
62dfc000-62e00000 ---p 00000000 00:00 0 
62e00000-62e02000 r--s 00002000 08:01 2478911    /home/sarnobat/github/groovy_libraries/.groovy/lib/plexus-interactivity-api-1.0-alpha-4.jar
62e02000-62e03000 r--s 00004000 08:01 2478902    /home/sarnobat/github/groovy_libraries/.groovy/lib/osgi-resource-locator-1.0.1.jar
62e03000-62e04000 r--s 00001000 08:01 2478848    /home/sarnobat/github/groovy_libraries/.groovy/lib/javax.inject-2.1.88.jar
62e04000-62e0b000 r--s 00050000 08:01 2478843    /home/sarnobat/github/groovy_libraries/.groovy/lib/httpcore-nio-4.4.1.jar
62e0b000-62e0f000 r--s 00033000 08:01 2478914    /home/sarnobat/github/groovy_libraries/.groovy/lib/plexus-utils-2.0.5.jar
62e0f000-62e12000 r--s 0001d000 08:01 2478854    /home/sarnobat/github/groovy_libraries/.groovy/lib/jersey-client-1.17.1.jar
62e12000-62e83000 r--s 00658000 08:01 2478916    /home/sarnobat/github/groovy_libraries/.groovy/lib/scala-library-2.10.0.jar
62e83000-62e84000 r--s 00006000 08:01 1693894    /usr/share/maven-repo/org/codehaus/groovy/groovy-servlet/2.4.5/groovy-servlet-2.4.5.jar
62e84000-62e86000 r--s 0001b000 08:01 1693924    /usr/share/maven-repo/org/codehaus/groovy/groovy-docgenerator/2.4.5/groovy-docgenerator-2.4.5.jar
62e86000-62e88000 r--s 00011000 08:01 1147685    /usr/share/java/jsp-api-2.1.jar
62e88000-62e96000 r--s 000c8000 08:01 1149227    /usr/share/java/testng.jar
62e96000-62e98000 r--s 0000c000 08:01 1149198    /usr/share/java/asm4-5.0.4.jar
62e98000-62e9a000 r--s 00006000 08:01 1149197    /usr/share/java/asm4-tree-5.0.4.jar
62e9a000-62e9c000 r--s 00012000 08:01 1839680    /usr/share/maven-repo/org/codehaus/groovy/groovy-test/2.4.5/groovy-test-2.4.5.jar
62e9c000-62e9d000 r--s 00004000 08:01 1144744    /usr/share/java/ant-launcher-1.9.6.jar
62e9d000-62e9e000 r--s 00005000 08:01 1147905    /usr/share/java/jansi-1.4.jar
62e9e000-62eb3000 r--s 00124000 08:01 1147882    /usr/share/java/ivy-2.3.0.jar
62eb3000-62f00000 r--s 0040d000 08:01 1149211    /usr/share/java/groovy-2.x.jar
62f00000-62ffc000 rw-p 00000000 00:00 0 
62ffc000-63000000 ---p 00000000 00:00 0 
63000000-6300d000 r--s 00076000 08:01 1147859    /usr/share/java/xstream-1.4.8.jar
6300d000-6305a000 r--s 0040d000 08:01 1149211    /usr/share/java/groovy-2.x.jar
6305a000-6305b000 ---p 00000000 00:00 0 
6305b000-630db000 rw-p 00000000 00:00 0 
630db000-630de000 ---p 00000000 00:00 0 
630de000-6312c000 rw-p 00000000 00:00 0 
6312c000-6312f000 ---p 00000000 00:00 0 
6312f000-631ad000 rw-p 00000000 00:00 0 
631ad000-631b0000 ---p 00000000 00:00 0 
631b0000-6322e000 rw-p 00000000 00:00 0 
6322e000-63231000 ---p 00000000 00:00 0 
63231000-632af000 rw-p 00000000 00:00 0 
632af000-632b2000 ---p 00000000 00:00 0 
632b2000-63300000 rw-p 00000000 00:00 0 
63300000-63500000 r--p 00000000 08:01 1105218    /usr/lib/locale/locale-archive
63500000-635f7000 rw-p 00000000 00:00 0 
635f7000-63600000 ---p 00000000 00:00 0 
63600000-63621000 rw-p 00000000 00:00 0 
63621000-63700000 ---p 00000000 00:00 0 
63700000-637fc000 rw-p 00000000 00:00 0 
637fc000-63800000 ---p 00000000 00:00 0 
63800000-63802000 r--s 00019000 08:01 1149207    /usr/share/java/jline2.jar
63802000-63804000 r--s 00001000 08:01 1839692    /usr/share/maven-repo/org/codehaus/groovy/groovy-testng/2.4.5/groovy-testng-2.4.5.jar
63804000-63806000 r--s 00016000 08:01 1839697    /usr/share/maven-repo/org/codehaus/groovy/groovy-templates/2.4.5/groovy-templates-2.4.5.jar
63806000-63808000 r--s 00004000 08:01 1839662    /usr/share/maven-repo/org/codehaus/groovy/groovy-jsr223/2.4.5/groovy-jsr223-2.4.5.jar
63808000-6380b000 r--s 0001e000 08:01 1147684    /usr/share/java/servlet-api-2.5.jar
6380b000-6380f000 r--s 00028000 08:01 1149209    /usr/share/java/qdox-1.12.1.jar
6380f000-63813000 r--s 0001e000 08:01 1839667    /usr/share/maven-repo/org/codehaus/groovy/groovy-groovydoc/2.4.5/groovy-groovydoc-2.4.5.jar
63813000-63816000 ---p 00000000 00:00 0 
63816000-63864000 rw-p 00000000 00:00 0 
63864000-63865000 ---p 00000000 00:00 0 
63865000-638e5000 rw-p 00000000 00:00 0 
638e5000-63ab4000 r--s 03c21000 08:01 1693223    /usr/lib/jvm/java-8-openjdk-i386/jre/lib/rt.jar
63ab4000-63efa000 rw-p 00000000 00:00 0 
63efa000-63f00000 ---p 00000000 00:00 0 
63f00000-66300000 rw-p 00000000 00:00 0 
66300000-663f1000 rw-p 00000000 00:00 0 
663f1000-66400000 ---p 00000000 00:00 0 
66400000-66401000 r--s 00003000 08:01 1147898    /usr/share/java/hawtjni-runtime-1.10.jar
66401000-66402000 r--s 00001000 08:01 1147901    /usr/share/java/jansi-native-1.0.jar
66402000-66403000 r--s 00005000 08:01 1147905    /usr/share/java/jansi-1.4.jar
66403000-66404000 r--s 0000d000 08:01 1147020    /usr/share/java/commons-logging-1.2.jar
66404000-66409000 r--s 00068000 08:01 1144929    /usr/share/java/antlr.jar
66409000-6640c000 r--s 0001d000 08:01 1839643    /usr/share/maven-repo/org/codehaus/groovy/groovy-json/2.4.5/groovy-json-2.4.5.jar
6640c000-6640f000 r--s 0000d000 08:01 1149225    /usr/share/java/jcommander.jar
6640f000-6642e000 r--s 001d1000 08:01 1144743    /usr/share/java/ant-1.9.6.jar
6642e000-66431000 ---p 00000000 00:00 0 
66431000-6647f000 rw-p 00000000 00:00 0 
6647f000-66480000 ---p 00000000 00:00 0 
66480000-66500000 rw-p 00000000 00:00 0 
66500000-665fa000 rw-p 00000000 00:00 0 
665fa000-66600000 ---p 00000000 00:00 0 
66600000-66601000 r--s 0000a000 08:01 1149195    /usr/share/java/asm4-util-5.0.4.jar
66601000-66603000 r--s 0000a000 08:01 1147016    /usr/share/java/commons-cli-1.3.1.jar
66603000-66606000 r--s 00010000 08:01 1145778    /usr/share/java/bsf-2.4.0.jar
66606000-6660a000 r--s 00031000 08:01 1693912    /usr/share/maven-repo/org/codehaus/groovy/groovy-xml/2.4.5/groovy-xml-2.4.5.jar
6660a000-66616000 r--s 00094000 08:01 1693917    /usr/share/maven-repo/org/codehaus/groovy/groovy-console/2.4.5/groovy-console-2.4.5.jar
66616000-66631000 r--s 00394000 08:01 1693228    /usr/lib/jvm/java-8-openjdk-i386/jre/lib/ext/cldrdata.jar
66631000-6667f000 rw-p 00000000 00:00 0 
6667f000-66680000 ---p 00000000 00:00 0 
66680000-66700000 rw-p 00000000 00:00 0 
66700000-66721000 rw-p 00000000 00:00 0 
66721000-66800000 ---p 00000000 00:00 0 
66800000-66801000 r--s 0000d000 08:01 1149216    /usr/share/java/jsr166y-1.7.0.jar
66801000-66803000 r--s 0001b000 08:01 1145289    /usr/share/java/ant-junit-1.9.6.jar
66803000-66809000 r--s 0005e000 08:01 1693906    /usr/share/maven-repo/org/codehaus/groovy/groovy-groovysh/2.4.5/groovy-groovysh-2.4.5.jar
66809000-66824000 r--s 001d6000 08:01 1693230    /usr/lib/jvm/java-8-openjdk-i386/jre/lib/ext/nashorn.jar
66824000-6687f000 rw-p 00000000 00:00 0 
6687f000-66880000 ---p 00000000 00:00 0 
66880000-66900000 rw-p 00000000 00:00 0 
66900000-66921000 rw-p 00000000 00:00 0 
66921000-66a00000 ---p 00000000 00:00 0 
66a00000-66a02000 r--s 0001d000 08:01 1693929    /usr/share/maven-repo/org/codehaus/groovy/groovy-jmx/2.4.5/groovy-jmx-2.4.5.jar
66a02000-66a0a000 r--s 00045000 08:01 1147522    /usr/share/java/junit4-4.12.jar
66a0a000-66a10000 r--s 00051000 08:01 1839686    /usr/share/maven-repo/org/codehaus/groovy/groovy-swing/2.4.5/groovy-swing-2.4.5.jar
66a10000-66a28000 rw-p 00000000 00:00 0 
66a28000-66a29000 ---p 00000000 00:00 0 
66a29000-66abf000 rw-p 00000000 00:00 0 
66abf000-66bff000 ---p 00000000 00:00 0 
66bff000-66c15000 rw-p 00000000 00:00 0 
66c15000-66d54000 ---p 00000000 00:00 0 
66d54000-66d6a000 rw-p 00000000 00:00 0 
66d6a000-66dff000 ---p 00000000 00:00 0 
66dff000-698c0000 rw-p 00000000 00:00 0 
698c0000-918c0000 ---p 00000000 00:00 0 
918c0000-942c0000 rw-p 00000000 00:00 0 
942c0000-a6e00000 ---p 00000000 00:00 0 
a6e00000-a6e01000 r--s 00002000 08:01 1145284    /usr/share/java/ant-antlr-1.9.6.jar
a6e01000-a6e03000 r--s 00004000 08:01 1149192    /usr/share/java/asm4-analysis-5.0.4.jar
a6e03000-a6e05000 r--s 0000a000 08:01 1147024    /usr/share/java/hamcrest-core-1.3.jar
a6e05000-a6e07000 r--s 00010000 08:01 1839656    /usr/share/maven-repo/org/codehaus/groovy/groovy-ant/2.4.5/groovy-ant-2.4.5.jar
a6e07000-a6e09000 r--s 00012000 08:01 1839650    /usr/share/maven-repo/org/codehaus/groovy/groovy-sql/2.4.5/groovy-sql-2.4.5.jar
a6e09000-a6e0b000 r--s 00009000 08:01 1148102    /usr/share/java/asm4-commons-5.0.4.jar
a6e0b000-a6e0c000 r--s 00002000 08:01 1839673    /usr/share/maven-repo/org/codehaus/groovy/groovy-bsf/2.4.5/groovy-bsf-2.4.5.jar
a6e0c000-a6e12000 r--s 0003a000 08:01 1693231    /usr/lib/jvm/java-8-openjdk-i386/jre/lib/ext/sunjce_provider.jar
a6e12000-a6e25000 rw-p 00000000 00:00 0 
a6e25000-a71d2000 ---p 00000000 00:00 0 
a71d2000-a767a000 rwxp 00000000 00:00 0 
a767a000-b61d2000 ---p 00000000 00:00 0 
b61d2000-b61dd000 r-xp 00000000 08:01 3401300    /lib/i386-linux-gnu/libnss_files-2.23.so
b61dd000-b61de000 r--p 0000a000 08:01 3401300    /lib/i386-linux-gnu/libnss_files-2.23.so
b61de000-b61df000 rw-p 0000b000 08:01 3401300    /lib/i386-linux-gnu/libnss_files-2.23.so
b61df000-b61e5000 rw-p 00000000 00:00 0 
b61e5000-b61fc000 r-xp 00000000 08:01 3401221    /lib/i386-linux-gnu/libnsl-2.23.so
b61fc000-b61fd000 r--p 00016000 08:01 3401221    /lib/i386-linux-gnu/libnsl-2.23.so
b61fd000-b61fe000 rw-p 00017000 08:01 3401221    /lib/i386-linux-gnu/libnsl-2.23.so
b61fe000-b6200000 rw-p 00000000 00:00 0 
b6200000-b62fb000 rw-p 00000000 00:00 0 
b62fb000-b6300000 ---p 00000000 00:00 0 
b6300000-b6302000 r--s 00008000 08:01 1693232    /usr/lib/jvm/java-8-openjdk-i386/jre/lib/ext/sunec.jar
b6302000-b630c000 r--s 00116000 08:01 1693233    /usr/lib/jvm/java-8-openjdk-i386/jre/lib/ext/localedata.jar
b630c000-b6317000 r-xp 00000000 08:01 3401303    /lib/i386-linux-gnu/libnss_nis-2.23.so
b6317000-b6318000 r--p 0000a000 08:01 3401303    /lib/i386-linux-gnu/libnss_nis-2.23.so
b6318000-b6319000 rw-p 0000b000 08:01 3401303    /lib/i386-linux-gnu/libnss_nis-2.23.so
b6319000-b6321000 r-xp 00000000 08:01 3401309    /lib/i386-linux-gnu/libnss_compat-2.23.so
b6321000-b6322000 r--p 00007000 08:01 3401309    /lib/i386-linux-gnu/libnss_compat-2.23.so
b6322000-b6323000 rw-p 00008000 08:01 3401309    /lib/i386-linux-gnu/libnss_compat-2.23.so
b6323000-b6324000 r--s 00010000 08:01 1693229    /usr/lib/jvm/java-8-openjdk-i386/jre/lib/ext/zipfs.jar
b6324000-b6326000 r--s 00001000 08:01 1693236    /usr/lib/jvm/java-8-openjdk-i386/jre/lib/ext/dnsns.jar
b6326000-b6329000 r--s 0000f000 08:01 1693227    /usr/lib/jvm/java-8-openjdk-i386/jre/lib/ext/icedtea-sound.jar
b6329000-b6331000 r-xp 00000000 08:01 1693277    /usr/lib/jvm/java-8-openjdk-i386/jre/lib/i386/libzip.so
b6331000-b6332000 r--p 00007000 08:01 1693277    /usr/lib/jvm/java-8-openjdk-i386/jre/lib/i386/libzip.so
b6332000-b6333000 rw-p 00008000 08:01 1693277    /usr/lib/jvm/java-8-openjdk-i386/jre/lib/i386/libzip.so
b6333000-b633b000 rw-s 00000000 08:01 2576996    /tmp/hsperfdata_sarnobat/22178
b633b000-b6362000 r-xp 00000000 08:01 1693258    /usr/lib/jvm/java-8-openjdk-i386/jre/lib/i386/libjava.so
b6362000-b6363000 r--p 00026000 08:01 1693258    /usr/lib/jvm/java-8-openjdk-i386/jre/lib/i386/libjava.so
b6363000-b6364000 rw-p 00027000 08:01 1693258    /usr/lib/jvm/java-8-openjdk-i386/jre/lib/i386/libjava.so
b6364000-b636b000 r-xp 00000000 08:01 3401305    /lib/i386-linux-gnu/librt-2.23.so
b636b000-b636c000 r--p 00006000 08:01 3401305    /lib/i386-linux-gnu/librt-2.23.so
b636c000-b636d000 rw-p 00007000 08:01 3401305    /lib/i386-linux-gnu/librt-2.23.so
b636d000-b6370000 ---p 00000000 00:00 0 
b6370000-b63be000 rw-p 00000000 00:00 0 
b63be000-b63da000 r-xp 00000000 08:01 3402590    /lib/i386-linux-gnu/libgcc_s.so.1
b63da000-b63db000 rw-p 0001b000 08:01 3402590    /lib/i386-linux-gnu/libgcc_s.so.1
b63db000-b642e000 r-xp 00000000 08:01 3401314    /lib/i386-linux-gnu/libm-2.23.so
b642e000-b642f000 r--p 00052000 08:01 3401314    /lib/i386-linux-gnu/libm-2.23.so
b642f000-b6430000 rw-p 00053000 08:01 3401314    /lib/i386-linux-gnu/libm-2.23.so
b6430000-b659d000 r-xp 00000000 08:01 1110301    /usr/lib/i386-linux-gnu/libstdc++.so.6.0.21
b659d000-b659e000 ---p 0016d000 08:01 1110301    /usr/lib/i386-linux-gnu/libstdc++.so.6.0.21
b659e000-b65a3000 r--p 0016d000 08:01 1110301    /usr/lib/i386-linux-gnu/libstdc++.so.6.0.21
b65a3000-b65a4000 rw-p 00172000 08:01 1110301    /usr/lib/i386-linux-gnu/libstdc++.so.6.0.21
b65a4000-b65a7000 rw-p 00000000 00:00 0 
b65a7000-b7078000 r-xp 00000000 08:01 1693269    /usr/lib/jvm/java-8-openjdk-i386/jre/lib/i386/server/libjvm.so
b7078000-b70be000 r--p 00ad0000 08:01 1693269    /usr/lib/jvm/java-8-openjdk-i386/jre/lib/i386/server/libjvm.so
b70be000-b70d5000 rw-p 00b16000 08:01 1693269    /usr/lib/jvm/java-8-openjdk-i386/jre/lib/i386/server/libjvm.so
b70d5000-b74f6000 rw-p 00000000 00:00 0 
b74f6000-b750f000 r-xp 00000000 08:01 3401302    /lib/i386-linux-gnu/libpthread-2.23.so
b750f000-b7510000 r--p 00018000 08:01 3401302    /lib/i386-linux-gnu/libpthread-2.23.so
b7510000-b7511000 rw-p 00019000 08:01 3401302    /lib/i386-linux-gnu/libpthread-2.23.so
b7511000-b7513000 rw-p 00000000 00:00 0 
b7513000-b7516000 r-xp 00000000 08:01 3401308    /lib/i386-linux-gnu/libdl-2.23.so
b7516000-b7517000 r--p 00002000 08:01 3401308    /lib/i386-linux-gnu/libdl-2.23.so
b7517000-b7518000 rw-p 00003000 08:01 3401308    /lib/i386-linux-gnu/libdl-2.23.so
b7518000-b7531000 r-xp 00000000 08:01 3402741    /lib/i386-linux-gnu/libz.so.1.2.8
b7531000-b7532000 r--p 00018000 08:01 3402741    /lib/i386-linux-gnu/libz.so.1.2.8
b7532000-b7533000 rw-p 00019000 08:01 3402741    /lib/i386-linux-gnu/libz.so.1.2.8
b7533000-b76e3000 r-xp 00000000 08:01 3402570    /lib/i386-linux-gnu/libc-2.23.so
b76e3000-b76e5000 r--p 001af000 08:01 3402570    /lib/i386-linux-gnu/libc-2.23.so
b76e5000-b76e6000 rw-p 001b1000 08:01 3402570    /lib/i386-linux-gnu/libc-2.23.so
b76e6000-b76e9000 rw-p 00000000 00:00 0 
b76e9000-b76ea000 r--s 0000a000 08:01 1693235    /usr/lib/jvm/java-8-openjdk-i386/jre/lib/ext/jaccess.jar
b76ea000-b76ee000 r--s 00037000 08:01 1693234    /usr/lib/jvm/java-8-openjdk-i386/jre/lib/ext/sunpkcs11.jar
b76ee000-b76ef000 r--p 002d4000 08:01 1105218    /usr/lib/locale/locale-archive
b76ef000-b76f0000 rw-p 00000000 00:00 0 
b76f0000-b76f1000 r--p 00000000 00:00 0 
b76f1000-b76ff000 r-xp 00000000 08:01 1693275    /usr/lib/jvm/java-8-openjdk-i386/jre/lib/i386/libverify.so
b76ff000-b7700000 r--p 0000d000 08:01 1693275    /usr/lib/jvm/java-8-openjdk-i386/jre/lib/i386/libverify.so
b7700000-b7701000 rw-p 0000e000 08:01 1693275    /usr/lib/jvm/java-8-openjdk-i386/jre/lib/i386/libverify.so
b7701000-b770e000 r-xp 00000000 08:01 1693273    /usr/lib/jvm/java-8-openjdk-i386/jre/lib/i386/jli/libjli.so
b770e000-b770f000 r--p 0000c000 08:01 1693273    /usr/lib/jvm/java-8-openjdk-i386/jre/lib/i386/jli/libjli.so
b770f000-b7710000 rw-p 0000d000 08:01 1693273    /usr/lib/jvm/java-8-openjdk-i386/jre/lib/i386/jli/libjli.so
b7710000-b7712000 rw-p 00000000 00:00 0 
b7712000-b7714000 r--p 00000000 00:00 0          [vvar]
b7714000-b7715000 r-xp 00000000 00:00 0          [vdso]
b7715000-b7737000 r-xp 00000000 08:01 3401231    /lib/i386-linux-gnu/ld-2.23.so
b7737000-b7738000 rw-p 00000000 00:00 0 
b7738000-b7739000 r--p 00022000 08:01 3401231    /lib/i386-linux-gnu/ld-2.23.so
b7739000-b773a000 rw-p 00023000 08:01 3401231    /lib/i386-linux-gnu/ld-2.23.so
bfa1d000-bfa3e000 rw-p 00000000 00:00 0          [stack]

VM Arguments:
jvm_args: -Dscript.name=/usr/bin/groovy -Dprogram.name=groovy -Dgroovy.starter.conf=/usr/share/groovy2/conf/groovy-starter.conf -Dgroovy.home=/usr/share/groovy2 -Dtools.jar=/usr/lib/jvm/default-java/lib/tools.jar 
java_command: org.codehaus.groovy.tools.GroovyStarter --main groovy.ui.GroovyMain --conf /usr/share/groovy2/conf/groovy-starter.conf --classpath . httpcsvgraph_movenodeup.groovy --port=4479 --file=/home/sarnobat/sarnobat.git/src/javascript/cream/heap.txt
java_class_path (initial): /usr/share/groovy2/lib/groovy-2.4.5.jar
Launcher Type: SUN_STANDARD

Environment Variables:
PATH=/usr/bin:/bin
SHELL=/bin/sh

Signal Handlers:
SIGSEGV: [libjvm.so+0x8d7370], sa_mask[0]=11111111011111111101111111111110, sa_flags=SA_RESTART|SA_SIGINFO
SIGBUS: [libjvm.so+0x8d7370], sa_mask[0]=11111111011111111101111111111110, sa_flags=SA_RESTART|SA_SIGINFO
SIGFPE: [libjvm.so+0x73d1c0], sa_mask[0]=11111111011111111101111111111110, sa_flags=SA_RESTART|SA_SIGINFO
SIGPIPE: [libjvm.so+0x73d1c0], sa_mask[0]=11111111011111111101111111111110, sa_flags=SA_RESTART|SA_SIGINFO
SIGXFSZ: [libjvm.so+0x73d1c0], sa_mask[0]=11111111011111111101111111111110, sa_flags=SA_RESTART|SA_SIGINFO
SIGILL: [libjvm.so+0x73d1c0], sa_mask[0]=11111111011111111101111111111110, sa_flags=SA_RESTART|SA_SIGINFO
SIGUSR1: SIG_DFL, sa_mask[0]=00000000000000000000000000000000, sa_flags=none
SIGUSR2: [libjvm.so+0x73d000], sa_mask[0]=00000000000000000000000000000000, sa_flags=SA_RESTART|SA_SIGINFO
SIGHUP: [libjvm.so+0x73d790], sa_mask[0]=11111111011111111101111111111110, sa_flags=SA_RESTART|SA_SIGINFO
SIGINT: [libjvm.so+0x73d790], sa_mask[0]=11111111011111111101111111111110, sa_flags=SA_RESTART|SA_SIGINFO
SIGTERM: [libjvm.so+0x73d790], sa_mask[0]=11111111011111111101111111111110, sa_flags=SA_RESTART|SA_SIGINFO
SIGQUIT: [libjvm.so+0x73d790], sa_mask[0]=11111111011111111101111111111110, sa_flags=SA_RESTART|SA_SIGINFO


---------------  S Y S T E M  ---------------

OS:DISTRIB_ID=Ubuntu
DISTRIB_RELEASE=16.04
DISTRIB_CODENAME=xenial
DISTRIB_DESCRIPTION="Ubuntu 16.04.1 LTS"

uname:Linux 4.4.0-104-generic #127-Ubuntu SMP Mon Dec 11 12:16:50 UTC 2017 i686
libc:glibc 2.23 NPTL 2.23 
rlimit: STACK 8192k, CORE 0k, NPROC 63057, NOFILE 65536, AS infinity
load average:111.70 101.16 98.65

/proc/meminfo:
MemTotal:        8107456 kB
MemFree:          428752 kB
MemAvailable:          0 kB
Buffers:            5292 kB
Cached:           170768 kB
SwapCached:        38320 kB
Active:          6295736 kB
Inactive:        1143812 kB
Active(anon):    6266704 kB
Inactive(anon):  1126684 kB
Active(file):      29032 kB
Inactive(file):    17128 kB
Unevictable:           0 kB
Mlocked:               0 kB
HighTotal:       7292552 kB
HighFree:         137692 kB
LowTotal:         814904 kB
LowFree:          291060 kB
SwapTotal:       4007932 kB
SwapFree:              0 kB
Dirty:               336 kB
Writeback:           552 kB
AnonPages:       7224804 kB
Mapped:            32644 kB
Shmem:            130208 kB
Slab:              96356 kB
SReclaimable:      31004 kB
SUnreclaim:        65352 kB
KernelStack:       28752 kB
PageTables:        63748 kB
NFS_Unstable:        128 kB
Bounce:              224 kB
WritebackTmp:          0 kB
CommitLimit:     8061660 kB
Committed_AS:   27788328 kB
VmallocTotal:     122880 kB
VmallocUsed:           0 kB
VmallocChunk:          0 kB
AnonHugePages:   3186688 kB
CmaTotal:              0 kB
CmaFree:               0 kB
HugePages_Total:       0
HugePages_Free:        0
HugePages_Rsvd:        0
HugePages_Surp:        0
Hugepagesize:       2048 kB
DirectMap4k:       40952 kB
DirectMap2M:      870400 kB


CPU:total 4 (initial active 4) (2 cores per cpu, 2 threads per core) family 6 model 58 stepping 9, cmov, cx8, fxsr, mmx, sse, sse2, sse3, ssse3, sse4.1, sse4.2, popcnt, avx, aes, clmul, erms, ht, tsc, tscinvbit, tscinv

/proc/cpuinfo:
processor	: 0
vendor_id	: GenuineIntel
cpu family	: 6
model		: 58
model name	: Intel(R) Core(TM) i5-3427U CPU @ 1.80GHz
stepping	: 9
microcode	: 0x17
cpu MHz		: 2599.988
cache size	: 3072 KB
physical id	: 0
siblings	: 4
core id		: 0
cpu cores	: 2
apicid		: 0
initial apicid	: 0
fdiv_bug	: no
f00f_bug	: no
coma_bug	: no
fpu		: yes
fpu_exception	: yes
cpuid level	: 13
wp		: yes
flags		: fpu vme de pse tsc msr pae mce cx8 apic sep mtrr pge mca cmov pat pse36 clflush dts acpi mmx fxsr sse sse2 ss ht tm pbe nx rdtscp lm constant_tsc arch_perfmon pebs bts xtopology nonstop_tsc aperfmperf eagerfpu pni pclmulqdq dtes64 monitor ds_cpl vmx smx est tm2 ssse3 cx16 xtpr pdcm pcid sse4_1 sse4_2 x2apic popcnt tsc_deadline_timer aes xsave avx f16c rdrand lahf_lm epb tpr_shadow vnmi flexpriority ept vpid fsgsbase smep erms xsaveopt dtherm ida arat pln pts
bugs		:
bogomips	: 4589.83
clflush size	: 64
cache_alignment	: 64
address sizes	: 36 bits physical, 48 bits virtual
power management:

processor	: 1
vendor_id	: GenuineIntel
cpu family	: 6
model		: 58
model name	: Intel(R) Core(TM) i5-3427U CPU @ 1.80GHz
stepping	: 9
microcode	: 0x17
cpu MHz		: 2599.988
cache size	: 3072 KB
physical id	: 0
siblings	: 4
core id		: 1
cpu cores	: 2
apicid		: 2
initial apicid	: 2
fdiv_bug	: no
f00f_bug	: no
coma_bug	: no
fpu		: yes
fpu_exception	: yes
cpuid level	: 13
wp		: yes
flags		: fpu vme de pse tsc msr pae mce cx8 apic sep mtrr pge mca cmov pat pse36 clflush dts acpi mmx fxsr sse sse2 ss ht tm pbe nx rdtscp lm constant_tsc arch_perfmon pebs bts xtopology nonstop_tsc aperfmperf eagerfpu pni pclmulqdq dtes64 monitor ds_cpl vmx smx est tm2 ssse3 cx16 xtpr pdcm pcid sse4_1 sse4_2 x2apic popcnt tsc_deadline_timer aes xsave avx f16c rdrand lahf_lm epb tpr_shadow vnmi flexpriority ept vpid fsgsbase smep erms xsaveopt dtherm ida arat pln pts
bugs		:
bogomips	: 4589.83
clflush size	: 64
cache_alignment	: 64
address sizes	: 36 bits physical, 48 bits virtual
power management:

processor	: 2
vendor_id	: GenuineIntel
cpu family	: 6
model		: 58
model name	: Intel(R) Core(TM) i5-3427U CPU @ 1.80GHz
stepping	: 9
microcode	: 0x17
cpu MHz		: 2599.988
cache size	: 3072 KB
physical id	: 0
siblings	: 4
core id		: 0
cpu cores	: 2
apicid		: 1
initial apicid	: 1
fdiv_bug	: no
f00f_bug	: no
coma_bug	: no
fpu		: yes
fpu_exception	: yes
cpuid level	: 13
wp		: yes
flags		: fpu vme de pse tsc msr pae mce cx8 apic sep mtrr pge mca cmov pat pse36 clflush dts acpi mmx fxsr sse sse2 ss ht tm pbe nx rdtscp lm constant_tsc arch_perfmon pebs bts xtopology nonstop_tsc aperfmperf eagerfpu pni pclmulqdq dtes64 monitor ds_cpl vmx smx est tm2 ssse3 cx16 xtpr pdcm pcid sse4_1 sse4_2 x2apic popcnt tsc_deadline_timer aes xsave avx f16c rdrand lahf_lm epb tpr_shadow vnmi flexpriority ept vpid fsgsbase smep erms xsaveopt dtherm ida arat pln pts
bugs		:
bogomips	: 4589.83
clflush size	: 64
cache_alignment	: 64
address sizes	: 36 bits physical, 48 bits virtual
power management:

processor	: 3
vendor_id	: GenuineIntel
cpu family	: 6
model		: 58
model name	: Intel(R) Core(TM) i5-3427U CPU @ 1.80GHz
stepping	: 9
microcode	: 0x17
cpu MHz		: 2599.988
cache size	: 3072 KB
physical id	: 0
siblings	: 4
core id		: 1
cpu cores	: 2
apicid		: 3
initial apicid	: 3
fdiv_bug	: no
f00f_bug	: no
coma_bug	: no
fpu		: yes
fpu_exception	: yes
cpuid level	: 13
wp		: yes
flags		: fpu vme de pse tsc msr pae mce cx8 apic sep mtrr pge mca cmov pat pse36 clflush dts acpi mmx fxsr sse sse2 ss ht tm pbe nx rdtscp lm constant_tsc arch_perfmon pebs bts xtopology nonstop_tsc aperfmperf eagerfpu pni pclmulqdq dtes64 monitor ds_cpl vmx smx est tm2 ssse3 cx16 xtpr pdcm pcid sse4_1 sse4_2 x2apic popcnt tsc_deadline_timer aes xsave avx f16c rdrand lahf_lm epb tpr_shadow vnmi flexpriority ept vpid fsgsbase smep erms xsaveopt dtherm ida arat pln pts
bugs		:
bogomips	: 4589.83
clflush size	: 64
cache_alignment	: 64
address sizes	: 36 bits physical, 48 bits virtual
power management:



Memory: 4k page, physical 8107456k(426680k free), swap 4007932k(0k free)

vm_info: OpenJDK Server VM (25.151-b12) for linux-x86 JRE (1.8.0_151-8u151-b12-0ubuntu0.16.04.2-b12), built on Oct 27 2017 22:05:04 by "buildd" with gcc 5.4.0 20160609

time: Wed Dec 20 13:41:47 2017
elapsed time: 104 seconds (0d 0h 1m 44s)

